TRACE::2024-10-24.15:32:45::SCWPlatform::Trying to open the hw design at C:/Users/SUJIN/Desktop/sg_workspace/SoC_soc_24/vitis_SoC_24/Mblaze_iic_hw/hw/Mblaze_iic_wrapper.xsa
TRACE::2024-10-24.15:32:45::SCWPlatform::DSA given C:/Users/SUJIN/Desktop/sg_workspace/SoC_soc_24/vitis_SoC_24/Mblaze_iic_hw/hw/Mblaze_iic_wrapper.xsa
TRACE::2024-10-24.15:32:45::SCWPlatform::DSA absoulate path C:/Users/SUJIN/Desktop/sg_workspace/SoC_soc_24/vitis_SoC_24/Mblaze_iic_hw/hw/Mblaze_iic_wrapper.xsa
TRACE::2024-10-24.15:32:45::SCWPlatform::DSA directory C:/Users/SUJIN/Desktop/sg_workspace/SoC_soc_24/vitis_SoC_24/Mblaze_iic_hw/hw
TRACE::2024-10-24.15:32:45::SCWPlatform:: Platform Path C:/Users/SUJIN/Desktop/sg_workspace/SoC_soc_24/vitis_SoC_24/Mblaze_iic_hw/hw/Mblaze_iic_wrapper.xsa
TRACE::2024-10-24.15:32:45::SCWPlatform:: Unique name xilinx:basys3::0.0
TRACE::2024-10-24.15:32:45::SCWPlatform::Do not have an existing db opened. 
TRACE::2024-10-24.15:32:45::SCWPlatform::Opened new HwDB with name Mblaze_fnd_cntr_wrapper_5
TRACE::2024-10-24.15:32:45::SCWWriter::formatted JSON is {
	"platformName":	"Mblaze_iic_hw",
	"sprVersion":	"2.0",
	"mode":	"gui",
	"dsaType":	"Fixed",
	"platformDesc":	"Mblaze_iic_hw",
	"platHandOff":	"C:/Users/SUJIN/Desktop/sg_workspace/SoC_soc_24/Mblaze_iic_wrapper.xsa",
	"platIntHandOff":	"<platformDir>/hw/Mblaze_iic_wrapper.xsa",
	"deviceType":	"FPGA",
	"platIsPrebuiltAutogen":	"false",
	"platIsNoBootBsp":	"false",
	"hasFsblMakeHasChanges":	"false",
	"hasPmufwMakeHasChanges":	"false",
	"platPreBuiltFlag":	false,
	"platformSamplesDir":	""
}
TRACE::2024-10-24.15:32:45::SCWWriter::formatted JSON is {
	"platformName":	"Mblaze_iic_hw",
	"sprVersion":	"2.0",
	"mode":	"gui",
	"dsaType":	"Fixed",
	"platformDesc":	"Mblaze_iic_hw",
	"platHandOff":	"C:/Users/SUJIN/Desktop/sg_workspace/SoC_soc_24/Mblaze_iic_wrapper.xsa",
	"platIntHandOff":	"<platformDir>/hw/Mblaze_iic_wrapper.xsa",
	"deviceType":	"FPGA",
	"platIsPrebuiltAutogen":	"false",
	"platIsNoBootBsp":	"false",
	"hasFsblMakeHasChanges":	"false",
	"hasPmufwMakeHasChanges":	"false",
	"platPreBuiltFlag":	false,
	"platformSamplesDir":	"",
	"platActiveSys":	"Mblaze_iic_hw",
	"systems":	[{
			"systemName":	"Mblaze_iic_hw",
			"systemDesc":	"Mblaze_iic_hw",
			"sysIsBootAutoGen":	"true",
			"systemDispName":	"Mblaze_iic_hw"
		}]
}
TRACE::2024-10-24.15:32:45::SCWPlatform::Boot application domains not present, creating them
TRACE::2024-10-24.15:32:45::SCWPlatform::Pure FPGA device, no boot application will be created.
TRACE::2024-10-24.15:32:45::SCWWriter::formatted JSON is {
	"platformName":	"Mblaze_iic_hw",
	"sprVersion":	"2.0",
	"mode":	"gui",
	"dsaType":	"Fixed",
	"platformDesc":	"Mblaze_iic_hw",
	"platHandOff":	"C:/Users/SUJIN/Desktop/sg_workspace/SoC_soc_24/Mblaze_iic_wrapper.xsa",
	"platIntHandOff":	"<platformDir>/hw/Mblaze_iic_wrapper.xsa",
	"deviceType":	"FPGA",
	"platIsPrebuiltAutogen":	"false",
	"platIsNoBootBsp":	"false",
	"hasFsblMakeHasChanges":	"false",
	"hasPmufwMakeHasChanges":	"false",
	"platPreBuiltFlag":	false,
	"platformSamplesDir":	"",
	"platActiveSys":	"Mblaze_iic_hw",
	"systems":	[{
			"systemName":	"Mblaze_iic_hw",
			"systemDesc":	"Mblaze_iic_hw",
			"sysIsBootAutoGen":	"true",
			"systemDispName":	"Mblaze_iic_hw"
		}]
}
TRACE::2024-10-24.15:32:45::SCWPlatform::Trying to open the hw design at C:/Users/SUJIN/Desktop/sg_workspace/SoC_soc_24/vitis_SoC_24/Mblaze_iic_hw/hw/Mblaze_iic_wrapper.xsa
TRACE::2024-10-24.15:32:45::SCWPlatform::DSA given C:/Users/SUJIN/Desktop/sg_workspace/SoC_soc_24/vitis_SoC_24/Mblaze_iic_hw/hw/Mblaze_iic_wrapper.xsa
TRACE::2024-10-24.15:32:45::SCWPlatform::DSA absoulate path C:/Users/SUJIN/Desktop/sg_workspace/SoC_soc_24/vitis_SoC_24/Mblaze_iic_hw/hw/Mblaze_iic_wrapper.xsa
TRACE::2024-10-24.15:32:45::SCWPlatform::DSA directory C:/Users/SUJIN/Desktop/sg_workspace/SoC_soc_24/vitis_SoC_24/Mblaze_iic_hw/hw
TRACE::2024-10-24.15:32:45::SCWPlatform:: Platform Path C:/Users/SUJIN/Desktop/sg_workspace/SoC_soc_24/vitis_SoC_24/Mblaze_iic_hw/hw/Mblaze_iic_wrapper.xsa
TRACE::2024-10-24.15:32:45::SCWPlatform:: Unique name xilinx:basys3::0.0
TRACE::2024-10-24.15:32:45::SCWPlatform::Trying to set the existing hwdb with name Mblaze_fnd_cntr_wrapper_5
TRACE::2024-10-24.15:32:45::SCWPlatform::Opened existing hwdb Mblaze_fnd_cntr_wrapper_5
TRACE::2024-10-24.15:32:45::SCWPlatform::Found the Hw Db part of the input DSA
TRACE::2024-10-24.15:32:45::SCWDomain::checking for install qemu data   : 
TRACE::2024-10-24.15:32:45::SCWPlatform::Trying to open the hw design at C:/Users/SUJIN/Desktop/sg_workspace/SoC_soc_24/vitis_SoC_24/Mblaze_iic_hw/hw/Mblaze_iic_wrapper.xsa
TRACE::2024-10-24.15:32:45::SCWPlatform::DSA given C:/Users/SUJIN/Desktop/sg_workspace/SoC_soc_24/vitis_SoC_24/Mblaze_iic_hw/hw/Mblaze_iic_wrapper.xsa
TRACE::2024-10-24.15:32:45::SCWPlatform::DSA absoulate path C:/Users/SUJIN/Desktop/sg_workspace/SoC_soc_24/vitis_SoC_24/Mblaze_iic_hw/hw/Mblaze_iic_wrapper.xsa
TRACE::2024-10-24.15:32:45::SCWPlatform::DSA directory C:/Users/SUJIN/Desktop/sg_workspace/SoC_soc_24/vitis_SoC_24/Mblaze_iic_hw/hw
TRACE::2024-10-24.15:32:45::SCWPlatform:: Platform Path C:/Users/SUJIN/Desktop/sg_workspace/SoC_soc_24/vitis_SoC_24/Mblaze_iic_hw/hw/Mblaze_iic_wrapper.xsa
TRACE::2024-10-24.15:32:45::SCWPlatform:: Unique name xilinx:basys3::0.0
TRACE::2024-10-24.15:32:45::SCWPlatform::Trying to set the existing hwdb with name Mblaze_fnd_cntr_wrapper_5
TRACE::2024-10-24.15:32:45::SCWPlatform::Opened existing hwdb Mblaze_fnd_cntr_wrapper_5
TRACE::2024-10-24.15:32:45::SCWPlatform::Found the Hw Db part of the input DSA
TRACE::2024-10-24.15:32:45::SCWPlatform::Trying to open the hw design at C:/Users/SUJIN/Desktop/sg_workspace/SoC_soc_24/vitis_SoC_24/Mblaze_iic_hw/hw/Mblaze_iic_wrapper.xsa
TRACE::2024-10-24.15:32:45::SCWPlatform::DSA given C:/Users/SUJIN/Desktop/sg_workspace/SoC_soc_24/vitis_SoC_24/Mblaze_iic_hw/hw/Mblaze_iic_wrapper.xsa
TRACE::2024-10-24.15:32:45::SCWPlatform::DSA absoulate path C:/Users/SUJIN/Desktop/sg_workspace/SoC_soc_24/vitis_SoC_24/Mblaze_iic_hw/hw/Mblaze_iic_wrapper.xsa
TRACE::2024-10-24.15:32:45::SCWPlatform::DSA directory C:/Users/SUJIN/Desktop/sg_workspace/SoC_soc_24/vitis_SoC_24/Mblaze_iic_hw/hw
TRACE::2024-10-24.15:32:45::SCWPlatform:: Platform Path C:/Users/SUJIN/Desktop/sg_workspace/SoC_soc_24/vitis_SoC_24/Mblaze_iic_hw/hw/Mblaze_iic_wrapper.xsa
TRACE::2024-10-24.15:32:45::SCWPlatform:: Unique name xilinx:basys3::0.0
TRACE::2024-10-24.15:32:45::SCWPlatform::Trying to set the existing hwdb with name Mblaze_fnd_cntr_wrapper_5
TRACE::2024-10-24.15:32:45::SCWPlatform::Opened existing hwdb Mblaze_fnd_cntr_wrapper_5
TRACE::2024-10-24.15:32:45::SCWPlatform::Found the Hw Db part of the input DSA
TRACE::2024-10-24.15:32:45::SCWMssOS::Checking the sw design at  C:/Users/SUJIN/Desktop/sg_workspace/SoC_soc_24/vitis_SoC_24/Mblaze_iic_hw/microblaze_0/standalone_domain/bsp/system.mss
TRACE::2024-10-24.15:32:45::SCWMssOS::DEBUG:  swdes dump  C:/Users/SUJIN/Desktop/sg_workspace/SoC_soc_24/vitis_SoC_24/Mblaze_fnd_bin2dec_v2_hw/microblaze_0/standalone_domain/bsp/system.mss|system||

TRACE::2024-10-24.15:32:45::SCWMssOS::No sw design opened at  C:/Users/SUJIN/Desktop/sg_workspace/SoC_soc_24/vitis_SoC_24/Mblaze_iic_hw/microblaze_0/standalone_domain/bsp/system.mss
TRACE::2024-10-24.15:32:45::SCWMssOS::mss does not exists at C:/Users/SUJIN/Desktop/sg_workspace/SoC_soc_24/vitis_SoC_24/Mblaze_iic_hw/microblaze_0/standalone_domain/bsp/system.mss
TRACE::2024-10-24.15:32:45::SCWMssOS::Creating sw design at  C:/Users/SUJIN/Desktop/sg_workspace/SoC_soc_24/vitis_SoC_24/Mblaze_iic_hw/microblaze_0/standalone_domain/bsp/system.mss
TRACE::2024-10-24.15:32:45::SCWMssOS::Adding the swdes entry, created swdb C:/Users/SUJIN/Desktop/sg_workspace/SoC_soc_24/vitis_SoC_24/Mblaze_iic_hw/microblaze_0/standalone_domain/bsp/system.mss with des name C:/Users/SUJIN/Desktop/sg_workspace/SoC_soc_24/vitis_SoC_24/Mblaze_iic_hw/microblaze_0/standalone_domain/bsp/system.mss
TRACE::2024-10-24.15:32:45::SCWMssOS::updating the scw layer changes to swdes at   C:/Users/SUJIN/Desktop/sg_workspace/SoC_soc_24/vitis_SoC_24/Mblaze_iic_hw/microblaze_0/standalone_domain/bsp/system.mss
TRACE::2024-10-24.15:32:45::SCWMssOS::Writing mss at C:/Users/SUJIN/Desktop/sg_workspace/SoC_soc_24/vitis_SoC_24/Mblaze_iic_hw/microblaze_0/standalone_domain/bsp/system.mss
TRACE::2024-10-24.15:32:45::SCWMssOS::Completed writing the mss file at C:/Users/SUJIN/Desktop/sg_workspace/SoC_soc_24/vitis_SoC_24/Mblaze_iic_hw/microblaze_0/standalone_domain/bsp
TRACE::2024-10-24.15:32:45::SCWMssOS::Picking up changes from newly written mss file into SCW Layer. 
TRACE::2024-10-24.15:32:45::SCWMssOS::Updated the changes from newly written mss file into SCW Layer. 
TRACE::2024-10-24.15:32:45::SCWPlatform::Trying to open the hw design at C:/Users/SUJIN/Desktop/sg_workspace/SoC_soc_24/vitis_SoC_24/Mblaze_iic_hw/hw/Mblaze_iic_wrapper.xsa
TRACE::2024-10-24.15:32:45::SCWPlatform::DSA given C:/Users/SUJIN/Desktop/sg_workspace/SoC_soc_24/vitis_SoC_24/Mblaze_iic_hw/hw/Mblaze_iic_wrapper.xsa
TRACE::2024-10-24.15:32:45::SCWPlatform::DSA absoulate path C:/Users/SUJIN/Desktop/sg_workspace/SoC_soc_24/vitis_SoC_24/Mblaze_iic_hw/hw/Mblaze_iic_wrapper.xsa
TRACE::2024-10-24.15:32:45::SCWPlatform::DSA directory C:/Users/SUJIN/Desktop/sg_workspace/SoC_soc_24/vitis_SoC_24/Mblaze_iic_hw/hw
TRACE::2024-10-24.15:32:45::SCWPlatform:: Platform Path C:/Users/SUJIN/Desktop/sg_workspace/SoC_soc_24/vitis_SoC_24/Mblaze_iic_hw/hw/Mblaze_iic_wrapper.xsa
TRACE::2024-10-24.15:32:45::SCWPlatform:: Unique name xilinx:basys3::0.0
TRACE::2024-10-24.15:32:45::SCWPlatform::Trying to set the existing hwdb with name Mblaze_fnd_cntr_wrapper_5
TRACE::2024-10-24.15:32:45::SCWPlatform::Opened existing hwdb Mblaze_fnd_cntr_wrapper_5
TRACE::2024-10-24.15:32:45::SCWPlatform::Found the Hw Db part of the input DSA
TRACE::2024-10-24.15:32:45::SCWMssOS::Checking the sw design at  C:/Users/SUJIN/Desktop/sg_workspace/SoC_soc_24/vitis_SoC_24/Mblaze_iic_hw/microblaze_0/standalone_domain/bsp/system.mss
TRACE::2024-10-24.15:32:45::SCWMssOS::DEBUG:  swdes dump  C:/Users/SUJIN/Desktop/sg_workspace/SoC_soc_24/vitis_SoC_24/Mblaze_fnd_bin2dec_v2_hw/microblaze_0/standalone_domain/bsp/system.mss|system||
C:/Users/SUJIN/Desktop/sg_workspace/SoC_soc_24/vitis_SoC_24/Mblaze_iic_hw/microblaze_0/standalone_domain/bsp/system.mss|C:/Users/SUJIN/Desktop/sg_workspace/SoC_soc_24/vitis_SoC_24/Mblaze_iic_hw/microblaze_0/standalone_domain/bsp/system.mss||

TRACE::2024-10-24.15:32:45::SCWMssOS::Sw design exists and opened at  C:/Users/SUJIN/Desktop/sg_workspace/SoC_soc_24/vitis_SoC_24/Mblaze_iic_hw/microblaze_0/standalone_domain/bsp/system.mss
TRACE::2024-10-24.15:32:45::SCWPlatform::Trying to open the hw design at C:/Users/SUJIN/Desktop/sg_workspace/SoC_soc_24/vitis_SoC_24/Mblaze_iic_hw/hw/Mblaze_iic_wrapper.xsa
TRACE::2024-10-24.15:32:45::SCWPlatform::DSA given C:/Users/SUJIN/Desktop/sg_workspace/SoC_soc_24/vitis_SoC_24/Mblaze_iic_hw/hw/Mblaze_iic_wrapper.xsa
TRACE::2024-10-24.15:32:45::SCWPlatform::DSA absoulate path C:/Users/SUJIN/Desktop/sg_workspace/SoC_soc_24/vitis_SoC_24/Mblaze_iic_hw/hw/Mblaze_iic_wrapper.xsa
TRACE::2024-10-24.15:32:45::SCWPlatform::DSA directory C:/Users/SUJIN/Desktop/sg_workspace/SoC_soc_24/vitis_SoC_24/Mblaze_iic_hw/hw
TRACE::2024-10-24.15:32:45::SCWPlatform:: Platform Path C:/Users/SUJIN/Desktop/sg_workspace/SoC_soc_24/vitis_SoC_24/Mblaze_iic_hw/hw/Mblaze_iic_wrapper.xsa
TRACE::2024-10-24.15:32:45::SCWPlatform:: Unique name xilinx:basys3::0.0
TRACE::2024-10-24.15:32:45::SCWPlatform::Trying to set the existing hwdb with name Mblaze_fnd_cntr_wrapper_5
TRACE::2024-10-24.15:32:45::SCWPlatform::Opened existing hwdb Mblaze_fnd_cntr_wrapper_5
TRACE::2024-10-24.15:32:45::SCWPlatform::Found the Hw Db part of the input DSA
TRACE::2024-10-24.15:32:45::SCWMssOS::Checking the sw design at  C:/Users/SUJIN/Desktop/sg_workspace/SoC_soc_24/vitis_SoC_24/Mblaze_iic_hw/microblaze_0/standalone_domain/bsp/system.mss
TRACE::2024-10-24.15:32:45::SCWMssOS::DEBUG:  swdes dump  C:/Users/SUJIN/Desktop/sg_workspace/SoC_soc_24/vitis_SoC_24/Mblaze_fnd_bin2dec_v2_hw/microblaze_0/standalone_domain/bsp/system.mss|system||
C:/Users/SUJIN/Desktop/sg_workspace/SoC_soc_24/vitis_SoC_24/Mblaze_iic_hw/microblaze_0/standalone_domain/bsp/system.mss|C:/Users/SUJIN/Desktop/sg_workspace/SoC_soc_24/vitis_SoC_24/Mblaze_iic_hw/microblaze_0/standalone_domain/bsp/system.mss||

TRACE::2024-10-24.15:32:45::SCWMssOS::Sw design exists and opened at  C:/Users/SUJIN/Desktop/sg_workspace/SoC_soc_24/vitis_SoC_24/Mblaze_iic_hw/microblaze_0/standalone_domain/bsp/system.mss
TRACE::2024-10-24.15:32:45::SCWPlatform::Trying to open the hw design at C:/Users/SUJIN/Desktop/sg_workspace/SoC_soc_24/vitis_SoC_24/Mblaze_iic_hw/hw/Mblaze_iic_wrapper.xsa
TRACE::2024-10-24.15:32:45::SCWPlatform::DSA given C:/Users/SUJIN/Desktop/sg_workspace/SoC_soc_24/vitis_SoC_24/Mblaze_iic_hw/hw/Mblaze_iic_wrapper.xsa
TRACE::2024-10-24.15:32:45::SCWPlatform::DSA absoulate path C:/Users/SUJIN/Desktop/sg_workspace/SoC_soc_24/vitis_SoC_24/Mblaze_iic_hw/hw/Mblaze_iic_wrapper.xsa
TRACE::2024-10-24.15:32:45::SCWPlatform::DSA directory C:/Users/SUJIN/Desktop/sg_workspace/SoC_soc_24/vitis_SoC_24/Mblaze_iic_hw/hw
TRACE::2024-10-24.15:32:45::SCWPlatform:: Platform Path C:/Users/SUJIN/Desktop/sg_workspace/SoC_soc_24/vitis_SoC_24/Mblaze_iic_hw/hw/Mblaze_iic_wrapper.xsa
TRACE::2024-10-24.15:32:45::SCWPlatform:: Unique name xilinx:basys3::0.0
TRACE::2024-10-24.15:32:45::SCWPlatform::Trying to set the existing hwdb with name Mblaze_fnd_cntr_wrapper_5
TRACE::2024-10-24.15:32:45::SCWPlatform::Opened existing hwdb Mblaze_fnd_cntr_wrapper_5
TRACE::2024-10-24.15:32:45::SCWPlatform::Found the Hw Db part of the input DSA
TRACE::2024-10-24.15:32:45::SCWMssOS::Checking the sw design at  C:/Users/SUJIN/Desktop/sg_workspace/SoC_soc_24/vitis_SoC_24/Mblaze_iic_hw/microblaze_0/standalone_domain/bsp/system.mss
TRACE::2024-10-24.15:32:45::SCWMssOS::DEBUG:  swdes dump  C:/Users/SUJIN/Desktop/sg_workspace/SoC_soc_24/vitis_SoC_24/Mblaze_fnd_bin2dec_v2_hw/microblaze_0/standalone_domain/bsp/system.mss|system||
C:/Users/SUJIN/Desktop/sg_workspace/SoC_soc_24/vitis_SoC_24/Mblaze_iic_hw/microblaze_0/standalone_domain/bsp/system.mss|C:/Users/SUJIN/Desktop/sg_workspace/SoC_soc_24/vitis_SoC_24/Mblaze_iic_hw/microblaze_0/standalone_domain/bsp/system.mss||

TRACE::2024-10-24.15:32:45::SCWMssOS::Sw design exists and opened at  C:/Users/SUJIN/Desktop/sg_workspace/SoC_soc_24/vitis_SoC_24/Mblaze_iic_hw/microblaze_0/standalone_domain/bsp/system.mss
TRACE::2024-10-24.15:32:45::SCWWriter::formatted JSON is {
	"platformName":	"Mblaze_iic_hw",
	"sprVersion":	"2.0",
	"mode":	"gui",
	"dsaType":	"Fixed",
	"platformDesc":	"Mblaze_iic_hw",
	"platHandOff":	"C:/Users/SUJIN/Desktop/sg_workspace/SoC_soc_24/Mblaze_iic_wrapper.xsa",
	"platIntHandOff":	"<platformDir>/hw/Mblaze_iic_wrapper.xsa",
	"deviceType":	"FPGA",
	"platIsPrebuiltAutogen":	"false",
	"platIsNoBootBsp":	"false",
	"hasFsblMakeHasChanges":	"false",
	"hasPmufwMakeHasChanges":	"false",
	"platPreBuiltFlag":	false,
	"platformSamplesDir":	"",
	"platActiveSys":	"Mblaze_iic_hw",
	"systems":	[{
			"systemName":	"Mblaze_iic_hw",
			"systemDesc":	"Mblaze_iic_hw",
			"sysIsBootAutoGen":	"true",
			"systemDispName":	"Mblaze_iic_hw",
			"sysActiveDom":	"standalone_domain",
			"sysDefaultDom":	"standalone_domain",
			"domains":	[{
					"domainName":	"standalone_domain",
					"domainDispName":	"standalone_domain",
					"domainDesc":	"standalone_domain",
					"processors":	"microblaze_0",
					"os":	"standalone",
					"sdxOs":	"standalone",
					"debugEnable":	"False",
					"domRuntimes":	["cpp"],
					"swRepo":	"",
					"mssOsVer":	"7.1",
					"mssFile":	"",
					"md5Digest":	"",
					"compatibleApp":	"",
					"domType":	"mssDomain",
					"appSettings":	{
						"appCompilerFlags":	"",
						"appLinkerFlags":	""
					},
					"addedLibs":	[],
					"libOptions":	{
						"libsContainingOptions":	[]
					},
					"prebuiltLibs":	{
						"prebuiltIncPath":	[],
						"prebuiltLibPath":	[]
					},
					"isolation":	{
					}
				}]
		}]
}
TRACE::2024-10-24.15:32:45::SCWPlatform::Trying to open the hw design at C:/Users/SUJIN/Desktop/sg_workspace/SoC_soc_24/vitis_SoC_24/Mblaze_iic_hw/hw/Mblaze_iic_wrapper.xsa
TRACE::2024-10-24.15:32:45::SCWPlatform::DSA given C:/Users/SUJIN/Desktop/sg_workspace/SoC_soc_24/vitis_SoC_24/Mblaze_iic_hw/hw/Mblaze_iic_wrapper.xsa
TRACE::2024-10-24.15:32:45::SCWPlatform::DSA absoulate path C:/Users/SUJIN/Desktop/sg_workspace/SoC_soc_24/vitis_SoC_24/Mblaze_iic_hw/hw/Mblaze_iic_wrapper.xsa
TRACE::2024-10-24.15:32:45::SCWPlatform::DSA directory C:/Users/SUJIN/Desktop/sg_workspace/SoC_soc_24/vitis_SoC_24/Mblaze_iic_hw/hw
TRACE::2024-10-24.15:32:45::SCWPlatform:: Platform Path C:/Users/SUJIN/Desktop/sg_workspace/SoC_soc_24/vitis_SoC_24/Mblaze_iic_hw/hw/Mblaze_iic_wrapper.xsa
TRACE::2024-10-24.15:32:45::SCWPlatform:: Unique name xilinx:basys3::0.0
TRACE::2024-10-24.15:32:45::SCWPlatform::Trying to set the existing hwdb with name Mblaze_fnd_cntr_wrapper_5
TRACE::2024-10-24.15:32:45::SCWPlatform::Opened existing hwdb Mblaze_fnd_cntr_wrapper_5
TRACE::2024-10-24.15:32:45::SCWPlatform::Found the Hw Db part of the input DSA
TRACE::2024-10-24.15:32:45::SCWMssOS::Checking the sw design at  C:/Users/SUJIN/Desktop/sg_workspace/SoC_soc_24/vitis_SoC_24/Mblaze_iic_hw/microblaze_0/standalone_domain/bsp/system.mss
TRACE::2024-10-24.15:32:45::SCWMssOS::DEBUG:  swdes dump  C:/Users/SUJIN/Desktop/sg_workspace/SoC_soc_24/vitis_SoC_24/Mblaze_fnd_bin2dec_v2_hw/microblaze_0/standalone_domain/bsp/system.mss|system||
C:/Users/SUJIN/Desktop/sg_workspace/SoC_soc_24/vitis_SoC_24/Mblaze_iic_hw/microblaze_0/standalone_domain/bsp/system.mss|C:/Users/SUJIN/Desktop/sg_workspace/SoC_soc_24/vitis_SoC_24/Mblaze_iic_hw/microblaze_0/standalone_domain/bsp/system.mss||

TRACE::2024-10-24.15:32:45::SCWMssOS::Sw design exists and opened at  C:/Users/SUJIN/Desktop/sg_workspace/SoC_soc_24/vitis_SoC_24/Mblaze_iic_hw/microblaze_0/standalone_domain/bsp/system.mss
TRACE::2024-10-24.15:32:45::SCWMssOS::Completed writing the mss file at C:/Users/SUJIN/Desktop/sg_workspace/SoC_soc_24/vitis_SoC_24/Mblaze_iic_hw/microblaze_0/standalone_domain/bsp
TRACE::2024-10-24.15:32:45::SCWMssOS::Forcing BSP Sources regeneration.
LOG::2024-10-24.15:32:48::SCWPlatform::Started generating the artifacts platform Mblaze_iic_hw
TRACE::2024-10-24.15:32:48::SCWPlatform::Sanity checking of platform is completed
LOG::2024-10-24.15:32:48::SCWPlatform::Started generating the artifacts for system configuration Mblaze_iic_hw
LOG::2024-10-24.15:32:48::SCWSystem::Checking the domain standalone_domain
LOG::2024-10-24.15:32:48::SCWSystem::Not a boot domain 
LOG::2024-10-24.15:32:48::SCWSystem::Started Processing the domain standalone_domain
TRACE::2024-10-24.15:32:48::SCWDomain::Generating domain artifcats
TRACE::2024-10-24.15:32:48::SCWMssOS::Generating standalone artifcats
TRACE::2024-10-24.15:32:48::SCWMssOS:: Copying the user libraries. 
TRACE::2024-10-24.15:32:48::SCWPlatform::Trying to open the hw design at C:/Users/SUJIN/Desktop/sg_workspace/SoC_soc_24/vitis_SoC_24/Mblaze_iic_hw/hw/Mblaze_iic_wrapper.xsa
TRACE::2024-10-24.15:32:48::SCWPlatform::DSA given C:/Users/SUJIN/Desktop/sg_workspace/SoC_soc_24/vitis_SoC_24/Mblaze_iic_hw/hw/Mblaze_iic_wrapper.xsa
TRACE::2024-10-24.15:32:48::SCWPlatform::DSA absoulate path C:/Users/SUJIN/Desktop/sg_workspace/SoC_soc_24/vitis_SoC_24/Mblaze_iic_hw/hw/Mblaze_iic_wrapper.xsa
TRACE::2024-10-24.15:32:48::SCWPlatform::DSA directory C:/Users/SUJIN/Desktop/sg_workspace/SoC_soc_24/vitis_SoC_24/Mblaze_iic_hw/hw
TRACE::2024-10-24.15:32:49::SCWPlatform:: Platform Path C:/Users/SUJIN/Desktop/sg_workspace/SoC_soc_24/vitis_SoC_24/Mblaze_iic_hw/hw/Mblaze_iic_wrapper.xsa
TRACE::2024-10-24.15:32:49::SCWPlatform:: Unique name xilinx:basys3::0.0
TRACE::2024-10-24.15:32:49::SCWPlatform::Trying to set the existing hwdb with name Mblaze_fnd_cntr_wrapper_5
TRACE::2024-10-24.15:32:49::SCWPlatform::Opened existing hwdb Mblaze_fnd_cntr_wrapper_5
TRACE::2024-10-24.15:32:49::SCWPlatform::Found the Hw Db part of the input DSA
TRACE::2024-10-24.15:32:49::SCWMssOS::Checking the sw design at  C:/Users/SUJIN/Desktop/sg_workspace/SoC_soc_24/vitis_SoC_24/Mblaze_iic_hw/microblaze_0/standalone_domain/bsp/system.mss
TRACE::2024-10-24.15:32:49::SCWMssOS::DEBUG:  swdes dump  C:/Users/SUJIN/Desktop/sg_workspace/SoC_soc_24/vitis_SoC_24/Mblaze_fnd_bin2dec_v2_hw/microblaze_0/standalone_domain/bsp/system.mss|system||
C:/Users/SUJIN/Desktop/sg_workspace/SoC_soc_24/vitis_SoC_24/Mblaze_iic_hw/microblaze_0/standalone_domain/bsp/system.mss|C:/Users/SUJIN/Desktop/sg_workspace/SoC_soc_24/vitis_SoC_24/Mblaze_iic_hw/microblaze_0/standalone_domain/bsp/system.mss||

KEYINFO::2024-10-24.15:32:49::SCWMssOS::Could not open the swdb for C:/Users/SUJIN/Desktop/sg_workspace/SoC_soc_24/vitis_SoC_24/Mblaze_iic_hw/microblaze_0/standalone_domain/bsp/system.mss
KEYINFO::2024-10-24.15:32:49::SCWMssOS::Could not open the sw design at  C:/Users/SUJIN/Desktop/sg_workspace/SoC_soc_24/vitis_SoC_24/Mblaze_iic_hw/microblaze_0/standalone_domain/bsp/system.mss
ERROR: [Hsi 55-1558] Software Design C:/Users/SUJIN/Desktop/sg_workspace/SoC_soc_24/vitis_SoC_24/Mblaze_iic_hw/microblaze_0/standalone_domain/bsp/system.mss is not found

TRACE::2024-10-24.15:32:49::SCWMssOS::Cleared the swdb table entry
TRACE::2024-10-24.15:32:49::SCWMssOS::No sw design opened at  C:/Users/SUJIN/Desktop/sg_workspace/SoC_soc_24/vitis_SoC_24/Mblaze_iic_hw/microblaze_0/standalone_domain/bsp/system.mss
TRACE::2024-10-24.15:32:49::SCWMssOS::mss exists loading the mss file  C:/Users/SUJIN/Desktop/sg_workspace/SoC_soc_24/vitis_SoC_24/Mblaze_iic_hw/microblaze_0/standalone_domain/bsp/system.mss
TRACE::2024-10-24.15:32:49::SCWMssOS::Opened the sw design from mss  C:/Users/SUJIN/Desktop/sg_workspace/SoC_soc_24/vitis_SoC_24/Mblaze_iic_hw/microblaze_0/standalone_domain/bsp/system.mss
TRACE::2024-10-24.15:32:49::SCWMssOS::Adding the swdes entry C:/Users/SUJIN/Desktop/sg_workspace/SoC_soc_24/vitis_SoC_24/Mblaze_iic_hw/microblaze_0/standalone_domain/bsp/system.mss with des name system_0
TRACE::2024-10-24.15:32:49::SCWMssOS::updating the scw layer about changes
TRACE::2024-10-24.15:32:49::SCWMssOS::Opened the sw design.  C:/Users/SUJIN/Desktop/sg_workspace/SoC_soc_24/vitis_SoC_24/Mblaze_iic_hw/microblaze_0/standalone_domain/bsp/system.mss
TRACE::2024-10-24.15:32:49::SCWMssOS::Completed writing the mss file at C:/Users/SUJIN/Desktop/sg_workspace/SoC_soc_24/vitis_SoC_24/Mblaze_iic_hw/microblaze_0/standalone_domain/bsp
TRACE::2024-10-24.15:32:49::SCWMssOS::Mss edits present, copying mssfile into export location C:/Users/SUJIN/Desktop/sg_workspace/SoC_soc_24/vitis_SoC_24/Mblaze_iic_hw/microblaze_0/standalone_domain/bsp/system.mss
TRACE::2024-10-24.15:32:49::SCWMssOS::bsp generated is upto date with the mss file. Skipping bsp generation.
TRACE::2024-10-24.15:32:49::SCWMssOS::BSP is already built. skipping the bsp build ... 
TRACE::2024-10-24.15:32:49::SCWDomain::Skipping the build for domain :  standalone_domain
TRACE::2024-10-24.15:32:49::SCWMssOS::skipping the bsp build ... 
TRACE::2024-10-24.15:32:49::SCWMssOS::Copying to export directory.
TRACE::2024-10-24.15:32:49::SCWMssOS:: Checking if to create the Supporting Applications
TRACE::2024-10-24.15:32:49::SCWMssOS:: No Linux domain exists, trying to generate FSBL 
LOG::2024-10-24.15:32:49::SCWSystem::Completed Processing the domain standalone_domain
LOG::2024-10-24.15:32:49::SCWSystem::Completed Processing the sysconfig Mblaze_iic_hw
LOG::2024-10-24.15:32:49::SCWPlatform::Completed generating the artifacts for system configuration Mblaze_iic_hw
TRACE::2024-10-24.15:32:49::SCWPlatform::Started preparing the platform 
TRACE::2024-10-24.15:32:49::SCWSystem::Writing the bif file for system config Mblaze_iic_hw
TRACE::2024-10-24.15:32:49::SCWSystem::dir created 
TRACE::2024-10-24.15:32:49::SCWSystem::Writing the bif 
TRACE::2024-10-24.15:32:49::SCWPlatform::Started writing the spfm file 
TRACE::2024-10-24.15:32:49::SCWPlatform::Started writing the xpfm file 
TRACE::2024-10-24.15:32:49::SCWPlatform::Completed generating the platform
TRACE::2024-10-24.15:32:49::SCWPlatform::Trying to open the hw design at C:/Users/SUJIN/Desktop/sg_workspace/SoC_soc_24/vitis_SoC_24/Mblaze_iic_hw/hw/Mblaze_iic_wrapper.xsa
TRACE::2024-10-24.15:32:49::SCWPlatform::DSA given C:/Users/SUJIN/Desktop/sg_workspace/SoC_soc_24/vitis_SoC_24/Mblaze_iic_hw/hw/Mblaze_iic_wrapper.xsa
TRACE::2024-10-24.15:32:49::SCWPlatform::DSA absoulate path C:/Users/SUJIN/Desktop/sg_workspace/SoC_soc_24/vitis_SoC_24/Mblaze_iic_hw/hw/Mblaze_iic_wrapper.xsa
TRACE::2024-10-24.15:32:49::SCWPlatform::DSA directory C:/Users/SUJIN/Desktop/sg_workspace/SoC_soc_24/vitis_SoC_24/Mblaze_iic_hw/hw
TRACE::2024-10-24.15:32:49::SCWPlatform:: Platform Path C:/Users/SUJIN/Desktop/sg_workspace/SoC_soc_24/vitis_SoC_24/Mblaze_iic_hw/hw/Mblaze_iic_wrapper.xsa
TRACE::2024-10-24.15:32:49::SCWPlatform:: Unique name xilinx:basys3::0.0
TRACE::2024-10-24.15:32:49::SCWPlatform::Trying to set the existing hwdb with name Mblaze_fnd_cntr_wrapper_5
TRACE::2024-10-24.15:32:49::SCWPlatform::Opened existing hwdb Mblaze_fnd_cntr_wrapper_5
TRACE::2024-10-24.15:32:49::SCWPlatform::Found the Hw Db part of the input DSA
TRACE::2024-10-24.15:32:49::SCWMssOS::Checking the sw design at  C:/Users/SUJIN/Desktop/sg_workspace/SoC_soc_24/vitis_SoC_24/Mblaze_iic_hw/microblaze_0/standalone_domain/bsp/system.mss
TRACE::2024-10-24.15:32:49::SCWMssOS::DEBUG:  swdes dump  C:/Users/SUJIN/Desktop/sg_workspace/SoC_soc_24/vitis_SoC_24/Mblaze_fnd_bin2dec_v2_hw/microblaze_0/standalone_domain/bsp/system.mss|system||
C:/Users/SUJIN/Desktop/sg_workspace/SoC_soc_24/vitis_SoC_24/Mblaze_iic_hw/microblaze_0/standalone_domain/bsp/system.mss|system_0||

TRACE::2024-10-24.15:32:49::SCWMssOS::Sw design exists and opened at  C:/Users/SUJIN/Desktop/sg_workspace/SoC_soc_24/vitis_SoC_24/Mblaze_iic_hw/microblaze_0/standalone_domain/bsp/system.mss
TRACE::2024-10-24.15:32:49::SCWPlatform::Trying to open the hw design at C:/Users/SUJIN/Desktop/sg_workspace/SoC_soc_24/vitis_SoC_24/Mblaze_iic_hw/hw/Mblaze_iic_wrapper.xsa
TRACE::2024-10-24.15:32:49::SCWPlatform::DSA given C:/Users/SUJIN/Desktop/sg_workspace/SoC_soc_24/vitis_SoC_24/Mblaze_iic_hw/hw/Mblaze_iic_wrapper.xsa
TRACE::2024-10-24.15:32:49::SCWPlatform::DSA absoulate path C:/Users/SUJIN/Desktop/sg_workspace/SoC_soc_24/vitis_SoC_24/Mblaze_iic_hw/hw/Mblaze_iic_wrapper.xsa
TRACE::2024-10-24.15:32:49::SCWPlatform::DSA directory C:/Users/SUJIN/Desktop/sg_workspace/SoC_soc_24/vitis_SoC_24/Mblaze_iic_hw/hw
TRACE::2024-10-24.15:32:49::SCWPlatform:: Platform Path C:/Users/SUJIN/Desktop/sg_workspace/SoC_soc_24/vitis_SoC_24/Mblaze_iic_hw/hw/Mblaze_iic_wrapper.xsa
TRACE::2024-10-24.15:32:49::SCWPlatform:: Unique name xilinx:basys3::0.0
TRACE::2024-10-24.15:32:49::SCWPlatform::Trying to set the existing hwdb with name Mblaze_fnd_cntr_wrapper_5
TRACE::2024-10-24.15:32:49::SCWPlatform::Opened existing hwdb Mblaze_fnd_cntr_wrapper_5
TRACE::2024-10-24.15:32:49::SCWPlatform::Found the Hw Db part of the input DSA
TRACE::2024-10-24.15:32:49::SCWMssOS::Checking the sw design at  C:/Users/SUJIN/Desktop/sg_workspace/SoC_soc_24/vitis_SoC_24/Mblaze_iic_hw/microblaze_0/standalone_domain/bsp/system.mss
TRACE::2024-10-24.15:32:49::SCWMssOS::DEBUG:  swdes dump  C:/Users/SUJIN/Desktop/sg_workspace/SoC_soc_24/vitis_SoC_24/Mblaze_fnd_bin2dec_v2_hw/microblaze_0/standalone_domain/bsp/system.mss|system||
C:/Users/SUJIN/Desktop/sg_workspace/SoC_soc_24/vitis_SoC_24/Mblaze_iic_hw/microblaze_0/standalone_domain/bsp/system.mss|system_0||

TRACE::2024-10-24.15:32:49::SCWMssOS::Sw design exists and opened at  C:/Users/SUJIN/Desktop/sg_workspace/SoC_soc_24/vitis_SoC_24/Mblaze_iic_hw/microblaze_0/standalone_domain/bsp/system.mss
TRACE::2024-10-24.15:32:49::SCWPlatform::Trying to open the hw design at C:/Users/SUJIN/Desktop/sg_workspace/SoC_soc_24/vitis_SoC_24/Mblaze_iic_hw/hw/Mblaze_iic_wrapper.xsa
TRACE::2024-10-24.15:32:49::SCWPlatform::DSA given C:/Users/SUJIN/Desktop/sg_workspace/SoC_soc_24/vitis_SoC_24/Mblaze_iic_hw/hw/Mblaze_iic_wrapper.xsa
TRACE::2024-10-24.15:32:49::SCWPlatform::DSA absoulate path C:/Users/SUJIN/Desktop/sg_workspace/SoC_soc_24/vitis_SoC_24/Mblaze_iic_hw/hw/Mblaze_iic_wrapper.xsa
TRACE::2024-10-24.15:32:49::SCWPlatform::DSA directory C:/Users/SUJIN/Desktop/sg_workspace/SoC_soc_24/vitis_SoC_24/Mblaze_iic_hw/hw
TRACE::2024-10-24.15:32:49::SCWPlatform:: Platform Path C:/Users/SUJIN/Desktop/sg_workspace/SoC_soc_24/vitis_SoC_24/Mblaze_iic_hw/hw/Mblaze_iic_wrapper.xsa
TRACE::2024-10-24.15:32:49::SCWPlatform:: Unique name xilinx:basys3::0.0
TRACE::2024-10-24.15:32:49::SCWPlatform::Trying to set the existing hwdb with name Mblaze_fnd_cntr_wrapper_5
TRACE::2024-10-24.15:32:49::SCWPlatform::Opened existing hwdb Mblaze_fnd_cntr_wrapper_5
TRACE::2024-10-24.15:32:49::SCWPlatform::Found the Hw Db part of the input DSA
TRACE::2024-10-24.15:32:49::SCWMssOS::Checking the sw design at  C:/Users/SUJIN/Desktop/sg_workspace/SoC_soc_24/vitis_SoC_24/Mblaze_iic_hw/microblaze_0/standalone_domain/bsp/system.mss
TRACE::2024-10-24.15:32:49::SCWMssOS::DEBUG:  swdes dump  C:/Users/SUJIN/Desktop/sg_workspace/SoC_soc_24/vitis_SoC_24/Mblaze_fnd_bin2dec_v2_hw/microblaze_0/standalone_domain/bsp/system.mss|system||
C:/Users/SUJIN/Desktop/sg_workspace/SoC_soc_24/vitis_SoC_24/Mblaze_iic_hw/microblaze_0/standalone_domain/bsp/system.mss|system_0||

TRACE::2024-10-24.15:32:49::SCWMssOS::Sw design exists and opened at  C:/Users/SUJIN/Desktop/sg_workspace/SoC_soc_24/vitis_SoC_24/Mblaze_iic_hw/microblaze_0/standalone_domain/bsp/system.mss
TRACE::2024-10-24.15:32:49::SCWWriter::formatted JSON is {
	"platformName":	"Mblaze_iic_hw",
	"sprVersion":	"2.0",
	"mode":	"gui",
	"dsaType":	"Fixed",
	"platformDesc":	"Mblaze_iic_hw",
	"platHandOff":	"C:/Users/SUJIN/Desktop/sg_workspace/SoC_soc_24/Mblaze_iic_wrapper.xsa",
	"platIntHandOff":	"<platformDir>/hw/Mblaze_iic_wrapper.xsa",
	"deviceType":	"FPGA",
	"platIsPrebuiltAutogen":	"false",
	"platIsNoBootBsp":	"false",
	"hasFsblMakeHasChanges":	"false",
	"hasPmufwMakeHasChanges":	"false",
	"platPreBuiltFlag":	false,
	"platformSamplesDir":	"",
	"platActiveSys":	"Mblaze_iic_hw",
	"systems":	[{
			"systemName":	"Mblaze_iic_hw",
			"systemDesc":	"Mblaze_iic_hw",
			"sysIsBootAutoGen":	"true",
			"systemDispName":	"Mblaze_iic_hw",
			"sysActiveDom":	"standalone_domain",
			"sysDefaultDom":	"standalone_domain",
			"domains":	[{
					"domainName":	"standalone_domain",
					"domainDispName":	"standalone_domain",
					"domainDesc":	"standalone_domain",
					"processors":	"microblaze_0",
					"os":	"standalone",
					"sdxOs":	"standalone",
					"debugEnable":	"False",
					"domRuntimes":	["cpp"],
					"swRepo":	"",
					"mssOsVer":	"7.1",
					"mssFile":	"",
					"md5Digest":	"3058066e4ca0fc25659ba337ec202bf1",
					"compatibleApp":	"",
					"domType":	"mssDomain",
					"appSettings":	{
						"appCompilerFlags":	"",
						"appLinkerFlags":	""
					},
					"addedLibs":	[],
					"libOptions":	{
						"libsContainingOptions":	[]
					},
					"prebuiltLibs":	{
						"prebuiltIncPath":	[],
						"prebuiltLibPath":	[]
					},
					"isolation":	{
					}
				}]
		}]
}
KEYINFO::2024-10-24.15:32:49::SCWPlatform::updated the xpfm file.
TRACE::2024-10-24.15:32:50::SCWPlatform::Trying to open the hw design at C:/Users/SUJIN/Desktop/sg_workspace/SoC_soc_24/vitis_SoC_24/Mblaze_iic_hw/hw/Mblaze_iic_wrapper.xsa
TRACE::2024-10-24.15:32:50::SCWPlatform::DSA given C:/Users/SUJIN/Desktop/sg_workspace/SoC_soc_24/vitis_SoC_24/Mblaze_iic_hw/hw/Mblaze_iic_wrapper.xsa
TRACE::2024-10-24.15:32:50::SCWPlatform::DSA absoulate path C:/Users/SUJIN/Desktop/sg_workspace/SoC_soc_24/vitis_SoC_24/Mblaze_iic_hw/hw/Mblaze_iic_wrapper.xsa
TRACE::2024-10-24.15:32:50::SCWPlatform::DSA directory C:/Users/SUJIN/Desktop/sg_workspace/SoC_soc_24/vitis_SoC_24/Mblaze_iic_hw/hw
TRACE::2024-10-24.15:32:50::SCWPlatform:: Platform Path C:/Users/SUJIN/Desktop/sg_workspace/SoC_soc_24/vitis_SoC_24/Mblaze_iic_hw/hw/Mblaze_iic_wrapper.xsa
TRACE::2024-10-24.15:32:50::SCWPlatform:: Unique name xilinx:basys3::0.0
TRACE::2024-10-24.15:32:50::SCWPlatform::Trying to set the existing hwdb with name Mblaze_fnd_cntr_wrapper_5
TRACE::2024-10-24.15:32:50::SCWPlatform::Opened existing hwdb Mblaze_fnd_cntr_wrapper_5
TRACE::2024-10-24.15:32:50::SCWPlatform::Found the Hw Db part of the input DSA
TRACE::2024-10-24.15:32:50::SCWMssOS::Checking the sw design at  C:/Users/SUJIN/Desktop/sg_workspace/SoC_soc_24/vitis_SoC_24/Mblaze_iic_hw/microblaze_0/standalone_domain/bsp/system.mss
TRACE::2024-10-24.15:32:50::SCWMssOS::DEBUG:  swdes dump  C:/Users/SUJIN/Desktop/sg_workspace/SoC_soc_24/vitis_SoC_24/Mblaze_fnd_bin2dec_v2_hw/microblaze_0/standalone_domain/bsp/system.mss|system||
C:/Users/SUJIN/Desktop/sg_workspace/SoC_soc_24/vitis_SoC_24/Mblaze_iic_hw/microblaze_0/standalone_domain/bsp/system.mss|system_0||

TRACE::2024-10-24.15:32:50::SCWMssOS::Sw design exists and opened at  C:/Users/SUJIN/Desktop/sg_workspace/SoC_soc_24/vitis_SoC_24/Mblaze_iic_hw/microblaze_0/standalone_domain/bsp/system.mss
TRACE::2024-10-24.15:32:50::SCWPlatform::Trying to open the hw design at C:/Users/SUJIN/Desktop/sg_workspace/SoC_soc_24/vitis_SoC_24/Mblaze_iic_hw/hw/Mblaze_iic_wrapper.xsa
TRACE::2024-10-24.15:32:50::SCWPlatform::DSA given C:/Users/SUJIN/Desktop/sg_workspace/SoC_soc_24/vitis_SoC_24/Mblaze_iic_hw/hw/Mblaze_iic_wrapper.xsa
TRACE::2024-10-24.15:32:50::SCWPlatform::DSA absoulate path C:/Users/SUJIN/Desktop/sg_workspace/SoC_soc_24/vitis_SoC_24/Mblaze_iic_hw/hw/Mblaze_iic_wrapper.xsa
TRACE::2024-10-24.15:32:50::SCWPlatform::DSA directory C:/Users/SUJIN/Desktop/sg_workspace/SoC_soc_24/vitis_SoC_24/Mblaze_iic_hw/hw
TRACE::2024-10-24.15:32:50::SCWPlatform:: Platform Path C:/Users/SUJIN/Desktop/sg_workspace/SoC_soc_24/vitis_SoC_24/Mblaze_iic_hw/hw/Mblaze_iic_wrapper.xsa
TRACE::2024-10-24.15:32:50::SCWPlatform:: Unique name xilinx:basys3::0.0
TRACE::2024-10-24.15:32:50::SCWPlatform::Trying to set the existing hwdb with name Mblaze_fnd_cntr_wrapper_5
TRACE::2024-10-24.15:32:50::SCWPlatform::Opened existing hwdb Mblaze_fnd_cntr_wrapper_5
TRACE::2024-10-24.15:32:50::SCWPlatform::Found the Hw Db part of the input DSA
TRACE::2024-10-24.15:32:50::SCWMssOS::Checking the sw design at  C:/Users/SUJIN/Desktop/sg_workspace/SoC_soc_24/vitis_SoC_24/Mblaze_iic_hw/microblaze_0/standalone_domain/bsp/system.mss
TRACE::2024-10-24.15:32:50::SCWMssOS::DEBUG:  swdes dump  C:/Users/SUJIN/Desktop/sg_workspace/SoC_soc_24/vitis_SoC_24/Mblaze_fnd_bin2dec_v2_hw/microblaze_0/standalone_domain/bsp/system.mss|system||
C:/Users/SUJIN/Desktop/sg_workspace/SoC_soc_24/vitis_SoC_24/Mblaze_iic_hw/microblaze_0/standalone_domain/bsp/system.mss|system_0||

TRACE::2024-10-24.15:32:50::SCWMssOS::Sw design exists and opened at  C:/Users/SUJIN/Desktop/sg_workspace/SoC_soc_24/vitis_SoC_24/Mblaze_iic_hw/microblaze_0/standalone_domain/bsp/system.mss
TRACE::2024-10-24.15:32:50::SCWPlatform::Trying to open the hw design at C:/Users/SUJIN/Desktop/sg_workspace/SoC_soc_24/vitis_SoC_24/Mblaze_iic_hw/hw/Mblaze_iic_wrapper.xsa
TRACE::2024-10-24.15:32:50::SCWPlatform::DSA given C:/Users/SUJIN/Desktop/sg_workspace/SoC_soc_24/vitis_SoC_24/Mblaze_iic_hw/hw/Mblaze_iic_wrapper.xsa
TRACE::2024-10-24.15:32:50::SCWPlatform::DSA absoulate path C:/Users/SUJIN/Desktop/sg_workspace/SoC_soc_24/vitis_SoC_24/Mblaze_iic_hw/hw/Mblaze_iic_wrapper.xsa
TRACE::2024-10-24.15:32:50::SCWPlatform::DSA directory C:/Users/SUJIN/Desktop/sg_workspace/SoC_soc_24/vitis_SoC_24/Mblaze_iic_hw/hw
TRACE::2024-10-24.15:32:50::SCWPlatform:: Platform Path C:/Users/SUJIN/Desktop/sg_workspace/SoC_soc_24/vitis_SoC_24/Mblaze_iic_hw/hw/Mblaze_iic_wrapper.xsa
TRACE::2024-10-24.15:32:50::SCWPlatform:: Unique name xilinx:basys3::0.0
TRACE::2024-10-24.15:32:50::SCWPlatform::Trying to set the existing hwdb with name Mblaze_fnd_cntr_wrapper_5
TRACE::2024-10-24.15:32:50::SCWPlatform::Opened existing hwdb Mblaze_fnd_cntr_wrapper_5
TRACE::2024-10-24.15:32:50::SCWPlatform::Found the Hw Db part of the input DSA
TRACE::2024-10-24.15:32:50::SCWMssOS::Checking the sw design at  C:/Users/SUJIN/Desktop/sg_workspace/SoC_soc_24/vitis_SoC_24/Mblaze_iic_hw/microblaze_0/standalone_domain/bsp/system.mss
TRACE::2024-10-24.15:32:50::SCWMssOS::DEBUG:  swdes dump  C:/Users/SUJIN/Desktop/sg_workspace/SoC_soc_24/vitis_SoC_24/Mblaze_fnd_bin2dec_v2_hw/microblaze_0/standalone_domain/bsp/system.mss|system||
C:/Users/SUJIN/Desktop/sg_workspace/SoC_soc_24/vitis_SoC_24/Mblaze_iic_hw/microblaze_0/standalone_domain/bsp/system.mss|system_0||

TRACE::2024-10-24.15:32:50::SCWMssOS::Sw design exists and opened at  C:/Users/SUJIN/Desktop/sg_workspace/SoC_soc_24/vitis_SoC_24/Mblaze_iic_hw/microblaze_0/standalone_domain/bsp/system.mss
TRACE::2024-10-24.15:32:50::SCWPlatform::Trying to open the hw design at C:/Users/SUJIN/Desktop/sg_workspace/SoC_soc_24/vitis_SoC_24/Mblaze_iic_hw/hw/Mblaze_iic_wrapper.xsa
TRACE::2024-10-24.15:32:50::SCWPlatform::DSA given C:/Users/SUJIN/Desktop/sg_workspace/SoC_soc_24/vitis_SoC_24/Mblaze_iic_hw/hw/Mblaze_iic_wrapper.xsa
TRACE::2024-10-24.15:32:50::SCWPlatform::DSA absoulate path C:/Users/SUJIN/Desktop/sg_workspace/SoC_soc_24/vitis_SoC_24/Mblaze_iic_hw/hw/Mblaze_iic_wrapper.xsa
TRACE::2024-10-24.15:32:50::SCWPlatform::DSA directory C:/Users/SUJIN/Desktop/sg_workspace/SoC_soc_24/vitis_SoC_24/Mblaze_iic_hw/hw
TRACE::2024-10-24.15:32:50::SCWPlatform:: Platform Path C:/Users/SUJIN/Desktop/sg_workspace/SoC_soc_24/vitis_SoC_24/Mblaze_iic_hw/hw/Mblaze_iic_wrapper.xsa
TRACE::2024-10-24.15:32:50::SCWPlatform:: Unique name xilinx:basys3::0.0
TRACE::2024-10-24.15:32:50::SCWPlatform::Trying to set the existing hwdb with name Mblaze_fnd_cntr_wrapper_5
TRACE::2024-10-24.15:32:50::SCWPlatform::Opened existing hwdb Mblaze_fnd_cntr_wrapper_5
TRACE::2024-10-24.15:32:50::SCWPlatform::Found the Hw Db part of the input DSA
TRACE::2024-10-24.15:32:50::SCWMssOS::Checking the sw design at  C:/Users/SUJIN/Desktop/sg_workspace/SoC_soc_24/vitis_SoC_24/Mblaze_iic_hw/microblaze_0/standalone_domain/bsp/system.mss
TRACE::2024-10-24.15:32:50::SCWMssOS::DEBUG:  swdes dump  C:/Users/SUJIN/Desktop/sg_workspace/SoC_soc_24/vitis_SoC_24/Mblaze_fnd_bin2dec_v2_hw/microblaze_0/standalone_domain/bsp/system.mss|system||
C:/Users/SUJIN/Desktop/sg_workspace/SoC_soc_24/vitis_SoC_24/Mblaze_iic_hw/microblaze_0/standalone_domain/bsp/system.mss|system_0||

TRACE::2024-10-24.15:32:50::SCWMssOS::Sw design exists and opened at  C:/Users/SUJIN/Desktop/sg_workspace/SoC_soc_24/vitis_SoC_24/Mblaze_iic_hw/microblaze_0/standalone_domain/bsp/system.mss
TRACE::2024-10-24.15:32:50::SCWWriter::formatted JSON is {
	"platformName":	"Mblaze_iic_hw",
	"sprVersion":	"2.0",
	"mode":	"gui",
	"dsaType":	"Fixed",
	"platformDesc":	"Mblaze_iic_hw",
	"platHandOff":	"C:/Users/SUJIN/Desktop/sg_workspace/SoC_soc_24/Mblaze_iic_wrapper.xsa",
	"platIntHandOff":	"<platformDir>/hw/Mblaze_iic_wrapper.xsa",
	"deviceType":	"FPGA",
	"platIsPrebuiltAutogen":	"false",
	"platIsNoBootBsp":	"false",
	"hasFsblMakeHasChanges":	"false",
	"hasPmufwMakeHasChanges":	"false",
	"platPreBuiltFlag":	false,
	"platformSamplesDir":	"",
	"platActiveSys":	"Mblaze_iic_hw",
	"systems":	[{
			"systemName":	"Mblaze_iic_hw",
			"systemDesc":	"Mblaze_iic_hw",
			"sysIsBootAutoGen":	"true",
			"systemDispName":	"Mblaze_iic_hw",
			"sysActiveDom":	"standalone_domain",
			"sysDefaultDom":	"standalone_domain",
			"domains":	[{
					"domainName":	"standalone_domain",
					"domainDispName":	"standalone_domain",
					"domainDesc":	"standalone_domain",
					"processors":	"microblaze_0",
					"os":	"standalone",
					"sdxOs":	"standalone",
					"debugEnable":	"False",
					"domRuntimes":	["cpp"],
					"swRepo":	"",
					"mssOsVer":	"7.1",
					"mssFile":	"",
					"md5Digest":	"3058066e4ca0fc25659ba337ec202bf1",
					"compatibleApp":	"",
					"domType":	"mssDomain",
					"appSettings":	{
						"appCompilerFlags":	"",
						"appLinkerFlags":	""
					},
					"addedLibs":	[],
					"libOptions":	{
						"libsContainingOptions":	[]
					},
					"prebuiltLibs":	{
						"prebuiltIncPath":	[],
						"prebuiltLibPath":	[]
					},
					"isolation":	{
					}
				}]
		}]
}
TRACE::2024-10-24.15:32:50::SCWPlatform::Trying to open the hw design at C:/Users/SUJIN/Desktop/sg_workspace/SoC_soc_24/vitis_SoC_24/Mblaze_iic_hw/hw/Mblaze_iic_wrapper.xsa
TRACE::2024-10-24.15:32:50::SCWPlatform::DSA given C:/Users/SUJIN/Desktop/sg_workspace/SoC_soc_24/vitis_SoC_24/Mblaze_iic_hw/hw/Mblaze_iic_wrapper.xsa
TRACE::2024-10-24.15:32:50::SCWPlatform::DSA absoulate path C:/Users/SUJIN/Desktop/sg_workspace/SoC_soc_24/vitis_SoC_24/Mblaze_iic_hw/hw/Mblaze_iic_wrapper.xsa
TRACE::2024-10-24.15:32:50::SCWPlatform::DSA directory C:/Users/SUJIN/Desktop/sg_workspace/SoC_soc_24/vitis_SoC_24/Mblaze_iic_hw/hw
TRACE::2024-10-24.15:32:50::SCWPlatform:: Platform Path C:/Users/SUJIN/Desktop/sg_workspace/SoC_soc_24/vitis_SoC_24/Mblaze_iic_hw/hw/Mblaze_iic_wrapper.xsa
TRACE::2024-10-24.15:32:50::SCWPlatform:: Unique name xilinx:basys3::0.0
TRACE::2024-10-24.15:32:50::SCWPlatform::Trying to set the existing hwdb with name Mblaze_fnd_cntr_wrapper_5
TRACE::2024-10-24.15:32:50::SCWPlatform::Opened existing hwdb Mblaze_fnd_cntr_wrapper_5
TRACE::2024-10-24.15:32:50::SCWPlatform::Found the Hw Db part of the input DSA
TRACE::2024-10-24.15:32:50::SCWMssOS::Checking the sw design at  C:/Users/SUJIN/Desktop/sg_workspace/SoC_soc_24/vitis_SoC_24/Mblaze_iic_hw/microblaze_0/standalone_domain/bsp/system.mss
TRACE::2024-10-24.15:32:50::SCWMssOS::DEBUG:  swdes dump  C:/Users/SUJIN/Desktop/sg_workspace/SoC_soc_24/vitis_SoC_24/Mblaze_fnd_bin2dec_v2_hw/microblaze_0/standalone_domain/bsp/system.mss|system||
C:/Users/SUJIN/Desktop/sg_workspace/SoC_soc_24/vitis_SoC_24/Mblaze_iic_hw/microblaze_0/standalone_domain/bsp/system.mss|system_0||

TRACE::2024-10-24.15:32:50::SCWMssOS::Sw design exists and opened at  C:/Users/SUJIN/Desktop/sg_workspace/SoC_soc_24/vitis_SoC_24/Mblaze_iic_hw/microblaze_0/standalone_domain/bsp/system.mss
TRACE::2024-10-24.15:32:51::SCWPlatform::Trying to open the hw design at C:/Users/SUJIN/Desktop/sg_workspace/SoC_soc_24/vitis_SoC_24/Mblaze_iic_hw/hw/Mblaze_iic_wrapper.xsa
TRACE::2024-10-24.15:32:51::SCWPlatform::DSA given C:/Users/SUJIN/Desktop/sg_workspace/SoC_soc_24/vitis_SoC_24/Mblaze_iic_hw/hw/Mblaze_iic_wrapper.xsa
TRACE::2024-10-24.15:32:51::SCWPlatform::DSA absoulate path C:/Users/SUJIN/Desktop/sg_workspace/SoC_soc_24/vitis_SoC_24/Mblaze_iic_hw/hw/Mblaze_iic_wrapper.xsa
TRACE::2024-10-24.15:32:51::SCWPlatform::DSA directory C:/Users/SUJIN/Desktop/sg_workspace/SoC_soc_24/vitis_SoC_24/Mblaze_iic_hw/hw
TRACE::2024-10-24.15:32:51::SCWPlatform:: Platform Path C:/Users/SUJIN/Desktop/sg_workspace/SoC_soc_24/vitis_SoC_24/Mblaze_iic_hw/hw/Mblaze_iic_wrapper.xsa
TRACE::2024-10-24.15:32:51::SCWPlatform:: Unique name xilinx:basys3::0.0
TRACE::2024-10-24.15:32:51::SCWPlatform::Trying to set the existing hwdb with name Mblaze_fnd_cntr_wrapper_5
TRACE::2024-10-24.15:32:51::SCWPlatform::Opened existing hwdb Mblaze_fnd_cntr_wrapper_5
TRACE::2024-10-24.15:32:51::SCWPlatform::Found the Hw Db part of the input DSA
TRACE::2024-10-24.15:32:51::SCWMssOS::Checking the sw design at  C:/Users/SUJIN/Desktop/sg_workspace/SoC_soc_24/vitis_SoC_24/Mblaze_iic_hw/microblaze_0/standalone_domain/bsp/system.mss
TRACE::2024-10-24.15:32:51::SCWMssOS::DEBUG:  swdes dump  C:/Users/SUJIN/Desktop/sg_workspace/SoC_soc_24/vitis_SoC_24/Mblaze_fnd_bin2dec_v2_hw/microblaze_0/standalone_domain/bsp/system.mss|system||
C:/Users/SUJIN/Desktop/sg_workspace/SoC_soc_24/vitis_SoC_24/Mblaze_iic_hw/microblaze_0/standalone_domain/bsp/system.mss|system_0||

TRACE::2024-10-24.15:32:51::SCWMssOS::Sw design exists and opened at  C:/Users/SUJIN/Desktop/sg_workspace/SoC_soc_24/vitis_SoC_24/Mblaze_iic_hw/microblaze_0/standalone_domain/bsp/system.mss
TRACE::2024-10-24.15:32:51::SCWPlatform::Trying to open the hw design at C:/Users/SUJIN/Desktop/sg_workspace/SoC_soc_24/vitis_SoC_24/Mblaze_iic_hw/hw/Mblaze_iic_wrapper.xsa
TRACE::2024-10-24.15:32:51::SCWPlatform::DSA given C:/Users/SUJIN/Desktop/sg_workspace/SoC_soc_24/vitis_SoC_24/Mblaze_iic_hw/hw/Mblaze_iic_wrapper.xsa
TRACE::2024-10-24.15:32:51::SCWPlatform::DSA absoulate path C:/Users/SUJIN/Desktop/sg_workspace/SoC_soc_24/vitis_SoC_24/Mblaze_iic_hw/hw/Mblaze_iic_wrapper.xsa
TRACE::2024-10-24.15:32:51::SCWPlatform::DSA directory C:/Users/SUJIN/Desktop/sg_workspace/SoC_soc_24/vitis_SoC_24/Mblaze_iic_hw/hw
TRACE::2024-10-24.15:32:51::SCWPlatform:: Platform Path C:/Users/SUJIN/Desktop/sg_workspace/SoC_soc_24/vitis_SoC_24/Mblaze_iic_hw/hw/Mblaze_iic_wrapper.xsa
TRACE::2024-10-24.15:32:51::SCWPlatform:: Unique name xilinx:basys3::0.0
TRACE::2024-10-24.15:32:51::SCWPlatform::Trying to set the existing hwdb with name Mblaze_fnd_cntr_wrapper_5
TRACE::2024-10-24.15:32:51::SCWPlatform::Opened existing hwdb Mblaze_fnd_cntr_wrapper_5
TRACE::2024-10-24.15:32:51::SCWPlatform::Found the Hw Db part of the input DSA
TRACE::2024-10-24.15:32:51::SCWMssOS::Checking the sw design at  C:/Users/SUJIN/Desktop/sg_workspace/SoC_soc_24/vitis_SoC_24/Mblaze_iic_hw/microblaze_0/standalone_domain/bsp/system.mss
TRACE::2024-10-24.15:32:51::SCWMssOS::DEBUG:  swdes dump  C:/Users/SUJIN/Desktop/sg_workspace/SoC_soc_24/vitis_SoC_24/Mblaze_fnd_bin2dec_v2_hw/microblaze_0/standalone_domain/bsp/system.mss|system||
C:/Users/SUJIN/Desktop/sg_workspace/SoC_soc_24/vitis_SoC_24/Mblaze_iic_hw/microblaze_0/standalone_domain/bsp/system.mss|system_0||

TRACE::2024-10-24.15:32:51::SCWMssOS::Sw design exists and opened at  C:/Users/SUJIN/Desktop/sg_workspace/SoC_soc_24/vitis_SoC_24/Mblaze_iic_hw/microblaze_0/standalone_domain/bsp/system.mss
TRACE::2024-10-24.15:32:51::SCWPlatform::Trying to open the hw design at C:/Users/SUJIN/Desktop/sg_workspace/SoC_soc_24/vitis_SoC_24/Mblaze_iic_hw/hw/Mblaze_iic_wrapper.xsa
TRACE::2024-10-24.15:32:51::SCWPlatform::DSA given C:/Users/SUJIN/Desktop/sg_workspace/SoC_soc_24/vitis_SoC_24/Mblaze_iic_hw/hw/Mblaze_iic_wrapper.xsa
TRACE::2024-10-24.15:32:51::SCWPlatform::DSA absoulate path C:/Users/SUJIN/Desktop/sg_workspace/SoC_soc_24/vitis_SoC_24/Mblaze_iic_hw/hw/Mblaze_iic_wrapper.xsa
TRACE::2024-10-24.15:32:51::SCWPlatform::DSA directory C:/Users/SUJIN/Desktop/sg_workspace/SoC_soc_24/vitis_SoC_24/Mblaze_iic_hw/hw
TRACE::2024-10-24.15:32:51::SCWPlatform:: Platform Path C:/Users/SUJIN/Desktop/sg_workspace/SoC_soc_24/vitis_SoC_24/Mblaze_iic_hw/hw/Mblaze_iic_wrapper.xsa
TRACE::2024-10-24.15:32:51::SCWPlatform:: Unique name xilinx:basys3::0.0
TRACE::2024-10-24.15:32:51::SCWPlatform::Trying to set the existing hwdb with name Mblaze_fnd_cntr_wrapper_5
TRACE::2024-10-24.15:32:51::SCWPlatform::Opened existing hwdb Mblaze_fnd_cntr_wrapper_5
TRACE::2024-10-24.15:32:51::SCWPlatform::Found the Hw Db part of the input DSA
TRACE::2024-10-24.15:32:51::SCWMssOS::Checking the sw design at  C:/Users/SUJIN/Desktop/sg_workspace/SoC_soc_24/vitis_SoC_24/Mblaze_iic_hw/microblaze_0/standalone_domain/bsp/system.mss
TRACE::2024-10-24.15:32:51::SCWMssOS::DEBUG:  swdes dump  C:/Users/SUJIN/Desktop/sg_workspace/SoC_soc_24/vitis_SoC_24/Mblaze_fnd_bin2dec_v2_hw/microblaze_0/standalone_domain/bsp/system.mss|system||
C:/Users/SUJIN/Desktop/sg_workspace/SoC_soc_24/vitis_SoC_24/Mblaze_iic_hw/microblaze_0/standalone_domain/bsp/system.mss|system_0||

TRACE::2024-10-24.15:32:51::SCWMssOS::Sw design exists and opened at  C:/Users/SUJIN/Desktop/sg_workspace/SoC_soc_24/vitis_SoC_24/Mblaze_iic_hw/microblaze_0/standalone_domain/bsp/system.mss
TRACE::2024-10-24.15:32:51::SCWPlatform::Trying to open the hw design at C:/Users/SUJIN/Desktop/sg_workspace/SoC_soc_24/vitis_SoC_24/Mblaze_iic_hw/hw/Mblaze_iic_wrapper.xsa
TRACE::2024-10-24.15:32:51::SCWPlatform::DSA given C:/Users/SUJIN/Desktop/sg_workspace/SoC_soc_24/vitis_SoC_24/Mblaze_iic_hw/hw/Mblaze_iic_wrapper.xsa
TRACE::2024-10-24.15:32:51::SCWPlatform::DSA absoulate path C:/Users/SUJIN/Desktop/sg_workspace/SoC_soc_24/vitis_SoC_24/Mblaze_iic_hw/hw/Mblaze_iic_wrapper.xsa
TRACE::2024-10-24.15:32:51::SCWPlatform::DSA directory C:/Users/SUJIN/Desktop/sg_workspace/SoC_soc_24/vitis_SoC_24/Mblaze_iic_hw/hw
TRACE::2024-10-24.15:32:51::SCWPlatform:: Platform Path C:/Users/SUJIN/Desktop/sg_workspace/SoC_soc_24/vitis_SoC_24/Mblaze_iic_hw/hw/Mblaze_iic_wrapper.xsa
TRACE::2024-10-24.15:32:51::SCWPlatform:: Unique name xilinx:basys3::0.0
TRACE::2024-10-24.15:32:51::SCWPlatform::Trying to set the existing hwdb with name Mblaze_fnd_cntr_wrapper_5
TRACE::2024-10-24.15:32:51::SCWPlatform::Opened existing hwdb Mblaze_fnd_cntr_wrapper_5
TRACE::2024-10-24.15:32:51::SCWPlatform::Found the Hw Db part of the input DSA
TRACE::2024-10-24.15:32:51::SCWMssOS::Checking the sw design at  C:/Users/SUJIN/Desktop/sg_workspace/SoC_soc_24/vitis_SoC_24/Mblaze_iic_hw/microblaze_0/standalone_domain/bsp/system.mss
TRACE::2024-10-24.15:32:51::SCWMssOS::DEBUG:  swdes dump  C:/Users/SUJIN/Desktop/sg_workspace/SoC_soc_24/vitis_SoC_24/Mblaze_fnd_bin2dec_v2_hw/microblaze_0/standalone_domain/bsp/system.mss|system||
C:/Users/SUJIN/Desktop/sg_workspace/SoC_soc_24/vitis_SoC_24/Mblaze_iic_hw/microblaze_0/standalone_domain/bsp/system.mss|system_0||

TRACE::2024-10-24.15:32:51::SCWMssOS::Sw design exists and opened at  C:/Users/SUJIN/Desktop/sg_workspace/SoC_soc_24/vitis_SoC_24/Mblaze_iic_hw/microblaze_0/standalone_domain/bsp/system.mss
TRACE::2024-10-24.15:32:51::SCWPlatform::Trying to open the hw design at C:/Users/SUJIN/Desktop/sg_workspace/SoC_soc_24/vitis_SoC_24/Mblaze_iic_hw/hw/Mblaze_iic_wrapper.xsa
TRACE::2024-10-24.15:32:51::SCWPlatform::DSA given C:/Users/SUJIN/Desktop/sg_workspace/SoC_soc_24/vitis_SoC_24/Mblaze_iic_hw/hw/Mblaze_iic_wrapper.xsa
TRACE::2024-10-24.15:32:51::SCWPlatform::DSA absoulate path C:/Users/SUJIN/Desktop/sg_workspace/SoC_soc_24/vitis_SoC_24/Mblaze_iic_hw/hw/Mblaze_iic_wrapper.xsa
TRACE::2024-10-24.15:32:51::SCWPlatform::DSA directory C:/Users/SUJIN/Desktop/sg_workspace/SoC_soc_24/vitis_SoC_24/Mblaze_iic_hw/hw
TRACE::2024-10-24.15:32:51::SCWPlatform:: Platform Path C:/Users/SUJIN/Desktop/sg_workspace/SoC_soc_24/vitis_SoC_24/Mblaze_iic_hw/hw/Mblaze_iic_wrapper.xsa
TRACE::2024-10-24.15:32:51::SCWPlatform:: Unique name xilinx:basys3::0.0
TRACE::2024-10-24.15:32:51::SCWPlatform::Trying to set the existing hwdb with name Mblaze_fnd_cntr_wrapper_5
TRACE::2024-10-24.15:32:51::SCWPlatform::Opened existing hwdb Mblaze_fnd_cntr_wrapper_5
TRACE::2024-10-24.15:32:51::SCWPlatform::Found the Hw Db part of the input DSA
TRACE::2024-10-24.15:32:51::SCWMssOS::Checking the sw design at  C:/Users/SUJIN/Desktop/sg_workspace/SoC_soc_24/vitis_SoC_24/Mblaze_iic_hw/microblaze_0/standalone_domain/bsp/system.mss
TRACE::2024-10-24.15:32:51::SCWMssOS::DEBUG:  swdes dump  C:/Users/SUJIN/Desktop/sg_workspace/SoC_soc_24/vitis_SoC_24/Mblaze_fnd_bin2dec_v2_hw/microblaze_0/standalone_domain/bsp/system.mss|system||
C:/Users/SUJIN/Desktop/sg_workspace/SoC_soc_24/vitis_SoC_24/Mblaze_iic_hw/microblaze_0/standalone_domain/bsp/system.mss|system_0||

TRACE::2024-10-24.15:32:51::SCWMssOS::Sw design exists and opened at  C:/Users/SUJIN/Desktop/sg_workspace/SoC_soc_24/vitis_SoC_24/Mblaze_iic_hw/microblaze_0/standalone_domain/bsp/system.mss
TRACE::2024-10-24.15:32:51::SCWWriter::formatted JSON is {
	"platformName":	"Mblaze_iic_hw",
	"sprVersion":	"2.0",
	"mode":	"gui",
	"dsaType":	"Fixed",
	"platformDesc":	"Mblaze_iic_hw",
	"platHandOff":	"C:/Users/SUJIN/Desktop/sg_workspace/SoC_soc_24/Mblaze_iic_wrapper.xsa",
	"platIntHandOff":	"<platformDir>/hw/Mblaze_iic_wrapper.xsa",
	"deviceType":	"FPGA",
	"platIsPrebuiltAutogen":	"false",
	"platIsNoBootBsp":	"false",
	"hasFsblMakeHasChanges":	"false",
	"hasPmufwMakeHasChanges":	"false",
	"platPreBuiltFlag":	false,
	"platformSamplesDir":	"",
	"platActiveSys":	"Mblaze_iic_hw",
	"systems":	[{
			"systemName":	"Mblaze_iic_hw",
			"systemDesc":	"Mblaze_iic_hw",
			"sysIsBootAutoGen":	"true",
			"systemDispName":	"Mblaze_iic_hw",
			"sysActiveDom":	"standalone_domain",
			"sysDefaultDom":	"standalone_domain",
			"domains":	[{
					"domainName":	"standalone_domain",
					"domainDispName":	"standalone on microblaze_0",
					"domainDesc":	"standalone_domain",
					"processors":	"microblaze_0",
					"os":	"standalone",
					"sdxOs":	"standalone",
					"debugEnable":	"False",
					"domRuntimes":	["cpp"],
					"swRepo":	"",
					"mssOsVer":	"7.1",
					"mssFile":	"",
					"md5Digest":	"3058066e4ca0fc25659ba337ec202bf1",
					"compatibleApp":	"",
					"domType":	"mssDomain",
					"appSettings":	{
						"appCompilerFlags":	"",
						"appLinkerFlags":	""
					},
					"addedLibs":	[],
					"libOptions":	{
						"libsContainingOptions":	[]
					},
					"prebuiltLibs":	{
						"prebuiltIncPath":	[],
						"prebuiltLibPath":	[]
					},
					"isolation":	{
					}
				}]
		}]
}
TRACE::2024-10-24.15:32:51::SCWPlatform::Trying to open the hw design at C:/Users/SUJIN/Desktop/sg_workspace/SoC_soc_24/vitis_SoC_24/Mblaze_iic_hw/hw/Mblaze_iic_wrapper.xsa
TRACE::2024-10-24.15:32:51::SCWPlatform::DSA given C:/Users/SUJIN/Desktop/sg_workspace/SoC_soc_24/vitis_SoC_24/Mblaze_iic_hw/hw/Mblaze_iic_wrapper.xsa
TRACE::2024-10-24.15:32:51::SCWPlatform::DSA absoulate path C:/Users/SUJIN/Desktop/sg_workspace/SoC_soc_24/vitis_SoC_24/Mblaze_iic_hw/hw/Mblaze_iic_wrapper.xsa
TRACE::2024-10-24.15:32:51::SCWPlatform::DSA directory C:/Users/SUJIN/Desktop/sg_workspace/SoC_soc_24/vitis_SoC_24/Mblaze_iic_hw/hw
TRACE::2024-10-24.15:32:51::SCWPlatform:: Platform Path C:/Users/SUJIN/Desktop/sg_workspace/SoC_soc_24/vitis_SoC_24/Mblaze_iic_hw/hw/Mblaze_iic_wrapper.xsa
TRACE::2024-10-24.15:32:51::SCWPlatform:: Unique name xilinx:basys3::0.0
TRACE::2024-10-24.15:32:51::SCWPlatform::Trying to set the existing hwdb with name Mblaze_fnd_cntr_wrapper_5
TRACE::2024-10-24.15:32:51::SCWPlatform::Opened existing hwdb Mblaze_fnd_cntr_wrapper_5
TRACE::2024-10-24.15:32:51::SCWPlatform::Found the Hw Db part of the input DSA
TRACE::2024-10-24.15:32:51::SCWMssOS::Checking the sw design at  C:/Users/SUJIN/Desktop/sg_workspace/SoC_soc_24/vitis_SoC_24/Mblaze_iic_hw/microblaze_0/standalone_domain/bsp/system.mss
TRACE::2024-10-24.15:32:51::SCWMssOS::DEBUG:  swdes dump  C:/Users/SUJIN/Desktop/sg_workspace/SoC_soc_24/vitis_SoC_24/Mblaze_fnd_bin2dec_v2_hw/microblaze_0/standalone_domain/bsp/system.mss|system||
C:/Users/SUJIN/Desktop/sg_workspace/SoC_soc_24/vitis_SoC_24/Mblaze_iic_hw/microblaze_0/standalone_domain/bsp/system.mss|system_0||

TRACE::2024-10-24.15:32:51::SCWMssOS::Sw design exists and opened at  C:/Users/SUJIN/Desktop/sg_workspace/SoC_soc_24/vitis_SoC_24/Mblaze_iic_hw/microblaze_0/standalone_domain/bsp/system.mss
TRACE::2024-10-24.15:32:51::SCWPlatform::Trying to open the hw design at C:/Users/SUJIN/Desktop/sg_workspace/SoC_soc_24/vitis_SoC_24/Mblaze_iic_hw/hw/Mblaze_iic_wrapper.xsa
TRACE::2024-10-24.15:32:51::SCWPlatform::DSA given C:/Users/SUJIN/Desktop/sg_workspace/SoC_soc_24/vitis_SoC_24/Mblaze_iic_hw/hw/Mblaze_iic_wrapper.xsa
TRACE::2024-10-24.15:32:51::SCWPlatform::DSA absoulate path C:/Users/SUJIN/Desktop/sg_workspace/SoC_soc_24/vitis_SoC_24/Mblaze_iic_hw/hw/Mblaze_iic_wrapper.xsa
TRACE::2024-10-24.15:32:51::SCWPlatform::DSA directory C:/Users/SUJIN/Desktop/sg_workspace/SoC_soc_24/vitis_SoC_24/Mblaze_iic_hw/hw
TRACE::2024-10-24.15:32:51::SCWPlatform:: Platform Path C:/Users/SUJIN/Desktop/sg_workspace/SoC_soc_24/vitis_SoC_24/Mblaze_iic_hw/hw/Mblaze_iic_wrapper.xsa
TRACE::2024-10-24.15:32:51::SCWPlatform:: Unique name xilinx:basys3::0.0
TRACE::2024-10-24.15:32:51::SCWPlatform::Trying to set the existing hwdb with name Mblaze_fnd_cntr_wrapper_5
TRACE::2024-10-24.15:32:51::SCWPlatform::Opened existing hwdb Mblaze_fnd_cntr_wrapper_5
TRACE::2024-10-24.15:32:51::SCWPlatform::Found the Hw Db part of the input DSA
TRACE::2024-10-24.15:32:51::SCWMssOS::Checking the sw design at  C:/Users/SUJIN/Desktop/sg_workspace/SoC_soc_24/vitis_SoC_24/Mblaze_iic_hw/microblaze_0/standalone_domain/bsp/system.mss
TRACE::2024-10-24.15:32:51::SCWMssOS::DEBUG:  swdes dump  C:/Users/SUJIN/Desktop/sg_workspace/SoC_soc_24/vitis_SoC_24/Mblaze_fnd_bin2dec_v2_hw/microblaze_0/standalone_domain/bsp/system.mss|system||
C:/Users/SUJIN/Desktop/sg_workspace/SoC_soc_24/vitis_SoC_24/Mblaze_iic_hw/microblaze_0/standalone_domain/bsp/system.mss|system_0||

TRACE::2024-10-24.15:32:51::SCWMssOS::Sw design exists and opened at  C:/Users/SUJIN/Desktop/sg_workspace/SoC_soc_24/vitis_SoC_24/Mblaze_iic_hw/microblaze_0/standalone_domain/bsp/system.mss
TRACE::2024-10-24.15:32:51::SCWPlatform::Trying to open the hw design at C:/Users/SUJIN/Desktop/sg_workspace/SoC_soc_24/vitis_SoC_24/Mblaze_iic_hw/hw/Mblaze_iic_wrapper.xsa
TRACE::2024-10-24.15:32:51::SCWPlatform::DSA given C:/Users/SUJIN/Desktop/sg_workspace/SoC_soc_24/vitis_SoC_24/Mblaze_iic_hw/hw/Mblaze_iic_wrapper.xsa
TRACE::2024-10-24.15:32:51::SCWPlatform::DSA absoulate path C:/Users/SUJIN/Desktop/sg_workspace/SoC_soc_24/vitis_SoC_24/Mblaze_iic_hw/hw/Mblaze_iic_wrapper.xsa
TRACE::2024-10-24.15:32:51::SCWPlatform::DSA directory C:/Users/SUJIN/Desktop/sg_workspace/SoC_soc_24/vitis_SoC_24/Mblaze_iic_hw/hw
TRACE::2024-10-24.15:32:51::SCWPlatform:: Platform Path C:/Users/SUJIN/Desktop/sg_workspace/SoC_soc_24/vitis_SoC_24/Mblaze_iic_hw/hw/Mblaze_iic_wrapper.xsa
TRACE::2024-10-24.15:32:51::SCWPlatform:: Unique name xilinx:basys3::0.0
TRACE::2024-10-24.15:32:51::SCWPlatform::Trying to set the existing hwdb with name Mblaze_fnd_cntr_wrapper_5
TRACE::2024-10-24.15:32:51::SCWPlatform::Opened existing hwdb Mblaze_fnd_cntr_wrapper_5
TRACE::2024-10-24.15:32:51::SCWPlatform::Found the Hw Db part of the input DSA
TRACE::2024-10-24.15:32:51::SCWMssOS::Checking the sw design at  C:/Users/SUJIN/Desktop/sg_workspace/SoC_soc_24/vitis_SoC_24/Mblaze_iic_hw/microblaze_0/standalone_domain/bsp/system.mss
TRACE::2024-10-24.15:32:51::SCWMssOS::DEBUG:  swdes dump  C:/Users/SUJIN/Desktop/sg_workspace/SoC_soc_24/vitis_SoC_24/Mblaze_fnd_bin2dec_v2_hw/microblaze_0/standalone_domain/bsp/system.mss|system||
C:/Users/SUJIN/Desktop/sg_workspace/SoC_soc_24/vitis_SoC_24/Mblaze_iic_hw/microblaze_0/standalone_domain/bsp/system.mss|system_0||

TRACE::2024-10-24.15:32:51::SCWMssOS::Sw design exists and opened at  C:/Users/SUJIN/Desktop/sg_workspace/SoC_soc_24/vitis_SoC_24/Mblaze_iic_hw/microblaze_0/standalone_domain/bsp/system.mss
TRACE::2024-10-24.15:32:51::SCWWriter::formatted JSON is {
	"platformName":	"Mblaze_iic_hw",
	"sprVersion":	"2.0",
	"mode":	"gui",
	"dsaType":	"Fixed",
	"platformDesc":	"Mblaze_iic_hw",
	"platHandOff":	"C:/Users/SUJIN/Desktop/sg_workspace/SoC_soc_24/Mblaze_iic_wrapper.xsa",
	"platIntHandOff":	"<platformDir>/hw/Mblaze_iic_wrapper.xsa",
	"deviceType":	"FPGA",
	"platIsPrebuiltAutogen":	"false",
	"platIsNoBootBsp":	"false",
	"hasFsblMakeHasChanges":	"false",
	"hasPmufwMakeHasChanges":	"false",
	"platPreBuiltFlag":	false,
	"platformSamplesDir":	"",
	"platActiveSys":	"Mblaze_iic_hw",
	"systems":	[{
			"systemName":	"Mblaze_iic_hw",
			"systemDesc":	"Mblaze_iic_hw",
			"sysIsBootAutoGen":	"true",
			"systemDispName":	"Mblaze_iic_hw",
			"sysActiveDom":	"standalone_domain",
			"sysDefaultDom":	"standalone_domain",
			"domains":	[{
					"domainName":	"standalone_domain",
					"domainDispName":	"standalone on microblaze_0",
					"domainDesc":	"standalone_domain",
					"processors":	"microblaze_0",
					"os":	"standalone",
					"sdxOs":	"standalone",
					"debugEnable":	"False",
					"domRuntimes":	["cpp"],
					"swRepo":	"",
					"mssOsVer":	"7.1",
					"mssFile":	"",
					"md5Digest":	"3058066e4ca0fc25659ba337ec202bf1",
					"compatibleApp":	"",
					"domType":	"mssDomain",
					"appSettings":	{
						"appCompilerFlags":	"",
						"appLinkerFlags":	""
					},
					"addedLibs":	[],
					"libOptions":	{
						"libsContainingOptions":	[]
					},
					"prebuiltLibs":	{
						"prebuiltIncPath":	[],
						"prebuiltLibPath":	[]
					},
					"isolation":	{
					}
				}]
		}]
}
TRACE::2024-10-24.15:32:51::SCWPlatform::Clearing the existing platform
TRACE::2024-10-24.15:32:51::SCWSystem::Clearing the existing sysconfig
TRACE::2024-10-24.15:32:51::SCWMssOS::Removing the swdes entry for  C:/Users/SUJIN/Desktop/sg_workspace/SoC_soc_24/vitis_SoC_24/Mblaze_iic_hw/microblaze_0/standalone_domain/bsp/system.mss
TRACE::2024-10-24.15:32:51::SCWSystem::Clearing the domains completed.
TRACE::2024-10-24.15:32:51::SCWPlatform::Clearing the opened hw db.
TRACE::2024-10-24.15:32:51::SCWPlatform::DSA given C:/Users/SUJIN/Desktop/sg_workspace/SoC_soc_24/vitis_SoC_24/Mblaze_iic_hw/hw/Mblaze_iic_wrapper.xsa
TRACE::2024-10-24.15:32:51::SCWPlatform::DSA absoulate path C:/Users/SUJIN/Desktop/sg_workspace/SoC_soc_24/vitis_SoC_24/Mblaze_iic_hw/hw/Mblaze_iic_wrapper.xsa
TRACE::2024-10-24.15:32:51::SCWPlatform:: Platform location is C:/Users/SUJIN/Desktop/sg_workspace/SoC_soc_24/vitis_SoC_24/Mblaze_iic_hw/hw
TRACE::2024-10-24.15:32:51::SCWPlatform:: Platform Path C:/Users/SUJIN/Desktop/sg_workspace/SoC_soc_24/vitis_SoC_24/Mblaze_iic_hw/hw/Mblaze_iic_wrapper.xsa
TRACE::2024-10-24.15:32:51::SCWPlatform:: Unique name xilinx:basys3::0.0
TRACE::2024-10-24.15:32:51::SCWPlatform::Removing the HwDB with name C:/Users/SUJIN/Desktop/sg_workspace/SoC_soc_24/vitis_SoC_24/Mblaze_iic_hw/hw/Mblaze_iic_wrapper.xsa
TRACE::2024-10-24.15:32:51::SCWPlatform::Trying to open the hw design at C:/Users/SUJIN/Desktop/sg_workspace/SoC_soc_24/vitis_SoC_24/Mblaze_iic_hw/hw/Mblaze_iic_wrapper.xsa
TRACE::2024-10-24.15:32:51::SCWPlatform::DSA given C:/Users/SUJIN/Desktop/sg_workspace/SoC_soc_24/vitis_SoC_24/Mblaze_iic_hw/hw/Mblaze_iic_wrapper.xsa
TRACE::2024-10-24.15:32:51::SCWPlatform::DSA absoulate path C:/Users/SUJIN/Desktop/sg_workspace/SoC_soc_24/vitis_SoC_24/Mblaze_iic_hw/hw/Mblaze_iic_wrapper.xsa
TRACE::2024-10-24.15:32:51::SCWPlatform::DSA directory C:/Users/SUJIN/Desktop/sg_workspace/SoC_soc_24/vitis_SoC_24/Mblaze_iic_hw/hw
TRACE::2024-10-24.15:32:51::SCWPlatform:: Platform Path C:/Users/SUJIN/Desktop/sg_workspace/SoC_soc_24/vitis_SoC_24/Mblaze_iic_hw/hw/Mblaze_iic_wrapper.xsa
TRACE::2024-10-24.15:32:51::SCWPlatform:: Unique name xilinx:basys3::0.0
TRACE::2024-10-24.15:32:51::SCWPlatform::Do not have an existing db opened. 
TRACE::2024-10-24.15:32:51::SCWPlatform::Opened new HwDB with name Mblaze_fnd_cntr_wrapper_6
TRACE::2024-10-24.15:32:51::SCWReader::Active system found as  Mblaze_iic_hw
TRACE::2024-10-24.15:32:51::SCWReader::Handling sysconfig Mblaze_iic_hw
TRACE::2024-10-24.15:32:51::SCWDomain::checking for install qemu data   : 
TRACE::2024-10-24.15:32:51::SCWPlatform::Trying to open the hw design at C:/Users/SUJIN/Desktop/sg_workspace/SoC_soc_24/vitis_SoC_24/Mblaze_iic_hw/hw/Mblaze_iic_wrapper.xsa
TRACE::2024-10-24.15:32:51::SCWPlatform::DSA given C:/Users/SUJIN/Desktop/sg_workspace/SoC_soc_24/vitis_SoC_24/Mblaze_iic_hw/hw/Mblaze_iic_wrapper.xsa
TRACE::2024-10-24.15:32:51::SCWPlatform::DSA absoulate path C:/Users/SUJIN/Desktop/sg_workspace/SoC_soc_24/vitis_SoC_24/Mblaze_iic_hw/hw/Mblaze_iic_wrapper.xsa
TRACE::2024-10-24.15:32:51::SCWPlatform::DSA directory C:/Users/SUJIN/Desktop/sg_workspace/SoC_soc_24/vitis_SoC_24/Mblaze_iic_hw/hw
TRACE::2024-10-24.15:32:51::SCWPlatform:: Platform Path C:/Users/SUJIN/Desktop/sg_workspace/SoC_soc_24/vitis_SoC_24/Mblaze_iic_hw/hw/Mblaze_iic_wrapper.xsa
TRACE::2024-10-24.15:32:51::SCWPlatform:: Unique name xilinx:basys3::0.0
TRACE::2024-10-24.15:32:51::SCWPlatform::Trying to set the existing hwdb with name Mblaze_fnd_cntr_wrapper_6
TRACE::2024-10-24.15:32:51::SCWPlatform::Opened existing hwdb Mblaze_fnd_cntr_wrapper_6
TRACE::2024-10-24.15:32:51::SCWPlatform::Found the Hw Db part of the input DSA
TRACE::2024-10-24.15:32:51::SCWPlatform::Trying to open the hw design at C:/Users/SUJIN/Desktop/sg_workspace/SoC_soc_24/vitis_SoC_24/Mblaze_iic_hw/hw/Mblaze_iic_wrapper.xsa
TRACE::2024-10-24.15:32:51::SCWPlatform::DSA given C:/Users/SUJIN/Desktop/sg_workspace/SoC_soc_24/vitis_SoC_24/Mblaze_iic_hw/hw/Mblaze_iic_wrapper.xsa
TRACE::2024-10-24.15:32:51::SCWPlatform::DSA absoulate path C:/Users/SUJIN/Desktop/sg_workspace/SoC_soc_24/vitis_SoC_24/Mblaze_iic_hw/hw/Mblaze_iic_wrapper.xsa
TRACE::2024-10-24.15:32:51::SCWPlatform::DSA directory C:/Users/SUJIN/Desktop/sg_workspace/SoC_soc_24/vitis_SoC_24/Mblaze_iic_hw/hw
TRACE::2024-10-24.15:32:52::SCWPlatform:: Platform Path C:/Users/SUJIN/Desktop/sg_workspace/SoC_soc_24/vitis_SoC_24/Mblaze_iic_hw/hw/Mblaze_iic_wrapper.xsa
TRACE::2024-10-24.15:32:52::SCWPlatform:: Unique name xilinx:basys3::0.0
TRACE::2024-10-24.15:32:52::SCWPlatform::Trying to set the existing hwdb with name Mblaze_fnd_cntr_wrapper_6
TRACE::2024-10-24.15:32:52::SCWPlatform::Opened existing hwdb Mblaze_fnd_cntr_wrapper_6
TRACE::2024-10-24.15:32:52::SCWPlatform::Found the Hw Db part of the input DSA
TRACE::2024-10-24.15:32:52::SCWPlatform::Trying to open the hw design at C:/Users/SUJIN/Desktop/sg_workspace/SoC_soc_24/vitis_SoC_24/Mblaze_iic_hw/hw/Mblaze_iic_wrapper.xsa
TRACE::2024-10-24.15:32:52::SCWPlatform::DSA given C:/Users/SUJIN/Desktop/sg_workspace/SoC_soc_24/vitis_SoC_24/Mblaze_iic_hw/hw/Mblaze_iic_wrapper.xsa
TRACE::2024-10-24.15:32:52::SCWPlatform::DSA absoulate path C:/Users/SUJIN/Desktop/sg_workspace/SoC_soc_24/vitis_SoC_24/Mblaze_iic_hw/hw/Mblaze_iic_wrapper.xsa
TRACE::2024-10-24.15:32:52::SCWPlatform::DSA directory C:/Users/SUJIN/Desktop/sg_workspace/SoC_soc_24/vitis_SoC_24/Mblaze_iic_hw/hw
TRACE::2024-10-24.15:32:52::SCWPlatform:: Platform Path C:/Users/SUJIN/Desktop/sg_workspace/SoC_soc_24/vitis_SoC_24/Mblaze_iic_hw/hw/Mblaze_iic_wrapper.xsa
TRACE::2024-10-24.15:32:52::SCWPlatform:: Unique name xilinx:basys3::0.0
TRACE::2024-10-24.15:32:52::SCWPlatform::Trying to set the existing hwdb with name Mblaze_fnd_cntr_wrapper_6
TRACE::2024-10-24.15:32:52::SCWPlatform::Opened existing hwdb Mblaze_fnd_cntr_wrapper_6
TRACE::2024-10-24.15:32:52::SCWPlatform::Found the Hw Db part of the input DSA
TRACE::2024-10-24.15:32:52::SCWMssOS::Checking the sw design at  C:/Users/SUJIN/Desktop/sg_workspace/SoC_soc_24/vitis_SoC_24/Mblaze_iic_hw/microblaze_0/standalone_domain/bsp/system.mss
TRACE::2024-10-24.15:32:52::SCWMssOS::DEBUG:  swdes dump  C:/Users/SUJIN/Desktop/sg_workspace/SoC_soc_24/vitis_SoC_24/Mblaze_fnd_bin2dec_v2_hw/microblaze_0/standalone_domain/bsp/system.mss|system||

TRACE::2024-10-24.15:32:52::SCWMssOS::No sw design opened at  C:/Users/SUJIN/Desktop/sg_workspace/SoC_soc_24/vitis_SoC_24/Mblaze_iic_hw/microblaze_0/standalone_domain/bsp/system.mss
TRACE::2024-10-24.15:32:52::SCWMssOS::mss exists loading the mss file  C:/Users/SUJIN/Desktop/sg_workspace/SoC_soc_24/vitis_SoC_24/Mblaze_iic_hw/microblaze_0/standalone_domain/bsp/system.mss
TRACE::2024-10-24.15:32:52::SCWMssOS::Opened the sw design from mss  C:/Users/SUJIN/Desktop/sg_workspace/SoC_soc_24/vitis_SoC_24/Mblaze_iic_hw/microblaze_0/standalone_domain/bsp/system.mss
TRACE::2024-10-24.15:32:52::SCWMssOS::Adding the swdes entry C:/Users/SUJIN/Desktop/sg_workspace/SoC_soc_24/vitis_SoC_24/Mblaze_iic_hw/microblaze_0/standalone_domain/bsp/system.mss with des name system_0
TRACE::2024-10-24.15:32:52::SCWMssOS::updating the scw layer about changes
TRACE::2024-10-24.15:32:52::SCWMssOS::Opened the sw design.  C:/Users/SUJIN/Desktop/sg_workspace/SoC_soc_24/vitis_SoC_24/Mblaze_iic_hw/microblaze_0/standalone_domain/bsp/system.mss
TRACE::2024-10-24.15:32:52::SCWReader::Adding prebuilt librarypaths as   
TRACE::2024-10-24.15:32:52::SCWReader::Adding prebuilt incpaths  as   
TRACE::2024-10-24.15:32:52::SCWPlatform::Trying to open the hw design at C:/Users/SUJIN/Desktop/sg_workspace/SoC_soc_24/vitis_SoC_24/Mblaze_iic_hw/hw/Mblaze_iic_wrapper.xsa
TRACE::2024-10-24.15:32:52::SCWPlatform::DSA given C:/Users/SUJIN/Desktop/sg_workspace/SoC_soc_24/vitis_SoC_24/Mblaze_iic_hw/hw/Mblaze_iic_wrapper.xsa
TRACE::2024-10-24.15:32:52::SCWPlatform::DSA absoulate path C:/Users/SUJIN/Desktop/sg_workspace/SoC_soc_24/vitis_SoC_24/Mblaze_iic_hw/hw/Mblaze_iic_wrapper.xsa
TRACE::2024-10-24.15:32:52::SCWPlatform::DSA directory C:/Users/SUJIN/Desktop/sg_workspace/SoC_soc_24/vitis_SoC_24/Mblaze_iic_hw/hw
TRACE::2024-10-24.15:32:52::SCWPlatform:: Platform Path C:/Users/SUJIN/Desktop/sg_workspace/SoC_soc_24/vitis_SoC_24/Mblaze_iic_hw/hw/Mblaze_iic_wrapper.xsa
TRACE::2024-10-24.15:32:52::SCWPlatform:: Unique name xilinx:basys3::0.0
TRACE::2024-10-24.15:32:52::SCWPlatform::Trying to set the existing hwdb with name Mblaze_fnd_cntr_wrapper_6
TRACE::2024-10-24.15:32:52::SCWPlatform::Opened existing hwdb Mblaze_fnd_cntr_wrapper_6
TRACE::2024-10-24.15:32:52::SCWPlatform::Found the Hw Db part of the input DSA
TRACE::2024-10-24.15:32:52::SCWMssOS::Checking the sw design at  C:/Users/SUJIN/Desktop/sg_workspace/SoC_soc_24/vitis_SoC_24/Mblaze_iic_hw/microblaze_0/standalone_domain/bsp/system.mss
TRACE::2024-10-24.15:32:52::SCWMssOS::DEBUG:  swdes dump  C:/Users/SUJIN/Desktop/sg_workspace/SoC_soc_24/vitis_SoC_24/Mblaze_fnd_bin2dec_v2_hw/microblaze_0/standalone_domain/bsp/system.mss|system||
C:/Users/SUJIN/Desktop/sg_workspace/SoC_soc_24/vitis_SoC_24/Mblaze_iic_hw/microblaze_0/standalone_domain/bsp/system.mss|system_0||

TRACE::2024-10-24.15:32:52::SCWMssOS::Sw design exists and opened at  C:/Users/SUJIN/Desktop/sg_workspace/SoC_soc_24/vitis_SoC_24/Mblaze_iic_hw/microblaze_0/standalone_domain/bsp/system.mss
TRACE::2024-10-24.15:32:52::SCWReader::No isolation master present  
TRACE::2024-10-24.15:32:52::SCWPlatform::Trying to open the hw design at C:/Users/SUJIN/Desktop/sg_workspace/SoC_soc_24/vitis_SoC_24/Mblaze_iic_hw/hw/Mblaze_iic_wrapper.xsa
TRACE::2024-10-24.15:32:52::SCWPlatform::DSA given C:/Users/SUJIN/Desktop/sg_workspace/SoC_soc_24/vitis_SoC_24/Mblaze_iic_hw/hw/Mblaze_iic_wrapper.xsa
TRACE::2024-10-24.15:32:52::SCWPlatform::DSA absoulate path C:/Users/SUJIN/Desktop/sg_workspace/SoC_soc_24/vitis_SoC_24/Mblaze_iic_hw/hw/Mblaze_iic_wrapper.xsa
TRACE::2024-10-24.15:32:52::SCWPlatform::DSA directory C:/Users/SUJIN/Desktop/sg_workspace/SoC_soc_24/vitis_SoC_24/Mblaze_iic_hw/hw
TRACE::2024-10-24.15:32:52::SCWPlatform:: Platform Path C:/Users/SUJIN/Desktop/sg_workspace/SoC_soc_24/vitis_SoC_24/Mblaze_iic_hw/hw/Mblaze_iic_wrapper.xsa
TRACE::2024-10-24.15:32:52::SCWPlatform:: Unique name xilinx:basys3::0.0
TRACE::2024-10-24.15:32:52::SCWPlatform::Trying to set the existing hwdb with name Mblaze_fnd_cntr_wrapper_6
TRACE::2024-10-24.15:32:52::SCWPlatform::Opened existing hwdb Mblaze_fnd_cntr_wrapper_6
TRACE::2024-10-24.15:32:52::SCWPlatform::Found the Hw Db part of the input DSA
TRACE::2024-10-24.15:32:52::SCWMssOS::Checking the sw design at  C:/Users/SUJIN/Desktop/sg_workspace/SoC_soc_24/vitis_SoC_24/Mblaze_iic_hw/microblaze_0/standalone_domain/bsp/system.mss
TRACE::2024-10-24.15:32:52::SCWMssOS::DEBUG:  swdes dump  C:/Users/SUJIN/Desktop/sg_workspace/SoC_soc_24/vitis_SoC_24/Mblaze_fnd_bin2dec_v2_hw/microblaze_0/standalone_domain/bsp/system.mss|system||
C:/Users/SUJIN/Desktop/sg_workspace/SoC_soc_24/vitis_SoC_24/Mblaze_iic_hw/microblaze_0/standalone_domain/bsp/system.mss|system_0||

TRACE::2024-10-24.15:32:52::SCWMssOS::Sw design exists and opened at  C:/Users/SUJIN/Desktop/sg_workspace/SoC_soc_24/vitis_SoC_24/Mblaze_iic_hw/microblaze_0/standalone_domain/bsp/system.mss
TRACE::2024-10-24.15:32:52::SCWMssOS::In reload Mss file.
TRACE::2024-10-24.15:32:52::SCWPlatform::Trying to open the hw design at C:/Users/SUJIN/Desktop/sg_workspace/SoC_soc_24/vitis_SoC_24/Mblaze_iic_hw/hw/Mblaze_iic_wrapper.xsa
TRACE::2024-10-24.15:32:52::SCWPlatform::DSA given C:/Users/SUJIN/Desktop/sg_workspace/SoC_soc_24/vitis_SoC_24/Mblaze_iic_hw/hw/Mblaze_iic_wrapper.xsa
TRACE::2024-10-24.15:32:52::SCWPlatform::DSA absoulate path C:/Users/SUJIN/Desktop/sg_workspace/SoC_soc_24/vitis_SoC_24/Mblaze_iic_hw/hw/Mblaze_iic_wrapper.xsa
TRACE::2024-10-24.15:32:53::SCWPlatform::DSA directory C:/Users/SUJIN/Desktop/sg_workspace/SoC_soc_24/vitis_SoC_24/Mblaze_iic_hw/hw
TRACE::2024-10-24.15:32:53::SCWPlatform:: Platform Path C:/Users/SUJIN/Desktop/sg_workspace/SoC_soc_24/vitis_SoC_24/Mblaze_iic_hw/hw/Mblaze_iic_wrapper.xsa
TRACE::2024-10-24.15:32:53::SCWPlatform:: Unique name xilinx:basys3::0.0
TRACE::2024-10-24.15:32:53::SCWPlatform::Trying to set the existing hwdb with name Mblaze_fnd_cntr_wrapper_6
TRACE::2024-10-24.15:32:53::SCWPlatform::Opened existing hwdb Mblaze_fnd_cntr_wrapper_6
TRACE::2024-10-24.15:32:53::SCWPlatform::Found the Hw Db part of the input DSA
TRACE::2024-10-24.15:32:53::SCWMssOS::Checking the sw design at  C:/Users/SUJIN/Desktop/sg_workspace/SoC_soc_24/vitis_SoC_24/Mblaze_iic_hw/microblaze_0/standalone_domain/bsp/system.mss
TRACE::2024-10-24.15:32:53::SCWMssOS::DEBUG:  swdes dump  C:/Users/SUJIN/Desktop/sg_workspace/SoC_soc_24/vitis_SoC_24/Mblaze_fnd_bin2dec_v2_hw/microblaze_0/standalone_domain/bsp/system.mss|system||
C:/Users/SUJIN/Desktop/sg_workspace/SoC_soc_24/vitis_SoC_24/Mblaze_iic_hw/microblaze_0/standalone_domain/bsp/system.mss|system_0||

KEYINFO::2024-10-24.15:32:53::SCWMssOS::Could not open the swdb for system_0
KEYINFO::2024-10-24.15:32:53::SCWMssOS::Could not open the sw design at  system_0
ERROR: [Hsi 55-1558] Software Design system_0 is not found

TRACE::2024-10-24.15:32:53::SCWMssOS::Cleared the swdb table entry
TRACE::2024-10-24.15:32:53::SCWMssOS::No sw design opened at  C:/Users/SUJIN/Desktop/sg_workspace/SoC_soc_24/vitis_SoC_24/Mblaze_iic_hw/microblaze_0/standalone_domain/bsp/system.mss
TRACE::2024-10-24.15:32:53::SCWMssOS::mss exists loading the mss file  C:/Users/SUJIN/Desktop/sg_workspace/SoC_soc_24/vitis_SoC_24/Mblaze_iic_hw/microblaze_0/standalone_domain/bsp/system.mss
TRACE::2024-10-24.15:32:53::SCWMssOS::Opened the sw design from mss  C:/Users/SUJIN/Desktop/sg_workspace/SoC_soc_24/vitis_SoC_24/Mblaze_iic_hw/microblaze_0/standalone_domain/bsp/system.mss
TRACE::2024-10-24.15:32:53::SCWMssOS::Adding the swdes entry C:/Users/SUJIN/Desktop/sg_workspace/SoC_soc_24/vitis_SoC_24/Mblaze_iic_hw/microblaze_0/standalone_domain/bsp/system.mss with des name system_0
TRACE::2024-10-24.15:32:53::SCWMssOS::updating the scw layer about changes
TRACE::2024-10-24.15:32:53::SCWMssOS::Opened the sw design.  C:/Users/SUJIN/Desktop/sg_workspace/SoC_soc_24/vitis_SoC_24/Mblaze_iic_hw/microblaze_0/standalone_domain/bsp/system.mss
TRACE::2024-10-24.15:32:53::SCWPlatform::Trying to open the hw design at C:/Users/SUJIN/Desktop/sg_workspace/SoC_soc_24/vitis_SoC_24/Mblaze_iic_hw/hw/Mblaze_iic_wrapper.xsa
TRACE::2024-10-24.15:32:53::SCWPlatform::DSA given C:/Users/SUJIN/Desktop/sg_workspace/SoC_soc_24/vitis_SoC_24/Mblaze_iic_hw/hw/Mblaze_iic_wrapper.xsa
TRACE::2024-10-24.15:32:53::SCWPlatform::DSA absoulate path C:/Users/SUJIN/Desktop/sg_workspace/SoC_soc_24/vitis_SoC_24/Mblaze_iic_hw/hw/Mblaze_iic_wrapper.xsa
TRACE::2024-10-24.15:32:53::SCWPlatform::DSA directory C:/Users/SUJIN/Desktop/sg_workspace/SoC_soc_24/vitis_SoC_24/Mblaze_iic_hw/hw
TRACE::2024-10-24.15:32:53::SCWPlatform:: Platform Path C:/Users/SUJIN/Desktop/sg_workspace/SoC_soc_24/vitis_SoC_24/Mblaze_iic_hw/hw/Mblaze_iic_wrapper.xsa
TRACE::2024-10-24.15:32:53::SCWPlatform:: Unique name xilinx:basys3::0.0
TRACE::2024-10-24.15:32:53::SCWPlatform::Trying to set the existing hwdb with name Mblaze_fnd_cntr_wrapper_6
TRACE::2024-10-24.15:32:53::SCWPlatform::Opened existing hwdb Mblaze_fnd_cntr_wrapper_6
TRACE::2024-10-24.15:32:53::SCWPlatform::Found the Hw Db part of the input DSA
TRACE::2024-10-24.15:32:53::SCWMssOS::Checking the sw design at  C:/Users/SUJIN/Desktop/sg_workspace/SoC_soc_24/vitis_SoC_24/Mblaze_iic_hw/microblaze_0/standalone_domain/bsp/system.mss
TRACE::2024-10-24.15:32:53::SCWMssOS::DEBUG:  swdes dump  C:/Users/SUJIN/Desktop/sg_workspace/SoC_soc_24/vitis_SoC_24/Mblaze_fnd_bin2dec_v2_hw/microblaze_0/standalone_domain/bsp/system.mss|system||
C:/Users/SUJIN/Desktop/sg_workspace/SoC_soc_24/vitis_SoC_24/Mblaze_iic_hw/microblaze_0/standalone_domain/bsp/system.mss|system_0||

TRACE::2024-10-24.15:32:53::SCWMssOS::Sw design exists and opened at  C:/Users/SUJIN/Desktop/sg_workspace/SoC_soc_24/vitis_SoC_24/Mblaze_iic_hw/microblaze_0/standalone_domain/bsp/system.mss
TRACE::2024-10-24.15:32:53::SCWMssOS::Removing the swdes entry for  C:/Users/SUJIN/Desktop/sg_workspace/SoC_soc_24/vitis_SoC_24/Mblaze_iic_hw/microblaze_0/standalone_domain/bsp/system.mss
LOG::2024-10-24.15:33:00::SCWPlatform::Started generating the artifacts platform Mblaze_iic_hw
TRACE::2024-10-24.15:33:00::SCWPlatform::Sanity checking of platform is completed
LOG::2024-10-24.15:33:00::SCWPlatform::Started generating the artifacts for system configuration Mblaze_iic_hw
LOG::2024-10-24.15:33:00::SCWSystem::Checking the domain standalone_domain
LOG::2024-10-24.15:33:00::SCWSystem::Not a boot domain 
LOG::2024-10-24.15:33:00::SCWSystem::Started Processing the domain standalone_domain
TRACE::2024-10-24.15:33:00::SCWDomain::Generating domain artifcats
TRACE::2024-10-24.15:33:00::SCWMssOS::Generating standalone artifcats
TRACE::2024-10-24.15:33:00::SCWMssOS:: Copying the user libraries. 
TRACE::2024-10-24.15:33:00::SCWPlatform::Trying to open the hw design at C:/Users/SUJIN/Desktop/sg_workspace/SoC_soc_24/vitis_SoC_24/Mblaze_iic_hw/hw/Mblaze_iic_wrapper.xsa
TRACE::2024-10-24.15:33:00::SCWPlatform::DSA given C:/Users/SUJIN/Desktop/sg_workspace/SoC_soc_24/vitis_SoC_24/Mblaze_iic_hw/hw/Mblaze_iic_wrapper.xsa
TRACE::2024-10-24.15:33:00::SCWPlatform::DSA absoulate path C:/Users/SUJIN/Desktop/sg_workspace/SoC_soc_24/vitis_SoC_24/Mblaze_iic_hw/hw/Mblaze_iic_wrapper.xsa
TRACE::2024-10-24.15:33:00::SCWPlatform::DSA directory C:/Users/SUJIN/Desktop/sg_workspace/SoC_soc_24/vitis_SoC_24/Mblaze_iic_hw/hw
TRACE::2024-10-24.15:33:00::SCWPlatform:: Platform Path C:/Users/SUJIN/Desktop/sg_workspace/SoC_soc_24/vitis_SoC_24/Mblaze_iic_hw/hw/Mblaze_iic_wrapper.xsa
TRACE::2024-10-24.15:33:00::SCWPlatform:: Unique name xilinx:basys3::0.0
TRACE::2024-10-24.15:33:00::SCWPlatform::Trying to set the existing hwdb with name Mblaze_fnd_cntr_wrapper_6
TRACE::2024-10-24.15:33:00::SCWPlatform::Opened existing hwdb Mblaze_fnd_cntr_wrapper_6
TRACE::2024-10-24.15:33:00::SCWPlatform::Found the Hw Db part of the input DSA
TRACE::2024-10-24.15:33:00::SCWMssOS::Checking the sw design at  C:/Users/SUJIN/Desktop/sg_workspace/SoC_soc_24/vitis_SoC_24/Mblaze_iic_hw/microblaze_0/standalone_domain/bsp/system.mss
TRACE::2024-10-24.15:33:00::SCWMssOS::DEBUG:  swdes dump  C:/Users/SUJIN/Desktop/sg_workspace/SoC_soc_24/vitis_SoC_24/Mblaze_fnd_bin2dec_v2_hw/microblaze_0/standalone_domain/bsp/system.mss|system||

TRACE::2024-10-24.15:33:00::SCWMssOS::No sw design opened at  C:/Users/SUJIN/Desktop/sg_workspace/SoC_soc_24/vitis_SoC_24/Mblaze_iic_hw/microblaze_0/standalone_domain/bsp/system.mss
TRACE::2024-10-24.15:33:00::SCWMssOS::mss exists loading the mss file  C:/Users/SUJIN/Desktop/sg_workspace/SoC_soc_24/vitis_SoC_24/Mblaze_iic_hw/microblaze_0/standalone_domain/bsp/system.mss
TRACE::2024-10-24.15:33:00::SCWMssOS::Opened the sw design from mss  C:/Users/SUJIN/Desktop/sg_workspace/SoC_soc_24/vitis_SoC_24/Mblaze_iic_hw/microblaze_0/standalone_domain/bsp/system.mss
TRACE::2024-10-24.15:33:00::SCWMssOS::Adding the swdes entry C:/Users/SUJIN/Desktop/sg_workspace/SoC_soc_24/vitis_SoC_24/Mblaze_iic_hw/microblaze_0/standalone_domain/bsp/system.mss with des name system_0
TRACE::2024-10-24.15:33:00::SCWMssOS::updating the scw layer about changes
TRACE::2024-10-24.15:33:00::SCWMssOS::Opened the sw design.  C:/Users/SUJIN/Desktop/sg_workspace/SoC_soc_24/vitis_SoC_24/Mblaze_iic_hw/microblaze_0/standalone_domain/bsp/system.mss
TRACE::2024-10-24.15:33:00::SCWMssOS::Completed writing the mss file at C:/Users/SUJIN/Desktop/sg_workspace/SoC_soc_24/vitis_SoC_24/Mblaze_iic_hw/microblaze_0/standalone_domain/bsp
TRACE::2024-10-24.15:33:00::SCWMssOS::Mss edits present, copying mssfile into export location C:/Users/SUJIN/Desktop/sg_workspace/SoC_soc_24/vitis_SoC_24/Mblaze_iic_hw/microblaze_0/standalone_domain/bsp/system.mss
TRACE::2024-10-24.15:33:00::SCWMssOS::bsp generated is upto date with the mss file. Skipping bsp generation.
TRACE::2024-10-24.15:33:00::SCWMssOS::BSP is already built. skipping the bsp build ... 
TRACE::2024-10-24.15:33:00::SCWDomain::Building the domain as part of full build :  standalone_domain
TRACE::2024-10-24.15:33:00::SCWMssOS::doing bsp build ... 
TRACE::2024-10-24.15:33:00::SCWMssOS::System Command Ran  C: & cd  C:/Users/SUJIN/Desktop/sg_workspace/SoC_soc_24/vitis_SoC_24/Mblaze_iic_hw/microblaze_0/standalone_domain/bsp & make 
TRACE::2024-10-24.15:33:01::SCWMssOS::"Running Make include in microblaze_0/libsrc/bram_v4_3/src"

TRACE::2024-10-24.15:33:01::SCWMssOS::make -C microblaze_0/libsrc/bram_v4_3/src -s include  "SHELL=CMD" "COMPILER=mb-gcc" "ASSEMBLER=mb-as" "ARCHIVER=mb-ar" "COMPILE
TRACE::2024-10-24.15:33:01::SCWMssOS::R_FLAGS=  -O2 -c -mcpu=v11.0 -mlittle-endian -mno-xl-reorder -mno-xl-soft-mul -mxl-barrel-shift -mxl-pattern-compare" "EXTRA_CO
TRACE::2024-10-24.15:33:01::SCWMssOS::MPILER_FLAGS=-g -ffunction-sections -fdata-sections -Wall -Wextra"

TRACE::2024-10-24.15:33:01::SCWMssOS::"Running Make include in microblaze_0/libsrc/cpu_v2_10/src"

TRACE::2024-10-24.15:33:01::SCWMssOS::make -C microblaze_0/libsrc/cpu_v2_10/src -s include  "SHELL=CMD" "COMPILER=mb-gcc" "ASSEMBLER=mb-as" "ARCHIVER=mb-ar" "COMPILE
TRACE::2024-10-24.15:33:01::SCWMssOS::R_FLAGS=  -O2 -c -mcpu=v11.0 -mlittle-endian -mno-xl-reorder -mno-xl-soft-mul -mxl-barrel-shift -mxl-pattern-compare" "EXTRA_CO
TRACE::2024-10-24.15:33:01::SCWMssOS::MPILER_FLAGS=-g -ffunction-sections -fdata-sections -Wall -Wextra"

TRACE::2024-10-24.15:33:01::SCWMssOS::"Running Make include in microblaze_0/libsrc/myip_fnd_cntr_v1_0/src"

TRACE::2024-10-24.15:33:01::SCWMssOS::make -C microblaze_0/libsrc/myip_fnd_cntr_v1_0/src -s include  "SHELL=CMD" "COMPILER=mb-gcc" "ASSEMBLER=mb-as" "ARCHIVER=mb-ar"
TRACE::2024-10-24.15:33:01::SCWMssOS:: "COMPILER_FLAGS=  -O2 -c -mcpu=v11.0 -mlittle-endian -mno-xl-reorder -mno-xl-soft-mul -mxl-barrel-shift -mxl-pattern-compare" 
TRACE::2024-10-24.15:33:01::SCWMssOS::"EXTRA_COMPILER_FLAGS=-g -ffunction-sections -fdata-sections -Wall -Wextra"

TRACE::2024-10-24.15:33:01::SCWMssOS::"Running Make include in microblaze_0/libsrc/standalone_v7_1/src"

TRACE::2024-10-24.15:33:01::SCWMssOS::make -C microblaze_0/libsrc/standalone_v7_1/src -s include  "SHELL=CMD" "COMPILER=mb-gcc" "ASSEMBLER=mb-as" "ARCHIVER=mb-ar" "C
TRACE::2024-10-24.15:33:01::SCWMssOS::OMPILER_FLAGS=  -O2 -c -mcpu=v11.0 -mlittle-endian -mno-xl-reorder -mno-xl-soft-mul -mxl-barrel-shift -mxl-pattern-compare" "EX
TRACE::2024-10-24.15:33:01::SCWMssOS::TRA_COMPILER_FLAGS=-g -ffunction-sections -fdata-sections -Wall -Wextra"

TRACE::2024-10-24.15:33:02::SCWMssOS::"Running Make include in microblaze_0/libsrc/uartlite_v3_3/src"

TRACE::2024-10-24.15:33:02::SCWMssOS::make -C microblaze_0/libsrc/uartlite_v3_3/src -s include  "SHELL=CMD" "COMPILER=mb-gcc" "ASSEMBLER=mb-as" "ARCHIVER=mb-ar" "COM
TRACE::2024-10-24.15:33:02::SCWMssOS::PILER_FLAGS=  -O2 -c -mcpu=v11.0 -mlittle-endian -mno-xl-reorder -mno-xl-soft-mul -mxl-barrel-shift -mxl-pattern-compare" "EXTR
TRACE::2024-10-24.15:33:02::SCWMssOS::A_COMPILER_FLAGS=-g -ffunction-sections -fdata-sections -Wall -Wextra"

TRACE::2024-10-24.15:33:02::SCWMssOS::"Running Make libs in microblaze_0/libsrc/bram_v4_3/src"

TRACE::2024-10-24.15:33:02::SCWMssOS::make -C microblaze_0/libsrc/bram_v4_3/src -s libs  "SHELL=CMD" "COMPILER=mb-gcc" "ASSEMBLER=mb-as" "ARCHIVER=mb-ar" "COMPILER_F
TRACE::2024-10-24.15:33:02::SCWMssOS::LAGS=  -O2 -c -mcpu=v11.0 -mlittle-endian -mno-xl-reorder -mno-xl-soft-mul -mxl-barrel-shift -mxl-pattern-compare" "EXTRA_COMPI
TRACE::2024-10-24.15:33:02::SCWMssOS::LER_FLAGS=-g -ffunction-sections -fdata-sections -Wall -Wextra"

TRACE::2024-10-24.15:33:02::SCWMssOS::"Compiling bram"

TRACE::2024-10-24.15:33:04::SCWMssOS::"Running Make libs in microblaze_0/libsrc/cpu_v2_10/src"

TRACE::2024-10-24.15:33:04::SCWMssOS::make -C microblaze_0/libsrc/cpu_v2_10/src -s libs  "SHELL=CMD" "COMPILER=mb-gcc" "ASSEMBLER=mb-as" "ARCHIVER=mb-ar" "COMPILER_F
TRACE::2024-10-24.15:33:04::SCWMssOS::LAGS=  -O2 -c -mcpu=v11.0 -mlittle-endian -mno-xl-reorder -mno-xl-soft-mul -mxl-barrel-shift -mxl-pattern-compare" "EXTRA_COMPI
TRACE::2024-10-24.15:33:04::SCWMssOS::LER_FLAGS=-g -ffunction-sections -fdata-sections -Wall -Wextra"

TRACE::2024-10-24.15:33:04::SCWMssOS::"Compiling cpu"

TRACE::2024-10-24.15:33:04::SCWMssOS::"Running Make libs in microblaze_0/libsrc/myip_fnd_cntr_v1_0/src"

TRACE::2024-10-24.15:33:04::SCWMssOS::make -C microblaze_0/libsrc/myip_fnd_cntr_v1_0/src -s libs  "SHELL=CMD" "COMPILER=mb-gcc" "ASSEMBLER=mb-as" "ARCHIVER=mb-ar" "C
TRACE::2024-10-24.15:33:04::SCWMssOS::OMPILER_FLAGS=  -O2 -c -mcpu=v11.0 -mlittle-endian -mno-xl-reorder -mno-xl-soft-mul -mxl-barrel-shift -mxl-pattern-compare" "EX
TRACE::2024-10-24.15:33:04::SCWMssOS::TRA_COMPILER_FLAGS=-g -ffunction-sections -fdata-sections -Wall -Wextra"

TRACE::2024-10-24.15:33:04::SCWMssOS::"Compiling myip_fnd_cntr..."

TRACE::2024-10-24.15:33:04::SCWMssOS::"Running Make libs in microblaze_0/libsrc/standalone_v7_1/src"

TRACE::2024-10-24.15:33:04::SCWMssOS::make -C microblaze_0/libsrc/standalone_v7_1/src -s libs  "SHELL=CMD" "COMPILER=mb-gcc" "ASSEMBLER=mb-as" "ARCHIVER=mb-ar" "COMP
TRACE::2024-10-24.15:33:04::SCWMssOS::ILER_FLAGS=  -O2 -c -mcpu=v11.0 -mlittle-endian -mno-xl-reorder -mno-xl-soft-mul -mxl-barrel-shift -mxl-pattern-compare" "EXTRA
TRACE::2024-10-24.15:33:04::SCWMssOS::_COMPILER_FLAGS=-g -ffunction-sections -fdata-sections -Wall -Wextra"

TRACE::2024-10-24.15:33:04::SCWMssOS::"Compiling standalone";

TRACE::2024-10-24.15:33:09::SCWMssOS::"Running Make libs in microblaze_0/libsrc/uartlite_v3_3/src"

TRACE::2024-10-24.15:33:09::SCWMssOS::make -C microblaze_0/libsrc/uartlite_v3_3/src -s libs  "SHELL=CMD" "COMPILER=mb-gcc" "ASSEMBLER=mb-as" "ARCHIVER=mb-ar" "COMPIL
TRACE::2024-10-24.15:33:09::SCWMssOS::ER_FLAGS=  -O2 -c -mcpu=v11.0 -mlittle-endian -mno-xl-reorder -mno-xl-soft-mul -mxl-barrel-shift -mxl-pattern-compare" "EXTRA_C
TRACE::2024-10-24.15:33:09::SCWMssOS::OMPILER_FLAGS=-g -ffunction-sections -fdata-sections -Wall -Wextra"

TRACE::2024-10-24.15:33:09::SCWMssOS::"Compiling uartlite"

TRACE::2024-10-24.15:33:10::SCWMssOS::'Finished building libraries'

TRACE::2024-10-24.15:33:10::SCWMssOS::Copying to export directory.
TRACE::2024-10-24.15:33:10::SCWMssOS:: Checking if to create the Supporting Applications
TRACE::2024-10-24.15:33:10::SCWMssOS:: No Linux domain exists, trying to generate FSBL 
LOG::2024-10-24.15:33:10::SCWSystem::Completed Processing the domain standalone_domain
LOG::2024-10-24.15:33:10::SCWSystem::Completed Processing the sysconfig Mblaze_iic_hw
LOG::2024-10-24.15:33:10::SCWPlatform::Completed generating the artifacts for system configuration Mblaze_iic_hw
TRACE::2024-10-24.15:33:10::SCWPlatform::Started preparing the platform 
TRACE::2024-10-24.15:33:10::SCWSystem::Writing the bif file for system config Mblaze_iic_hw
TRACE::2024-10-24.15:33:10::SCWSystem::dir created 
TRACE::2024-10-24.15:33:10::SCWSystem::Writing the bif 
TRACE::2024-10-24.15:33:10::SCWPlatform::Started writing the spfm file 
TRACE::2024-10-24.15:33:10::SCWPlatform::Started writing the xpfm file 
TRACE::2024-10-24.15:33:10::SCWPlatform::Completed generating the platform
TRACE::2024-10-24.15:33:10::SCWPlatform::Trying to open the hw design at C:/Users/SUJIN/Desktop/sg_workspace/SoC_soc_24/vitis_SoC_24/Mblaze_iic_hw/hw/Mblaze_iic_wrapper.xsa
TRACE::2024-10-24.15:33:10::SCWPlatform::DSA given C:/Users/SUJIN/Desktop/sg_workspace/SoC_soc_24/vitis_SoC_24/Mblaze_iic_hw/hw/Mblaze_iic_wrapper.xsa
TRACE::2024-10-24.15:33:10::SCWPlatform::DSA absoulate path C:/Users/SUJIN/Desktop/sg_workspace/SoC_soc_24/vitis_SoC_24/Mblaze_iic_hw/hw/Mblaze_iic_wrapper.xsa
TRACE::2024-10-24.15:33:10::SCWPlatform::DSA directory C:/Users/SUJIN/Desktop/sg_workspace/SoC_soc_24/vitis_SoC_24/Mblaze_iic_hw/hw
TRACE::2024-10-24.15:33:10::SCWPlatform:: Platform Path C:/Users/SUJIN/Desktop/sg_workspace/SoC_soc_24/vitis_SoC_24/Mblaze_iic_hw/hw/Mblaze_iic_wrapper.xsa
TRACE::2024-10-24.15:33:10::SCWPlatform:: Unique name xilinx:basys3::0.0
TRACE::2024-10-24.15:33:10::SCWPlatform::Trying to set the existing hwdb with name Mblaze_fnd_cntr_wrapper_6
TRACE::2024-10-24.15:33:10::SCWPlatform::Opened existing hwdb Mblaze_fnd_cntr_wrapper_6
TRACE::2024-10-24.15:33:10::SCWPlatform::Found the Hw Db part of the input DSA
TRACE::2024-10-24.15:33:10::SCWMssOS::Checking the sw design at  C:/Users/SUJIN/Desktop/sg_workspace/SoC_soc_24/vitis_SoC_24/Mblaze_iic_hw/microblaze_0/standalone_domain/bsp/system.mss
TRACE::2024-10-24.15:33:10::SCWMssOS::DEBUG:  swdes dump  C:/Users/SUJIN/Desktop/sg_workspace/SoC_soc_24/vitis_SoC_24/Mblaze_fnd_bin2dec_v2_hw/microblaze_0/standalone_domain/bsp/system.mss|system||
C:/Users/SUJIN/Desktop/sg_workspace/SoC_soc_24/vitis_SoC_24/Mblaze_iic_hw/microblaze_0/standalone_domain/bsp/system.mss|system_0||

TRACE::2024-10-24.15:33:10::SCWMssOS::Sw design exists and opened at  C:/Users/SUJIN/Desktop/sg_workspace/SoC_soc_24/vitis_SoC_24/Mblaze_iic_hw/microblaze_0/standalone_domain/bsp/system.mss
TRACE::2024-10-24.15:33:10::SCWWriter::formatted JSON is {
	"platformName":	"Mblaze_iic_hw",
	"sprVersion":	"2.0",
	"mode":	"gui",
	"dsaType":	"Fixed",
	"platformDesc":	"Mblaze_iic_hw",
	"platHandOff":	"C:/Users/SUJIN/Desktop/sg_workspace/SoC_soc_24/Mblaze_iic_wrapper.xsa",
	"platIntHandOff":	"<platformDir>/hw/Mblaze_iic_wrapper.xsa",
	"deviceType":	"FPGA",
	"platIsPrebuiltAutogen":	"false",
	"platIsNoBootBsp":	"false",
	"hasFsblMakeHasChanges":	"false",
	"hasPmufwMakeHasChanges":	"false",
	"platPreBuiltFlag":	false,
	"platformSamplesDir":	"",
	"platActiveSys":	"Mblaze_iic_hw",
	"systems":	[{
			"systemName":	"Mblaze_iic_hw",
			"systemDesc":	"Mblaze_iic_hw",
			"sysIsBootAutoGen":	"true",
			"systemDispName":	"Mblaze_iic_hw",
			"sysActiveDom":	"standalone_domain",
			"sysDefaultDom":	"standalone_domain",
			"domains":	[{
					"domainName":	"standalone_domain",
					"domainDispName":	"standalone on microblaze_0",
					"domainDesc":	"standalone_domain",
					"processors":	"microblaze_0",
					"os":	"standalone",
					"sdxOs":	"standalone",
					"debugEnable":	"False",
					"domRuntimes":	["cpp"],
					"swRepo":	"",
					"mssOsVer":	"7.1",
					"mssFile":	"",
					"md5Digest":	"3058066e4ca0fc25659ba337ec202bf1",
					"compatibleApp":	"",
					"domType":	"mssDomain",
					"appSettings":	{
						"appCompilerFlags":	"",
						"appLinkerFlags":	""
					},
					"addedLibs":	[],
					"libOptions":	{
						"libsContainingOptions":	[]
					},
					"prebuiltLibs":	{
						"prebuiltIncPath":	[],
						"prebuiltLibPath":	[]
					},
					"isolation":	{
					}
				}]
		}]
}
KEYINFO::2024-10-24.15:33:10::SCWPlatform::updated the xpfm file.
TRACE::2024-10-24.15:33:11::SCWPlatform::Trying to open the hw design at C:/Users/SUJIN/Desktop/sg_workspace/SoC_soc_24/vitis_SoC_24/Mblaze_iic_hw/hw/Mblaze_iic_wrapper.xsa
TRACE::2024-10-24.15:33:11::SCWPlatform::DSA given C:/Users/SUJIN/Desktop/sg_workspace/SoC_soc_24/vitis_SoC_24/Mblaze_iic_hw/hw/Mblaze_iic_wrapper.xsa
TRACE::2024-10-24.15:33:11::SCWPlatform::DSA absoulate path C:/Users/SUJIN/Desktop/sg_workspace/SoC_soc_24/vitis_SoC_24/Mblaze_iic_hw/hw/Mblaze_iic_wrapper.xsa
TRACE::2024-10-24.15:33:11::SCWPlatform::DSA directory C:/Users/SUJIN/Desktop/sg_workspace/SoC_soc_24/vitis_SoC_24/Mblaze_iic_hw/hw
TRACE::2024-10-24.15:33:11::SCWPlatform:: Platform Path C:/Users/SUJIN/Desktop/sg_workspace/SoC_soc_24/vitis_SoC_24/Mblaze_iic_hw/hw/Mblaze_iic_wrapper.xsa
TRACE::2024-10-24.15:33:11::SCWPlatform:: Unique name xilinx:basys3::0.0
TRACE::2024-10-24.15:33:11::SCWPlatform::Trying to set the existing hwdb with name Mblaze_fnd_cntr_wrapper_6
TRACE::2024-10-24.15:33:11::SCWPlatform::Opened existing hwdb Mblaze_fnd_cntr_wrapper_6
TRACE::2024-10-24.15:33:11::SCWPlatform::Found the Hw Db part of the input DSA
TRACE::2024-10-24.15:33:11::SCWMssOS::Checking the sw design at  C:/Users/SUJIN/Desktop/sg_workspace/SoC_soc_24/vitis_SoC_24/Mblaze_iic_hw/microblaze_0/standalone_domain/bsp/system.mss
TRACE::2024-10-24.15:33:11::SCWMssOS::DEBUG:  swdes dump  C:/Users/SUJIN/Desktop/sg_workspace/SoC_soc_24/vitis_SoC_24/Mblaze_fnd_bin2dec_v2_hw/microblaze_0/standalone_domain/bsp/system.mss|system||
C:/Users/SUJIN/Desktop/sg_workspace/SoC_soc_24/vitis_SoC_24/Mblaze_iic_hw/microblaze_0/standalone_domain/bsp/system.mss|system_0||

TRACE::2024-10-24.15:33:11::SCWMssOS::Sw design exists and opened at  C:/Users/SUJIN/Desktop/sg_workspace/SoC_soc_24/vitis_SoC_24/Mblaze_iic_hw/microblaze_0/standalone_domain/bsp/system.mss
TRACE::2024-10-24.15:40:38::SCWPlatform::Clearing the existing platform
TRACE::2024-10-24.15:40:38::SCWSystem::Clearing the existing sysconfig
TRACE::2024-10-24.15:40:38::SCWMssOS::Removing the swdes entry for  C:/Users/SUJIN/Desktop/sg_workspace/SoC_soc_24/vitis_SoC_24/Mblaze_iic_hw/microblaze_0/standalone_domain/bsp/system.mss
TRACE::2024-10-24.15:40:38::SCWSystem::Clearing the domains completed.
TRACE::2024-10-24.15:40:38::SCWPlatform::Clearing the opened hw db.
TRACE::2024-10-24.15:40:38::SCWPlatform::DSA given C:/Users/SUJIN/Desktop/sg_workspace/SoC_soc_24/vitis_SoC_24/Mblaze_iic_hw/hw/Mblaze_iic_wrapper.xsa
TRACE::2024-10-24.15:40:38::SCWPlatform::DSA absoulate path C:/Users/SUJIN/Desktop/sg_workspace/SoC_soc_24/vitis_SoC_24/Mblaze_iic_hw/hw/Mblaze_iic_wrapper.xsa
TRACE::2024-10-24.15:40:38::SCWPlatform:: Platform location is C:/Users/SUJIN/Desktop/sg_workspace/SoC_soc_24/vitis_SoC_24/Mblaze_iic_hw/hw
TRACE::2024-10-24.15:40:38::SCWPlatform:: Platform Path C:/Users/SUJIN/Desktop/sg_workspace/SoC_soc_24/vitis_SoC_24/Mblaze_iic_hw/hw/Mblaze_iic_wrapper.xsa
TRACE::2024-10-24.15:40:38::SCWPlatform:: Unique name xilinx:basys3::0.0
