TRACE::2024-10-28.15:40:58::SCWPlatform::Trying to open the hw design at C:/Users/SUJIN/Desktop/sg_workspace/SoC_soc_24/vitis_SoC_24/Mblaze_keypad_pwm_hw/hw/Mblaze_keypad_pwm_wrapper.xsa
TRACE::2024-10-28.15:40:58::SCWPlatform::DSA given C:/Users/SUJIN/Desktop/sg_workspace/SoC_soc_24/vitis_SoC_24/Mblaze_keypad_pwm_hw/hw/Mblaze_keypad_pwm_wrapper.xsa
TRACE::2024-10-28.15:40:58::SCWPlatform::DSA absoulate path C:/Users/SUJIN/Desktop/sg_workspace/SoC_soc_24/vitis_SoC_24/Mblaze_keypad_pwm_hw/hw/Mblaze_keypad_pwm_wrapper.xsa
TRACE::2024-10-28.15:40:58::SCWPlatform::DSA directory C:/Users/SUJIN/Desktop/sg_workspace/SoC_soc_24/vitis_SoC_24/Mblaze_keypad_pwm_hw/hw
TRACE::2024-10-28.15:40:58::SCWPlatform:: Platform Path C:/Users/SUJIN/Desktop/sg_workspace/SoC_soc_24/vitis_SoC_24/Mblaze_keypad_pwm_hw/hw/Mblaze_keypad_pwm_wrapper.xsa
TRACE::2024-10-28.15:40:58::SCWPlatform:: Unique name xilinx:basys3::0.0
TRACE::2024-10-28.15:40:58::SCWPlatform::Do not have an existing db opened. 
TRACE::2024-10-28.15:40:58::SCWPlatform::Opened new HwDB with name Mblaze_keypad_pwm_wrapper_1
TRACE::2024-10-28.15:40:58::SCWWriter::formatted JSON is {
	"platformName":	"Mblaze_keypad_pwm_hw",
	"sprVersion":	"2.0",
	"mode":	"gui",
	"dsaType":	"Fixed",
	"platformDesc":	"Mblaze_keypad_pwm_hw",
	"platHandOff":	"C:/Users/SUJIN/Desktop/sg_workspace/SoC_soc_24/Mblaze_keypad_pwm_wrapper.xsa",
	"platIntHandOff":	"<platformDir>/hw/Mblaze_keypad_pwm_wrapper.xsa",
	"deviceType":	"FPGA",
	"platIsPrebuiltAutogen":	"false",
	"platIsNoBootBsp":	"false",
	"hasFsblMakeHasChanges":	"false",
	"hasPmufwMakeHasChanges":	"false",
	"platPreBuiltFlag":	false,
	"platformSamplesDir":	""
}
TRACE::2024-10-28.15:40:58::SCWWriter::formatted JSON is {
	"platformName":	"Mblaze_keypad_pwm_hw",
	"sprVersion":	"2.0",
	"mode":	"gui",
	"dsaType":	"Fixed",
	"platformDesc":	"Mblaze_keypad_pwm_hw",
	"platHandOff":	"C:/Users/SUJIN/Desktop/sg_workspace/SoC_soc_24/Mblaze_keypad_pwm_wrapper.xsa",
	"platIntHandOff":	"<platformDir>/hw/Mblaze_keypad_pwm_wrapper.xsa",
	"deviceType":	"FPGA",
	"platIsPrebuiltAutogen":	"false",
	"platIsNoBootBsp":	"false",
	"hasFsblMakeHasChanges":	"false",
	"hasPmufwMakeHasChanges":	"false",
	"platPreBuiltFlag":	false,
	"platformSamplesDir":	"",
	"platActiveSys":	"Mblaze_keypad_pwm_hw",
	"systems":	[{
			"systemName":	"Mblaze_keypad_pwm_hw",
			"systemDesc":	"Mblaze_keypad_pwm_hw",
			"sysIsBootAutoGen":	"true",
			"systemDispName":	"Mblaze_keypad_pwm_hw"
		}]
}
TRACE::2024-10-28.15:40:58::SCWPlatform::Boot application domains not present, creating them
TRACE::2024-10-28.15:40:58::SCWPlatform::Pure FPGA device, no boot application will be created.
TRACE::2024-10-28.15:40:58::SCWWriter::formatted JSON is {
	"platformName":	"Mblaze_keypad_pwm_hw",
	"sprVersion":	"2.0",
	"mode":	"gui",
	"dsaType":	"Fixed",
	"platformDesc":	"Mblaze_keypad_pwm_hw",
	"platHandOff":	"C:/Users/SUJIN/Desktop/sg_workspace/SoC_soc_24/Mblaze_keypad_pwm_wrapper.xsa",
	"platIntHandOff":	"<platformDir>/hw/Mblaze_keypad_pwm_wrapper.xsa",
	"deviceType":	"FPGA",
	"platIsPrebuiltAutogen":	"false",
	"platIsNoBootBsp":	"false",
	"hasFsblMakeHasChanges":	"false",
	"hasPmufwMakeHasChanges":	"false",
	"platPreBuiltFlag":	false,
	"platformSamplesDir":	"",
	"platActiveSys":	"Mblaze_keypad_pwm_hw",
	"systems":	[{
			"systemName":	"Mblaze_keypad_pwm_hw",
			"systemDesc":	"Mblaze_keypad_pwm_hw",
			"sysIsBootAutoGen":	"true",
			"systemDispName":	"Mblaze_keypad_pwm_hw"
		}]
}
TRACE::2024-10-28.15:40:58::SCWPlatform::Trying to open the hw design at C:/Users/SUJIN/Desktop/sg_workspace/SoC_soc_24/vitis_SoC_24/Mblaze_keypad_pwm_hw/hw/Mblaze_keypad_pwm_wrapper.xsa
TRACE::2024-10-28.15:40:58::SCWPlatform::DSA given C:/Users/SUJIN/Desktop/sg_workspace/SoC_soc_24/vitis_SoC_24/Mblaze_keypad_pwm_hw/hw/Mblaze_keypad_pwm_wrapper.xsa
TRACE::2024-10-28.15:40:58::SCWPlatform::DSA absoulate path C:/Users/SUJIN/Desktop/sg_workspace/SoC_soc_24/vitis_SoC_24/Mblaze_keypad_pwm_hw/hw/Mblaze_keypad_pwm_wrapper.xsa
TRACE::2024-10-28.15:40:58::SCWPlatform::DSA directory C:/Users/SUJIN/Desktop/sg_workspace/SoC_soc_24/vitis_SoC_24/Mblaze_keypad_pwm_hw/hw
TRACE::2024-10-28.15:40:58::SCWPlatform:: Platform Path C:/Users/SUJIN/Desktop/sg_workspace/SoC_soc_24/vitis_SoC_24/Mblaze_keypad_pwm_hw/hw/Mblaze_keypad_pwm_wrapper.xsa
TRACE::2024-10-28.15:40:58::SCWPlatform:: Unique name xilinx:basys3::0.0
TRACE::2024-10-28.15:40:58::SCWPlatform::Trying to set the existing hwdb with name Mblaze_keypad_pwm_wrapper_1
TRACE::2024-10-28.15:40:58::SCWPlatform::Opened existing hwdb Mblaze_keypad_pwm_wrapper_1
TRACE::2024-10-28.15:40:58::SCWPlatform::Found the Hw Db part of the input DSA
TRACE::2024-10-28.15:40:58::SCWDomain::checking for install qemu data   : 
TRACE::2024-10-28.15:40:58::SCWPlatform::Trying to open the hw design at C:/Users/SUJIN/Desktop/sg_workspace/SoC_soc_24/vitis_SoC_24/Mblaze_keypad_pwm_hw/hw/Mblaze_keypad_pwm_wrapper.xsa
TRACE::2024-10-28.15:40:58::SCWPlatform::DSA given C:/Users/SUJIN/Desktop/sg_workspace/SoC_soc_24/vitis_SoC_24/Mblaze_keypad_pwm_hw/hw/Mblaze_keypad_pwm_wrapper.xsa
TRACE::2024-10-28.15:40:58::SCWPlatform::DSA absoulate path C:/Users/SUJIN/Desktop/sg_workspace/SoC_soc_24/vitis_SoC_24/Mblaze_keypad_pwm_hw/hw/Mblaze_keypad_pwm_wrapper.xsa
TRACE::2024-10-28.15:40:58::SCWPlatform::DSA directory C:/Users/SUJIN/Desktop/sg_workspace/SoC_soc_24/vitis_SoC_24/Mblaze_keypad_pwm_hw/hw
TRACE::2024-10-28.15:40:59::SCWPlatform:: Platform Path C:/Users/SUJIN/Desktop/sg_workspace/SoC_soc_24/vitis_SoC_24/Mblaze_keypad_pwm_hw/hw/Mblaze_keypad_pwm_wrapper.xsa
TRACE::2024-10-28.15:40:59::SCWPlatform:: Unique name xilinx:basys3::0.0
TRACE::2024-10-28.15:40:59::SCWPlatform::Trying to set the existing hwdb with name Mblaze_keypad_pwm_wrapper_1
TRACE::2024-10-28.15:40:59::SCWPlatform::Opened existing hwdb Mblaze_keypad_pwm_wrapper_1
TRACE::2024-10-28.15:40:59::SCWPlatform::Found the Hw Db part of the input DSA
TRACE::2024-10-28.15:40:59::SCWPlatform::Trying to open the hw design at C:/Users/SUJIN/Desktop/sg_workspace/SoC_soc_24/vitis_SoC_24/Mblaze_keypad_pwm_hw/hw/Mblaze_keypad_pwm_wrapper.xsa
TRACE::2024-10-28.15:40:59::SCWPlatform::DSA given C:/Users/SUJIN/Desktop/sg_workspace/SoC_soc_24/vitis_SoC_24/Mblaze_keypad_pwm_hw/hw/Mblaze_keypad_pwm_wrapper.xsa
TRACE::2024-10-28.15:40:59::SCWPlatform::DSA absoulate path C:/Users/SUJIN/Desktop/sg_workspace/SoC_soc_24/vitis_SoC_24/Mblaze_keypad_pwm_hw/hw/Mblaze_keypad_pwm_wrapper.xsa
TRACE::2024-10-28.15:40:59::SCWPlatform::DSA directory C:/Users/SUJIN/Desktop/sg_workspace/SoC_soc_24/vitis_SoC_24/Mblaze_keypad_pwm_hw/hw
TRACE::2024-10-28.15:40:59::SCWPlatform:: Platform Path C:/Users/SUJIN/Desktop/sg_workspace/SoC_soc_24/vitis_SoC_24/Mblaze_keypad_pwm_hw/hw/Mblaze_keypad_pwm_wrapper.xsa
TRACE::2024-10-28.15:40:59::SCWPlatform:: Unique name xilinx:basys3::0.0
TRACE::2024-10-28.15:40:59::SCWPlatform::Trying to set the existing hwdb with name Mblaze_keypad_pwm_wrapper_1
TRACE::2024-10-28.15:40:59::SCWPlatform::Opened existing hwdb Mblaze_keypad_pwm_wrapper_1
TRACE::2024-10-28.15:40:59::SCWPlatform::Found the Hw Db part of the input DSA
TRACE::2024-10-28.15:40:59::SCWMssOS::Checking the sw design at  C:/Users/SUJIN/Desktop/sg_workspace/SoC_soc_24/vitis_SoC_24/Mblaze_keypad_pwm_hw/microblaze_0/standalone_domain/bsp/system.mss
TRACE::2024-10-28.15:40:59::SCWMssOS::DEBUG:  swdes dump  C:/Users/SUJIN/Desktop/sg_workspace/SoC_soc_24/vitis_SoC_24/Mblaze_pwm_keypad/microblaze_0/standalone_domain/bsp/system.mss|system||

TRACE::2024-10-28.15:40:59::SCWMssOS::No sw design opened at  C:/Users/SUJIN/Desktop/sg_workspace/SoC_soc_24/vitis_SoC_24/Mblaze_keypad_pwm_hw/microblaze_0/standalone_domain/bsp/system.mss
TRACE::2024-10-28.15:40:59::SCWMssOS::mss does not exists at C:/Users/SUJIN/Desktop/sg_workspace/SoC_soc_24/vitis_SoC_24/Mblaze_keypad_pwm_hw/microblaze_0/standalone_domain/bsp/system.mss
TRACE::2024-10-28.15:40:59::SCWMssOS::Creating sw design at  C:/Users/SUJIN/Desktop/sg_workspace/SoC_soc_24/vitis_SoC_24/Mblaze_keypad_pwm_hw/microblaze_0/standalone_domain/bsp/system.mss
TRACE::2024-10-28.15:40:59::SCWMssOS::Adding the swdes entry, created swdb C:/Users/SUJIN/Desktop/sg_workspace/SoC_soc_24/vitis_SoC_24/Mblaze_keypad_pwm_hw/microblaze_0/standalone_domain/bsp/system.mss with des name C:/Users/SUJIN/Desktop/sg_workspace/SoC_soc_24/vitis_SoC_24/Mblaze_keypad_pwm_hw/microblaze_0/standalone_domain/bsp/system.mss
TRACE::2024-10-28.15:40:59::SCWMssOS::updating the scw layer changes to swdes at   C:/Users/SUJIN/Desktop/sg_workspace/SoC_soc_24/vitis_SoC_24/Mblaze_keypad_pwm_hw/microblaze_0/standalone_domain/bsp/system.mss
TRACE::2024-10-28.15:40:59::SCWMssOS::Writing mss at C:/Users/SUJIN/Desktop/sg_workspace/SoC_soc_24/vitis_SoC_24/Mblaze_keypad_pwm_hw/microblaze_0/standalone_domain/bsp/system.mss
TRACE::2024-10-28.15:40:59::SCWMssOS::Completed writing the mss file at C:/Users/SUJIN/Desktop/sg_workspace/SoC_soc_24/vitis_SoC_24/Mblaze_keypad_pwm_hw/microblaze_0/standalone_domain/bsp
TRACE::2024-10-28.15:40:59::SCWMssOS::Picking up changes from newly written mss file into SCW Layer. 
TRACE::2024-10-28.15:40:59::SCWMssOS::Updated the changes from newly written mss file into SCW Layer. 
TRACE::2024-10-28.15:40:59::SCWPlatform::Trying to open the hw design at C:/Users/SUJIN/Desktop/sg_workspace/SoC_soc_24/vitis_SoC_24/Mblaze_keypad_pwm_hw/hw/Mblaze_keypad_pwm_wrapper.xsa
TRACE::2024-10-28.15:40:59::SCWPlatform::DSA given C:/Users/SUJIN/Desktop/sg_workspace/SoC_soc_24/vitis_SoC_24/Mblaze_keypad_pwm_hw/hw/Mblaze_keypad_pwm_wrapper.xsa
TRACE::2024-10-28.15:40:59::SCWPlatform::DSA absoulate path C:/Users/SUJIN/Desktop/sg_workspace/SoC_soc_24/vitis_SoC_24/Mblaze_keypad_pwm_hw/hw/Mblaze_keypad_pwm_wrapper.xsa
TRACE::2024-10-28.15:40:59::SCWPlatform::DSA directory C:/Users/SUJIN/Desktop/sg_workspace/SoC_soc_24/vitis_SoC_24/Mblaze_keypad_pwm_hw/hw
TRACE::2024-10-28.15:40:59::SCWPlatform:: Platform Path C:/Users/SUJIN/Desktop/sg_workspace/SoC_soc_24/vitis_SoC_24/Mblaze_keypad_pwm_hw/hw/Mblaze_keypad_pwm_wrapper.xsa
TRACE::2024-10-28.15:40:59::SCWPlatform:: Unique name xilinx:basys3::0.0
TRACE::2024-10-28.15:40:59::SCWPlatform::Trying to set the existing hwdb with name Mblaze_keypad_pwm_wrapper_1
TRACE::2024-10-28.15:40:59::SCWPlatform::Opened existing hwdb Mblaze_keypad_pwm_wrapper_1
TRACE::2024-10-28.15:40:59::SCWPlatform::Found the Hw Db part of the input DSA
TRACE::2024-10-28.15:40:59::SCWMssOS::Checking the sw design at  C:/Users/SUJIN/Desktop/sg_workspace/SoC_soc_24/vitis_SoC_24/Mblaze_keypad_pwm_hw/microblaze_0/standalone_domain/bsp/system.mss
TRACE::2024-10-28.15:40:59::SCWMssOS::DEBUG:  swdes dump  C:/Users/SUJIN/Desktop/sg_workspace/SoC_soc_24/vitis_SoC_24/Mblaze_keypad_pwm_hw/microblaze_0/standalone_domain/bsp/system.mss|C:/Users/SUJIN/Desktop/sg_workspace/SoC_soc_24/vitis_SoC_24/Mblaze_keypad_pwm_hw/microblaze_0/standalone_domain/bsp/system.mss||
C:/Users/SUJIN/Desktop/sg_workspace/SoC_soc_24/vitis_SoC_24/Mblaze_pwm_keypad/microblaze_0/standalone_domain/bsp/system.mss|system||

TRACE::2024-10-28.15:40:59::SCWMssOS::Sw design exists and opened at  C:/Users/SUJIN/Desktop/sg_workspace/SoC_soc_24/vitis_SoC_24/Mblaze_keypad_pwm_hw/microblaze_0/standalone_domain/bsp/system.mss
TRACE::2024-10-28.15:40:59::SCWPlatform::Trying to open the hw design at C:/Users/SUJIN/Desktop/sg_workspace/SoC_soc_24/vitis_SoC_24/Mblaze_keypad_pwm_hw/hw/Mblaze_keypad_pwm_wrapper.xsa
TRACE::2024-10-28.15:40:59::SCWPlatform::DSA given C:/Users/SUJIN/Desktop/sg_workspace/SoC_soc_24/vitis_SoC_24/Mblaze_keypad_pwm_hw/hw/Mblaze_keypad_pwm_wrapper.xsa
TRACE::2024-10-28.15:40:59::SCWPlatform::DSA absoulate path C:/Users/SUJIN/Desktop/sg_workspace/SoC_soc_24/vitis_SoC_24/Mblaze_keypad_pwm_hw/hw/Mblaze_keypad_pwm_wrapper.xsa
TRACE::2024-10-28.15:40:59::SCWPlatform::DSA directory C:/Users/SUJIN/Desktop/sg_workspace/SoC_soc_24/vitis_SoC_24/Mblaze_keypad_pwm_hw/hw
TRACE::2024-10-28.15:40:59::SCWPlatform:: Platform Path C:/Users/SUJIN/Desktop/sg_workspace/SoC_soc_24/vitis_SoC_24/Mblaze_keypad_pwm_hw/hw/Mblaze_keypad_pwm_wrapper.xsa
TRACE::2024-10-28.15:40:59::SCWPlatform:: Unique name xilinx:basys3::0.0
TRACE::2024-10-28.15:40:59::SCWPlatform::Trying to set the existing hwdb with name Mblaze_keypad_pwm_wrapper_1
TRACE::2024-10-28.15:40:59::SCWPlatform::Opened existing hwdb Mblaze_keypad_pwm_wrapper_1
TRACE::2024-10-28.15:40:59::SCWPlatform::Found the Hw Db part of the input DSA
TRACE::2024-10-28.15:40:59::SCWMssOS::Checking the sw design at  C:/Users/SUJIN/Desktop/sg_workspace/SoC_soc_24/vitis_SoC_24/Mblaze_keypad_pwm_hw/microblaze_0/standalone_domain/bsp/system.mss
TRACE::2024-10-28.15:40:59::SCWMssOS::DEBUG:  swdes dump  C:/Users/SUJIN/Desktop/sg_workspace/SoC_soc_24/vitis_SoC_24/Mblaze_keypad_pwm_hw/microblaze_0/standalone_domain/bsp/system.mss|C:/Users/SUJIN/Desktop/sg_workspace/SoC_soc_24/vitis_SoC_24/Mblaze_keypad_pwm_hw/microblaze_0/standalone_domain/bsp/system.mss||
C:/Users/SUJIN/Desktop/sg_workspace/SoC_soc_24/vitis_SoC_24/Mblaze_pwm_keypad/microblaze_0/standalone_domain/bsp/system.mss|system||

TRACE::2024-10-28.15:40:59::SCWMssOS::Sw design exists and opened at  C:/Users/SUJIN/Desktop/sg_workspace/SoC_soc_24/vitis_SoC_24/Mblaze_keypad_pwm_hw/microblaze_0/standalone_domain/bsp/system.mss
TRACE::2024-10-28.15:40:59::SCWPlatform::Trying to open the hw design at C:/Users/SUJIN/Desktop/sg_workspace/SoC_soc_24/vitis_SoC_24/Mblaze_keypad_pwm_hw/hw/Mblaze_keypad_pwm_wrapper.xsa
TRACE::2024-10-28.15:40:59::SCWPlatform::DSA given C:/Users/SUJIN/Desktop/sg_workspace/SoC_soc_24/vitis_SoC_24/Mblaze_keypad_pwm_hw/hw/Mblaze_keypad_pwm_wrapper.xsa
TRACE::2024-10-28.15:40:59::SCWPlatform::DSA absoulate path C:/Users/SUJIN/Desktop/sg_workspace/SoC_soc_24/vitis_SoC_24/Mblaze_keypad_pwm_hw/hw/Mblaze_keypad_pwm_wrapper.xsa
TRACE::2024-10-28.15:40:59::SCWPlatform::DSA directory C:/Users/SUJIN/Desktop/sg_workspace/SoC_soc_24/vitis_SoC_24/Mblaze_keypad_pwm_hw/hw
TRACE::2024-10-28.15:40:59::SCWPlatform:: Platform Path C:/Users/SUJIN/Desktop/sg_workspace/SoC_soc_24/vitis_SoC_24/Mblaze_keypad_pwm_hw/hw/Mblaze_keypad_pwm_wrapper.xsa
TRACE::2024-10-28.15:40:59::SCWPlatform:: Unique name xilinx:basys3::0.0
TRACE::2024-10-28.15:40:59::SCWPlatform::Trying to set the existing hwdb with name Mblaze_keypad_pwm_wrapper_1
TRACE::2024-10-28.15:40:59::SCWPlatform::Opened existing hwdb Mblaze_keypad_pwm_wrapper_1
TRACE::2024-10-28.15:40:59::SCWPlatform::Found the Hw Db part of the input DSA
TRACE::2024-10-28.15:40:59::SCWMssOS::Checking the sw design at  C:/Users/SUJIN/Desktop/sg_workspace/SoC_soc_24/vitis_SoC_24/Mblaze_keypad_pwm_hw/microblaze_0/standalone_domain/bsp/system.mss
TRACE::2024-10-28.15:40:59::SCWMssOS::DEBUG:  swdes dump  C:/Users/SUJIN/Desktop/sg_workspace/SoC_soc_24/vitis_SoC_24/Mblaze_keypad_pwm_hw/microblaze_0/standalone_domain/bsp/system.mss|C:/Users/SUJIN/Desktop/sg_workspace/SoC_soc_24/vitis_SoC_24/Mblaze_keypad_pwm_hw/microblaze_0/standalone_domain/bsp/system.mss||
C:/Users/SUJIN/Desktop/sg_workspace/SoC_soc_24/vitis_SoC_24/Mblaze_pwm_keypad/microblaze_0/standalone_domain/bsp/system.mss|system||

TRACE::2024-10-28.15:40:59::SCWMssOS::Sw design exists and opened at  C:/Users/SUJIN/Desktop/sg_workspace/SoC_soc_24/vitis_SoC_24/Mblaze_keypad_pwm_hw/microblaze_0/standalone_domain/bsp/system.mss
TRACE::2024-10-28.15:40:59::SCWWriter::formatted JSON is {
	"platformName":	"Mblaze_keypad_pwm_hw",
	"sprVersion":	"2.0",
	"mode":	"gui",
	"dsaType":	"Fixed",
	"platformDesc":	"Mblaze_keypad_pwm_hw",
	"platHandOff":	"C:/Users/SUJIN/Desktop/sg_workspace/SoC_soc_24/Mblaze_keypad_pwm_wrapper.xsa",
	"platIntHandOff":	"<platformDir>/hw/Mblaze_keypad_pwm_wrapper.xsa",
	"deviceType":	"FPGA",
	"platIsPrebuiltAutogen":	"false",
	"platIsNoBootBsp":	"false",
	"hasFsblMakeHasChanges":	"false",
	"hasPmufwMakeHasChanges":	"false",
	"platPreBuiltFlag":	false,
	"platformSamplesDir":	"",
	"platActiveSys":	"Mblaze_keypad_pwm_hw",
	"systems":	[{
			"systemName":	"Mblaze_keypad_pwm_hw",
			"systemDesc":	"Mblaze_keypad_pwm_hw",
			"sysIsBootAutoGen":	"true",
			"systemDispName":	"Mblaze_keypad_pwm_hw",
			"sysActiveDom":	"standalone_domain",
			"sysDefaultDom":	"standalone_domain",
			"domains":	[{
					"domainName":	"standalone_domain",
					"domainDispName":	"standalone_domain",
					"domainDesc":	"standalone_domain",
					"processors":	"microblaze_0",
					"os":	"standalone",
					"sdxOs":	"standalone",
					"debugEnable":	"False",
					"domRuntimes":	["cpp"],
					"swRepo":	"",
					"mssOsVer":	"7.1",
					"mssFile":	"",
					"md5Digest":	"",
					"compatibleApp":	"",
					"domType":	"mssDomain",
					"appSettings":	{
						"appCompilerFlags":	"",
						"appLinkerFlags":	""
					},
					"addedLibs":	[],
					"libOptions":	{
						"libsContainingOptions":	[]
					},
					"prebuiltLibs":	{
						"prebuiltIncPath":	[],
						"prebuiltLibPath":	[]
					},
					"isolation":	{
					}
				}]
		}]
}
TRACE::2024-10-28.15:40:59::SCWPlatform::Trying to open the hw design at C:/Users/SUJIN/Desktop/sg_workspace/SoC_soc_24/vitis_SoC_24/Mblaze_keypad_pwm_hw/hw/Mblaze_keypad_pwm_wrapper.xsa
TRACE::2024-10-28.15:40:59::SCWPlatform::DSA given C:/Users/SUJIN/Desktop/sg_workspace/SoC_soc_24/vitis_SoC_24/Mblaze_keypad_pwm_hw/hw/Mblaze_keypad_pwm_wrapper.xsa
TRACE::2024-10-28.15:40:59::SCWPlatform::DSA absoulate path C:/Users/SUJIN/Desktop/sg_workspace/SoC_soc_24/vitis_SoC_24/Mblaze_keypad_pwm_hw/hw/Mblaze_keypad_pwm_wrapper.xsa
TRACE::2024-10-28.15:40:59::SCWPlatform::DSA directory C:/Users/SUJIN/Desktop/sg_workspace/SoC_soc_24/vitis_SoC_24/Mblaze_keypad_pwm_hw/hw
TRACE::2024-10-28.15:40:59::SCWPlatform:: Platform Path C:/Users/SUJIN/Desktop/sg_workspace/SoC_soc_24/vitis_SoC_24/Mblaze_keypad_pwm_hw/hw/Mblaze_keypad_pwm_wrapper.xsa
TRACE::2024-10-28.15:40:59::SCWPlatform:: Unique name xilinx:basys3::0.0
TRACE::2024-10-28.15:40:59::SCWPlatform::Trying to set the existing hwdb with name Mblaze_keypad_pwm_wrapper_1
TRACE::2024-10-28.15:40:59::SCWPlatform::Opened existing hwdb Mblaze_keypad_pwm_wrapper_1
TRACE::2024-10-28.15:40:59::SCWPlatform::Found the Hw Db part of the input DSA
TRACE::2024-10-28.15:40:59::SCWMssOS::Checking the sw design at  C:/Users/SUJIN/Desktop/sg_workspace/SoC_soc_24/vitis_SoC_24/Mblaze_keypad_pwm_hw/microblaze_0/standalone_domain/bsp/system.mss
TRACE::2024-10-28.15:40:59::SCWMssOS::DEBUG:  swdes dump  C:/Users/SUJIN/Desktop/sg_workspace/SoC_soc_24/vitis_SoC_24/Mblaze_keypad_pwm_hw/microblaze_0/standalone_domain/bsp/system.mss|C:/Users/SUJIN/Desktop/sg_workspace/SoC_soc_24/vitis_SoC_24/Mblaze_keypad_pwm_hw/microblaze_0/standalone_domain/bsp/system.mss||
C:/Users/SUJIN/Desktop/sg_workspace/SoC_soc_24/vitis_SoC_24/Mblaze_pwm_keypad/microblaze_0/standalone_domain/bsp/system.mss|system||

TRACE::2024-10-28.15:40:59::SCWMssOS::Sw design exists and opened at  C:/Users/SUJIN/Desktop/sg_workspace/SoC_soc_24/vitis_SoC_24/Mblaze_keypad_pwm_hw/microblaze_0/standalone_domain/bsp/system.mss
TRACE::2024-10-28.15:40:59::SCWMssOS::Completed writing the mss file at C:/Users/SUJIN/Desktop/sg_workspace/SoC_soc_24/vitis_SoC_24/Mblaze_keypad_pwm_hw/microblaze_0/standalone_domain/bsp
TRACE::2024-10-28.15:40:59::SCWMssOS::Forcing BSP Sources regeneration.
LOG::2024-10-28.15:41:01::SCWPlatform::Started generating the artifacts platform Mblaze_keypad_pwm_hw
TRACE::2024-10-28.15:41:01::SCWPlatform::Sanity checking of platform is completed
LOG::2024-10-28.15:41:01::SCWPlatform::Started generating the artifacts for system configuration Mblaze_keypad_pwm_hw
LOG::2024-10-28.15:41:01::SCWSystem::Checking the domain standalone_domain
LOG::2024-10-28.15:41:01::SCWSystem::Not a boot domain 
LOG::2024-10-28.15:41:01::SCWSystem::Started Processing the domain standalone_domain
TRACE::2024-10-28.15:41:01::SCWDomain::Generating domain artifcats
TRACE::2024-10-28.15:41:01::SCWMssOS::Generating standalone artifcats
TRACE::2024-10-28.15:41:01::SCWMssOS:: Copying the user libraries. 
TRACE::2024-10-28.15:41:01::SCWPlatform::Trying to open the hw design at C:/Users/SUJIN/Desktop/sg_workspace/SoC_soc_24/vitis_SoC_24/Mblaze_keypad_pwm_hw/hw/Mblaze_keypad_pwm_wrapper.xsa
TRACE::2024-10-28.15:41:01::SCWPlatform::DSA given C:/Users/SUJIN/Desktop/sg_workspace/SoC_soc_24/vitis_SoC_24/Mblaze_keypad_pwm_hw/hw/Mblaze_keypad_pwm_wrapper.xsa
TRACE::2024-10-28.15:41:01::SCWPlatform::DSA absoulate path C:/Users/SUJIN/Desktop/sg_workspace/SoC_soc_24/vitis_SoC_24/Mblaze_keypad_pwm_hw/hw/Mblaze_keypad_pwm_wrapper.xsa
TRACE::2024-10-28.15:41:01::SCWPlatform::DSA directory C:/Users/SUJIN/Desktop/sg_workspace/SoC_soc_24/vitis_SoC_24/Mblaze_keypad_pwm_hw/hw
TRACE::2024-10-28.15:41:01::SCWPlatform:: Platform Path C:/Users/SUJIN/Desktop/sg_workspace/SoC_soc_24/vitis_SoC_24/Mblaze_keypad_pwm_hw/hw/Mblaze_keypad_pwm_wrapper.xsa
TRACE::2024-10-28.15:41:01::SCWPlatform:: Unique name xilinx:basys3::0.0
TRACE::2024-10-28.15:41:01::SCWPlatform::Trying to set the existing hwdb with name Mblaze_keypad_pwm_wrapper_1
TRACE::2024-10-28.15:41:01::SCWPlatform::Opened existing hwdb Mblaze_keypad_pwm_wrapper_1
TRACE::2024-10-28.15:41:01::SCWPlatform::Found the Hw Db part of the input DSA
TRACE::2024-10-28.15:41:01::SCWMssOS::Checking the sw design at  C:/Users/SUJIN/Desktop/sg_workspace/SoC_soc_24/vitis_SoC_24/Mblaze_keypad_pwm_hw/microblaze_0/standalone_domain/bsp/system.mss
TRACE::2024-10-28.15:41:01::SCWMssOS::DEBUG:  swdes dump  C:/Users/SUJIN/Desktop/sg_workspace/SoC_soc_24/vitis_SoC_24/Mblaze_keypad_pwm_hw/microblaze_0/standalone_domain/bsp/system.mss|C:/Users/SUJIN/Desktop/sg_workspace/SoC_soc_24/vitis_SoC_24/Mblaze_keypad_pwm_hw/microblaze_0/standalone_domain/bsp/system.mss||
C:/Users/SUJIN/Desktop/sg_workspace/SoC_soc_24/vitis_SoC_24/Mblaze_pwm_keypad/microblaze_0/standalone_domain/bsp/system.mss|system||

KEYINFO::2024-10-28.15:41:01::SCWMssOS::Could not open the swdb for C:/Users/SUJIN/Desktop/sg_workspace/SoC_soc_24/vitis_SoC_24/Mblaze_keypad_pwm_hw/microblaze_0/standalone_domain/bsp/system.mss
KEYINFO::2024-10-28.15:41:01::SCWMssOS::Could not open the sw design at  C:/Users/SUJIN/Desktop/sg_workspace/SoC_soc_24/vitis_SoC_24/Mblaze_keypad_pwm_hw/microblaze_0/standalone_domain/bsp/system.mss
ERROR: [Hsi 55-1558] Software Design C:/Users/SUJIN/Desktop/sg_workspace/SoC_soc_24/vitis_SoC_24/Mblaze_keypad_pwm_hw/microblaze_0/standalone_domain/bsp/system.mss is not found

TRACE::2024-10-28.15:41:01::SCWMssOS::Cleared the swdb table entry
TRACE::2024-10-28.15:41:01::SCWMssOS::No sw design opened at  C:/Users/SUJIN/Desktop/sg_workspace/SoC_soc_24/vitis_SoC_24/Mblaze_keypad_pwm_hw/microblaze_0/standalone_domain/bsp/system.mss
TRACE::2024-10-28.15:41:01::SCWMssOS::mss exists loading the mss file  C:/Users/SUJIN/Desktop/sg_workspace/SoC_soc_24/vitis_SoC_24/Mblaze_keypad_pwm_hw/microblaze_0/standalone_domain/bsp/system.mss
TRACE::2024-10-28.15:41:01::SCWMssOS::Opened the sw design from mss  C:/Users/SUJIN/Desktop/sg_workspace/SoC_soc_24/vitis_SoC_24/Mblaze_keypad_pwm_hw/microblaze_0/standalone_domain/bsp/system.mss
TRACE::2024-10-28.15:41:01::SCWMssOS::Adding the swdes entry C:/Users/SUJIN/Desktop/sg_workspace/SoC_soc_24/vitis_SoC_24/Mblaze_keypad_pwm_hw/microblaze_0/standalone_domain/bsp/system.mss with des name system_0
TRACE::2024-10-28.15:41:01::SCWMssOS::updating the scw layer about changes
TRACE::2024-10-28.15:41:01::SCWMssOS::Opened the sw design.  C:/Users/SUJIN/Desktop/sg_workspace/SoC_soc_24/vitis_SoC_24/Mblaze_keypad_pwm_hw/microblaze_0/standalone_domain/bsp/system.mss
TRACE::2024-10-28.15:41:01::SCWMssOS::Completed writing the mss file at C:/Users/SUJIN/Desktop/sg_workspace/SoC_soc_24/vitis_SoC_24/Mblaze_keypad_pwm_hw/microblaze_0/standalone_domain/bsp
TRACE::2024-10-28.15:41:01::SCWMssOS::Mss edits present, copying mssfile into export location C:/Users/SUJIN/Desktop/sg_workspace/SoC_soc_24/vitis_SoC_24/Mblaze_keypad_pwm_hw/microblaze_0/standalone_domain/bsp/system.mss
TRACE::2024-10-28.15:41:01::SCWMssOS::bsp generated is upto date with the mss file. Skipping bsp generation.
TRACE::2024-10-28.15:41:01::SCWMssOS::BSP is already built. skipping the bsp build ... 
TRACE::2024-10-28.15:41:01::SCWDomain::Skipping the build for domain :  standalone_domain
TRACE::2024-10-28.15:41:01::SCWMssOS::skipping the bsp build ... 
TRACE::2024-10-28.15:41:01::SCWMssOS::Copying to export directory.
TRACE::2024-10-28.15:41:01::SCWMssOS:: Checking if to create the Supporting Applications
TRACE::2024-10-28.15:41:01::SCWMssOS:: No Linux domain exists, trying to generate FSBL 
LOG::2024-10-28.15:41:01::SCWSystem::Completed Processing the domain standalone_domain
LOG::2024-10-28.15:41:01::SCWSystem::Completed Processing the sysconfig Mblaze_keypad_pwm_hw
LOG::2024-10-28.15:41:01::SCWPlatform::Completed generating the artifacts for system configuration Mblaze_keypad_pwm_hw
TRACE::2024-10-28.15:41:01::SCWPlatform::Started preparing the platform 
TRACE::2024-10-28.15:41:01::SCWSystem::Writing the bif file for system config Mblaze_keypad_pwm_hw
TRACE::2024-10-28.15:41:01::SCWSystem::dir created 
TRACE::2024-10-28.15:41:01::SCWSystem::Writing the bif 
TRACE::2024-10-28.15:41:01::SCWPlatform::Started writing the spfm file 
TRACE::2024-10-28.15:41:01::SCWPlatform::Started writing the xpfm file 
TRACE::2024-10-28.15:41:01::SCWPlatform::Completed generating the platform
TRACE::2024-10-28.15:41:01::SCWPlatform::Trying to open the hw design at C:/Users/SUJIN/Desktop/sg_workspace/SoC_soc_24/vitis_SoC_24/Mblaze_keypad_pwm_hw/hw/Mblaze_keypad_pwm_wrapper.xsa
TRACE::2024-10-28.15:41:01::SCWPlatform::DSA given C:/Users/SUJIN/Desktop/sg_workspace/SoC_soc_24/vitis_SoC_24/Mblaze_keypad_pwm_hw/hw/Mblaze_keypad_pwm_wrapper.xsa
TRACE::2024-10-28.15:41:01::SCWPlatform::DSA absoulate path C:/Users/SUJIN/Desktop/sg_workspace/SoC_soc_24/vitis_SoC_24/Mblaze_keypad_pwm_hw/hw/Mblaze_keypad_pwm_wrapper.xsa
TRACE::2024-10-28.15:41:01::SCWPlatform::DSA directory C:/Users/SUJIN/Desktop/sg_workspace/SoC_soc_24/vitis_SoC_24/Mblaze_keypad_pwm_hw/hw
TRACE::2024-10-28.15:41:01::SCWPlatform:: Platform Path C:/Users/SUJIN/Desktop/sg_workspace/SoC_soc_24/vitis_SoC_24/Mblaze_keypad_pwm_hw/hw/Mblaze_keypad_pwm_wrapper.xsa
TRACE::2024-10-28.15:41:01::SCWPlatform:: Unique name xilinx:basys3::0.0
TRACE::2024-10-28.15:41:01::SCWPlatform::Trying to set the existing hwdb with name Mblaze_keypad_pwm_wrapper_1
TRACE::2024-10-28.15:41:01::SCWPlatform::Opened existing hwdb Mblaze_keypad_pwm_wrapper_1
TRACE::2024-10-28.15:41:01::SCWPlatform::Found the Hw Db part of the input DSA
TRACE::2024-10-28.15:41:01::SCWMssOS::Checking the sw design at  C:/Users/SUJIN/Desktop/sg_workspace/SoC_soc_24/vitis_SoC_24/Mblaze_keypad_pwm_hw/microblaze_0/standalone_domain/bsp/system.mss
TRACE::2024-10-28.15:41:01::SCWMssOS::DEBUG:  swdes dump  C:/Users/SUJIN/Desktop/sg_workspace/SoC_soc_24/vitis_SoC_24/Mblaze_keypad_pwm_hw/microblaze_0/standalone_domain/bsp/system.mss|system_0||
C:/Users/SUJIN/Desktop/sg_workspace/SoC_soc_24/vitis_SoC_24/Mblaze_pwm_keypad/microblaze_0/standalone_domain/bsp/system.mss|system||

TRACE::2024-10-28.15:41:01::SCWMssOS::Sw design exists and opened at  C:/Users/SUJIN/Desktop/sg_workspace/SoC_soc_24/vitis_SoC_24/Mblaze_keypad_pwm_hw/microblaze_0/standalone_domain/bsp/system.mss
TRACE::2024-10-28.15:41:01::SCWPlatform::Trying to open the hw design at C:/Users/SUJIN/Desktop/sg_workspace/SoC_soc_24/vitis_SoC_24/Mblaze_keypad_pwm_hw/hw/Mblaze_keypad_pwm_wrapper.xsa
TRACE::2024-10-28.15:41:01::SCWPlatform::DSA given C:/Users/SUJIN/Desktop/sg_workspace/SoC_soc_24/vitis_SoC_24/Mblaze_keypad_pwm_hw/hw/Mblaze_keypad_pwm_wrapper.xsa
TRACE::2024-10-28.15:41:01::SCWPlatform::DSA absoulate path C:/Users/SUJIN/Desktop/sg_workspace/SoC_soc_24/vitis_SoC_24/Mblaze_keypad_pwm_hw/hw/Mblaze_keypad_pwm_wrapper.xsa
TRACE::2024-10-28.15:41:01::SCWPlatform::DSA directory C:/Users/SUJIN/Desktop/sg_workspace/SoC_soc_24/vitis_SoC_24/Mblaze_keypad_pwm_hw/hw
TRACE::2024-10-28.15:41:01::SCWPlatform:: Platform Path C:/Users/SUJIN/Desktop/sg_workspace/SoC_soc_24/vitis_SoC_24/Mblaze_keypad_pwm_hw/hw/Mblaze_keypad_pwm_wrapper.xsa
TRACE::2024-10-28.15:41:01::SCWPlatform:: Unique name xilinx:basys3::0.0
TRACE::2024-10-28.15:41:01::SCWPlatform::Trying to set the existing hwdb with name Mblaze_keypad_pwm_wrapper_1
TRACE::2024-10-28.15:41:01::SCWPlatform::Opened existing hwdb Mblaze_keypad_pwm_wrapper_1
TRACE::2024-10-28.15:41:01::SCWPlatform::Found the Hw Db part of the input DSA
TRACE::2024-10-28.15:41:01::SCWMssOS::Checking the sw design at  C:/Users/SUJIN/Desktop/sg_workspace/SoC_soc_24/vitis_SoC_24/Mblaze_keypad_pwm_hw/microblaze_0/standalone_domain/bsp/system.mss
TRACE::2024-10-28.15:41:01::SCWMssOS::DEBUG:  swdes dump  C:/Users/SUJIN/Desktop/sg_workspace/SoC_soc_24/vitis_SoC_24/Mblaze_keypad_pwm_hw/microblaze_0/standalone_domain/bsp/system.mss|system_0||
C:/Users/SUJIN/Desktop/sg_workspace/SoC_soc_24/vitis_SoC_24/Mblaze_pwm_keypad/microblaze_0/standalone_domain/bsp/system.mss|system||

TRACE::2024-10-28.15:41:01::SCWMssOS::Sw design exists and opened at  C:/Users/SUJIN/Desktop/sg_workspace/SoC_soc_24/vitis_SoC_24/Mblaze_keypad_pwm_hw/microblaze_0/standalone_domain/bsp/system.mss
TRACE::2024-10-28.15:41:01::SCWPlatform::Trying to open the hw design at C:/Users/SUJIN/Desktop/sg_workspace/SoC_soc_24/vitis_SoC_24/Mblaze_keypad_pwm_hw/hw/Mblaze_keypad_pwm_wrapper.xsa
TRACE::2024-10-28.15:41:01::SCWPlatform::DSA given C:/Users/SUJIN/Desktop/sg_workspace/SoC_soc_24/vitis_SoC_24/Mblaze_keypad_pwm_hw/hw/Mblaze_keypad_pwm_wrapper.xsa
TRACE::2024-10-28.15:41:01::SCWPlatform::DSA absoulate path C:/Users/SUJIN/Desktop/sg_workspace/SoC_soc_24/vitis_SoC_24/Mblaze_keypad_pwm_hw/hw/Mblaze_keypad_pwm_wrapper.xsa
TRACE::2024-10-28.15:41:01::SCWPlatform::DSA directory C:/Users/SUJIN/Desktop/sg_workspace/SoC_soc_24/vitis_SoC_24/Mblaze_keypad_pwm_hw/hw
TRACE::2024-10-28.15:41:01::SCWPlatform:: Platform Path C:/Users/SUJIN/Desktop/sg_workspace/SoC_soc_24/vitis_SoC_24/Mblaze_keypad_pwm_hw/hw/Mblaze_keypad_pwm_wrapper.xsa
TRACE::2024-10-28.15:41:01::SCWPlatform:: Unique name xilinx:basys3::0.0
TRACE::2024-10-28.15:41:01::SCWPlatform::Trying to set the existing hwdb with name Mblaze_keypad_pwm_wrapper_1
TRACE::2024-10-28.15:41:01::SCWPlatform::Opened existing hwdb Mblaze_keypad_pwm_wrapper_1
TRACE::2024-10-28.15:41:01::SCWPlatform::Found the Hw Db part of the input DSA
TRACE::2024-10-28.15:41:01::SCWMssOS::Checking the sw design at  C:/Users/SUJIN/Desktop/sg_workspace/SoC_soc_24/vitis_SoC_24/Mblaze_keypad_pwm_hw/microblaze_0/standalone_domain/bsp/system.mss
TRACE::2024-10-28.15:41:01::SCWMssOS::DEBUG:  swdes dump  C:/Users/SUJIN/Desktop/sg_workspace/SoC_soc_24/vitis_SoC_24/Mblaze_keypad_pwm_hw/microblaze_0/standalone_domain/bsp/system.mss|system_0||
C:/Users/SUJIN/Desktop/sg_workspace/SoC_soc_24/vitis_SoC_24/Mblaze_pwm_keypad/microblaze_0/standalone_domain/bsp/system.mss|system||

TRACE::2024-10-28.15:41:01::SCWMssOS::Sw design exists and opened at  C:/Users/SUJIN/Desktop/sg_workspace/SoC_soc_24/vitis_SoC_24/Mblaze_keypad_pwm_hw/microblaze_0/standalone_domain/bsp/system.mss
TRACE::2024-10-28.15:41:01::SCWWriter::formatted JSON is {
	"platformName":	"Mblaze_keypad_pwm_hw",
	"sprVersion":	"2.0",
	"mode":	"gui",
	"dsaType":	"Fixed",
	"platformDesc":	"Mblaze_keypad_pwm_hw",
	"platHandOff":	"C:/Users/SUJIN/Desktop/sg_workspace/SoC_soc_24/Mblaze_keypad_pwm_wrapper.xsa",
	"platIntHandOff":	"<platformDir>/hw/Mblaze_keypad_pwm_wrapper.xsa",
	"deviceType":	"FPGA",
	"platIsPrebuiltAutogen":	"false",
	"platIsNoBootBsp":	"false",
	"hasFsblMakeHasChanges":	"false",
	"hasPmufwMakeHasChanges":	"false",
	"platPreBuiltFlag":	false,
	"platformSamplesDir":	"",
	"platActiveSys":	"Mblaze_keypad_pwm_hw",
	"systems":	[{
			"systemName":	"Mblaze_keypad_pwm_hw",
			"systemDesc":	"Mblaze_keypad_pwm_hw",
			"sysIsBootAutoGen":	"true",
			"systemDispName":	"Mblaze_keypad_pwm_hw",
			"sysActiveDom":	"standalone_domain",
			"sysDefaultDom":	"standalone_domain",
			"domains":	[{
					"domainName":	"standalone_domain",
					"domainDispName":	"standalone_domain",
					"domainDesc":	"standalone_domain",
					"processors":	"microblaze_0",
					"os":	"standalone",
					"sdxOs":	"standalone",
					"debugEnable":	"False",
					"domRuntimes":	["cpp"],
					"swRepo":	"",
					"mssOsVer":	"7.1",
					"mssFile":	"",
					"md5Digest":	"d3e24e5ee02f6b6e7b521aeb995ff49f",
					"compatibleApp":	"",
					"domType":	"mssDomain",
					"appSettings":	{
						"appCompilerFlags":	"",
						"appLinkerFlags":	""
					},
					"addedLibs":	[],
					"libOptions":	{
						"libsContainingOptions":	[]
					},
					"prebuiltLibs":	{
						"prebuiltIncPath":	[],
						"prebuiltLibPath":	[]
					},
					"isolation":	{
					}
				}]
		}]
}
KEYINFO::2024-10-28.15:41:01::SCWPlatform::updated the xpfm file.
TRACE::2024-10-28.15:41:02::SCWPlatform::Trying to open the hw design at C:/Users/SUJIN/Desktop/sg_workspace/SoC_soc_24/vitis_SoC_24/Mblaze_keypad_pwm_hw/hw/Mblaze_keypad_pwm_wrapper.xsa
TRACE::2024-10-28.15:41:02::SCWPlatform::DSA given C:/Users/SUJIN/Desktop/sg_workspace/SoC_soc_24/vitis_SoC_24/Mblaze_keypad_pwm_hw/hw/Mblaze_keypad_pwm_wrapper.xsa
TRACE::2024-10-28.15:41:02::SCWPlatform::DSA absoulate path C:/Users/SUJIN/Desktop/sg_workspace/SoC_soc_24/vitis_SoC_24/Mblaze_keypad_pwm_hw/hw/Mblaze_keypad_pwm_wrapper.xsa
TRACE::2024-10-28.15:41:02::SCWPlatform::DSA directory C:/Users/SUJIN/Desktop/sg_workspace/SoC_soc_24/vitis_SoC_24/Mblaze_keypad_pwm_hw/hw
TRACE::2024-10-28.15:41:02::SCWPlatform:: Platform Path C:/Users/SUJIN/Desktop/sg_workspace/SoC_soc_24/vitis_SoC_24/Mblaze_keypad_pwm_hw/hw/Mblaze_keypad_pwm_wrapper.xsa
TRACE::2024-10-28.15:41:02::SCWPlatform:: Unique name xilinx:basys3::0.0
TRACE::2024-10-28.15:41:02::SCWPlatform::Trying to set the existing hwdb with name Mblaze_keypad_pwm_wrapper_1
TRACE::2024-10-28.15:41:02::SCWPlatform::Opened existing hwdb Mblaze_keypad_pwm_wrapper_1
TRACE::2024-10-28.15:41:02::SCWPlatform::Found the Hw Db part of the input DSA
TRACE::2024-10-28.15:41:02::SCWMssOS::Checking the sw design at  C:/Users/SUJIN/Desktop/sg_workspace/SoC_soc_24/vitis_SoC_24/Mblaze_keypad_pwm_hw/microblaze_0/standalone_domain/bsp/system.mss
TRACE::2024-10-28.15:41:02::SCWMssOS::DEBUG:  swdes dump  C:/Users/SUJIN/Desktop/sg_workspace/SoC_soc_24/vitis_SoC_24/Mblaze_keypad_pwm_hw/microblaze_0/standalone_domain/bsp/system.mss|system_0||
C:/Users/SUJIN/Desktop/sg_workspace/SoC_soc_24/vitis_SoC_24/Mblaze_pwm_keypad/microblaze_0/standalone_domain/bsp/system.mss|system||

TRACE::2024-10-28.15:41:02::SCWMssOS::Sw design exists and opened at  C:/Users/SUJIN/Desktop/sg_workspace/SoC_soc_24/vitis_SoC_24/Mblaze_keypad_pwm_hw/microblaze_0/standalone_domain/bsp/system.mss
TRACE::2024-10-28.15:41:02::SCWPlatform::Trying to open the hw design at C:/Users/SUJIN/Desktop/sg_workspace/SoC_soc_24/vitis_SoC_24/Mblaze_keypad_pwm_hw/hw/Mblaze_keypad_pwm_wrapper.xsa
TRACE::2024-10-28.15:41:02::SCWPlatform::DSA given C:/Users/SUJIN/Desktop/sg_workspace/SoC_soc_24/vitis_SoC_24/Mblaze_keypad_pwm_hw/hw/Mblaze_keypad_pwm_wrapper.xsa
TRACE::2024-10-28.15:41:02::SCWPlatform::DSA absoulate path C:/Users/SUJIN/Desktop/sg_workspace/SoC_soc_24/vitis_SoC_24/Mblaze_keypad_pwm_hw/hw/Mblaze_keypad_pwm_wrapper.xsa
TRACE::2024-10-28.15:41:02::SCWPlatform::DSA directory C:/Users/SUJIN/Desktop/sg_workspace/SoC_soc_24/vitis_SoC_24/Mblaze_keypad_pwm_hw/hw
TRACE::2024-10-28.15:41:02::SCWPlatform:: Platform Path C:/Users/SUJIN/Desktop/sg_workspace/SoC_soc_24/vitis_SoC_24/Mblaze_keypad_pwm_hw/hw/Mblaze_keypad_pwm_wrapper.xsa
TRACE::2024-10-28.15:41:02::SCWPlatform:: Unique name xilinx:basys3::0.0
TRACE::2024-10-28.15:41:02::SCWPlatform::Trying to set the existing hwdb with name Mblaze_keypad_pwm_wrapper_1
TRACE::2024-10-28.15:41:02::SCWPlatform::Opened existing hwdb Mblaze_keypad_pwm_wrapper_1
TRACE::2024-10-28.15:41:02::SCWPlatform::Found the Hw Db part of the input DSA
TRACE::2024-10-28.15:41:02::SCWMssOS::Checking the sw design at  C:/Users/SUJIN/Desktop/sg_workspace/SoC_soc_24/vitis_SoC_24/Mblaze_keypad_pwm_hw/microblaze_0/standalone_domain/bsp/system.mss
TRACE::2024-10-28.15:41:02::SCWMssOS::DEBUG:  swdes dump  C:/Users/SUJIN/Desktop/sg_workspace/SoC_soc_24/vitis_SoC_24/Mblaze_keypad_pwm_hw/microblaze_0/standalone_domain/bsp/system.mss|system_0||
C:/Users/SUJIN/Desktop/sg_workspace/SoC_soc_24/vitis_SoC_24/Mblaze_pwm_keypad/microblaze_0/standalone_domain/bsp/system.mss|system||

TRACE::2024-10-28.15:41:02::SCWMssOS::Sw design exists and opened at  C:/Users/SUJIN/Desktop/sg_workspace/SoC_soc_24/vitis_SoC_24/Mblaze_keypad_pwm_hw/microblaze_0/standalone_domain/bsp/system.mss
TRACE::2024-10-28.15:41:02::SCWPlatform::Trying to open the hw design at C:/Users/SUJIN/Desktop/sg_workspace/SoC_soc_24/vitis_SoC_24/Mblaze_keypad_pwm_hw/hw/Mblaze_keypad_pwm_wrapper.xsa
TRACE::2024-10-28.15:41:02::SCWPlatform::DSA given C:/Users/SUJIN/Desktop/sg_workspace/SoC_soc_24/vitis_SoC_24/Mblaze_keypad_pwm_hw/hw/Mblaze_keypad_pwm_wrapper.xsa
TRACE::2024-10-28.15:41:02::SCWPlatform::DSA absoulate path C:/Users/SUJIN/Desktop/sg_workspace/SoC_soc_24/vitis_SoC_24/Mblaze_keypad_pwm_hw/hw/Mblaze_keypad_pwm_wrapper.xsa
TRACE::2024-10-28.15:41:02::SCWPlatform::DSA directory C:/Users/SUJIN/Desktop/sg_workspace/SoC_soc_24/vitis_SoC_24/Mblaze_keypad_pwm_hw/hw
TRACE::2024-10-28.15:41:02::SCWPlatform:: Platform Path C:/Users/SUJIN/Desktop/sg_workspace/SoC_soc_24/vitis_SoC_24/Mblaze_keypad_pwm_hw/hw/Mblaze_keypad_pwm_wrapper.xsa
TRACE::2024-10-28.15:41:02::SCWPlatform:: Unique name xilinx:basys3::0.0
TRACE::2024-10-28.15:41:02::SCWPlatform::Trying to set the existing hwdb with name Mblaze_keypad_pwm_wrapper_1
TRACE::2024-10-28.15:41:02::SCWPlatform::Opened existing hwdb Mblaze_keypad_pwm_wrapper_1
TRACE::2024-10-28.15:41:02::SCWPlatform::Found the Hw Db part of the input DSA
TRACE::2024-10-28.15:41:02::SCWMssOS::Checking the sw design at  C:/Users/SUJIN/Desktop/sg_workspace/SoC_soc_24/vitis_SoC_24/Mblaze_keypad_pwm_hw/microblaze_0/standalone_domain/bsp/system.mss
TRACE::2024-10-28.15:41:02::SCWMssOS::DEBUG:  swdes dump  C:/Users/SUJIN/Desktop/sg_workspace/SoC_soc_24/vitis_SoC_24/Mblaze_keypad_pwm_hw/microblaze_0/standalone_domain/bsp/system.mss|system_0||
C:/Users/SUJIN/Desktop/sg_workspace/SoC_soc_24/vitis_SoC_24/Mblaze_pwm_keypad/microblaze_0/standalone_domain/bsp/system.mss|system||

TRACE::2024-10-28.15:41:02::SCWMssOS::Sw design exists and opened at  C:/Users/SUJIN/Desktop/sg_workspace/SoC_soc_24/vitis_SoC_24/Mblaze_keypad_pwm_hw/microblaze_0/standalone_domain/bsp/system.mss
TRACE::2024-10-28.15:41:02::SCWPlatform::Trying to open the hw design at C:/Users/SUJIN/Desktop/sg_workspace/SoC_soc_24/vitis_SoC_24/Mblaze_keypad_pwm_hw/hw/Mblaze_keypad_pwm_wrapper.xsa
TRACE::2024-10-28.15:41:02::SCWPlatform::DSA given C:/Users/SUJIN/Desktop/sg_workspace/SoC_soc_24/vitis_SoC_24/Mblaze_keypad_pwm_hw/hw/Mblaze_keypad_pwm_wrapper.xsa
TRACE::2024-10-28.15:41:02::SCWPlatform::DSA absoulate path C:/Users/SUJIN/Desktop/sg_workspace/SoC_soc_24/vitis_SoC_24/Mblaze_keypad_pwm_hw/hw/Mblaze_keypad_pwm_wrapper.xsa
TRACE::2024-10-28.15:41:02::SCWPlatform::DSA directory C:/Users/SUJIN/Desktop/sg_workspace/SoC_soc_24/vitis_SoC_24/Mblaze_keypad_pwm_hw/hw
TRACE::2024-10-28.15:41:02::SCWPlatform:: Platform Path C:/Users/SUJIN/Desktop/sg_workspace/SoC_soc_24/vitis_SoC_24/Mblaze_keypad_pwm_hw/hw/Mblaze_keypad_pwm_wrapper.xsa
TRACE::2024-10-28.15:41:02::SCWPlatform:: Unique name xilinx:basys3::0.0
TRACE::2024-10-28.15:41:02::SCWPlatform::Trying to set the existing hwdb with name Mblaze_keypad_pwm_wrapper_1
TRACE::2024-10-28.15:41:02::SCWPlatform::Opened existing hwdb Mblaze_keypad_pwm_wrapper_1
TRACE::2024-10-28.15:41:02::SCWPlatform::Found the Hw Db part of the input DSA
TRACE::2024-10-28.15:41:02::SCWMssOS::Checking the sw design at  C:/Users/SUJIN/Desktop/sg_workspace/SoC_soc_24/vitis_SoC_24/Mblaze_keypad_pwm_hw/microblaze_0/standalone_domain/bsp/system.mss
TRACE::2024-10-28.15:41:02::SCWMssOS::DEBUG:  swdes dump  C:/Users/SUJIN/Desktop/sg_workspace/SoC_soc_24/vitis_SoC_24/Mblaze_keypad_pwm_hw/microblaze_0/standalone_domain/bsp/system.mss|system_0||
C:/Users/SUJIN/Desktop/sg_workspace/SoC_soc_24/vitis_SoC_24/Mblaze_pwm_keypad/microblaze_0/standalone_domain/bsp/system.mss|system||

TRACE::2024-10-28.15:41:02::SCWMssOS::Sw design exists and opened at  C:/Users/SUJIN/Desktop/sg_workspace/SoC_soc_24/vitis_SoC_24/Mblaze_keypad_pwm_hw/microblaze_0/standalone_domain/bsp/system.mss
TRACE::2024-10-28.15:41:02::SCWWriter::formatted JSON is {
	"platformName":	"Mblaze_keypad_pwm_hw",
	"sprVersion":	"2.0",
	"mode":	"gui",
	"dsaType":	"Fixed",
	"platformDesc":	"Mblaze_keypad_pwm_hw",
	"platHandOff":	"C:/Users/SUJIN/Desktop/sg_workspace/SoC_soc_24/Mblaze_keypad_pwm_wrapper.xsa",
	"platIntHandOff":	"<platformDir>/hw/Mblaze_keypad_pwm_wrapper.xsa",
	"deviceType":	"FPGA",
	"platIsPrebuiltAutogen":	"false",
	"platIsNoBootBsp":	"false",
	"hasFsblMakeHasChanges":	"false",
	"hasPmufwMakeHasChanges":	"false",
	"platPreBuiltFlag":	false,
	"platformSamplesDir":	"",
	"platActiveSys":	"Mblaze_keypad_pwm_hw",
	"systems":	[{
			"systemName":	"Mblaze_keypad_pwm_hw",
			"systemDesc":	"Mblaze_keypad_pwm_hw",
			"sysIsBootAutoGen":	"true",
			"systemDispName":	"Mblaze_keypad_pwm_hw",
			"sysActiveDom":	"standalone_domain",
			"sysDefaultDom":	"standalone_domain",
			"domains":	[{
					"domainName":	"standalone_domain",
					"domainDispName":	"standalone_domain",
					"domainDesc":	"standalone_domain",
					"processors":	"microblaze_0",
					"os":	"standalone",
					"sdxOs":	"standalone",
					"debugEnable":	"False",
					"domRuntimes":	["cpp"],
					"swRepo":	"",
					"mssOsVer":	"7.1",
					"mssFile":	"",
					"md5Digest":	"d3e24e5ee02f6b6e7b521aeb995ff49f",
					"compatibleApp":	"",
					"domType":	"mssDomain",
					"appSettings":	{
						"appCompilerFlags":	"",
						"appLinkerFlags":	""
					},
					"addedLibs":	[],
					"libOptions":	{
						"libsContainingOptions":	[]
					},
					"prebuiltLibs":	{
						"prebuiltIncPath":	[],
						"prebuiltLibPath":	[]
					},
					"isolation":	{
					}
				}]
		}]
}
TRACE::2024-10-28.15:41:02::SCWPlatform::Trying to open the hw design at C:/Users/SUJIN/Desktop/sg_workspace/SoC_soc_24/vitis_SoC_24/Mblaze_keypad_pwm_hw/hw/Mblaze_keypad_pwm_wrapper.xsa
TRACE::2024-10-28.15:41:02::SCWPlatform::DSA given C:/Users/SUJIN/Desktop/sg_workspace/SoC_soc_24/vitis_SoC_24/Mblaze_keypad_pwm_hw/hw/Mblaze_keypad_pwm_wrapper.xsa
TRACE::2024-10-28.15:41:02::SCWPlatform::DSA absoulate path C:/Users/SUJIN/Desktop/sg_workspace/SoC_soc_24/vitis_SoC_24/Mblaze_keypad_pwm_hw/hw/Mblaze_keypad_pwm_wrapper.xsa
TRACE::2024-10-28.15:41:02::SCWPlatform::DSA directory C:/Users/SUJIN/Desktop/sg_workspace/SoC_soc_24/vitis_SoC_24/Mblaze_keypad_pwm_hw/hw
TRACE::2024-10-28.15:41:02::SCWPlatform:: Platform Path C:/Users/SUJIN/Desktop/sg_workspace/SoC_soc_24/vitis_SoC_24/Mblaze_keypad_pwm_hw/hw/Mblaze_keypad_pwm_wrapper.xsa
TRACE::2024-10-28.15:41:02::SCWPlatform:: Unique name xilinx:basys3::0.0
TRACE::2024-10-28.15:41:02::SCWPlatform::Trying to set the existing hwdb with name Mblaze_keypad_pwm_wrapper_1
TRACE::2024-10-28.15:41:02::SCWPlatform::Opened existing hwdb Mblaze_keypad_pwm_wrapper_1
TRACE::2024-10-28.15:41:02::SCWPlatform::Found the Hw Db part of the input DSA
TRACE::2024-10-28.15:41:02::SCWMssOS::Checking the sw design at  C:/Users/SUJIN/Desktop/sg_workspace/SoC_soc_24/vitis_SoC_24/Mblaze_keypad_pwm_hw/microblaze_0/standalone_domain/bsp/system.mss
TRACE::2024-10-28.15:41:02::SCWMssOS::DEBUG:  swdes dump  C:/Users/SUJIN/Desktop/sg_workspace/SoC_soc_24/vitis_SoC_24/Mblaze_keypad_pwm_hw/microblaze_0/standalone_domain/bsp/system.mss|system_0||
C:/Users/SUJIN/Desktop/sg_workspace/SoC_soc_24/vitis_SoC_24/Mblaze_pwm_keypad/microblaze_0/standalone_domain/bsp/system.mss|system||

TRACE::2024-10-28.15:41:02::SCWMssOS::Sw design exists and opened at  C:/Users/SUJIN/Desktop/sg_workspace/SoC_soc_24/vitis_SoC_24/Mblaze_keypad_pwm_hw/microblaze_0/standalone_domain/bsp/system.mss
TRACE::2024-10-28.15:41:02::SCWPlatform::Trying to open the hw design at C:/Users/SUJIN/Desktop/sg_workspace/SoC_soc_24/vitis_SoC_24/Mblaze_keypad_pwm_hw/hw/Mblaze_keypad_pwm_wrapper.xsa
TRACE::2024-10-28.15:41:02::SCWPlatform::DSA given C:/Users/SUJIN/Desktop/sg_workspace/SoC_soc_24/vitis_SoC_24/Mblaze_keypad_pwm_hw/hw/Mblaze_keypad_pwm_wrapper.xsa
TRACE::2024-10-28.15:41:02::SCWPlatform::DSA absoulate path C:/Users/SUJIN/Desktop/sg_workspace/SoC_soc_24/vitis_SoC_24/Mblaze_keypad_pwm_hw/hw/Mblaze_keypad_pwm_wrapper.xsa
TRACE::2024-10-28.15:41:02::SCWPlatform::DSA directory C:/Users/SUJIN/Desktop/sg_workspace/SoC_soc_24/vitis_SoC_24/Mblaze_keypad_pwm_hw/hw
TRACE::2024-10-28.15:41:02::SCWPlatform:: Platform Path C:/Users/SUJIN/Desktop/sg_workspace/SoC_soc_24/vitis_SoC_24/Mblaze_keypad_pwm_hw/hw/Mblaze_keypad_pwm_wrapper.xsa
TRACE::2024-10-28.15:41:02::SCWPlatform:: Unique name xilinx:basys3::0.0
TRACE::2024-10-28.15:41:02::SCWPlatform::Trying to set the existing hwdb with name Mblaze_keypad_pwm_wrapper_1
TRACE::2024-10-28.15:41:02::SCWPlatform::Opened existing hwdb Mblaze_keypad_pwm_wrapper_1
TRACE::2024-10-28.15:41:02::SCWPlatform::Found the Hw Db part of the input DSA
TRACE::2024-10-28.15:41:02::SCWMssOS::Checking the sw design at  C:/Users/SUJIN/Desktop/sg_workspace/SoC_soc_24/vitis_SoC_24/Mblaze_keypad_pwm_hw/microblaze_0/standalone_domain/bsp/system.mss
TRACE::2024-10-28.15:41:02::SCWMssOS::DEBUG:  swdes dump  C:/Users/SUJIN/Desktop/sg_workspace/SoC_soc_24/vitis_SoC_24/Mblaze_keypad_pwm_hw/microblaze_0/standalone_domain/bsp/system.mss|system_0||
C:/Users/SUJIN/Desktop/sg_workspace/SoC_soc_24/vitis_SoC_24/Mblaze_pwm_keypad/microblaze_0/standalone_domain/bsp/system.mss|system||

TRACE::2024-10-28.15:41:02::SCWMssOS::Sw design exists and opened at  C:/Users/SUJIN/Desktop/sg_workspace/SoC_soc_24/vitis_SoC_24/Mblaze_keypad_pwm_hw/microblaze_0/standalone_domain/bsp/system.mss
TRACE::2024-10-28.15:41:02::SCWPlatform::Trying to open the hw design at C:/Users/SUJIN/Desktop/sg_workspace/SoC_soc_24/vitis_SoC_24/Mblaze_keypad_pwm_hw/hw/Mblaze_keypad_pwm_wrapper.xsa
TRACE::2024-10-28.15:41:02::SCWPlatform::DSA given C:/Users/SUJIN/Desktop/sg_workspace/SoC_soc_24/vitis_SoC_24/Mblaze_keypad_pwm_hw/hw/Mblaze_keypad_pwm_wrapper.xsa
TRACE::2024-10-28.15:41:02::SCWPlatform::DSA absoulate path C:/Users/SUJIN/Desktop/sg_workspace/SoC_soc_24/vitis_SoC_24/Mblaze_keypad_pwm_hw/hw/Mblaze_keypad_pwm_wrapper.xsa
TRACE::2024-10-28.15:41:02::SCWPlatform::DSA directory C:/Users/SUJIN/Desktop/sg_workspace/SoC_soc_24/vitis_SoC_24/Mblaze_keypad_pwm_hw/hw
TRACE::2024-10-28.15:41:02::SCWPlatform:: Platform Path C:/Users/SUJIN/Desktop/sg_workspace/SoC_soc_24/vitis_SoC_24/Mblaze_keypad_pwm_hw/hw/Mblaze_keypad_pwm_wrapper.xsa
TRACE::2024-10-28.15:41:02::SCWPlatform:: Unique name xilinx:basys3::0.0
TRACE::2024-10-28.15:41:02::SCWPlatform::Trying to set the existing hwdb with name Mblaze_keypad_pwm_wrapper_1
TRACE::2024-10-28.15:41:02::SCWPlatform::Opened existing hwdb Mblaze_keypad_pwm_wrapper_1
TRACE::2024-10-28.15:41:02::SCWPlatform::Found the Hw Db part of the input DSA
TRACE::2024-10-28.15:41:02::SCWMssOS::Checking the sw design at  C:/Users/SUJIN/Desktop/sg_workspace/SoC_soc_24/vitis_SoC_24/Mblaze_keypad_pwm_hw/microblaze_0/standalone_domain/bsp/system.mss
TRACE::2024-10-28.15:41:02::SCWMssOS::DEBUG:  swdes dump  C:/Users/SUJIN/Desktop/sg_workspace/SoC_soc_24/vitis_SoC_24/Mblaze_keypad_pwm_hw/microblaze_0/standalone_domain/bsp/system.mss|system_0||
C:/Users/SUJIN/Desktop/sg_workspace/SoC_soc_24/vitis_SoC_24/Mblaze_pwm_keypad/microblaze_0/standalone_domain/bsp/system.mss|system||

TRACE::2024-10-28.15:41:02::SCWMssOS::Sw design exists and opened at  C:/Users/SUJIN/Desktop/sg_workspace/SoC_soc_24/vitis_SoC_24/Mblaze_keypad_pwm_hw/microblaze_0/standalone_domain/bsp/system.mss
TRACE::2024-10-28.15:41:02::SCWPlatform::Trying to open the hw design at C:/Users/SUJIN/Desktop/sg_workspace/SoC_soc_24/vitis_SoC_24/Mblaze_keypad_pwm_hw/hw/Mblaze_keypad_pwm_wrapper.xsa
TRACE::2024-10-28.15:41:02::SCWPlatform::DSA given C:/Users/SUJIN/Desktop/sg_workspace/SoC_soc_24/vitis_SoC_24/Mblaze_keypad_pwm_hw/hw/Mblaze_keypad_pwm_wrapper.xsa
TRACE::2024-10-28.15:41:02::SCWPlatform::DSA absoulate path C:/Users/SUJIN/Desktop/sg_workspace/SoC_soc_24/vitis_SoC_24/Mblaze_keypad_pwm_hw/hw/Mblaze_keypad_pwm_wrapper.xsa
TRACE::2024-10-28.15:41:02::SCWPlatform::DSA directory C:/Users/SUJIN/Desktop/sg_workspace/SoC_soc_24/vitis_SoC_24/Mblaze_keypad_pwm_hw/hw
TRACE::2024-10-28.15:41:02::SCWPlatform:: Platform Path C:/Users/SUJIN/Desktop/sg_workspace/SoC_soc_24/vitis_SoC_24/Mblaze_keypad_pwm_hw/hw/Mblaze_keypad_pwm_wrapper.xsa
TRACE::2024-10-28.15:41:02::SCWPlatform:: Unique name xilinx:basys3::0.0
TRACE::2024-10-28.15:41:02::SCWPlatform::Trying to set the existing hwdb with name Mblaze_keypad_pwm_wrapper_1
TRACE::2024-10-28.15:41:02::SCWPlatform::Opened existing hwdb Mblaze_keypad_pwm_wrapper_1
TRACE::2024-10-28.15:41:02::SCWPlatform::Found the Hw Db part of the input DSA
TRACE::2024-10-28.15:41:02::SCWMssOS::Checking the sw design at  C:/Users/SUJIN/Desktop/sg_workspace/SoC_soc_24/vitis_SoC_24/Mblaze_keypad_pwm_hw/microblaze_0/standalone_domain/bsp/system.mss
TRACE::2024-10-28.15:41:02::SCWMssOS::DEBUG:  swdes dump  C:/Users/SUJIN/Desktop/sg_workspace/SoC_soc_24/vitis_SoC_24/Mblaze_keypad_pwm_hw/microblaze_0/standalone_domain/bsp/system.mss|system_0||
C:/Users/SUJIN/Desktop/sg_workspace/SoC_soc_24/vitis_SoC_24/Mblaze_pwm_keypad/microblaze_0/standalone_domain/bsp/system.mss|system||

TRACE::2024-10-28.15:41:02::SCWMssOS::Sw design exists and opened at  C:/Users/SUJIN/Desktop/sg_workspace/SoC_soc_24/vitis_SoC_24/Mblaze_keypad_pwm_hw/microblaze_0/standalone_domain/bsp/system.mss
TRACE::2024-10-28.15:41:02::SCWPlatform::Trying to open the hw design at C:/Users/SUJIN/Desktop/sg_workspace/SoC_soc_24/vitis_SoC_24/Mblaze_keypad_pwm_hw/hw/Mblaze_keypad_pwm_wrapper.xsa
TRACE::2024-10-28.15:41:02::SCWPlatform::DSA given C:/Users/SUJIN/Desktop/sg_workspace/SoC_soc_24/vitis_SoC_24/Mblaze_keypad_pwm_hw/hw/Mblaze_keypad_pwm_wrapper.xsa
TRACE::2024-10-28.15:41:02::SCWPlatform::DSA absoulate path C:/Users/SUJIN/Desktop/sg_workspace/SoC_soc_24/vitis_SoC_24/Mblaze_keypad_pwm_hw/hw/Mblaze_keypad_pwm_wrapper.xsa
TRACE::2024-10-28.15:41:02::SCWPlatform::DSA directory C:/Users/SUJIN/Desktop/sg_workspace/SoC_soc_24/vitis_SoC_24/Mblaze_keypad_pwm_hw/hw
TRACE::2024-10-28.15:41:02::SCWPlatform:: Platform Path C:/Users/SUJIN/Desktop/sg_workspace/SoC_soc_24/vitis_SoC_24/Mblaze_keypad_pwm_hw/hw/Mblaze_keypad_pwm_wrapper.xsa
TRACE::2024-10-28.15:41:02::SCWPlatform:: Unique name xilinx:basys3::0.0
TRACE::2024-10-28.15:41:02::SCWPlatform::Trying to set the existing hwdb with name Mblaze_keypad_pwm_wrapper_1
TRACE::2024-10-28.15:41:02::SCWPlatform::Opened existing hwdb Mblaze_keypad_pwm_wrapper_1
TRACE::2024-10-28.15:41:02::SCWPlatform::Found the Hw Db part of the input DSA
TRACE::2024-10-28.15:41:02::SCWMssOS::Checking the sw design at  C:/Users/SUJIN/Desktop/sg_workspace/SoC_soc_24/vitis_SoC_24/Mblaze_keypad_pwm_hw/microblaze_0/standalone_domain/bsp/system.mss
TRACE::2024-10-28.15:41:02::SCWMssOS::DEBUG:  swdes dump  C:/Users/SUJIN/Desktop/sg_workspace/SoC_soc_24/vitis_SoC_24/Mblaze_keypad_pwm_hw/microblaze_0/standalone_domain/bsp/system.mss|system_0||
C:/Users/SUJIN/Desktop/sg_workspace/SoC_soc_24/vitis_SoC_24/Mblaze_pwm_keypad/microblaze_0/standalone_domain/bsp/system.mss|system||

TRACE::2024-10-28.15:41:02::SCWMssOS::Sw design exists and opened at  C:/Users/SUJIN/Desktop/sg_workspace/SoC_soc_24/vitis_SoC_24/Mblaze_keypad_pwm_hw/microblaze_0/standalone_domain/bsp/system.mss
TRACE::2024-10-28.15:41:02::SCWPlatform::Trying to open the hw design at C:/Users/SUJIN/Desktop/sg_workspace/SoC_soc_24/vitis_SoC_24/Mblaze_keypad_pwm_hw/hw/Mblaze_keypad_pwm_wrapper.xsa
TRACE::2024-10-28.15:41:02::SCWPlatform::DSA given C:/Users/SUJIN/Desktop/sg_workspace/SoC_soc_24/vitis_SoC_24/Mblaze_keypad_pwm_hw/hw/Mblaze_keypad_pwm_wrapper.xsa
TRACE::2024-10-28.15:41:02::SCWPlatform::DSA absoulate path C:/Users/SUJIN/Desktop/sg_workspace/SoC_soc_24/vitis_SoC_24/Mblaze_keypad_pwm_hw/hw/Mblaze_keypad_pwm_wrapper.xsa
TRACE::2024-10-28.15:41:02::SCWPlatform::DSA directory C:/Users/SUJIN/Desktop/sg_workspace/SoC_soc_24/vitis_SoC_24/Mblaze_keypad_pwm_hw/hw
TRACE::2024-10-28.15:41:02::SCWPlatform:: Platform Path C:/Users/SUJIN/Desktop/sg_workspace/SoC_soc_24/vitis_SoC_24/Mblaze_keypad_pwm_hw/hw/Mblaze_keypad_pwm_wrapper.xsa
TRACE::2024-10-28.15:41:02::SCWPlatform:: Unique name xilinx:basys3::0.0
TRACE::2024-10-28.15:41:02::SCWPlatform::Trying to set the existing hwdb with name Mblaze_keypad_pwm_wrapper_1
TRACE::2024-10-28.15:41:02::SCWPlatform::Opened existing hwdb Mblaze_keypad_pwm_wrapper_1
TRACE::2024-10-28.15:41:02::SCWPlatform::Found the Hw Db part of the input DSA
TRACE::2024-10-28.15:41:02::SCWMssOS::Checking the sw design at  C:/Users/SUJIN/Desktop/sg_workspace/SoC_soc_24/vitis_SoC_24/Mblaze_keypad_pwm_hw/microblaze_0/standalone_domain/bsp/system.mss
TRACE::2024-10-28.15:41:02::SCWMssOS::DEBUG:  swdes dump  C:/Users/SUJIN/Desktop/sg_workspace/SoC_soc_24/vitis_SoC_24/Mblaze_keypad_pwm_hw/microblaze_0/standalone_domain/bsp/system.mss|system_0||
C:/Users/SUJIN/Desktop/sg_workspace/SoC_soc_24/vitis_SoC_24/Mblaze_pwm_keypad/microblaze_0/standalone_domain/bsp/system.mss|system||

TRACE::2024-10-28.15:41:02::SCWMssOS::Sw design exists and opened at  C:/Users/SUJIN/Desktop/sg_workspace/SoC_soc_24/vitis_SoC_24/Mblaze_keypad_pwm_hw/microblaze_0/standalone_domain/bsp/system.mss
TRACE::2024-10-28.15:41:02::SCWWriter::formatted JSON is {
	"platformName":	"Mblaze_keypad_pwm_hw",
	"sprVersion":	"2.0",
	"mode":	"gui",
	"dsaType":	"Fixed",
	"platformDesc":	"Mblaze_keypad_pwm_hw",
	"platHandOff":	"C:/Users/SUJIN/Desktop/sg_workspace/SoC_soc_24/Mblaze_keypad_pwm_wrapper.xsa",
	"platIntHandOff":	"<platformDir>/hw/Mblaze_keypad_pwm_wrapper.xsa",
	"deviceType":	"FPGA",
	"platIsPrebuiltAutogen":	"false",
	"platIsNoBootBsp":	"false",
	"hasFsblMakeHasChanges":	"false",
	"hasPmufwMakeHasChanges":	"false",
	"platPreBuiltFlag":	false,
	"platformSamplesDir":	"",
	"platActiveSys":	"Mblaze_keypad_pwm_hw",
	"systems":	[{
			"systemName":	"Mblaze_keypad_pwm_hw",
			"systemDesc":	"Mblaze_keypad_pwm_hw",
			"sysIsBootAutoGen":	"true",
			"systemDispName":	"Mblaze_keypad_pwm_hw",
			"sysActiveDom":	"standalone_domain",
			"sysDefaultDom":	"standalone_domain",
			"domains":	[{
					"domainName":	"standalone_domain",
					"domainDispName":	"standalone on microblaze_0",
					"domainDesc":	"standalone_domain",
					"processors":	"microblaze_0",
					"os":	"standalone",
					"sdxOs":	"standalone",
					"debugEnable":	"False",
					"domRuntimes":	["cpp"],
					"swRepo":	"",
					"mssOsVer":	"7.1",
					"mssFile":	"",
					"md5Digest":	"d3e24e5ee02f6b6e7b521aeb995ff49f",
					"compatibleApp":	"",
					"domType":	"mssDomain",
					"appSettings":	{
						"appCompilerFlags":	"",
						"appLinkerFlags":	""
					},
					"addedLibs":	[],
					"libOptions":	{
						"libsContainingOptions":	[]
					},
					"prebuiltLibs":	{
						"prebuiltIncPath":	[],
						"prebuiltLibPath":	[]
					},
					"isolation":	{
					}
				}]
		}]
}
TRACE::2024-10-28.15:41:02::SCWPlatform::Trying to open the hw design at C:/Users/SUJIN/Desktop/sg_workspace/SoC_soc_24/vitis_SoC_24/Mblaze_keypad_pwm_hw/hw/Mblaze_keypad_pwm_wrapper.xsa
TRACE::2024-10-28.15:41:02::SCWPlatform::DSA given C:/Users/SUJIN/Desktop/sg_workspace/SoC_soc_24/vitis_SoC_24/Mblaze_keypad_pwm_hw/hw/Mblaze_keypad_pwm_wrapper.xsa
TRACE::2024-10-28.15:41:02::SCWPlatform::DSA absoulate path C:/Users/SUJIN/Desktop/sg_workspace/SoC_soc_24/vitis_SoC_24/Mblaze_keypad_pwm_hw/hw/Mblaze_keypad_pwm_wrapper.xsa
TRACE::2024-10-28.15:41:02::SCWPlatform::DSA directory C:/Users/SUJIN/Desktop/sg_workspace/SoC_soc_24/vitis_SoC_24/Mblaze_keypad_pwm_hw/hw
TRACE::2024-10-28.15:41:02::SCWPlatform:: Platform Path C:/Users/SUJIN/Desktop/sg_workspace/SoC_soc_24/vitis_SoC_24/Mblaze_keypad_pwm_hw/hw/Mblaze_keypad_pwm_wrapper.xsa
TRACE::2024-10-28.15:41:02::SCWPlatform:: Unique name xilinx:basys3::0.0
TRACE::2024-10-28.15:41:02::SCWPlatform::Trying to set the existing hwdb with name Mblaze_keypad_pwm_wrapper_1
TRACE::2024-10-28.15:41:02::SCWPlatform::Opened existing hwdb Mblaze_keypad_pwm_wrapper_1
TRACE::2024-10-28.15:41:02::SCWPlatform::Found the Hw Db part of the input DSA
TRACE::2024-10-28.15:41:02::SCWMssOS::Checking the sw design at  C:/Users/SUJIN/Desktop/sg_workspace/SoC_soc_24/vitis_SoC_24/Mblaze_keypad_pwm_hw/microblaze_0/standalone_domain/bsp/system.mss
TRACE::2024-10-28.15:41:02::SCWMssOS::DEBUG:  swdes dump  C:/Users/SUJIN/Desktop/sg_workspace/SoC_soc_24/vitis_SoC_24/Mblaze_keypad_pwm_hw/microblaze_0/standalone_domain/bsp/system.mss|system_0||
C:/Users/SUJIN/Desktop/sg_workspace/SoC_soc_24/vitis_SoC_24/Mblaze_pwm_keypad/microblaze_0/standalone_domain/bsp/system.mss|system||

TRACE::2024-10-28.15:41:02::SCWMssOS::Sw design exists and opened at  C:/Users/SUJIN/Desktop/sg_workspace/SoC_soc_24/vitis_SoC_24/Mblaze_keypad_pwm_hw/microblaze_0/standalone_domain/bsp/system.mss
TRACE::2024-10-28.15:41:02::SCWPlatform::Trying to open the hw design at C:/Users/SUJIN/Desktop/sg_workspace/SoC_soc_24/vitis_SoC_24/Mblaze_keypad_pwm_hw/hw/Mblaze_keypad_pwm_wrapper.xsa
TRACE::2024-10-28.15:41:02::SCWPlatform::DSA given C:/Users/SUJIN/Desktop/sg_workspace/SoC_soc_24/vitis_SoC_24/Mblaze_keypad_pwm_hw/hw/Mblaze_keypad_pwm_wrapper.xsa
TRACE::2024-10-28.15:41:02::SCWPlatform::DSA absoulate path C:/Users/SUJIN/Desktop/sg_workspace/SoC_soc_24/vitis_SoC_24/Mblaze_keypad_pwm_hw/hw/Mblaze_keypad_pwm_wrapper.xsa
TRACE::2024-10-28.15:41:02::SCWPlatform::DSA directory C:/Users/SUJIN/Desktop/sg_workspace/SoC_soc_24/vitis_SoC_24/Mblaze_keypad_pwm_hw/hw
TRACE::2024-10-28.15:41:02::SCWPlatform:: Platform Path C:/Users/SUJIN/Desktop/sg_workspace/SoC_soc_24/vitis_SoC_24/Mblaze_keypad_pwm_hw/hw/Mblaze_keypad_pwm_wrapper.xsa
TRACE::2024-10-28.15:41:02::SCWPlatform:: Unique name xilinx:basys3::0.0
TRACE::2024-10-28.15:41:02::SCWPlatform::Trying to set the existing hwdb with name Mblaze_keypad_pwm_wrapper_1
TRACE::2024-10-28.15:41:02::SCWPlatform::Opened existing hwdb Mblaze_keypad_pwm_wrapper_1
TRACE::2024-10-28.15:41:02::SCWPlatform::Found the Hw Db part of the input DSA
TRACE::2024-10-28.15:41:02::SCWMssOS::Checking the sw design at  C:/Users/SUJIN/Desktop/sg_workspace/SoC_soc_24/vitis_SoC_24/Mblaze_keypad_pwm_hw/microblaze_0/standalone_domain/bsp/system.mss
TRACE::2024-10-28.15:41:02::SCWMssOS::DEBUG:  swdes dump  C:/Users/SUJIN/Desktop/sg_workspace/SoC_soc_24/vitis_SoC_24/Mblaze_keypad_pwm_hw/microblaze_0/standalone_domain/bsp/system.mss|system_0||
C:/Users/SUJIN/Desktop/sg_workspace/SoC_soc_24/vitis_SoC_24/Mblaze_pwm_keypad/microblaze_0/standalone_domain/bsp/system.mss|system||

TRACE::2024-10-28.15:41:02::SCWMssOS::Sw design exists and opened at  C:/Users/SUJIN/Desktop/sg_workspace/SoC_soc_24/vitis_SoC_24/Mblaze_keypad_pwm_hw/microblaze_0/standalone_domain/bsp/system.mss
TRACE::2024-10-28.15:41:02::SCWPlatform::Trying to open the hw design at C:/Users/SUJIN/Desktop/sg_workspace/SoC_soc_24/vitis_SoC_24/Mblaze_keypad_pwm_hw/hw/Mblaze_keypad_pwm_wrapper.xsa
TRACE::2024-10-28.15:41:02::SCWPlatform::DSA given C:/Users/SUJIN/Desktop/sg_workspace/SoC_soc_24/vitis_SoC_24/Mblaze_keypad_pwm_hw/hw/Mblaze_keypad_pwm_wrapper.xsa
TRACE::2024-10-28.15:41:02::SCWPlatform::DSA absoulate path C:/Users/SUJIN/Desktop/sg_workspace/SoC_soc_24/vitis_SoC_24/Mblaze_keypad_pwm_hw/hw/Mblaze_keypad_pwm_wrapper.xsa
TRACE::2024-10-28.15:41:02::SCWPlatform::DSA directory C:/Users/SUJIN/Desktop/sg_workspace/SoC_soc_24/vitis_SoC_24/Mblaze_keypad_pwm_hw/hw
TRACE::2024-10-28.15:41:02::SCWPlatform:: Platform Path C:/Users/SUJIN/Desktop/sg_workspace/SoC_soc_24/vitis_SoC_24/Mblaze_keypad_pwm_hw/hw/Mblaze_keypad_pwm_wrapper.xsa
TRACE::2024-10-28.15:41:02::SCWPlatform:: Unique name xilinx:basys3::0.0
TRACE::2024-10-28.15:41:02::SCWPlatform::Trying to set the existing hwdb with name Mblaze_keypad_pwm_wrapper_1
TRACE::2024-10-28.15:41:02::SCWPlatform::Opened existing hwdb Mblaze_keypad_pwm_wrapper_1
TRACE::2024-10-28.15:41:02::SCWPlatform::Found the Hw Db part of the input DSA
TRACE::2024-10-28.15:41:02::SCWMssOS::Checking the sw design at  C:/Users/SUJIN/Desktop/sg_workspace/SoC_soc_24/vitis_SoC_24/Mblaze_keypad_pwm_hw/microblaze_0/standalone_domain/bsp/system.mss
TRACE::2024-10-28.15:41:02::SCWMssOS::DEBUG:  swdes dump  C:/Users/SUJIN/Desktop/sg_workspace/SoC_soc_24/vitis_SoC_24/Mblaze_keypad_pwm_hw/microblaze_0/standalone_domain/bsp/system.mss|system_0||
C:/Users/SUJIN/Desktop/sg_workspace/SoC_soc_24/vitis_SoC_24/Mblaze_pwm_keypad/microblaze_0/standalone_domain/bsp/system.mss|system||

TRACE::2024-10-28.15:41:02::SCWMssOS::Sw design exists and opened at  C:/Users/SUJIN/Desktop/sg_workspace/SoC_soc_24/vitis_SoC_24/Mblaze_keypad_pwm_hw/microblaze_0/standalone_domain/bsp/system.mss
TRACE::2024-10-28.15:41:02::SCWWriter::formatted JSON is {
	"platformName":	"Mblaze_keypad_pwm_hw",
	"sprVersion":	"2.0",
	"mode":	"gui",
	"dsaType":	"Fixed",
	"platformDesc":	"Mblaze_keypad_pwm_hw",
	"platHandOff":	"C:/Users/SUJIN/Desktop/sg_workspace/SoC_soc_24/Mblaze_keypad_pwm_wrapper.xsa",
	"platIntHandOff":	"<platformDir>/hw/Mblaze_keypad_pwm_wrapper.xsa",
	"deviceType":	"FPGA",
	"platIsPrebuiltAutogen":	"false",
	"platIsNoBootBsp":	"false",
	"hasFsblMakeHasChanges":	"false",
	"hasPmufwMakeHasChanges":	"false",
	"platPreBuiltFlag":	false,
	"platformSamplesDir":	"",
	"platActiveSys":	"Mblaze_keypad_pwm_hw",
	"systems":	[{
			"systemName":	"Mblaze_keypad_pwm_hw",
			"systemDesc":	"Mblaze_keypad_pwm_hw",
			"sysIsBootAutoGen":	"true",
			"systemDispName":	"Mblaze_keypad_pwm_hw",
			"sysActiveDom":	"standalone_domain",
			"sysDefaultDom":	"standalone_domain",
			"domains":	[{
					"domainName":	"standalone_domain",
					"domainDispName":	"standalone on microblaze_0",
					"domainDesc":	"standalone_domain",
					"processors":	"microblaze_0",
					"os":	"standalone",
					"sdxOs":	"standalone",
					"debugEnable":	"False",
					"domRuntimes":	["cpp"],
					"swRepo":	"",
					"mssOsVer":	"7.1",
					"mssFile":	"",
					"md5Digest":	"d3e24e5ee02f6b6e7b521aeb995ff49f",
					"compatibleApp":	"",
					"domType":	"mssDomain",
					"appSettings":	{
						"appCompilerFlags":	"",
						"appLinkerFlags":	""
					},
					"addedLibs":	[],
					"libOptions":	{
						"libsContainingOptions":	[]
					},
					"prebuiltLibs":	{
						"prebuiltIncPath":	[],
						"prebuiltLibPath":	[]
					},
					"isolation":	{
					}
				}]
		}]
}
TRACE::2024-10-28.15:41:02::SCWPlatform::Clearing the existing platform
TRACE::2024-10-28.15:41:02::SCWSystem::Clearing the existing sysconfig
TRACE::2024-10-28.15:41:02::SCWMssOS::Removing the swdes entry for  C:/Users/SUJIN/Desktop/sg_workspace/SoC_soc_24/vitis_SoC_24/Mblaze_keypad_pwm_hw/microblaze_0/standalone_domain/bsp/system.mss
TRACE::2024-10-28.15:41:03::SCWSystem::Clearing the domains completed.
TRACE::2024-10-28.15:41:03::SCWPlatform::Clearing the opened hw db.
TRACE::2024-10-28.15:41:03::SCWPlatform::DSA given C:/Users/SUJIN/Desktop/sg_workspace/SoC_soc_24/vitis_SoC_24/Mblaze_keypad_pwm_hw/hw/Mblaze_keypad_pwm_wrapper.xsa
TRACE::2024-10-28.15:41:03::SCWPlatform::DSA absoulate path C:/Users/SUJIN/Desktop/sg_workspace/SoC_soc_24/vitis_SoC_24/Mblaze_keypad_pwm_hw/hw/Mblaze_keypad_pwm_wrapper.xsa
TRACE::2024-10-28.15:41:03::SCWPlatform:: Platform location is C:/Users/SUJIN/Desktop/sg_workspace/SoC_soc_24/vitis_SoC_24/Mblaze_keypad_pwm_hw/hw
TRACE::2024-10-28.15:41:03::SCWPlatform:: Platform Path C:/Users/SUJIN/Desktop/sg_workspace/SoC_soc_24/vitis_SoC_24/Mblaze_keypad_pwm_hw/hw/Mblaze_keypad_pwm_wrapper.xsa
TRACE::2024-10-28.15:41:03::SCWPlatform:: Unique name xilinx:basys3::0.0
TRACE::2024-10-28.15:41:03::SCWPlatform::Removing the HwDB with name C:/Users/SUJIN/Desktop/sg_workspace/SoC_soc_24/vitis_SoC_24/Mblaze_keypad_pwm_hw/hw/Mblaze_keypad_pwm_wrapper.xsa
TRACE::2024-10-28.15:41:03::SCWPlatform::Trying to open the hw design at C:/Users/SUJIN/Desktop/sg_workspace/SoC_soc_24/vitis_SoC_24/Mblaze_keypad_pwm_hw/hw/Mblaze_keypad_pwm_wrapper.xsa
TRACE::2024-10-28.15:41:03::SCWPlatform::DSA given C:/Users/SUJIN/Desktop/sg_workspace/SoC_soc_24/vitis_SoC_24/Mblaze_keypad_pwm_hw/hw/Mblaze_keypad_pwm_wrapper.xsa
TRACE::2024-10-28.15:41:03::SCWPlatform::DSA absoulate path C:/Users/SUJIN/Desktop/sg_workspace/SoC_soc_24/vitis_SoC_24/Mblaze_keypad_pwm_hw/hw/Mblaze_keypad_pwm_wrapper.xsa
TRACE::2024-10-28.15:41:03::SCWPlatform::DSA directory C:/Users/SUJIN/Desktop/sg_workspace/SoC_soc_24/vitis_SoC_24/Mblaze_keypad_pwm_hw/hw
TRACE::2024-10-28.15:41:03::SCWPlatform:: Platform Path C:/Users/SUJIN/Desktop/sg_workspace/SoC_soc_24/vitis_SoC_24/Mblaze_keypad_pwm_hw/hw/Mblaze_keypad_pwm_wrapper.xsa
TRACE::2024-10-28.15:41:03::SCWPlatform:: Unique name xilinx:basys3::0.0
TRACE::2024-10-28.15:41:03::SCWPlatform::Do not have an existing db opened. 
TRACE::2024-10-28.15:41:03::SCWPlatform::Opened new HwDB with name Mblaze_keypad_pwm_wrapper_2
TRACE::2024-10-28.15:41:03::SCWReader::Active system found as  Mblaze_keypad_pwm_hw
TRACE::2024-10-28.15:41:03::SCWReader::Handling sysconfig Mblaze_keypad_pwm_hw
TRACE::2024-10-28.15:41:03::SCWDomain::checking for install qemu data   : 
TRACE::2024-10-28.15:41:03::SCWPlatform::Trying to open the hw design at C:/Users/SUJIN/Desktop/sg_workspace/SoC_soc_24/vitis_SoC_24/Mblaze_keypad_pwm_hw/hw/Mblaze_keypad_pwm_wrapper.xsa
TRACE::2024-10-28.15:41:03::SCWPlatform::DSA given C:/Users/SUJIN/Desktop/sg_workspace/SoC_soc_24/vitis_SoC_24/Mblaze_keypad_pwm_hw/hw/Mblaze_keypad_pwm_wrapper.xsa
TRACE::2024-10-28.15:41:03::SCWPlatform::DSA absoulate path C:/Users/SUJIN/Desktop/sg_workspace/SoC_soc_24/vitis_SoC_24/Mblaze_keypad_pwm_hw/hw/Mblaze_keypad_pwm_wrapper.xsa
TRACE::2024-10-28.15:41:03::SCWPlatform::DSA directory C:/Users/SUJIN/Desktop/sg_workspace/SoC_soc_24/vitis_SoC_24/Mblaze_keypad_pwm_hw/hw
TRACE::2024-10-28.15:41:03::SCWPlatform:: Platform Path C:/Users/SUJIN/Desktop/sg_workspace/SoC_soc_24/vitis_SoC_24/Mblaze_keypad_pwm_hw/hw/Mblaze_keypad_pwm_wrapper.xsa
TRACE::2024-10-28.15:41:03::SCWPlatform:: Unique name xilinx:basys3::0.0
TRACE::2024-10-28.15:41:03::SCWPlatform::Trying to set the existing hwdb with name Mblaze_keypad_pwm_wrapper_2
TRACE::2024-10-28.15:41:03::SCWPlatform::Opened existing hwdb Mblaze_keypad_pwm_wrapper_2
TRACE::2024-10-28.15:41:03::SCWPlatform::Found the Hw Db part of the input DSA
TRACE::2024-10-28.15:41:03::SCWPlatform::Trying to open the hw design at C:/Users/SUJIN/Desktop/sg_workspace/SoC_soc_24/vitis_SoC_24/Mblaze_keypad_pwm_hw/hw/Mblaze_keypad_pwm_wrapper.xsa
TRACE::2024-10-28.15:41:03::SCWPlatform::DSA given C:/Users/SUJIN/Desktop/sg_workspace/SoC_soc_24/vitis_SoC_24/Mblaze_keypad_pwm_hw/hw/Mblaze_keypad_pwm_wrapper.xsa
TRACE::2024-10-28.15:41:03::SCWPlatform::DSA absoulate path C:/Users/SUJIN/Desktop/sg_workspace/SoC_soc_24/vitis_SoC_24/Mblaze_keypad_pwm_hw/hw/Mblaze_keypad_pwm_wrapper.xsa
TRACE::2024-10-28.15:41:03::SCWPlatform::DSA directory C:/Users/SUJIN/Desktop/sg_workspace/SoC_soc_24/vitis_SoC_24/Mblaze_keypad_pwm_hw/hw
TRACE::2024-10-28.15:41:03::SCWPlatform:: Platform Path C:/Users/SUJIN/Desktop/sg_workspace/SoC_soc_24/vitis_SoC_24/Mblaze_keypad_pwm_hw/hw/Mblaze_keypad_pwm_wrapper.xsa
TRACE::2024-10-28.15:41:03::SCWPlatform:: Unique name xilinx:basys3::0.0
TRACE::2024-10-28.15:41:03::SCWPlatform::Trying to set the existing hwdb with name Mblaze_keypad_pwm_wrapper_2
TRACE::2024-10-28.15:41:03::SCWPlatform::Opened existing hwdb Mblaze_keypad_pwm_wrapper_2
TRACE::2024-10-28.15:41:03::SCWPlatform::Found the Hw Db part of the input DSA
TRACE::2024-10-28.15:41:03::SCWPlatform::Trying to open the hw design at C:/Users/SUJIN/Desktop/sg_workspace/SoC_soc_24/vitis_SoC_24/Mblaze_keypad_pwm_hw/hw/Mblaze_keypad_pwm_wrapper.xsa
TRACE::2024-10-28.15:41:03::SCWPlatform::DSA given C:/Users/SUJIN/Desktop/sg_workspace/SoC_soc_24/vitis_SoC_24/Mblaze_keypad_pwm_hw/hw/Mblaze_keypad_pwm_wrapper.xsa
TRACE::2024-10-28.15:41:03::SCWPlatform::DSA absoulate path C:/Users/SUJIN/Desktop/sg_workspace/SoC_soc_24/vitis_SoC_24/Mblaze_keypad_pwm_hw/hw/Mblaze_keypad_pwm_wrapper.xsa
TRACE::2024-10-28.15:41:03::SCWPlatform::DSA directory C:/Users/SUJIN/Desktop/sg_workspace/SoC_soc_24/vitis_SoC_24/Mblaze_keypad_pwm_hw/hw
TRACE::2024-10-28.15:41:03::SCWPlatform:: Platform Path C:/Users/SUJIN/Desktop/sg_workspace/SoC_soc_24/vitis_SoC_24/Mblaze_keypad_pwm_hw/hw/Mblaze_keypad_pwm_wrapper.xsa
TRACE::2024-10-28.15:41:03::SCWPlatform:: Unique name xilinx:basys3::0.0
TRACE::2024-10-28.15:41:03::SCWPlatform::Trying to set the existing hwdb with name Mblaze_keypad_pwm_wrapper_2
TRACE::2024-10-28.15:41:03::SCWPlatform::Opened existing hwdb Mblaze_keypad_pwm_wrapper_2
TRACE::2024-10-28.15:41:03::SCWPlatform::Found the Hw Db part of the input DSA
TRACE::2024-10-28.15:41:03::SCWMssOS::Checking the sw design at  C:/Users/SUJIN/Desktop/sg_workspace/SoC_soc_24/vitis_SoC_24/Mblaze_keypad_pwm_hw/microblaze_0/standalone_domain/bsp/system.mss
TRACE::2024-10-28.15:41:03::SCWMssOS::DEBUG:  swdes dump  C:/Users/SUJIN/Desktop/sg_workspace/SoC_soc_24/vitis_SoC_24/Mblaze_pwm_keypad/microblaze_0/standalone_domain/bsp/system.mss|system||

TRACE::2024-10-28.15:41:03::SCWMssOS::No sw design opened at  C:/Users/SUJIN/Desktop/sg_workspace/SoC_soc_24/vitis_SoC_24/Mblaze_keypad_pwm_hw/microblaze_0/standalone_domain/bsp/system.mss
TRACE::2024-10-28.15:41:03::SCWMssOS::mss exists loading the mss file  C:/Users/SUJIN/Desktop/sg_workspace/SoC_soc_24/vitis_SoC_24/Mblaze_keypad_pwm_hw/microblaze_0/standalone_domain/bsp/system.mss
TRACE::2024-10-28.15:41:03::SCWMssOS::Opened the sw design from mss  C:/Users/SUJIN/Desktop/sg_workspace/SoC_soc_24/vitis_SoC_24/Mblaze_keypad_pwm_hw/microblaze_0/standalone_domain/bsp/system.mss
TRACE::2024-10-28.15:41:03::SCWMssOS::Adding the swdes entry C:/Users/SUJIN/Desktop/sg_workspace/SoC_soc_24/vitis_SoC_24/Mblaze_keypad_pwm_hw/microblaze_0/standalone_domain/bsp/system.mss with des name system_0
TRACE::2024-10-28.15:41:03::SCWMssOS::updating the scw layer about changes
TRACE::2024-10-28.15:41:03::SCWMssOS::Opened the sw design.  C:/Users/SUJIN/Desktop/sg_workspace/SoC_soc_24/vitis_SoC_24/Mblaze_keypad_pwm_hw/microblaze_0/standalone_domain/bsp/system.mss
TRACE::2024-10-28.15:41:03::SCWReader::Adding prebuilt librarypaths as   
TRACE::2024-10-28.15:41:03::SCWReader::Adding prebuilt incpaths  as   
TRACE::2024-10-28.15:41:03::SCWPlatform::Trying to open the hw design at C:/Users/SUJIN/Desktop/sg_workspace/SoC_soc_24/vitis_SoC_24/Mblaze_keypad_pwm_hw/hw/Mblaze_keypad_pwm_wrapper.xsa
TRACE::2024-10-28.15:41:03::SCWPlatform::DSA given C:/Users/SUJIN/Desktop/sg_workspace/SoC_soc_24/vitis_SoC_24/Mblaze_keypad_pwm_hw/hw/Mblaze_keypad_pwm_wrapper.xsa
TRACE::2024-10-28.15:41:03::SCWPlatform::DSA absoulate path C:/Users/SUJIN/Desktop/sg_workspace/SoC_soc_24/vitis_SoC_24/Mblaze_keypad_pwm_hw/hw/Mblaze_keypad_pwm_wrapper.xsa
TRACE::2024-10-28.15:41:03::SCWPlatform::DSA directory C:/Users/SUJIN/Desktop/sg_workspace/SoC_soc_24/vitis_SoC_24/Mblaze_keypad_pwm_hw/hw
TRACE::2024-10-28.15:41:03::SCWPlatform:: Platform Path C:/Users/SUJIN/Desktop/sg_workspace/SoC_soc_24/vitis_SoC_24/Mblaze_keypad_pwm_hw/hw/Mblaze_keypad_pwm_wrapper.xsa
TRACE::2024-10-28.15:41:03::SCWPlatform:: Unique name xilinx:basys3::0.0
TRACE::2024-10-28.15:41:03::SCWPlatform::Trying to set the existing hwdb with name Mblaze_keypad_pwm_wrapper_2
TRACE::2024-10-28.15:41:03::SCWPlatform::Opened existing hwdb Mblaze_keypad_pwm_wrapper_2
TRACE::2024-10-28.15:41:03::SCWPlatform::Found the Hw Db part of the input DSA
TRACE::2024-10-28.15:41:03::SCWMssOS::Checking the sw design at  C:/Users/SUJIN/Desktop/sg_workspace/SoC_soc_24/vitis_SoC_24/Mblaze_keypad_pwm_hw/microblaze_0/standalone_domain/bsp/system.mss
TRACE::2024-10-28.15:41:03::SCWMssOS::DEBUG:  swdes dump  C:/Users/SUJIN/Desktop/sg_workspace/SoC_soc_24/vitis_SoC_24/Mblaze_keypad_pwm_hw/microblaze_0/standalone_domain/bsp/system.mss|system_0||
C:/Users/SUJIN/Desktop/sg_workspace/SoC_soc_24/vitis_SoC_24/Mblaze_pwm_keypad/microblaze_0/standalone_domain/bsp/system.mss|system||

TRACE::2024-10-28.15:41:03::SCWMssOS::Sw design exists and opened at  C:/Users/SUJIN/Desktop/sg_workspace/SoC_soc_24/vitis_SoC_24/Mblaze_keypad_pwm_hw/microblaze_0/standalone_domain/bsp/system.mss
TRACE::2024-10-28.15:41:03::SCWReader::No isolation master present  
TRACE::2024-10-28.15:41:03::SCWPlatform::Trying to open the hw design at C:/Users/SUJIN/Desktop/sg_workspace/SoC_soc_24/vitis_SoC_24/Mblaze_keypad_pwm_hw/hw/Mblaze_keypad_pwm_wrapper.xsa
TRACE::2024-10-28.15:41:03::SCWPlatform::DSA given C:/Users/SUJIN/Desktop/sg_workspace/SoC_soc_24/vitis_SoC_24/Mblaze_keypad_pwm_hw/hw/Mblaze_keypad_pwm_wrapper.xsa
TRACE::2024-10-28.15:41:03::SCWPlatform::DSA absoulate path C:/Users/SUJIN/Desktop/sg_workspace/SoC_soc_24/vitis_SoC_24/Mblaze_keypad_pwm_hw/hw/Mblaze_keypad_pwm_wrapper.xsa
TRACE::2024-10-28.15:41:03::SCWPlatform::DSA directory C:/Users/SUJIN/Desktop/sg_workspace/SoC_soc_24/vitis_SoC_24/Mblaze_keypad_pwm_hw/hw
TRACE::2024-10-28.15:41:03::SCWPlatform:: Platform Path C:/Users/SUJIN/Desktop/sg_workspace/SoC_soc_24/vitis_SoC_24/Mblaze_keypad_pwm_hw/hw/Mblaze_keypad_pwm_wrapper.xsa
TRACE::2024-10-28.15:41:03::SCWPlatform:: Unique name xilinx:basys3::0.0
TRACE::2024-10-28.15:41:03::SCWPlatform::Trying to set the existing hwdb with name Mblaze_keypad_pwm_wrapper_2
TRACE::2024-10-28.15:41:03::SCWPlatform::Opened existing hwdb Mblaze_keypad_pwm_wrapper_2
TRACE::2024-10-28.15:41:03::SCWPlatform::Found the Hw Db part of the input DSA
TRACE::2024-10-28.15:41:03::SCWMssOS::Checking the sw design at  C:/Users/SUJIN/Desktop/sg_workspace/SoC_soc_24/vitis_SoC_24/Mblaze_keypad_pwm_hw/microblaze_0/standalone_domain/bsp/system.mss
TRACE::2024-10-28.15:41:03::SCWMssOS::DEBUG:  swdes dump  C:/Users/SUJIN/Desktop/sg_workspace/SoC_soc_24/vitis_SoC_24/Mblaze_keypad_pwm_hw/microblaze_0/standalone_domain/bsp/system.mss|system_0||
C:/Users/SUJIN/Desktop/sg_workspace/SoC_soc_24/vitis_SoC_24/Mblaze_pwm_keypad/microblaze_0/standalone_domain/bsp/system.mss|system||

TRACE::2024-10-28.15:41:03::SCWMssOS::Sw design exists and opened at  C:/Users/SUJIN/Desktop/sg_workspace/SoC_soc_24/vitis_SoC_24/Mblaze_keypad_pwm_hw/microblaze_0/standalone_domain/bsp/system.mss
TRACE::2024-10-28.15:41:04::SCWMssOS::In reload Mss file.
TRACE::2024-10-28.15:41:04::SCWPlatform::Trying to open the hw design at C:/Users/SUJIN/Desktop/sg_workspace/SoC_soc_24/vitis_SoC_24/Mblaze_keypad_pwm_hw/hw/Mblaze_keypad_pwm_wrapper.xsa
TRACE::2024-10-28.15:41:04::SCWPlatform::DSA given C:/Users/SUJIN/Desktop/sg_workspace/SoC_soc_24/vitis_SoC_24/Mblaze_keypad_pwm_hw/hw/Mblaze_keypad_pwm_wrapper.xsa
TRACE::2024-10-28.15:41:04::SCWPlatform::DSA absoulate path C:/Users/SUJIN/Desktop/sg_workspace/SoC_soc_24/vitis_SoC_24/Mblaze_keypad_pwm_hw/hw/Mblaze_keypad_pwm_wrapper.xsa
TRACE::2024-10-28.15:41:04::SCWPlatform::DSA directory C:/Users/SUJIN/Desktop/sg_workspace/SoC_soc_24/vitis_SoC_24/Mblaze_keypad_pwm_hw/hw
TRACE::2024-10-28.15:41:04::SCWPlatform:: Platform Path C:/Users/SUJIN/Desktop/sg_workspace/SoC_soc_24/vitis_SoC_24/Mblaze_keypad_pwm_hw/hw/Mblaze_keypad_pwm_wrapper.xsa
TRACE::2024-10-28.15:41:04::SCWPlatform:: Unique name xilinx:basys3::0.0
TRACE::2024-10-28.15:41:04::SCWPlatform::Trying to set the existing hwdb with name Mblaze_keypad_pwm_wrapper_2
TRACE::2024-10-28.15:41:04::SCWPlatform::Opened existing hwdb Mblaze_keypad_pwm_wrapper_2
TRACE::2024-10-28.15:41:04::SCWPlatform::Found the Hw Db part of the input DSA
TRACE::2024-10-28.15:41:04::SCWMssOS::Checking the sw design at  C:/Users/SUJIN/Desktop/sg_workspace/SoC_soc_24/vitis_SoC_24/Mblaze_keypad_pwm_hw/microblaze_0/standalone_domain/bsp/system.mss
TRACE::2024-10-28.15:41:04::SCWMssOS::DEBUG:  swdes dump  C:/Users/SUJIN/Desktop/sg_workspace/SoC_soc_24/vitis_SoC_24/Mblaze_keypad_pwm_hw/microblaze_0/standalone_domain/bsp/system.mss|system_0||
C:/Users/SUJIN/Desktop/sg_workspace/SoC_soc_24/vitis_SoC_24/Mblaze_pwm_keypad/microblaze_0/standalone_domain/bsp/system.mss|system||

KEYINFO::2024-10-28.15:41:04::SCWMssOS::Could not open the swdb for system_0
KEYINFO::2024-10-28.15:41:04::SCWMssOS::Could not open the sw design at  system_0
ERROR: [Hsi 55-1558] Software Design system_0 is not found

TRACE::2024-10-28.15:41:04::SCWMssOS::Cleared the swdb table entry
TRACE::2024-10-28.15:41:04::SCWMssOS::No sw design opened at  C:/Users/SUJIN/Desktop/sg_workspace/SoC_soc_24/vitis_SoC_24/Mblaze_keypad_pwm_hw/microblaze_0/standalone_domain/bsp/system.mss
TRACE::2024-10-28.15:41:04::SCWMssOS::mss exists loading the mss file  C:/Users/SUJIN/Desktop/sg_workspace/SoC_soc_24/vitis_SoC_24/Mblaze_keypad_pwm_hw/microblaze_0/standalone_domain/bsp/system.mss
TRACE::2024-10-28.15:41:04::SCWMssOS::Opened the sw design from mss  C:/Users/SUJIN/Desktop/sg_workspace/SoC_soc_24/vitis_SoC_24/Mblaze_keypad_pwm_hw/microblaze_0/standalone_domain/bsp/system.mss
TRACE::2024-10-28.15:41:04::SCWMssOS::Adding the swdes entry C:/Users/SUJIN/Desktop/sg_workspace/SoC_soc_24/vitis_SoC_24/Mblaze_keypad_pwm_hw/microblaze_0/standalone_domain/bsp/system.mss with des name system_0
TRACE::2024-10-28.15:41:04::SCWMssOS::updating the scw layer about changes
TRACE::2024-10-28.15:41:04::SCWMssOS::Opened the sw design.  C:/Users/SUJIN/Desktop/sg_workspace/SoC_soc_24/vitis_SoC_24/Mblaze_keypad_pwm_hw/microblaze_0/standalone_domain/bsp/system.mss
TRACE::2024-10-28.15:41:04::SCWPlatform::Trying to open the hw design at C:/Users/SUJIN/Desktop/sg_workspace/SoC_soc_24/vitis_SoC_24/Mblaze_keypad_pwm_hw/hw/Mblaze_keypad_pwm_wrapper.xsa
TRACE::2024-10-28.15:41:04::SCWPlatform::DSA given C:/Users/SUJIN/Desktop/sg_workspace/SoC_soc_24/vitis_SoC_24/Mblaze_keypad_pwm_hw/hw/Mblaze_keypad_pwm_wrapper.xsa
TRACE::2024-10-28.15:41:04::SCWPlatform::DSA absoulate path C:/Users/SUJIN/Desktop/sg_workspace/SoC_soc_24/vitis_SoC_24/Mblaze_keypad_pwm_hw/hw/Mblaze_keypad_pwm_wrapper.xsa
TRACE::2024-10-28.15:41:04::SCWPlatform::DSA directory C:/Users/SUJIN/Desktop/sg_workspace/SoC_soc_24/vitis_SoC_24/Mblaze_keypad_pwm_hw/hw
TRACE::2024-10-28.15:41:04::SCWPlatform:: Platform Path C:/Users/SUJIN/Desktop/sg_workspace/SoC_soc_24/vitis_SoC_24/Mblaze_keypad_pwm_hw/hw/Mblaze_keypad_pwm_wrapper.xsa
TRACE::2024-10-28.15:41:04::SCWPlatform:: Unique name xilinx:basys3::0.0
TRACE::2024-10-28.15:41:04::SCWPlatform::Trying to set the existing hwdb with name Mblaze_keypad_pwm_wrapper_2
TRACE::2024-10-28.15:41:04::SCWPlatform::Opened existing hwdb Mblaze_keypad_pwm_wrapper_2
TRACE::2024-10-28.15:41:04::SCWPlatform::Found the Hw Db part of the input DSA
TRACE::2024-10-28.15:41:04::SCWMssOS::Checking the sw design at  C:/Users/SUJIN/Desktop/sg_workspace/SoC_soc_24/vitis_SoC_24/Mblaze_keypad_pwm_hw/microblaze_0/standalone_domain/bsp/system.mss
TRACE::2024-10-28.15:41:04::SCWMssOS::DEBUG:  swdes dump  C:/Users/SUJIN/Desktop/sg_workspace/SoC_soc_24/vitis_SoC_24/Mblaze_keypad_pwm_hw/microblaze_0/standalone_domain/bsp/system.mss|system_0||
C:/Users/SUJIN/Desktop/sg_workspace/SoC_soc_24/vitis_SoC_24/Mblaze_pwm_keypad/microblaze_0/standalone_domain/bsp/system.mss|system||

TRACE::2024-10-28.15:41:04::SCWMssOS::Sw design exists and opened at  C:/Users/SUJIN/Desktop/sg_workspace/SoC_soc_24/vitis_SoC_24/Mblaze_keypad_pwm_hw/microblaze_0/standalone_domain/bsp/system.mss
TRACE::2024-10-28.15:41:04::SCWMssOS::Removing the swdes entry for  C:/Users/SUJIN/Desktop/sg_workspace/SoC_soc_24/vitis_SoC_24/Mblaze_keypad_pwm_hw/microblaze_0/standalone_domain/bsp/system.mss
LOG::2024-10-28.15:41:27::SCWPlatform::Started generating the artifacts platform Mblaze_keypad_pwm_hw
TRACE::2024-10-28.15:41:27::SCWPlatform::Sanity checking of platform is completed
LOG::2024-10-28.15:41:27::SCWPlatform::Started generating the artifacts for system configuration Mblaze_keypad_pwm_hw
LOG::2024-10-28.15:41:27::SCWSystem::Checking the domain standalone_domain
LOG::2024-10-28.15:41:27::SCWSystem::Not a boot domain 
LOG::2024-10-28.15:41:27::SCWSystem::Started Processing the domain standalone_domain
TRACE::2024-10-28.15:41:27::SCWDomain::Generating domain artifcats
TRACE::2024-10-28.15:41:27::SCWMssOS::Generating standalone artifcats
TRACE::2024-10-28.15:41:27::SCWMssOS:: Copying the user libraries. 
TRACE::2024-10-28.15:41:27::SCWPlatform::Trying to open the hw design at C:/Users/SUJIN/Desktop/sg_workspace/SoC_soc_24/vitis_SoC_24/Mblaze_keypad_pwm_hw/hw/Mblaze_keypad_pwm_wrapper.xsa
TRACE::2024-10-28.15:41:27::SCWPlatform::DSA given C:/Users/SUJIN/Desktop/sg_workspace/SoC_soc_24/vitis_SoC_24/Mblaze_keypad_pwm_hw/hw/Mblaze_keypad_pwm_wrapper.xsa
TRACE::2024-10-28.15:41:27::SCWPlatform::DSA absoulate path C:/Users/SUJIN/Desktop/sg_workspace/SoC_soc_24/vitis_SoC_24/Mblaze_keypad_pwm_hw/hw/Mblaze_keypad_pwm_wrapper.xsa
TRACE::2024-10-28.15:41:27::SCWPlatform::DSA directory C:/Users/SUJIN/Desktop/sg_workspace/SoC_soc_24/vitis_SoC_24/Mblaze_keypad_pwm_hw/hw
TRACE::2024-10-28.15:41:27::SCWPlatform:: Platform Path C:/Users/SUJIN/Desktop/sg_workspace/SoC_soc_24/vitis_SoC_24/Mblaze_keypad_pwm_hw/hw/Mblaze_keypad_pwm_wrapper.xsa
TRACE::2024-10-28.15:41:27::SCWPlatform:: Unique name xilinx:basys3::0.0
TRACE::2024-10-28.15:41:27::SCWPlatform::Trying to set the existing hwdb with name Mblaze_keypad_pwm_wrapper_2
TRACE::2024-10-28.15:41:27::SCWPlatform::Opened existing hwdb Mblaze_keypad_pwm_wrapper_2
TRACE::2024-10-28.15:41:27::SCWPlatform::Found the Hw Db part of the input DSA
TRACE::2024-10-28.15:41:27::SCWMssOS::Checking the sw design at  C:/Users/SUJIN/Desktop/sg_workspace/SoC_soc_24/vitis_SoC_24/Mblaze_keypad_pwm_hw/microblaze_0/standalone_domain/bsp/system.mss
TRACE::2024-10-28.15:41:27::SCWMssOS::DEBUG:  swdes dump  C:/Users/SUJIN/Desktop/sg_workspace/SoC_soc_24/vitis_SoC_24/Mblaze_pwm_keypad/microblaze_0/standalone_domain/bsp/system.mss|system||

TRACE::2024-10-28.15:41:27::SCWMssOS::No sw design opened at  C:/Users/SUJIN/Desktop/sg_workspace/SoC_soc_24/vitis_SoC_24/Mblaze_keypad_pwm_hw/microblaze_0/standalone_domain/bsp/system.mss
TRACE::2024-10-28.15:41:27::SCWMssOS::mss exists loading the mss file  C:/Users/SUJIN/Desktop/sg_workspace/SoC_soc_24/vitis_SoC_24/Mblaze_keypad_pwm_hw/microblaze_0/standalone_domain/bsp/system.mss
TRACE::2024-10-28.15:41:27::SCWMssOS::Opened the sw design from mss  C:/Users/SUJIN/Desktop/sg_workspace/SoC_soc_24/vitis_SoC_24/Mblaze_keypad_pwm_hw/microblaze_0/standalone_domain/bsp/system.mss
TRACE::2024-10-28.15:41:27::SCWMssOS::Adding the swdes entry C:/Users/SUJIN/Desktop/sg_workspace/SoC_soc_24/vitis_SoC_24/Mblaze_keypad_pwm_hw/microblaze_0/standalone_domain/bsp/system.mss with des name system_0
TRACE::2024-10-28.15:41:27::SCWMssOS::updating the scw layer about changes
TRACE::2024-10-28.15:41:27::SCWMssOS::Opened the sw design.  C:/Users/SUJIN/Desktop/sg_workspace/SoC_soc_24/vitis_SoC_24/Mblaze_keypad_pwm_hw/microblaze_0/standalone_domain/bsp/system.mss
TRACE::2024-10-28.15:41:27::SCWMssOS::Completed writing the mss file at C:/Users/SUJIN/Desktop/sg_workspace/SoC_soc_24/vitis_SoC_24/Mblaze_keypad_pwm_hw/microblaze_0/standalone_domain/bsp
TRACE::2024-10-28.15:41:27::SCWMssOS::Mss edits present, copying mssfile into export location C:/Users/SUJIN/Desktop/sg_workspace/SoC_soc_24/vitis_SoC_24/Mblaze_keypad_pwm_hw/microblaze_0/standalone_domain/bsp/system.mss
TRACE::2024-10-28.15:41:28::SCWMssOS::bsp generated is upto date with the mss file. Skipping bsp generation.
TRACE::2024-10-28.15:41:28::SCWMssOS::BSP is already built. skipping the bsp build ... 
TRACE::2024-10-28.15:41:28::SCWDomain::Building the domain as part of full build :  standalone_domain
TRACE::2024-10-28.15:41:28::SCWMssOS::doing bsp build ... 
TRACE::2024-10-28.15:41:28::SCWMssOS::System Command Ran  C: & cd  C:/Users/SUJIN/Desktop/sg_workspace/SoC_soc_24/vitis_SoC_24/Mblaze_keypad_pwm_hw/microblaze_0/standalone_domain/bsp & make 
TRACE::2024-10-28.15:41:28::SCWMssOS::"Running Make include in microblaze_0/libsrc/bram_v4_3/src"

TRACE::2024-10-28.15:41:28::SCWMssOS::make -C microblaze_0/libsrc/bram_v4_3/src -s include  "SHELL=CMD" "COMPILER=mb-gcc" "ASSEMBLER=mb-as" "ARCHIVER=mb-ar" "COMPILE
TRACE::2024-10-28.15:41:28::SCWMssOS::R_FLAGS=  -O2 -c -mcpu=v11.0 -mlittle-endian -mno-xl-reorder -mno-xl-soft-mul -mxl-barrel-shift -mxl-pattern-compare" "EXTRA_CO
TRACE::2024-10-28.15:41:28::SCWMssOS::MPILER_FLAGS=-g -ffunction-sections -fdata-sections -Wall -Wextra"

TRACE::2024-10-28.15:41:28::SCWMssOS::"Running Make include in microblaze_0/libsrc/cpu_v2_10/src"

TRACE::2024-10-28.15:41:28::SCWMssOS::make -C microblaze_0/libsrc/cpu_v2_10/src -s include  "SHELL=CMD" "COMPILER=mb-gcc" "ASSEMBLER=mb-as" "ARCHIVER=mb-ar" "COMPILE
TRACE::2024-10-28.15:41:28::SCWMssOS::R_FLAGS=  -O2 -c -mcpu=v11.0 -mlittle-endian -mno-xl-reorder -mno-xl-soft-mul -mxl-barrel-shift -mxl-pattern-compare" "EXTRA_CO
TRACE::2024-10-28.15:41:28::SCWMssOS::MPILER_FLAGS=-g -ffunction-sections -fdata-sections -Wall -Wextra"

TRACE::2024-10-28.15:41:28::SCWMssOS::"Running Make include in microblaze_0/libsrc/myip_keypad_v1_0/src"

TRACE::2024-10-28.15:41:28::SCWMssOS::make -C microblaze_0/libsrc/myip_keypad_v1_0/src -s include  "SHELL=CMD" "COMPILER=mb-gcc" "ASSEMBLER=mb-as" "ARCHIVER=mb-ar" "
TRACE::2024-10-28.15:41:28::SCWMssOS::COMPILER_FLAGS=  -O2 -c -mcpu=v11.0 -mlittle-endian -mno-xl-reorder -mno-xl-soft-mul -mxl-barrel-shift -mxl-pattern-compare" "E
TRACE::2024-10-28.15:41:28::SCWMssOS::XTRA_COMPILER_FLAGS=-g -ffunction-sections -fdata-sections -Wall -Wextra"

TRACE::2024-10-28.15:41:28::SCWMssOS::"Running Make include in microblaze_0/libsrc/myip_pwm_v1_0/src"

TRACE::2024-10-28.15:41:28::SCWMssOS::make -C microblaze_0/libsrc/myip_pwm_v1_0/src -s include  "SHELL=CMD" "COMPILER=mb-gcc" "ASSEMBLER=mb-as" "ARCHIVER=mb-ar" "COM
TRACE::2024-10-28.15:41:28::SCWMssOS::PILER_FLAGS=  -O2 -c -mcpu=v11.0 -mlittle-endian -mno-xl-reorder -mno-xl-soft-mul -mxl-barrel-shift -mxl-pattern-compare" "EXTR
TRACE::2024-10-28.15:41:28::SCWMssOS::A_COMPILER_FLAGS=-g -ffunction-sections -fdata-sections -Wall -Wextra"

TRACE::2024-10-28.15:41:29::SCWMssOS::"Running Make include in microblaze_0/libsrc/standalone_v7_1/src"

TRACE::2024-10-28.15:41:29::SCWMssOS::make -C microblaze_0/libsrc/standalone_v7_1/src -s include  "SHELL=CMD" "COMPILER=mb-gcc" "ASSEMBLER=mb-as" "ARCHIVER=mb-ar" "C
TRACE::2024-10-28.15:41:29::SCWMssOS::OMPILER_FLAGS=  -O2 -c -mcpu=v11.0 -mlittle-endian -mno-xl-reorder -mno-xl-soft-mul -mxl-barrel-shift -mxl-pattern-compare" "EX
TRACE::2024-10-28.15:41:29::SCWMssOS::TRA_COMPILER_FLAGS=-g -ffunction-sections -fdata-sections -Wall -Wextra"

TRACE::2024-10-28.15:41:29::SCWMssOS::"Running Make include in microblaze_0/libsrc/uartlite_v3_3/src"

TRACE::2024-10-28.15:41:29::SCWMssOS::make -C microblaze_0/libsrc/uartlite_v3_3/src -s include  "SHELL=CMD" "COMPILER=mb-gcc" "ASSEMBLER=mb-as" "ARCHIVER=mb-ar" "COM
TRACE::2024-10-28.15:41:29::SCWMssOS::PILER_FLAGS=  -O2 -c -mcpu=v11.0 -mlittle-endian -mno-xl-reorder -mno-xl-soft-mul -mxl-barrel-shift -mxl-pattern-compare" "EXTR
TRACE::2024-10-28.15:41:29::SCWMssOS::A_COMPILER_FLAGS=-g -ffunction-sections -fdata-sections -Wall -Wextra"

TRACE::2024-10-28.15:41:29::SCWMssOS::"Running Make libs in microblaze_0/libsrc/bram_v4_3/src"

TRACE::2024-10-28.15:41:29::SCWMssOS::make -C microblaze_0/libsrc/bram_v4_3/src -s libs  "SHELL=CMD" "COMPILER=mb-gcc" "ASSEMBLER=mb-as" "ARCHIVER=mb-ar" "COMPILER_F
TRACE::2024-10-28.15:41:29::SCWMssOS::LAGS=  -O2 -c -mcpu=v11.0 -mlittle-endian -mno-xl-reorder -mno-xl-soft-mul -mxl-barrel-shift -mxl-pattern-compare" "EXTRA_COMPI
TRACE::2024-10-28.15:41:29::SCWMssOS::LER_FLAGS=-g -ffunction-sections -fdata-sections -Wall -Wextra"

TRACE::2024-10-28.15:41:29::SCWMssOS::"Compiling bram"

TRACE::2024-10-28.15:41:30::SCWMssOS::"Running Make libs in microblaze_0/libsrc/cpu_v2_10/src"

TRACE::2024-10-28.15:41:30::SCWMssOS::make -C microblaze_0/libsrc/cpu_v2_10/src -s libs  "SHELL=CMD" "COMPILER=mb-gcc" "ASSEMBLER=mb-as" "ARCHIVER=mb-ar" "COMPILER_F
TRACE::2024-10-28.15:41:30::SCWMssOS::LAGS=  -O2 -c -mcpu=v11.0 -mlittle-endian -mno-xl-reorder -mno-xl-soft-mul -mxl-barrel-shift -mxl-pattern-compare" "EXTRA_COMPI
TRACE::2024-10-28.15:41:30::SCWMssOS::LER_FLAGS=-g -ffunction-sections -fdata-sections -Wall -Wextra"

TRACE::2024-10-28.15:41:30::SCWMssOS::"Compiling cpu"

TRACE::2024-10-28.15:41:31::SCWMssOS::"Running Make libs in microblaze_0/libsrc/myip_keypad_v1_0/src"

TRACE::2024-10-28.15:41:31::SCWMssOS::make -C microblaze_0/libsrc/myip_keypad_v1_0/src -s libs  "SHELL=CMD" "COMPILER=mb-gcc" "ASSEMBLER=mb-as" "ARCHIVER=mb-ar" "COM
TRACE::2024-10-28.15:41:31::SCWMssOS::PILER_FLAGS=  -O2 -c -mcpu=v11.0 -mlittle-endian -mno-xl-reorder -mno-xl-soft-mul -mxl-barrel-shift -mxl-pattern-compare" "EXTR
TRACE::2024-10-28.15:41:31::SCWMssOS::A_COMPILER_FLAGS=-g -ffunction-sections -fdata-sections -Wall -Wextra"

TRACE::2024-10-28.15:41:31::SCWMssOS::"Compiling myip_keypad..."

TRACE::2024-10-28.15:41:31::SCWMssOS::"Running Make libs in microblaze_0/libsrc/myip_pwm_v1_0/src"

TRACE::2024-10-28.15:41:31::SCWMssOS::make -C microblaze_0/libsrc/myip_pwm_v1_0/src -s libs  "SHELL=CMD" "COMPILER=mb-gcc" "ASSEMBLER=mb-as" "ARCHIVER=mb-ar" "COMPIL
TRACE::2024-10-28.15:41:31::SCWMssOS::ER_FLAGS=  -O2 -c -mcpu=v11.0 -mlittle-endian -mno-xl-reorder -mno-xl-soft-mul -mxl-barrel-shift -mxl-pattern-compare" "EXTRA_C
TRACE::2024-10-28.15:41:31::SCWMssOS::OMPILER_FLAGS=-g -ffunction-sections -fdata-sections -Wall -Wextra"

TRACE::2024-10-28.15:41:31::SCWMssOS::"Compiling myip_pwm..."

TRACE::2024-10-28.15:41:32::SCWMssOS::"Running Make libs in microblaze_0/libsrc/standalone_v7_1/src"

TRACE::2024-10-28.15:41:32::SCWMssOS::make -C microblaze_0/libsrc/standalone_v7_1/src -s libs  "SHELL=CMD" "COMPILER=mb-gcc" "ASSEMBLER=mb-as" "ARCHIVER=mb-ar" "COMP
TRACE::2024-10-28.15:41:32::SCWMssOS::ILER_FLAGS=  -O2 -c -mcpu=v11.0 -mlittle-endian -mno-xl-reorder -mno-xl-soft-mul -mxl-barrel-shift -mxl-pattern-compare" "EXTRA
TRACE::2024-10-28.15:41:32::SCWMssOS::_COMPILER_FLAGS=-g -ffunction-sections -fdata-sections -Wall -Wextra"

TRACE::2024-10-28.15:41:32::SCWMssOS::"Compiling standalone";

TRACE::2024-10-28.15:41:36::SCWMssOS::"Running Make libs in microblaze_0/libsrc/uartlite_v3_3/src"

TRACE::2024-10-28.15:41:36::SCWMssOS::make -C microblaze_0/libsrc/uartlite_v3_3/src -s libs  "SHELL=CMD" "COMPILER=mb-gcc" "ASSEMBLER=mb-as" "ARCHIVER=mb-ar" "COMPIL
TRACE::2024-10-28.15:41:36::SCWMssOS::ER_FLAGS=  -O2 -c -mcpu=v11.0 -mlittle-endian -mno-xl-reorder -mno-xl-soft-mul -mxl-barrel-shift -mxl-pattern-compare" "EXTRA_C
TRACE::2024-10-28.15:41:36::SCWMssOS::OMPILER_FLAGS=-g -ffunction-sections -fdata-sections -Wall -Wextra"

TRACE::2024-10-28.15:41:36::SCWMssOS::"Compiling uartlite"

TRACE::2024-10-28.15:41:37::SCWMssOS::'Finished building libraries'

TRACE::2024-10-28.15:41:37::SCWMssOS::Copying to export directory.
TRACE::2024-10-28.15:41:37::SCWMssOS:: Checking if to create the Supporting Applications
TRACE::2024-10-28.15:41:37::SCWMssOS:: No Linux domain exists, trying to generate FSBL 
LOG::2024-10-28.15:41:37::SCWSystem::Completed Processing the domain standalone_domain
LOG::2024-10-28.15:41:37::SCWSystem::Completed Processing the sysconfig Mblaze_keypad_pwm_hw
LOG::2024-10-28.15:41:37::SCWPlatform::Completed generating the artifacts for system configuration Mblaze_keypad_pwm_hw
TRACE::2024-10-28.15:41:37::SCWPlatform::Started preparing the platform 
TRACE::2024-10-28.15:41:37::SCWSystem::Writing the bif file for system config Mblaze_keypad_pwm_hw
TRACE::2024-10-28.15:41:37::SCWSystem::dir created 
TRACE::2024-10-28.15:41:37::SCWSystem::Writing the bif 
TRACE::2024-10-28.15:41:37::SCWPlatform::Started writing the spfm file 
TRACE::2024-10-28.15:41:37::SCWPlatform::Started writing the xpfm file 
TRACE::2024-10-28.15:41:37::SCWPlatform::Completed generating the platform
TRACE::2024-10-28.15:41:37::SCWPlatform::Trying to open the hw design at C:/Users/SUJIN/Desktop/sg_workspace/SoC_soc_24/vitis_SoC_24/Mblaze_keypad_pwm_hw/hw/Mblaze_keypad_pwm_wrapper.xsa
TRACE::2024-10-28.15:41:37::SCWPlatform::DSA given C:/Users/SUJIN/Desktop/sg_workspace/SoC_soc_24/vitis_SoC_24/Mblaze_keypad_pwm_hw/hw/Mblaze_keypad_pwm_wrapper.xsa
TRACE::2024-10-28.15:41:37::SCWPlatform::DSA absoulate path C:/Users/SUJIN/Desktop/sg_workspace/SoC_soc_24/vitis_SoC_24/Mblaze_keypad_pwm_hw/hw/Mblaze_keypad_pwm_wrapper.xsa
TRACE::2024-10-28.15:41:37::SCWPlatform::DSA directory C:/Users/SUJIN/Desktop/sg_workspace/SoC_soc_24/vitis_SoC_24/Mblaze_keypad_pwm_hw/hw
TRACE::2024-10-28.15:41:37::SCWPlatform:: Platform Path C:/Users/SUJIN/Desktop/sg_workspace/SoC_soc_24/vitis_SoC_24/Mblaze_keypad_pwm_hw/hw/Mblaze_keypad_pwm_wrapper.xsa
TRACE::2024-10-28.15:41:37::SCWPlatform:: Unique name xilinx:basys3::0.0
TRACE::2024-10-28.15:41:37::SCWPlatform::Trying to set the existing hwdb with name Mblaze_keypad_pwm_wrapper_2
TRACE::2024-10-28.15:41:37::SCWPlatform::Opened existing hwdb Mblaze_keypad_pwm_wrapper_2
TRACE::2024-10-28.15:41:37::SCWPlatform::Found the Hw Db part of the input DSA
TRACE::2024-10-28.15:41:37::SCWMssOS::Checking the sw design at  C:/Users/SUJIN/Desktop/sg_workspace/SoC_soc_24/vitis_SoC_24/Mblaze_keypad_pwm_hw/microblaze_0/standalone_domain/bsp/system.mss
TRACE::2024-10-28.15:41:37::SCWMssOS::DEBUG:  swdes dump  C:/Users/SUJIN/Desktop/sg_workspace/SoC_soc_24/vitis_SoC_24/Mblaze_keypad_pwm_hw/microblaze_0/standalone_domain/bsp/system.mss|system_0||
C:/Users/SUJIN/Desktop/sg_workspace/SoC_soc_24/vitis_SoC_24/Mblaze_pwm_keypad/microblaze_0/standalone_domain/bsp/system.mss|system||

TRACE::2024-10-28.15:41:37::SCWMssOS::Sw design exists and opened at  C:/Users/SUJIN/Desktop/sg_workspace/SoC_soc_24/vitis_SoC_24/Mblaze_keypad_pwm_hw/microblaze_0/standalone_domain/bsp/system.mss
TRACE::2024-10-28.15:41:37::SCWWriter::formatted JSON is {
	"platformName":	"Mblaze_keypad_pwm_hw",
	"sprVersion":	"2.0",
	"mode":	"gui",
	"dsaType":	"Fixed",
	"platformDesc":	"Mblaze_keypad_pwm_hw",
	"platHandOff":	"C:/Users/SUJIN/Desktop/sg_workspace/SoC_soc_24/Mblaze_keypad_pwm_wrapper.xsa",
	"platIntHandOff":	"<platformDir>/hw/Mblaze_keypad_pwm_wrapper.xsa",
	"deviceType":	"FPGA",
	"platIsPrebuiltAutogen":	"false",
	"platIsNoBootBsp":	"false",
	"hasFsblMakeHasChanges":	"false",
	"hasPmufwMakeHasChanges":	"false",
	"platPreBuiltFlag":	false,
	"platformSamplesDir":	"",
	"platActiveSys":	"Mblaze_keypad_pwm_hw",
	"systems":	[{
			"systemName":	"Mblaze_keypad_pwm_hw",
			"systemDesc":	"Mblaze_keypad_pwm_hw",
			"sysIsBootAutoGen":	"true",
			"systemDispName":	"Mblaze_keypad_pwm_hw",
			"sysActiveDom":	"standalone_domain",
			"sysDefaultDom":	"standalone_domain",
			"domains":	[{
					"domainName":	"standalone_domain",
					"domainDispName":	"standalone on microblaze_0",
					"domainDesc":	"standalone_domain",
					"processors":	"microblaze_0",
					"os":	"standalone",
					"sdxOs":	"standalone",
					"debugEnable":	"False",
					"domRuntimes":	["cpp"],
					"swRepo":	"",
					"mssOsVer":	"7.1",
					"mssFile":	"",
					"md5Digest":	"d3e24e5ee02f6b6e7b521aeb995ff49f",
					"compatibleApp":	"",
					"domType":	"mssDomain",
					"appSettings":	{
						"appCompilerFlags":	"",
						"appLinkerFlags":	""
					},
					"addedLibs":	[],
					"libOptions":	{
						"libsContainingOptions":	[]
					},
					"prebuiltLibs":	{
						"prebuiltIncPath":	[],
						"prebuiltLibPath":	[]
					},
					"isolation":	{
					}
				}]
		}]
}
KEYINFO::2024-10-28.15:41:37::SCWPlatform::updated the xpfm file.
TRACE::2024-10-28.15:41:38::SCWPlatform::Trying to open the hw design at C:/Users/SUJIN/Desktop/sg_workspace/SoC_soc_24/vitis_SoC_24/Mblaze_keypad_pwm_hw/hw/Mblaze_keypad_pwm_wrapper.xsa
TRACE::2024-10-28.15:41:38::SCWPlatform::DSA given C:/Users/SUJIN/Desktop/sg_workspace/SoC_soc_24/vitis_SoC_24/Mblaze_keypad_pwm_hw/hw/Mblaze_keypad_pwm_wrapper.xsa
TRACE::2024-10-28.15:41:38::SCWPlatform::DSA absoulate path C:/Users/SUJIN/Desktop/sg_workspace/SoC_soc_24/vitis_SoC_24/Mblaze_keypad_pwm_hw/hw/Mblaze_keypad_pwm_wrapper.xsa
TRACE::2024-10-28.15:41:38::SCWPlatform::DSA directory C:/Users/SUJIN/Desktop/sg_workspace/SoC_soc_24/vitis_SoC_24/Mblaze_keypad_pwm_hw/hw
TRACE::2024-10-28.15:41:38::SCWPlatform:: Platform Path C:/Users/SUJIN/Desktop/sg_workspace/SoC_soc_24/vitis_SoC_24/Mblaze_keypad_pwm_hw/hw/Mblaze_keypad_pwm_wrapper.xsa
TRACE::2024-10-28.15:41:38::SCWPlatform:: Unique name xilinx:basys3::0.0
TRACE::2024-10-28.15:41:38::SCWPlatform::Trying to set the existing hwdb with name Mblaze_keypad_pwm_wrapper_2
TRACE::2024-10-28.15:41:38::SCWPlatform::Opened existing hwdb Mblaze_keypad_pwm_wrapper_2
TRACE::2024-10-28.15:41:38::SCWPlatform::Found the Hw Db part of the input DSA
TRACE::2024-10-28.15:41:38::SCWMssOS::Checking the sw design at  C:/Users/SUJIN/Desktop/sg_workspace/SoC_soc_24/vitis_SoC_24/Mblaze_keypad_pwm_hw/microblaze_0/standalone_domain/bsp/system.mss
TRACE::2024-10-28.15:41:38::SCWMssOS::DEBUG:  swdes dump  C:/Users/SUJIN/Desktop/sg_workspace/SoC_soc_24/vitis_SoC_24/Mblaze_keypad_pwm_hw/microblaze_0/standalone_domain/bsp/system.mss|system_0||
C:/Users/SUJIN/Desktop/sg_workspace/SoC_soc_24/vitis_SoC_24/Mblaze_pwm_keypad/microblaze_0/standalone_domain/bsp/system.mss|system||

TRACE::2024-10-28.15:41:38::SCWMssOS::Sw design exists and opened at  C:/Users/SUJIN/Desktop/sg_workspace/SoC_soc_24/vitis_SoC_24/Mblaze_keypad_pwm_hw/microblaze_0/standalone_domain/bsp/system.mss
