TRACE::2024-11-13.10:32:18::SCWPlatform::Trying to open the hw design at C:/soc_workspace/Soc_soc_24_1/remo_cuckoo_hw_v2/hw/Remo_cuckoo_wrapper.xsa
TRACE::2024-11-13.10:32:18::SCWPlatform::DSA given C:/soc_workspace/Soc_soc_24_1/remo_cuckoo_hw_v2/hw/Remo_cuckoo_wrapper.xsa
TRACE::2024-11-13.10:32:18::SCWPlatform::DSA absoulate path C:/soc_workspace/Soc_soc_24_1/remo_cuckoo_hw_v2/hw/Remo_cuckoo_wrapper.xsa
TRACE::2024-11-13.10:32:18::SCWPlatform::DSA directory C:/soc_workspace/Soc_soc_24_1/remo_cuckoo_hw_v2/hw
TRACE::2024-11-13.10:32:18::SCWPlatform:: Platform Path C:/soc_workspace/Soc_soc_24_1/remo_cuckoo_hw_v2/hw/Remo_cuckoo_wrapper.xsa
TRACE::2024-11-13.10:32:18::SCWPlatform:: Unique name xilinx:basys3::0.0
TRACE::2024-11-13.10:32:18::SCWPlatform::Do not have an existing db opened. 
TRACE::2024-11-13.10:32:18::SCWPlatform::Opened new HwDB with name Remo_cuckoo_wrapper_45
TRACE::2024-11-13.10:32:18::SCWWriter::formatted JSON is {
	"platformName":	"remo_cuckoo_hw_v2",
	"sprVersion":	"2.0",
	"mode":	"gui",
	"dsaType":	"Fixed",
	"platformDesc":	"remo_cuckoo_hw_v2",
	"platHandOff":	"C:/Users/hama5/Desktop/sg_workspace/SoC_soc_24/Remo_cuckoo_wrapper.xsa",
	"platIntHandOff":	"<platformDir>/hw/Remo_cuckoo_wrapper.xsa",
	"deviceType":	"FPGA",
	"platIsPrebuiltAutogen":	"false",
	"platIsNoBootBsp":	"false",
	"hasFsblMakeHasChanges":	"false",
	"hasPmufwMakeHasChanges":	"false",
	"platPreBuiltFlag":	false,
	"platformSamplesDir":	""
}
TRACE::2024-11-13.10:32:18::SCWWriter::formatted JSON is {
	"platformName":	"remo_cuckoo_hw_v2",
	"sprVersion":	"2.0",
	"mode":	"gui",
	"dsaType":	"Fixed",
	"platformDesc":	"remo_cuckoo_hw_v2",
	"platHandOff":	"C:/Users/hama5/Desktop/sg_workspace/SoC_soc_24/Remo_cuckoo_wrapper.xsa",
	"platIntHandOff":	"<platformDir>/hw/Remo_cuckoo_wrapper.xsa",
	"deviceType":	"FPGA",
	"platIsPrebuiltAutogen":	"false",
	"platIsNoBootBsp":	"false",
	"hasFsblMakeHasChanges":	"false",
	"hasPmufwMakeHasChanges":	"false",
	"platPreBuiltFlag":	false,
	"platformSamplesDir":	"",
	"platActiveSys":	"remo_cuckoo_hw_v2",
	"systems":	[{
			"systemName":	"remo_cuckoo_hw_v2",
			"systemDesc":	"remo_cuckoo_hw_v2",
			"sysIsBootAutoGen":	"true",
			"systemDispName":	"remo_cuckoo_hw_v2"
		}]
}
TRACE::2024-11-13.10:32:18::SCWPlatform::Boot application domains not present, creating them
TRACE::2024-11-13.10:32:18::SCWPlatform::Pure FPGA device, no boot application will be created.
TRACE::2024-11-13.10:32:18::SCWWriter::formatted JSON is {
	"platformName":	"remo_cuckoo_hw_v2",
	"sprVersion":	"2.0",
	"mode":	"gui",
	"dsaType":	"Fixed",
	"platformDesc":	"remo_cuckoo_hw_v2",
	"platHandOff":	"C:/Users/hama5/Desktop/sg_workspace/SoC_soc_24/Remo_cuckoo_wrapper.xsa",
	"platIntHandOff":	"<platformDir>/hw/Remo_cuckoo_wrapper.xsa",
	"deviceType":	"FPGA",
	"platIsPrebuiltAutogen":	"false",
	"platIsNoBootBsp":	"false",
	"hasFsblMakeHasChanges":	"false",
	"hasPmufwMakeHasChanges":	"false",
	"platPreBuiltFlag":	false,
	"platformSamplesDir":	"",
	"platActiveSys":	"remo_cuckoo_hw_v2",
	"systems":	[{
			"systemName":	"remo_cuckoo_hw_v2",
			"systemDesc":	"remo_cuckoo_hw_v2",
			"sysIsBootAutoGen":	"true",
			"systemDispName":	"remo_cuckoo_hw_v2"
		}]
}
TRACE::2024-11-13.10:32:18::SCWPlatform::Trying to open the hw design at C:/soc_workspace/Soc_soc_24_1/remo_cuckoo_hw_v2/hw/Remo_cuckoo_wrapper.xsa
TRACE::2024-11-13.10:32:18::SCWPlatform::DSA given C:/soc_workspace/Soc_soc_24_1/remo_cuckoo_hw_v2/hw/Remo_cuckoo_wrapper.xsa
TRACE::2024-11-13.10:32:18::SCWPlatform::DSA absoulate path C:/soc_workspace/Soc_soc_24_1/remo_cuckoo_hw_v2/hw/Remo_cuckoo_wrapper.xsa
TRACE::2024-11-13.10:32:18::SCWPlatform::DSA directory C:/soc_workspace/Soc_soc_24_1/remo_cuckoo_hw_v2/hw
TRACE::2024-11-13.10:32:18::SCWPlatform:: Platform Path C:/soc_workspace/Soc_soc_24_1/remo_cuckoo_hw_v2/hw/Remo_cuckoo_wrapper.xsa
TRACE::2024-11-13.10:32:18::SCWPlatform:: Unique name xilinx:basys3::0.0
TRACE::2024-11-13.10:32:18::SCWPlatform::Trying to set the existing hwdb with name Remo_cuckoo_wrapper_45
TRACE::2024-11-13.10:32:18::SCWPlatform::Opened existing hwdb Remo_cuckoo_wrapper_45
TRACE::2024-11-13.10:32:18::SCWPlatform::Found the Hw Db part of the input DSA
TRACE::2024-11-13.10:32:18::SCWDomain::checking for install qemu data   : 
TRACE::2024-11-13.10:32:18::SCWPlatform::Trying to open the hw design at C:/soc_workspace/Soc_soc_24_1/remo_cuckoo_hw_v2/hw/Remo_cuckoo_wrapper.xsa
TRACE::2024-11-13.10:32:18::SCWPlatform::DSA given C:/soc_workspace/Soc_soc_24_1/remo_cuckoo_hw_v2/hw/Remo_cuckoo_wrapper.xsa
TRACE::2024-11-13.10:32:18::SCWPlatform::DSA absoulate path C:/soc_workspace/Soc_soc_24_1/remo_cuckoo_hw_v2/hw/Remo_cuckoo_wrapper.xsa
TRACE::2024-11-13.10:32:18::SCWPlatform::DSA directory C:/soc_workspace/Soc_soc_24_1/remo_cuckoo_hw_v2/hw
TRACE::2024-11-13.10:32:18::SCWPlatform:: Platform Path C:/soc_workspace/Soc_soc_24_1/remo_cuckoo_hw_v2/hw/Remo_cuckoo_wrapper.xsa
TRACE::2024-11-13.10:32:18::SCWPlatform:: Unique name xilinx:basys3::0.0
TRACE::2024-11-13.10:32:18::SCWPlatform::Trying to set the existing hwdb with name Remo_cuckoo_wrapper_45
TRACE::2024-11-13.10:32:18::SCWPlatform::Opened existing hwdb Remo_cuckoo_wrapper_45
TRACE::2024-11-13.10:32:18::SCWPlatform::Found the Hw Db part of the input DSA
TRACE::2024-11-13.10:32:19::SCWPlatform::Trying to open the hw design at C:/soc_workspace/Soc_soc_24_1/remo_cuckoo_hw_v2/hw/Remo_cuckoo_wrapper.xsa
TRACE::2024-11-13.10:32:19::SCWPlatform::DSA given C:/soc_workspace/Soc_soc_24_1/remo_cuckoo_hw_v2/hw/Remo_cuckoo_wrapper.xsa
TRACE::2024-11-13.10:32:19::SCWPlatform::DSA absoulate path C:/soc_workspace/Soc_soc_24_1/remo_cuckoo_hw_v2/hw/Remo_cuckoo_wrapper.xsa
TRACE::2024-11-13.10:32:19::SCWPlatform::DSA directory C:/soc_workspace/Soc_soc_24_1/remo_cuckoo_hw_v2/hw
TRACE::2024-11-13.10:32:19::SCWPlatform:: Platform Path C:/soc_workspace/Soc_soc_24_1/remo_cuckoo_hw_v2/hw/Remo_cuckoo_wrapper.xsa
TRACE::2024-11-13.10:32:19::SCWPlatform:: Unique name xilinx:basys3::0.0
TRACE::2024-11-13.10:32:19::SCWPlatform::Trying to set the existing hwdb with name Remo_cuckoo_wrapper_45
TRACE::2024-11-13.10:32:19::SCWPlatform::Opened existing hwdb Remo_cuckoo_wrapper_45
TRACE::2024-11-13.10:32:19::SCWPlatform::Found the Hw Db part of the input DSA
TRACE::2024-11-13.10:32:19::SCWMssOS::Checking the sw design at  C:/soc_workspace/Soc_soc_24_1/remo_cuckoo_hw_v2/microblaze_0/standalone_domain/bsp/system.mss
TRACE::2024-11-13.10:32:19::SCWMssOS::DEBUG:  swdes dump  
TRACE::2024-11-13.10:32:19::SCWMssOS::No sw design opened at  C:/soc_workspace/Soc_soc_24_1/remo_cuckoo_hw_v2/microblaze_0/standalone_domain/bsp/system.mss
TRACE::2024-11-13.10:32:19::SCWMssOS::mss does not exists at C:/soc_workspace/Soc_soc_24_1/remo_cuckoo_hw_v2/microblaze_0/standalone_domain/bsp/system.mss
TRACE::2024-11-13.10:32:19::SCWMssOS::Creating sw design at  C:/soc_workspace/Soc_soc_24_1/remo_cuckoo_hw_v2/microblaze_0/standalone_domain/bsp/system.mss
TRACE::2024-11-13.10:32:19::SCWMssOS::Adding the swdes entry, created swdb C:/soc_workspace/Soc_soc_24_1/remo_cuckoo_hw_v2/microblaze_0/standalone_domain/bsp/system.mss with des name C:/soc_workspace/Soc_soc_24_1/remo_cuckoo_hw_v2/microblaze_0/standalone_domain/bsp/system.mss
TRACE::2024-11-13.10:32:19::SCWMssOS::updating the scw layer changes to swdes at   C:/soc_workspace/Soc_soc_24_1/remo_cuckoo_hw_v2/microblaze_0/standalone_domain/bsp/system.mss
TRACE::2024-11-13.10:32:19::SCWMssOS::Writing mss at C:/soc_workspace/Soc_soc_24_1/remo_cuckoo_hw_v2/microblaze_0/standalone_domain/bsp/system.mss
TRACE::2024-11-13.10:32:19::SCWMssOS::Completed writing the mss file at C:/soc_workspace/Soc_soc_24_1/remo_cuckoo_hw_v2/microblaze_0/standalone_domain/bsp
TRACE::2024-11-13.10:32:19::SCWMssOS::Picking up changes from newly written mss file into SCW Layer. 
TRACE::2024-11-13.10:32:19::SCWMssOS::Updated the changes from newly written mss file into SCW Layer. 
TRACE::2024-11-13.10:32:19::SCWPlatform::Trying to open the hw design at C:/soc_workspace/Soc_soc_24_1/remo_cuckoo_hw_v2/hw/Remo_cuckoo_wrapper.xsa
TRACE::2024-11-13.10:32:19::SCWPlatform::DSA given C:/soc_workspace/Soc_soc_24_1/remo_cuckoo_hw_v2/hw/Remo_cuckoo_wrapper.xsa
TRACE::2024-11-13.10:32:19::SCWPlatform::DSA absoulate path C:/soc_workspace/Soc_soc_24_1/remo_cuckoo_hw_v2/hw/Remo_cuckoo_wrapper.xsa
TRACE::2024-11-13.10:32:19::SCWPlatform::DSA directory C:/soc_workspace/Soc_soc_24_1/remo_cuckoo_hw_v2/hw
TRACE::2024-11-13.10:32:19::SCWPlatform:: Platform Path C:/soc_workspace/Soc_soc_24_1/remo_cuckoo_hw_v2/hw/Remo_cuckoo_wrapper.xsa
TRACE::2024-11-13.10:32:19::SCWPlatform:: Unique name xilinx:basys3::0.0
TRACE::2024-11-13.10:32:19::SCWPlatform::Trying to set the existing hwdb with name Remo_cuckoo_wrapper_45
TRACE::2024-11-13.10:32:19::SCWPlatform::Opened existing hwdb Remo_cuckoo_wrapper_45
TRACE::2024-11-13.10:32:19::SCWPlatform::Found the Hw Db part of the input DSA
TRACE::2024-11-13.10:32:19::SCWMssOS::Checking the sw design at  C:/soc_workspace/Soc_soc_24_1/remo_cuckoo_hw_v2/microblaze_0/standalone_domain/bsp/system.mss
TRACE::2024-11-13.10:32:19::SCWMssOS::DEBUG:  swdes dump  C:/soc_workspace/Soc_soc_24_1/remo_cuckoo_hw_v2/microblaze_0/standalone_domain/bsp/system.mss|C:/soc_workspace/Soc_soc_24_1/remo_cuckoo_hw_v2/microblaze_0/standalone_domain/bsp/system.mss||

TRACE::2024-11-13.10:32:19::SCWMssOS::Sw design exists and opened at  C:/soc_workspace/Soc_soc_24_1/remo_cuckoo_hw_v2/microblaze_0/standalone_domain/bsp/system.mss
TRACE::2024-11-13.10:32:19::SCWPlatform::Trying to open the hw design at C:/soc_workspace/Soc_soc_24_1/remo_cuckoo_hw_v2/hw/Remo_cuckoo_wrapper.xsa
TRACE::2024-11-13.10:32:19::SCWPlatform::DSA given C:/soc_workspace/Soc_soc_24_1/remo_cuckoo_hw_v2/hw/Remo_cuckoo_wrapper.xsa
TRACE::2024-11-13.10:32:19::SCWPlatform::DSA absoulate path C:/soc_workspace/Soc_soc_24_1/remo_cuckoo_hw_v2/hw/Remo_cuckoo_wrapper.xsa
TRACE::2024-11-13.10:32:19::SCWPlatform::DSA directory C:/soc_workspace/Soc_soc_24_1/remo_cuckoo_hw_v2/hw
TRACE::2024-11-13.10:32:19::SCWPlatform:: Platform Path C:/soc_workspace/Soc_soc_24_1/remo_cuckoo_hw_v2/hw/Remo_cuckoo_wrapper.xsa
TRACE::2024-11-13.10:32:19::SCWPlatform:: Unique name xilinx:basys3::0.0
TRACE::2024-11-13.10:32:19::SCWPlatform::Trying to set the existing hwdb with name Remo_cuckoo_wrapper_45
TRACE::2024-11-13.10:32:19::SCWPlatform::Opened existing hwdb Remo_cuckoo_wrapper_45
TRACE::2024-11-13.10:32:19::SCWPlatform::Found the Hw Db part of the input DSA
TRACE::2024-11-13.10:32:19::SCWMssOS::Checking the sw design at  C:/soc_workspace/Soc_soc_24_1/remo_cuckoo_hw_v2/microblaze_0/standalone_domain/bsp/system.mss
TRACE::2024-11-13.10:32:19::SCWMssOS::DEBUG:  swdes dump  C:/soc_workspace/Soc_soc_24_1/remo_cuckoo_hw_v2/microblaze_0/standalone_domain/bsp/system.mss|C:/soc_workspace/Soc_soc_24_1/remo_cuckoo_hw_v2/microblaze_0/standalone_domain/bsp/system.mss||

TRACE::2024-11-13.10:32:19::SCWMssOS::Sw design exists and opened at  C:/soc_workspace/Soc_soc_24_1/remo_cuckoo_hw_v2/microblaze_0/standalone_domain/bsp/system.mss
TRACE::2024-11-13.10:32:19::SCWPlatform::Trying to open the hw design at C:/soc_workspace/Soc_soc_24_1/remo_cuckoo_hw_v2/hw/Remo_cuckoo_wrapper.xsa
TRACE::2024-11-13.10:32:19::SCWPlatform::DSA given C:/soc_workspace/Soc_soc_24_1/remo_cuckoo_hw_v2/hw/Remo_cuckoo_wrapper.xsa
TRACE::2024-11-13.10:32:19::SCWPlatform::DSA absoulate path C:/soc_workspace/Soc_soc_24_1/remo_cuckoo_hw_v2/hw/Remo_cuckoo_wrapper.xsa
TRACE::2024-11-13.10:32:19::SCWPlatform::DSA directory C:/soc_workspace/Soc_soc_24_1/remo_cuckoo_hw_v2/hw
TRACE::2024-11-13.10:32:19::SCWPlatform:: Platform Path C:/soc_workspace/Soc_soc_24_1/remo_cuckoo_hw_v2/hw/Remo_cuckoo_wrapper.xsa
TRACE::2024-11-13.10:32:19::SCWPlatform:: Unique name xilinx:basys3::0.0
TRACE::2024-11-13.10:32:19::SCWPlatform::Trying to set the existing hwdb with name Remo_cuckoo_wrapper_45
TRACE::2024-11-13.10:32:19::SCWPlatform::Opened existing hwdb Remo_cuckoo_wrapper_45
TRACE::2024-11-13.10:32:19::SCWPlatform::Found the Hw Db part of the input DSA
TRACE::2024-11-13.10:32:19::SCWMssOS::Checking the sw design at  C:/soc_workspace/Soc_soc_24_1/remo_cuckoo_hw_v2/microblaze_0/standalone_domain/bsp/system.mss
TRACE::2024-11-13.10:32:19::SCWMssOS::DEBUG:  swdes dump  C:/soc_workspace/Soc_soc_24_1/remo_cuckoo_hw_v2/microblaze_0/standalone_domain/bsp/system.mss|C:/soc_workspace/Soc_soc_24_1/remo_cuckoo_hw_v2/microblaze_0/standalone_domain/bsp/system.mss||

TRACE::2024-11-13.10:32:19::SCWMssOS::Sw design exists and opened at  C:/soc_workspace/Soc_soc_24_1/remo_cuckoo_hw_v2/microblaze_0/standalone_domain/bsp/system.mss
TRACE::2024-11-13.10:32:19::SCWWriter::formatted JSON is {
	"platformName":	"remo_cuckoo_hw_v2",
	"sprVersion":	"2.0",
	"mode":	"gui",
	"dsaType":	"Fixed",
	"platformDesc":	"remo_cuckoo_hw_v2",
	"platHandOff":	"C:/Users/hama5/Desktop/sg_workspace/SoC_soc_24/Remo_cuckoo_wrapper.xsa",
	"platIntHandOff":	"<platformDir>/hw/Remo_cuckoo_wrapper.xsa",
	"deviceType":	"FPGA",
	"platIsPrebuiltAutogen":	"false",
	"platIsNoBootBsp":	"false",
	"hasFsblMakeHasChanges":	"false",
	"hasPmufwMakeHasChanges":	"false",
	"platPreBuiltFlag":	false,
	"platformSamplesDir":	"",
	"platActiveSys":	"remo_cuckoo_hw_v2",
	"systems":	[{
			"systemName":	"remo_cuckoo_hw_v2",
			"systemDesc":	"remo_cuckoo_hw_v2",
			"sysIsBootAutoGen":	"true",
			"systemDispName":	"remo_cuckoo_hw_v2",
			"sysActiveDom":	"standalone_domain",
			"sysDefaultDom":	"standalone_domain",
			"domains":	[{
					"domainName":	"standalone_domain",
					"domainDispName":	"standalone_domain",
					"domainDesc":	"standalone_domain",
					"processors":	"microblaze_0",
					"os":	"standalone",
					"sdxOs":	"standalone",
					"debugEnable":	"False",
					"domRuntimes":	["cpp"],
					"swRepo":	"",
					"mssOsVer":	"7.1",
					"mssFile":	"",
					"md5Digest":	"",
					"compatibleApp":	"",
					"domType":	"mssDomain",
					"appSettings":	{
						"appCompilerFlags":	"",
						"appLinkerFlags":	""
					},
					"addedLibs":	[],
					"libOptions":	{
						"libsContainingOptions":	[]
					},
					"prebuiltLibs":	{
						"prebuiltIncPath":	[],
						"prebuiltLibPath":	[]
					},
					"isolation":	{
					}
				}]
		}]
}
TRACE::2024-11-13.10:32:19::SCWPlatform::Trying to open the hw design at C:/soc_workspace/Soc_soc_24_1/remo_cuckoo_hw_v2/hw/Remo_cuckoo_wrapper.xsa
TRACE::2024-11-13.10:32:19::SCWPlatform::DSA given C:/soc_workspace/Soc_soc_24_1/remo_cuckoo_hw_v2/hw/Remo_cuckoo_wrapper.xsa
TRACE::2024-11-13.10:32:19::SCWPlatform::DSA absoulate path C:/soc_workspace/Soc_soc_24_1/remo_cuckoo_hw_v2/hw/Remo_cuckoo_wrapper.xsa
TRACE::2024-11-13.10:32:19::SCWPlatform::DSA directory C:/soc_workspace/Soc_soc_24_1/remo_cuckoo_hw_v2/hw
TRACE::2024-11-13.10:32:19::SCWPlatform:: Platform Path C:/soc_workspace/Soc_soc_24_1/remo_cuckoo_hw_v2/hw/Remo_cuckoo_wrapper.xsa
TRACE::2024-11-13.10:32:19::SCWPlatform:: Unique name xilinx:basys3::0.0
TRACE::2024-11-13.10:32:19::SCWPlatform::Trying to set the existing hwdb with name Remo_cuckoo_wrapper_45
TRACE::2024-11-13.10:32:19::SCWPlatform::Opened existing hwdb Remo_cuckoo_wrapper_45
TRACE::2024-11-13.10:32:19::SCWPlatform::Found the Hw Db part of the input DSA
TRACE::2024-11-13.10:32:19::SCWMssOS::Checking the sw design at  C:/soc_workspace/Soc_soc_24_1/remo_cuckoo_hw_v2/microblaze_0/standalone_domain/bsp/system.mss
TRACE::2024-11-13.10:32:19::SCWMssOS::DEBUG:  swdes dump  C:/soc_workspace/Soc_soc_24_1/remo_cuckoo_hw_v2/microblaze_0/standalone_domain/bsp/system.mss|C:/soc_workspace/Soc_soc_24_1/remo_cuckoo_hw_v2/microblaze_0/standalone_domain/bsp/system.mss||

TRACE::2024-11-13.10:32:19::SCWMssOS::Sw design exists and opened at  C:/soc_workspace/Soc_soc_24_1/remo_cuckoo_hw_v2/microblaze_0/standalone_domain/bsp/system.mss
TRACE::2024-11-13.10:32:19::SCWMssOS::Completed writing the mss file at C:/soc_workspace/Soc_soc_24_1/remo_cuckoo_hw_v2/microblaze_0/standalone_domain/bsp
TRACE::2024-11-13.10:32:19::SCWMssOS::Forcing BSP Sources regeneration.
LOG::2024-11-13.10:32:22::SCWPlatform::Started generating the artifacts platform remo_cuckoo_hw_v2
TRACE::2024-11-13.10:32:22::SCWPlatform::Sanity checking of platform is completed
LOG::2024-11-13.10:32:22::SCWPlatform::Started generating the artifacts for system configuration remo_cuckoo_hw_v2
LOG::2024-11-13.10:32:22::SCWSystem::Checking the domain standalone_domain
LOG::2024-11-13.10:32:22::SCWSystem::Not a boot domain 
LOG::2024-11-13.10:32:22::SCWSystem::Started Processing the domain standalone_domain
TRACE::2024-11-13.10:32:22::SCWDomain::Generating domain artifcats
TRACE::2024-11-13.10:32:22::SCWMssOS::Generating standalone artifcats
TRACE::2024-11-13.10:32:22::SCWMssOS:: Copying the user libraries. 
TRACE::2024-11-13.10:32:22::SCWPlatform::Trying to open the hw design at C:/soc_workspace/Soc_soc_24_1/remo_cuckoo_hw_v2/hw/Remo_cuckoo_wrapper.xsa
TRACE::2024-11-13.10:32:22::SCWPlatform::DSA given C:/soc_workspace/Soc_soc_24_1/remo_cuckoo_hw_v2/hw/Remo_cuckoo_wrapper.xsa
TRACE::2024-11-13.10:32:22::SCWPlatform::DSA absoulate path C:/soc_workspace/Soc_soc_24_1/remo_cuckoo_hw_v2/hw/Remo_cuckoo_wrapper.xsa
TRACE::2024-11-13.10:32:22::SCWPlatform::DSA directory C:/soc_workspace/Soc_soc_24_1/remo_cuckoo_hw_v2/hw
TRACE::2024-11-13.10:32:22::SCWPlatform:: Platform Path C:/soc_workspace/Soc_soc_24_1/remo_cuckoo_hw_v2/hw/Remo_cuckoo_wrapper.xsa
TRACE::2024-11-13.10:32:22::SCWPlatform:: Unique name xilinx:basys3::0.0
TRACE::2024-11-13.10:32:22::SCWPlatform::Trying to set the existing hwdb with name Remo_cuckoo_wrapper_45
TRACE::2024-11-13.10:32:22::SCWPlatform::Opened existing hwdb Remo_cuckoo_wrapper_45
TRACE::2024-11-13.10:32:22::SCWPlatform::Found the Hw Db part of the input DSA
TRACE::2024-11-13.10:32:22::SCWMssOS::Checking the sw design at  C:/soc_workspace/Soc_soc_24_1/remo_cuckoo_hw_v2/microblaze_0/standalone_domain/bsp/system.mss
TRACE::2024-11-13.10:32:22::SCWMssOS::DEBUG:  swdes dump  C:/soc_workspace/Soc_soc_24_1/remo_cuckoo_hw_v2/microblaze_0/standalone_domain/bsp/system.mss|C:/soc_workspace/Soc_soc_24_1/remo_cuckoo_hw_v2/microblaze_0/standalone_domain/bsp/system.mss||

KEYINFO::2024-11-13.10:32:22::SCWMssOS::Could not open the swdb for C:/soc_workspace/Soc_soc_24_1/remo_cuckoo_hw_v2/microblaze_0/standalone_domain/bsp/system.mss
KEYINFO::2024-11-13.10:32:22::SCWMssOS::Could not open the sw design at  C:/soc_workspace/Soc_soc_24_1/remo_cuckoo_hw_v2/microblaze_0/standalone_domain/bsp/system.mss
ERROR: [Hsi 55-1558] Software Design C:/soc_workspace/Soc_soc_24_1/remo_cuckoo_hw_v2/microblaze_0/standalone_domain/bsp/system.mss is not found

TRACE::2024-11-13.10:32:22::SCWMssOS::Cleared the swdb table entry
TRACE::2024-11-13.10:32:22::SCWMssOS::No sw design opened at  C:/soc_workspace/Soc_soc_24_1/remo_cuckoo_hw_v2/microblaze_0/standalone_domain/bsp/system.mss
TRACE::2024-11-13.10:32:22::SCWMssOS::mss exists loading the mss file  C:/soc_workspace/Soc_soc_24_1/remo_cuckoo_hw_v2/microblaze_0/standalone_domain/bsp/system.mss
TRACE::2024-11-13.10:32:22::SCWMssOS::Opened the sw design from mss  C:/soc_workspace/Soc_soc_24_1/remo_cuckoo_hw_v2/microblaze_0/standalone_domain/bsp/system.mss
TRACE::2024-11-13.10:32:22::SCWMssOS::Adding the swdes entry C:/soc_workspace/Soc_soc_24_1/remo_cuckoo_hw_v2/microblaze_0/standalone_domain/bsp/system.mss with des name system
TRACE::2024-11-13.10:32:22::SCWMssOS::updating the scw layer about changes
TRACE::2024-11-13.10:32:22::SCWMssOS::Opened the sw design.  C:/soc_workspace/Soc_soc_24_1/remo_cuckoo_hw_v2/microblaze_0/standalone_domain/bsp/system.mss
TRACE::2024-11-13.10:32:22::SCWMssOS::Completed writing the mss file at C:/soc_workspace/Soc_soc_24_1/remo_cuckoo_hw_v2/microblaze_0/standalone_domain/bsp
TRACE::2024-11-13.10:32:22::SCWMssOS::Mss edits present, copying mssfile into export location C:/soc_workspace/Soc_soc_24_1/remo_cuckoo_hw_v2/microblaze_0/standalone_domain/bsp/system.mss
TRACE::2024-11-13.10:32:22::SCWMssOS::bsp generated is upto date with the mss file. Skipping bsp generation.
TRACE::2024-11-13.10:32:22::SCWMssOS::BSP is already built. skipping the bsp build ... 
TRACE::2024-11-13.10:32:22::SCWDomain::Skipping the build for domain :  standalone_domain
TRACE::2024-11-13.10:32:22::SCWMssOS::skipping the bsp build ... 
TRACE::2024-11-13.10:32:22::SCWMssOS::Copying to export directory.
TRACE::2024-11-13.10:32:22::SCWMssOS:: Checking if to create the Supporting Applications
TRACE::2024-11-13.10:32:22::SCWMssOS:: No Linux domain exists, trying to generate FSBL 
LOG::2024-11-13.10:32:22::SCWSystem::Completed Processing the domain standalone_domain
LOG::2024-11-13.10:32:22::SCWSystem::Completed Processing the sysconfig remo_cuckoo_hw_v2
LOG::2024-11-13.10:32:22::SCWPlatform::Completed generating the artifacts for system configuration remo_cuckoo_hw_v2
TRACE::2024-11-13.10:32:22::SCWPlatform::Started preparing the platform 
TRACE::2024-11-13.10:32:22::SCWSystem::Writing the bif file for system config remo_cuckoo_hw_v2
TRACE::2024-11-13.10:32:22::SCWSystem::dir created 
TRACE::2024-11-13.10:32:22::SCWSystem::Writing the bif 
TRACE::2024-11-13.10:32:22::SCWPlatform::Started writing the spfm file 
TRACE::2024-11-13.10:32:22::SCWPlatform::Started writing the xpfm file 
TRACE::2024-11-13.10:32:22::SCWPlatform::Completed generating the platform
TRACE::2024-11-13.10:32:22::SCWPlatform::Trying to open the hw design at C:/soc_workspace/Soc_soc_24_1/remo_cuckoo_hw_v2/hw/Remo_cuckoo_wrapper.xsa
TRACE::2024-11-13.10:32:22::SCWPlatform::DSA given C:/soc_workspace/Soc_soc_24_1/remo_cuckoo_hw_v2/hw/Remo_cuckoo_wrapper.xsa
TRACE::2024-11-13.10:32:22::SCWPlatform::DSA absoulate path C:/soc_workspace/Soc_soc_24_1/remo_cuckoo_hw_v2/hw/Remo_cuckoo_wrapper.xsa
TRACE::2024-11-13.10:32:22::SCWPlatform::DSA directory C:/soc_workspace/Soc_soc_24_1/remo_cuckoo_hw_v2/hw
TRACE::2024-11-13.10:32:22::SCWPlatform:: Platform Path C:/soc_workspace/Soc_soc_24_1/remo_cuckoo_hw_v2/hw/Remo_cuckoo_wrapper.xsa
TRACE::2024-11-13.10:32:22::SCWPlatform:: Unique name xilinx:basys3::0.0
TRACE::2024-11-13.10:32:22::SCWPlatform::Trying to set the existing hwdb with name Remo_cuckoo_wrapper_45
TRACE::2024-11-13.10:32:22::SCWPlatform::Opened existing hwdb Remo_cuckoo_wrapper_45
TRACE::2024-11-13.10:32:22::SCWPlatform::Found the Hw Db part of the input DSA
TRACE::2024-11-13.10:32:22::SCWMssOS::Checking the sw design at  C:/soc_workspace/Soc_soc_24_1/remo_cuckoo_hw_v2/microblaze_0/standalone_domain/bsp/system.mss
TRACE::2024-11-13.10:32:22::SCWMssOS::DEBUG:  swdes dump  C:/soc_workspace/Soc_soc_24_1/remo_cuckoo_hw_v2/microblaze_0/standalone_domain/bsp/system.mss|system||

TRACE::2024-11-13.10:32:22::SCWMssOS::Sw design exists and opened at  C:/soc_workspace/Soc_soc_24_1/remo_cuckoo_hw_v2/microblaze_0/standalone_domain/bsp/system.mss
TRACE::2024-11-13.10:32:22::SCWPlatform::Trying to open the hw design at C:/soc_workspace/Soc_soc_24_1/remo_cuckoo_hw_v2/hw/Remo_cuckoo_wrapper.xsa
TRACE::2024-11-13.10:32:22::SCWPlatform::DSA given C:/soc_workspace/Soc_soc_24_1/remo_cuckoo_hw_v2/hw/Remo_cuckoo_wrapper.xsa
TRACE::2024-11-13.10:32:22::SCWPlatform::DSA absoulate path C:/soc_workspace/Soc_soc_24_1/remo_cuckoo_hw_v2/hw/Remo_cuckoo_wrapper.xsa
TRACE::2024-11-13.10:32:22::SCWPlatform::DSA directory C:/soc_workspace/Soc_soc_24_1/remo_cuckoo_hw_v2/hw
TRACE::2024-11-13.10:32:22::SCWPlatform:: Platform Path C:/soc_workspace/Soc_soc_24_1/remo_cuckoo_hw_v2/hw/Remo_cuckoo_wrapper.xsa
TRACE::2024-11-13.10:32:22::SCWPlatform:: Unique name xilinx:basys3::0.0
TRACE::2024-11-13.10:32:22::SCWPlatform::Trying to set the existing hwdb with name Remo_cuckoo_wrapper_45
TRACE::2024-11-13.10:32:22::SCWPlatform::Opened existing hwdb Remo_cuckoo_wrapper_45
TRACE::2024-11-13.10:32:22::SCWPlatform::Found the Hw Db part of the input DSA
TRACE::2024-11-13.10:32:22::SCWMssOS::Checking the sw design at  C:/soc_workspace/Soc_soc_24_1/remo_cuckoo_hw_v2/microblaze_0/standalone_domain/bsp/system.mss
TRACE::2024-11-13.10:32:22::SCWMssOS::DEBUG:  swdes dump  C:/soc_workspace/Soc_soc_24_1/remo_cuckoo_hw_v2/microblaze_0/standalone_domain/bsp/system.mss|system||

TRACE::2024-11-13.10:32:22::SCWMssOS::Sw design exists and opened at  C:/soc_workspace/Soc_soc_24_1/remo_cuckoo_hw_v2/microblaze_0/standalone_domain/bsp/system.mss
TRACE::2024-11-13.10:32:22::SCWPlatform::Trying to open the hw design at C:/soc_workspace/Soc_soc_24_1/remo_cuckoo_hw_v2/hw/Remo_cuckoo_wrapper.xsa
TRACE::2024-11-13.10:32:22::SCWPlatform::DSA given C:/soc_workspace/Soc_soc_24_1/remo_cuckoo_hw_v2/hw/Remo_cuckoo_wrapper.xsa
TRACE::2024-11-13.10:32:22::SCWPlatform::DSA absoulate path C:/soc_workspace/Soc_soc_24_1/remo_cuckoo_hw_v2/hw/Remo_cuckoo_wrapper.xsa
TRACE::2024-11-13.10:32:22::SCWPlatform::DSA directory C:/soc_workspace/Soc_soc_24_1/remo_cuckoo_hw_v2/hw
TRACE::2024-11-13.10:32:22::SCWPlatform:: Platform Path C:/soc_workspace/Soc_soc_24_1/remo_cuckoo_hw_v2/hw/Remo_cuckoo_wrapper.xsa
TRACE::2024-11-13.10:32:22::SCWPlatform:: Unique name xilinx:basys3::0.0
TRACE::2024-11-13.10:32:22::SCWPlatform::Trying to set the existing hwdb with name Remo_cuckoo_wrapper_45
TRACE::2024-11-13.10:32:22::SCWPlatform::Opened existing hwdb Remo_cuckoo_wrapper_45
TRACE::2024-11-13.10:32:22::SCWPlatform::Found the Hw Db part of the input DSA
TRACE::2024-11-13.10:32:22::SCWMssOS::Checking the sw design at  C:/soc_workspace/Soc_soc_24_1/remo_cuckoo_hw_v2/microblaze_0/standalone_domain/bsp/system.mss
TRACE::2024-11-13.10:32:22::SCWMssOS::DEBUG:  swdes dump  C:/soc_workspace/Soc_soc_24_1/remo_cuckoo_hw_v2/microblaze_0/standalone_domain/bsp/system.mss|system||

TRACE::2024-11-13.10:32:22::SCWMssOS::Sw design exists and opened at  C:/soc_workspace/Soc_soc_24_1/remo_cuckoo_hw_v2/microblaze_0/standalone_domain/bsp/system.mss
TRACE::2024-11-13.10:32:22::SCWWriter::formatted JSON is {
	"platformName":	"remo_cuckoo_hw_v2",
	"sprVersion":	"2.0",
	"mode":	"gui",
	"dsaType":	"Fixed",
	"platformDesc":	"remo_cuckoo_hw_v2",
	"platHandOff":	"C:/Users/hama5/Desktop/sg_workspace/SoC_soc_24/Remo_cuckoo_wrapper.xsa",
	"platIntHandOff":	"<platformDir>/hw/Remo_cuckoo_wrapper.xsa",
	"deviceType":	"FPGA",
	"platIsPrebuiltAutogen":	"false",
	"platIsNoBootBsp":	"false",
	"hasFsblMakeHasChanges":	"false",
	"hasPmufwMakeHasChanges":	"false",
	"platPreBuiltFlag":	false,
	"platformSamplesDir":	"",
	"platActiveSys":	"remo_cuckoo_hw_v2",
	"systems":	[{
			"systemName":	"remo_cuckoo_hw_v2",
			"systemDesc":	"remo_cuckoo_hw_v2",
			"sysIsBootAutoGen":	"true",
			"systemDispName":	"remo_cuckoo_hw_v2",
			"sysActiveDom":	"standalone_domain",
			"sysDefaultDom":	"standalone_domain",
			"domains":	[{
					"domainName":	"standalone_domain",
					"domainDispName":	"standalone_domain",
					"domainDesc":	"standalone_domain",
					"processors":	"microblaze_0",
					"os":	"standalone",
					"sdxOs":	"standalone",
					"debugEnable":	"False",
					"domRuntimes":	["cpp"],
					"swRepo":	"",
					"mssOsVer":	"7.1",
					"mssFile":	"",
					"md5Digest":	"26eb69cab5021ef7ea1e7f7399c178d5",
					"compatibleApp":	"",
					"domType":	"mssDomain",
					"appSettings":	{
						"appCompilerFlags":	"",
						"appLinkerFlags":	""
					},
					"addedLibs":	[],
					"libOptions":	{
						"libsContainingOptions":	[]
					},
					"prebuiltLibs":	{
						"prebuiltIncPath":	[],
						"prebuiltLibPath":	[]
					},
					"isolation":	{
					}
				}]
		}]
}
KEYINFO::2024-11-13.10:32:22::SCWPlatform::updated the xpfm file.
TRACE::2024-11-13.10:32:22::SCWPlatform::Trying to open the hw design at C:/soc_workspace/Soc_soc_24_1/remo_cuckoo_hw_v2/hw/Remo_cuckoo_wrapper.xsa
TRACE::2024-11-13.10:32:22::SCWPlatform::DSA given C:/soc_workspace/Soc_soc_24_1/remo_cuckoo_hw_v2/hw/Remo_cuckoo_wrapper.xsa
TRACE::2024-11-13.10:32:22::SCWPlatform::DSA absoulate path C:/soc_workspace/Soc_soc_24_1/remo_cuckoo_hw_v2/hw/Remo_cuckoo_wrapper.xsa
TRACE::2024-11-13.10:32:22::SCWPlatform::DSA directory C:/soc_workspace/Soc_soc_24_1/remo_cuckoo_hw_v2/hw
TRACE::2024-11-13.10:32:22::SCWPlatform:: Platform Path C:/soc_workspace/Soc_soc_24_1/remo_cuckoo_hw_v2/hw/Remo_cuckoo_wrapper.xsa
TRACE::2024-11-13.10:32:22::SCWPlatform:: Unique name xilinx:basys3::0.0
TRACE::2024-11-13.10:32:22::SCWPlatform::Trying to set the existing hwdb with name Remo_cuckoo_wrapper_45
TRACE::2024-11-13.10:32:22::SCWPlatform::Opened existing hwdb Remo_cuckoo_wrapper_45
TRACE::2024-11-13.10:32:22::SCWPlatform::Found the Hw Db part of the input DSA
TRACE::2024-11-13.10:32:22::SCWMssOS::Checking the sw design at  C:/soc_workspace/Soc_soc_24_1/remo_cuckoo_hw_v2/microblaze_0/standalone_domain/bsp/system.mss
TRACE::2024-11-13.10:32:22::SCWMssOS::DEBUG:  swdes dump  C:/soc_workspace/Soc_soc_24_1/remo_cuckoo_hw_v2/microblaze_0/standalone_domain/bsp/system.mss|system||

TRACE::2024-11-13.10:32:22::SCWMssOS::Sw design exists and opened at  C:/soc_workspace/Soc_soc_24_1/remo_cuckoo_hw_v2/microblaze_0/standalone_domain/bsp/system.mss
TRACE::2024-11-13.10:32:22::SCWPlatform::Trying to open the hw design at C:/soc_workspace/Soc_soc_24_1/remo_cuckoo_hw_v2/hw/Remo_cuckoo_wrapper.xsa
TRACE::2024-11-13.10:32:22::SCWPlatform::DSA given C:/soc_workspace/Soc_soc_24_1/remo_cuckoo_hw_v2/hw/Remo_cuckoo_wrapper.xsa
TRACE::2024-11-13.10:32:22::SCWPlatform::DSA absoulate path C:/soc_workspace/Soc_soc_24_1/remo_cuckoo_hw_v2/hw/Remo_cuckoo_wrapper.xsa
TRACE::2024-11-13.10:32:22::SCWPlatform::DSA directory C:/soc_workspace/Soc_soc_24_1/remo_cuckoo_hw_v2/hw
TRACE::2024-11-13.10:32:22::SCWPlatform:: Platform Path C:/soc_workspace/Soc_soc_24_1/remo_cuckoo_hw_v2/hw/Remo_cuckoo_wrapper.xsa
TRACE::2024-11-13.10:32:22::SCWPlatform:: Unique name xilinx:basys3::0.0
TRACE::2024-11-13.10:32:22::SCWPlatform::Trying to set the existing hwdb with name Remo_cuckoo_wrapper_45
TRACE::2024-11-13.10:32:22::SCWPlatform::Opened existing hwdb Remo_cuckoo_wrapper_45
TRACE::2024-11-13.10:32:22::SCWPlatform::Found the Hw Db part of the input DSA
TRACE::2024-11-13.10:32:22::SCWMssOS::Checking the sw design at  C:/soc_workspace/Soc_soc_24_1/remo_cuckoo_hw_v2/microblaze_0/standalone_domain/bsp/system.mss
TRACE::2024-11-13.10:32:22::SCWMssOS::DEBUG:  swdes dump  C:/soc_workspace/Soc_soc_24_1/remo_cuckoo_hw_v2/microblaze_0/standalone_domain/bsp/system.mss|system||

TRACE::2024-11-13.10:32:22::SCWMssOS::Sw design exists and opened at  C:/soc_workspace/Soc_soc_24_1/remo_cuckoo_hw_v2/microblaze_0/standalone_domain/bsp/system.mss
TRACE::2024-11-13.10:32:22::SCWPlatform::Trying to open the hw design at C:/soc_workspace/Soc_soc_24_1/remo_cuckoo_hw_v2/hw/Remo_cuckoo_wrapper.xsa
TRACE::2024-11-13.10:32:22::SCWPlatform::DSA given C:/soc_workspace/Soc_soc_24_1/remo_cuckoo_hw_v2/hw/Remo_cuckoo_wrapper.xsa
TRACE::2024-11-13.10:32:22::SCWPlatform::DSA absoulate path C:/soc_workspace/Soc_soc_24_1/remo_cuckoo_hw_v2/hw/Remo_cuckoo_wrapper.xsa
TRACE::2024-11-13.10:32:22::SCWPlatform::DSA directory C:/soc_workspace/Soc_soc_24_1/remo_cuckoo_hw_v2/hw
TRACE::2024-11-13.10:32:22::SCWPlatform:: Platform Path C:/soc_workspace/Soc_soc_24_1/remo_cuckoo_hw_v2/hw/Remo_cuckoo_wrapper.xsa
TRACE::2024-11-13.10:32:22::SCWPlatform:: Unique name xilinx:basys3::0.0
TRACE::2024-11-13.10:32:22::SCWPlatform::Trying to set the existing hwdb with name Remo_cuckoo_wrapper_45
TRACE::2024-11-13.10:32:22::SCWPlatform::Opened existing hwdb Remo_cuckoo_wrapper_45
TRACE::2024-11-13.10:32:22::SCWPlatform::Found the Hw Db part of the input DSA
TRACE::2024-11-13.10:32:22::SCWMssOS::Checking the sw design at  C:/soc_workspace/Soc_soc_24_1/remo_cuckoo_hw_v2/microblaze_0/standalone_domain/bsp/system.mss
TRACE::2024-11-13.10:32:22::SCWMssOS::DEBUG:  swdes dump  C:/soc_workspace/Soc_soc_24_1/remo_cuckoo_hw_v2/microblaze_0/standalone_domain/bsp/system.mss|system||

TRACE::2024-11-13.10:32:22::SCWMssOS::Sw design exists and opened at  C:/soc_workspace/Soc_soc_24_1/remo_cuckoo_hw_v2/microblaze_0/standalone_domain/bsp/system.mss
TRACE::2024-11-13.10:32:22::SCWPlatform::Trying to open the hw design at C:/soc_workspace/Soc_soc_24_1/remo_cuckoo_hw_v2/hw/Remo_cuckoo_wrapper.xsa
TRACE::2024-11-13.10:32:22::SCWPlatform::DSA given C:/soc_workspace/Soc_soc_24_1/remo_cuckoo_hw_v2/hw/Remo_cuckoo_wrapper.xsa
TRACE::2024-11-13.10:32:22::SCWPlatform::DSA absoulate path C:/soc_workspace/Soc_soc_24_1/remo_cuckoo_hw_v2/hw/Remo_cuckoo_wrapper.xsa
TRACE::2024-11-13.10:32:22::SCWPlatform::DSA directory C:/soc_workspace/Soc_soc_24_1/remo_cuckoo_hw_v2/hw
TRACE::2024-11-13.10:32:22::SCWPlatform:: Platform Path C:/soc_workspace/Soc_soc_24_1/remo_cuckoo_hw_v2/hw/Remo_cuckoo_wrapper.xsa
TRACE::2024-11-13.10:32:22::SCWPlatform:: Unique name xilinx:basys3::0.0
TRACE::2024-11-13.10:32:22::SCWPlatform::Trying to set the existing hwdb with name Remo_cuckoo_wrapper_45
TRACE::2024-11-13.10:32:22::SCWPlatform::Opened existing hwdb Remo_cuckoo_wrapper_45
TRACE::2024-11-13.10:32:22::SCWPlatform::Found the Hw Db part of the input DSA
TRACE::2024-11-13.10:32:22::SCWMssOS::Checking the sw design at  C:/soc_workspace/Soc_soc_24_1/remo_cuckoo_hw_v2/microblaze_0/standalone_domain/bsp/system.mss
TRACE::2024-11-13.10:32:22::SCWMssOS::DEBUG:  swdes dump  C:/soc_workspace/Soc_soc_24_1/remo_cuckoo_hw_v2/microblaze_0/standalone_domain/bsp/system.mss|system||

TRACE::2024-11-13.10:32:22::SCWMssOS::Sw design exists and opened at  C:/soc_workspace/Soc_soc_24_1/remo_cuckoo_hw_v2/microblaze_0/standalone_domain/bsp/system.mss
TRACE::2024-11-13.10:32:22::SCWWriter::formatted JSON is {
	"platformName":	"remo_cuckoo_hw_v2",
	"sprVersion":	"2.0",
	"mode":	"gui",
	"dsaType":	"Fixed",
	"platformDesc":	"remo_cuckoo_hw_v2",
	"platHandOff":	"C:/Users/hama5/Desktop/sg_workspace/SoC_soc_24/Remo_cuckoo_wrapper.xsa",
	"platIntHandOff":	"<platformDir>/hw/Remo_cuckoo_wrapper.xsa",
	"deviceType":	"FPGA",
	"platIsPrebuiltAutogen":	"false",
	"platIsNoBootBsp":	"false",
	"hasFsblMakeHasChanges":	"false",
	"hasPmufwMakeHasChanges":	"false",
	"platPreBuiltFlag":	false,
	"platformSamplesDir":	"",
	"platActiveSys":	"remo_cuckoo_hw_v2",
	"systems":	[{
			"systemName":	"remo_cuckoo_hw_v2",
			"systemDesc":	"remo_cuckoo_hw_v2",
			"sysIsBootAutoGen":	"true",
			"systemDispName":	"remo_cuckoo_hw_v2",
			"sysActiveDom":	"standalone_domain",
			"sysDefaultDom":	"standalone_domain",
			"domains":	[{
					"domainName":	"standalone_domain",
					"domainDispName":	"standalone_domain",
					"domainDesc":	"standalone_domain",
					"processors":	"microblaze_0",
					"os":	"standalone",
					"sdxOs":	"standalone",
					"debugEnable":	"False",
					"domRuntimes":	["cpp"],
					"swRepo":	"",
					"mssOsVer":	"7.1",
					"mssFile":	"",
					"md5Digest":	"26eb69cab5021ef7ea1e7f7399c178d5",
					"compatibleApp":	"",
					"domType":	"mssDomain",
					"appSettings":	{
						"appCompilerFlags":	"",
						"appLinkerFlags":	""
					},
					"addedLibs":	[],
					"libOptions":	{
						"libsContainingOptions":	[]
					},
					"prebuiltLibs":	{
						"prebuiltIncPath":	[],
						"prebuiltLibPath":	[]
					},
					"isolation":	{
					}
				}]
		}]
}
TRACE::2024-11-13.10:32:22::SCWPlatform::Trying to open the hw design at C:/soc_workspace/Soc_soc_24_1/remo_cuckoo_hw_v2/hw/Remo_cuckoo_wrapper.xsa
TRACE::2024-11-13.10:32:22::SCWPlatform::DSA given C:/soc_workspace/Soc_soc_24_1/remo_cuckoo_hw_v2/hw/Remo_cuckoo_wrapper.xsa
TRACE::2024-11-13.10:32:22::SCWPlatform::DSA absoulate path C:/soc_workspace/Soc_soc_24_1/remo_cuckoo_hw_v2/hw/Remo_cuckoo_wrapper.xsa
TRACE::2024-11-13.10:32:22::SCWPlatform::DSA directory C:/soc_workspace/Soc_soc_24_1/remo_cuckoo_hw_v2/hw
TRACE::2024-11-13.10:32:22::SCWPlatform:: Platform Path C:/soc_workspace/Soc_soc_24_1/remo_cuckoo_hw_v2/hw/Remo_cuckoo_wrapper.xsa
TRACE::2024-11-13.10:32:22::SCWPlatform:: Unique name xilinx:basys3::0.0
TRACE::2024-11-13.10:32:22::SCWPlatform::Trying to set the existing hwdb with name Remo_cuckoo_wrapper_45
TRACE::2024-11-13.10:32:22::SCWPlatform::Opened existing hwdb Remo_cuckoo_wrapper_45
TRACE::2024-11-13.10:32:22::SCWPlatform::Found the Hw Db part of the input DSA
TRACE::2024-11-13.10:32:22::SCWMssOS::Checking the sw design at  C:/soc_workspace/Soc_soc_24_1/remo_cuckoo_hw_v2/microblaze_0/standalone_domain/bsp/system.mss
TRACE::2024-11-13.10:32:22::SCWMssOS::DEBUG:  swdes dump  C:/soc_workspace/Soc_soc_24_1/remo_cuckoo_hw_v2/microblaze_0/standalone_domain/bsp/system.mss|system||

TRACE::2024-11-13.10:32:22::SCWMssOS::Sw design exists and opened at  C:/soc_workspace/Soc_soc_24_1/remo_cuckoo_hw_v2/microblaze_0/standalone_domain/bsp/system.mss
TRACE::2024-11-13.10:32:22::SCWPlatform::Trying to open the hw design at C:/soc_workspace/Soc_soc_24_1/remo_cuckoo_hw_v2/hw/Remo_cuckoo_wrapper.xsa
TRACE::2024-11-13.10:32:22::SCWPlatform::DSA given C:/soc_workspace/Soc_soc_24_1/remo_cuckoo_hw_v2/hw/Remo_cuckoo_wrapper.xsa
TRACE::2024-11-13.10:32:22::SCWPlatform::DSA absoulate path C:/soc_workspace/Soc_soc_24_1/remo_cuckoo_hw_v2/hw/Remo_cuckoo_wrapper.xsa
TRACE::2024-11-13.10:32:22::SCWPlatform::DSA directory C:/soc_workspace/Soc_soc_24_1/remo_cuckoo_hw_v2/hw
TRACE::2024-11-13.10:32:22::SCWPlatform:: Platform Path C:/soc_workspace/Soc_soc_24_1/remo_cuckoo_hw_v2/hw/Remo_cuckoo_wrapper.xsa
TRACE::2024-11-13.10:32:22::SCWPlatform:: Unique name xilinx:basys3::0.0
TRACE::2024-11-13.10:32:22::SCWPlatform::Trying to set the existing hwdb with name Remo_cuckoo_wrapper_45
TRACE::2024-11-13.10:32:22::SCWPlatform::Opened existing hwdb Remo_cuckoo_wrapper_45
TRACE::2024-11-13.10:32:22::SCWPlatform::Found the Hw Db part of the input DSA
TRACE::2024-11-13.10:32:22::SCWMssOS::Checking the sw design at  C:/soc_workspace/Soc_soc_24_1/remo_cuckoo_hw_v2/microblaze_0/standalone_domain/bsp/system.mss
TRACE::2024-11-13.10:32:22::SCWMssOS::DEBUG:  swdes dump  C:/soc_workspace/Soc_soc_24_1/remo_cuckoo_hw_v2/microblaze_0/standalone_domain/bsp/system.mss|system||

TRACE::2024-11-13.10:32:22::SCWMssOS::Sw design exists and opened at  C:/soc_workspace/Soc_soc_24_1/remo_cuckoo_hw_v2/microblaze_0/standalone_domain/bsp/system.mss
TRACE::2024-11-13.10:32:22::SCWPlatform::Trying to open the hw design at C:/soc_workspace/Soc_soc_24_1/remo_cuckoo_hw_v2/hw/Remo_cuckoo_wrapper.xsa
TRACE::2024-11-13.10:32:22::SCWPlatform::DSA given C:/soc_workspace/Soc_soc_24_1/remo_cuckoo_hw_v2/hw/Remo_cuckoo_wrapper.xsa
TRACE::2024-11-13.10:32:22::SCWPlatform::DSA absoulate path C:/soc_workspace/Soc_soc_24_1/remo_cuckoo_hw_v2/hw/Remo_cuckoo_wrapper.xsa
TRACE::2024-11-13.10:32:22::SCWPlatform::DSA directory C:/soc_workspace/Soc_soc_24_1/remo_cuckoo_hw_v2/hw
TRACE::2024-11-13.10:32:22::SCWPlatform:: Platform Path C:/soc_workspace/Soc_soc_24_1/remo_cuckoo_hw_v2/hw/Remo_cuckoo_wrapper.xsa
TRACE::2024-11-13.10:32:22::SCWPlatform:: Unique name xilinx:basys3::0.0
TRACE::2024-11-13.10:32:22::SCWPlatform::Trying to set the existing hwdb with name Remo_cuckoo_wrapper_45
TRACE::2024-11-13.10:32:22::SCWPlatform::Opened existing hwdb Remo_cuckoo_wrapper_45
TRACE::2024-11-13.10:32:22::SCWPlatform::Found the Hw Db part of the input DSA
TRACE::2024-11-13.10:32:22::SCWMssOS::Checking the sw design at  C:/soc_workspace/Soc_soc_24_1/remo_cuckoo_hw_v2/microblaze_0/standalone_domain/bsp/system.mss
TRACE::2024-11-13.10:32:22::SCWMssOS::DEBUG:  swdes dump  C:/soc_workspace/Soc_soc_24_1/remo_cuckoo_hw_v2/microblaze_0/standalone_domain/bsp/system.mss|system||

TRACE::2024-11-13.10:32:22::SCWMssOS::Sw design exists and opened at  C:/soc_workspace/Soc_soc_24_1/remo_cuckoo_hw_v2/microblaze_0/standalone_domain/bsp/system.mss
TRACE::2024-11-13.10:32:22::SCWPlatform::Trying to open the hw design at C:/soc_workspace/Soc_soc_24_1/remo_cuckoo_hw_v2/hw/Remo_cuckoo_wrapper.xsa
TRACE::2024-11-13.10:32:22::SCWPlatform::DSA given C:/soc_workspace/Soc_soc_24_1/remo_cuckoo_hw_v2/hw/Remo_cuckoo_wrapper.xsa
TRACE::2024-11-13.10:32:22::SCWPlatform::DSA absoulate path C:/soc_workspace/Soc_soc_24_1/remo_cuckoo_hw_v2/hw/Remo_cuckoo_wrapper.xsa
TRACE::2024-11-13.10:32:22::SCWPlatform::DSA directory C:/soc_workspace/Soc_soc_24_1/remo_cuckoo_hw_v2/hw
TRACE::2024-11-13.10:32:22::SCWPlatform:: Platform Path C:/soc_workspace/Soc_soc_24_1/remo_cuckoo_hw_v2/hw/Remo_cuckoo_wrapper.xsa
TRACE::2024-11-13.10:32:22::SCWPlatform:: Unique name xilinx:basys3::0.0
TRACE::2024-11-13.10:32:22::SCWPlatform::Trying to set the existing hwdb with name Remo_cuckoo_wrapper_45
TRACE::2024-11-13.10:32:22::SCWPlatform::Opened existing hwdb Remo_cuckoo_wrapper_45
TRACE::2024-11-13.10:32:22::SCWPlatform::Found the Hw Db part of the input DSA
TRACE::2024-11-13.10:32:22::SCWMssOS::Checking the sw design at  C:/soc_workspace/Soc_soc_24_1/remo_cuckoo_hw_v2/microblaze_0/standalone_domain/bsp/system.mss
TRACE::2024-11-13.10:32:22::SCWMssOS::DEBUG:  swdes dump  C:/soc_workspace/Soc_soc_24_1/remo_cuckoo_hw_v2/microblaze_0/standalone_domain/bsp/system.mss|system||

TRACE::2024-11-13.10:32:22::SCWMssOS::Sw design exists and opened at  C:/soc_workspace/Soc_soc_24_1/remo_cuckoo_hw_v2/microblaze_0/standalone_domain/bsp/system.mss
TRACE::2024-11-13.10:32:22::SCWPlatform::Trying to open the hw design at C:/soc_workspace/Soc_soc_24_1/remo_cuckoo_hw_v2/hw/Remo_cuckoo_wrapper.xsa
TRACE::2024-11-13.10:32:22::SCWPlatform::DSA given C:/soc_workspace/Soc_soc_24_1/remo_cuckoo_hw_v2/hw/Remo_cuckoo_wrapper.xsa
TRACE::2024-11-13.10:32:22::SCWPlatform::DSA absoulate path C:/soc_workspace/Soc_soc_24_1/remo_cuckoo_hw_v2/hw/Remo_cuckoo_wrapper.xsa
TRACE::2024-11-13.10:32:22::SCWPlatform::DSA directory C:/soc_workspace/Soc_soc_24_1/remo_cuckoo_hw_v2/hw
TRACE::2024-11-13.10:32:22::SCWPlatform:: Platform Path C:/soc_workspace/Soc_soc_24_1/remo_cuckoo_hw_v2/hw/Remo_cuckoo_wrapper.xsa
TRACE::2024-11-13.10:32:22::SCWPlatform:: Unique name xilinx:basys3::0.0
TRACE::2024-11-13.10:32:22::SCWPlatform::Trying to set the existing hwdb with name Remo_cuckoo_wrapper_45
TRACE::2024-11-13.10:32:22::SCWPlatform::Opened existing hwdb Remo_cuckoo_wrapper_45
TRACE::2024-11-13.10:32:22::SCWPlatform::Found the Hw Db part of the input DSA
TRACE::2024-11-13.10:32:22::SCWMssOS::Checking the sw design at  C:/soc_workspace/Soc_soc_24_1/remo_cuckoo_hw_v2/microblaze_0/standalone_domain/bsp/system.mss
TRACE::2024-11-13.10:32:22::SCWMssOS::DEBUG:  swdes dump  C:/soc_workspace/Soc_soc_24_1/remo_cuckoo_hw_v2/microblaze_0/standalone_domain/bsp/system.mss|system||

TRACE::2024-11-13.10:32:22::SCWMssOS::Sw design exists and opened at  C:/soc_workspace/Soc_soc_24_1/remo_cuckoo_hw_v2/microblaze_0/standalone_domain/bsp/system.mss
TRACE::2024-11-13.10:32:22::SCWPlatform::Trying to open the hw design at C:/soc_workspace/Soc_soc_24_1/remo_cuckoo_hw_v2/hw/Remo_cuckoo_wrapper.xsa
TRACE::2024-11-13.10:32:22::SCWPlatform::DSA given C:/soc_workspace/Soc_soc_24_1/remo_cuckoo_hw_v2/hw/Remo_cuckoo_wrapper.xsa
TRACE::2024-11-13.10:32:22::SCWPlatform::DSA absoulate path C:/soc_workspace/Soc_soc_24_1/remo_cuckoo_hw_v2/hw/Remo_cuckoo_wrapper.xsa
TRACE::2024-11-13.10:32:22::SCWPlatform::DSA directory C:/soc_workspace/Soc_soc_24_1/remo_cuckoo_hw_v2/hw
TRACE::2024-11-13.10:32:22::SCWPlatform:: Platform Path C:/soc_workspace/Soc_soc_24_1/remo_cuckoo_hw_v2/hw/Remo_cuckoo_wrapper.xsa
TRACE::2024-11-13.10:32:22::SCWPlatform:: Unique name xilinx:basys3::0.0
TRACE::2024-11-13.10:32:22::SCWPlatform::Trying to set the existing hwdb with name Remo_cuckoo_wrapper_45
TRACE::2024-11-13.10:32:22::SCWPlatform::Opened existing hwdb Remo_cuckoo_wrapper_45
TRACE::2024-11-13.10:32:22::SCWPlatform::Found the Hw Db part of the input DSA
TRACE::2024-11-13.10:32:22::SCWMssOS::Checking the sw design at  C:/soc_workspace/Soc_soc_24_1/remo_cuckoo_hw_v2/microblaze_0/standalone_domain/bsp/system.mss
TRACE::2024-11-13.10:32:22::SCWMssOS::DEBUG:  swdes dump  C:/soc_workspace/Soc_soc_24_1/remo_cuckoo_hw_v2/microblaze_0/standalone_domain/bsp/system.mss|system||

TRACE::2024-11-13.10:32:22::SCWMssOS::Sw design exists and opened at  C:/soc_workspace/Soc_soc_24_1/remo_cuckoo_hw_v2/microblaze_0/standalone_domain/bsp/system.mss
TRACE::2024-11-13.10:32:22::SCWWriter::formatted JSON is {
	"platformName":	"remo_cuckoo_hw_v2",
	"sprVersion":	"2.0",
	"mode":	"gui",
	"dsaType":	"Fixed",
	"platformDesc":	"remo_cuckoo_hw_v2",
	"platHandOff":	"C:/Users/hama5/Desktop/sg_workspace/SoC_soc_24/Remo_cuckoo_wrapper.xsa",
	"platIntHandOff":	"<platformDir>/hw/Remo_cuckoo_wrapper.xsa",
	"deviceType":	"FPGA",
	"platIsPrebuiltAutogen":	"false",
	"platIsNoBootBsp":	"false",
	"hasFsblMakeHasChanges":	"false",
	"hasPmufwMakeHasChanges":	"false",
	"platPreBuiltFlag":	false,
	"platformSamplesDir":	"",
	"platActiveSys":	"remo_cuckoo_hw_v2",
	"systems":	[{
			"systemName":	"remo_cuckoo_hw_v2",
			"systemDesc":	"remo_cuckoo_hw_v2",
			"sysIsBootAutoGen":	"true",
			"systemDispName":	"remo_cuckoo_hw_v2",
			"sysActiveDom":	"standalone_domain",
			"sysDefaultDom":	"standalone_domain",
			"domains":	[{
					"domainName":	"standalone_domain",
					"domainDispName":	"standalone on microblaze_0",
					"domainDesc":	"standalone_domain",
					"processors":	"microblaze_0",
					"os":	"standalone",
					"sdxOs":	"standalone",
					"debugEnable":	"False",
					"domRuntimes":	["cpp"],
					"swRepo":	"",
					"mssOsVer":	"7.1",
					"mssFile":	"",
					"md5Digest":	"26eb69cab5021ef7ea1e7f7399c178d5",
					"compatibleApp":	"",
					"domType":	"mssDomain",
					"appSettings":	{
						"appCompilerFlags":	"",
						"appLinkerFlags":	""
					},
					"addedLibs":	[],
					"libOptions":	{
						"libsContainingOptions":	[]
					},
					"prebuiltLibs":	{
						"prebuiltIncPath":	[],
						"prebuiltLibPath":	[]
					},
					"isolation":	{
					}
				}]
		}]
}
TRACE::2024-11-13.10:32:22::SCWPlatform::Trying to open the hw design at C:/soc_workspace/Soc_soc_24_1/remo_cuckoo_hw_v2/hw/Remo_cuckoo_wrapper.xsa
TRACE::2024-11-13.10:32:22::SCWPlatform::DSA given C:/soc_workspace/Soc_soc_24_1/remo_cuckoo_hw_v2/hw/Remo_cuckoo_wrapper.xsa
TRACE::2024-11-13.10:32:22::SCWPlatform::DSA absoulate path C:/soc_workspace/Soc_soc_24_1/remo_cuckoo_hw_v2/hw/Remo_cuckoo_wrapper.xsa
TRACE::2024-11-13.10:32:22::SCWPlatform::DSA directory C:/soc_workspace/Soc_soc_24_1/remo_cuckoo_hw_v2/hw
TRACE::2024-11-13.10:32:22::SCWPlatform:: Platform Path C:/soc_workspace/Soc_soc_24_1/remo_cuckoo_hw_v2/hw/Remo_cuckoo_wrapper.xsa
TRACE::2024-11-13.10:32:22::SCWPlatform:: Unique name xilinx:basys3::0.0
TRACE::2024-11-13.10:32:22::SCWPlatform::Trying to set the existing hwdb with name Remo_cuckoo_wrapper_45
TRACE::2024-11-13.10:32:22::SCWPlatform::Opened existing hwdb Remo_cuckoo_wrapper_45
TRACE::2024-11-13.10:32:22::SCWPlatform::Found the Hw Db part of the input DSA
TRACE::2024-11-13.10:32:22::SCWMssOS::Checking the sw design at  C:/soc_workspace/Soc_soc_24_1/remo_cuckoo_hw_v2/microblaze_0/standalone_domain/bsp/system.mss
TRACE::2024-11-13.10:32:22::SCWMssOS::DEBUG:  swdes dump  C:/soc_workspace/Soc_soc_24_1/remo_cuckoo_hw_v2/microblaze_0/standalone_domain/bsp/system.mss|system||

TRACE::2024-11-13.10:32:22::SCWMssOS::Sw design exists and opened at  C:/soc_workspace/Soc_soc_24_1/remo_cuckoo_hw_v2/microblaze_0/standalone_domain/bsp/system.mss
TRACE::2024-11-13.10:32:22::SCWPlatform::Trying to open the hw design at C:/soc_workspace/Soc_soc_24_1/remo_cuckoo_hw_v2/hw/Remo_cuckoo_wrapper.xsa
TRACE::2024-11-13.10:32:22::SCWPlatform::DSA given C:/soc_workspace/Soc_soc_24_1/remo_cuckoo_hw_v2/hw/Remo_cuckoo_wrapper.xsa
TRACE::2024-11-13.10:32:22::SCWPlatform::DSA absoulate path C:/soc_workspace/Soc_soc_24_1/remo_cuckoo_hw_v2/hw/Remo_cuckoo_wrapper.xsa
TRACE::2024-11-13.10:32:22::SCWPlatform::DSA directory C:/soc_workspace/Soc_soc_24_1/remo_cuckoo_hw_v2/hw
TRACE::2024-11-13.10:32:22::SCWPlatform:: Platform Path C:/soc_workspace/Soc_soc_24_1/remo_cuckoo_hw_v2/hw/Remo_cuckoo_wrapper.xsa
TRACE::2024-11-13.10:32:22::SCWPlatform:: Unique name xilinx:basys3::0.0
TRACE::2024-11-13.10:32:22::SCWPlatform::Trying to set the existing hwdb with name Remo_cuckoo_wrapper_45
TRACE::2024-11-13.10:32:22::SCWPlatform::Opened existing hwdb Remo_cuckoo_wrapper_45
TRACE::2024-11-13.10:32:22::SCWPlatform::Found the Hw Db part of the input DSA
TRACE::2024-11-13.10:32:22::SCWMssOS::Checking the sw design at  C:/soc_workspace/Soc_soc_24_1/remo_cuckoo_hw_v2/microblaze_0/standalone_domain/bsp/system.mss
TRACE::2024-11-13.10:32:22::SCWMssOS::DEBUG:  swdes dump  C:/soc_workspace/Soc_soc_24_1/remo_cuckoo_hw_v2/microblaze_0/standalone_domain/bsp/system.mss|system||

TRACE::2024-11-13.10:32:22::SCWMssOS::Sw design exists and opened at  C:/soc_workspace/Soc_soc_24_1/remo_cuckoo_hw_v2/microblaze_0/standalone_domain/bsp/system.mss
TRACE::2024-11-13.10:32:22::SCWPlatform::Trying to open the hw design at C:/soc_workspace/Soc_soc_24_1/remo_cuckoo_hw_v2/hw/Remo_cuckoo_wrapper.xsa
TRACE::2024-11-13.10:32:22::SCWPlatform::DSA given C:/soc_workspace/Soc_soc_24_1/remo_cuckoo_hw_v2/hw/Remo_cuckoo_wrapper.xsa
TRACE::2024-11-13.10:32:22::SCWPlatform::DSA absoulate path C:/soc_workspace/Soc_soc_24_1/remo_cuckoo_hw_v2/hw/Remo_cuckoo_wrapper.xsa
TRACE::2024-11-13.10:32:22::SCWPlatform::DSA directory C:/soc_workspace/Soc_soc_24_1/remo_cuckoo_hw_v2/hw
TRACE::2024-11-13.10:32:22::SCWPlatform:: Platform Path C:/soc_workspace/Soc_soc_24_1/remo_cuckoo_hw_v2/hw/Remo_cuckoo_wrapper.xsa
TRACE::2024-11-13.10:32:22::SCWPlatform:: Unique name xilinx:basys3::0.0
TRACE::2024-11-13.10:32:22::SCWPlatform::Trying to set the existing hwdb with name Remo_cuckoo_wrapper_45
TRACE::2024-11-13.10:32:22::SCWPlatform::Opened existing hwdb Remo_cuckoo_wrapper_45
TRACE::2024-11-13.10:32:22::SCWPlatform::Found the Hw Db part of the input DSA
TRACE::2024-11-13.10:32:22::SCWMssOS::Checking the sw design at  C:/soc_workspace/Soc_soc_24_1/remo_cuckoo_hw_v2/microblaze_0/standalone_domain/bsp/system.mss
TRACE::2024-11-13.10:32:22::SCWMssOS::DEBUG:  swdes dump  C:/soc_workspace/Soc_soc_24_1/remo_cuckoo_hw_v2/microblaze_0/standalone_domain/bsp/system.mss|system||

TRACE::2024-11-13.10:32:22::SCWMssOS::Sw design exists and opened at  C:/soc_workspace/Soc_soc_24_1/remo_cuckoo_hw_v2/microblaze_0/standalone_domain/bsp/system.mss
TRACE::2024-11-13.10:32:22::SCWWriter::formatted JSON is {
	"platformName":	"remo_cuckoo_hw_v2",
	"sprVersion":	"2.0",
	"mode":	"gui",
	"dsaType":	"Fixed",
	"platformDesc":	"remo_cuckoo_hw_v2",
	"platHandOff":	"C:/Users/hama5/Desktop/sg_workspace/SoC_soc_24/Remo_cuckoo_wrapper.xsa",
	"platIntHandOff":	"<platformDir>/hw/Remo_cuckoo_wrapper.xsa",
	"deviceType":	"FPGA",
	"platIsPrebuiltAutogen":	"false",
	"platIsNoBootBsp":	"false",
	"hasFsblMakeHasChanges":	"false",
	"hasPmufwMakeHasChanges":	"false",
	"platPreBuiltFlag":	false,
	"platformSamplesDir":	"",
	"platActiveSys":	"remo_cuckoo_hw_v2",
	"systems":	[{
			"systemName":	"remo_cuckoo_hw_v2",
			"systemDesc":	"remo_cuckoo_hw_v2",
			"sysIsBootAutoGen":	"true",
			"systemDispName":	"remo_cuckoo_hw_v2",
			"sysActiveDom":	"standalone_domain",
			"sysDefaultDom":	"standalone_domain",
			"domains":	[{
					"domainName":	"standalone_domain",
					"domainDispName":	"standalone on microblaze_0",
					"domainDesc":	"standalone_domain",
					"processors":	"microblaze_0",
					"os":	"standalone",
					"sdxOs":	"standalone",
					"debugEnable":	"False",
					"domRuntimes":	["cpp"],
					"swRepo":	"",
					"mssOsVer":	"7.1",
					"mssFile":	"",
					"md5Digest":	"26eb69cab5021ef7ea1e7f7399c178d5",
					"compatibleApp":	"",
					"domType":	"mssDomain",
					"appSettings":	{
						"appCompilerFlags":	"",
						"appLinkerFlags":	""
					},
					"addedLibs":	[],
					"libOptions":	{
						"libsContainingOptions":	[]
					},
					"prebuiltLibs":	{
						"prebuiltIncPath":	[],
						"prebuiltLibPath":	[]
					},
					"isolation":	{
					}
				}]
		}]
}
TRACE::2024-11-13.10:32:22::SCWPlatform::Clearing the existing platform
TRACE::2024-11-13.10:32:22::SCWSystem::Clearing the existing sysconfig
TRACE::2024-11-13.10:32:22::SCWMssOS::Removing the swdes entry for  C:/soc_workspace/Soc_soc_24_1/remo_cuckoo_hw_v2/microblaze_0/standalone_domain/bsp/system.mss
TRACE::2024-11-13.10:32:22::SCWSystem::Clearing the domains completed.
TRACE::2024-11-13.10:32:22::SCWPlatform::Clearing the opened hw db.
TRACE::2024-11-13.10:32:22::SCWPlatform::DSA given C:/soc_workspace/Soc_soc_24_1/remo_cuckoo_hw_v2/hw/Remo_cuckoo_wrapper.xsa
TRACE::2024-11-13.10:32:22::SCWPlatform::DSA absoulate path C:/soc_workspace/Soc_soc_24_1/remo_cuckoo_hw_v2/hw/Remo_cuckoo_wrapper.xsa
TRACE::2024-11-13.10:32:22::SCWPlatform:: Platform location is C:/soc_workspace/Soc_soc_24_1/remo_cuckoo_hw_v2/hw
TRACE::2024-11-13.10:32:22::SCWPlatform:: Platform Path C:/soc_workspace/Soc_soc_24_1/remo_cuckoo_hw_v2/hw/Remo_cuckoo_wrapper.xsa
TRACE::2024-11-13.10:32:22::SCWPlatform:: Unique name xilinx:basys3::0.0
TRACE::2024-11-13.10:32:22::SCWPlatform::Removing the HwDB with name C:/soc_workspace/Soc_soc_24_1/remo_cuckoo_hw_v2/hw/Remo_cuckoo_wrapper.xsa
TRACE::2024-11-13.10:32:22::SCWPlatform::Trying to open the hw design at C:/soc_workspace/Soc_soc_24_1/remo_cuckoo_hw_v2/hw/Remo_cuckoo_wrapper.xsa
TRACE::2024-11-13.10:32:23::SCWPlatform::DSA given C:/soc_workspace/Soc_soc_24_1/remo_cuckoo_hw_v2/hw/Remo_cuckoo_wrapper.xsa
TRACE::2024-11-13.10:32:23::SCWPlatform::DSA absoulate path C:/soc_workspace/Soc_soc_24_1/remo_cuckoo_hw_v2/hw/Remo_cuckoo_wrapper.xsa
TRACE::2024-11-13.10:32:23::SCWPlatform::DSA directory C:/soc_workspace/Soc_soc_24_1/remo_cuckoo_hw_v2/hw
TRACE::2024-11-13.10:32:23::SCWPlatform:: Platform Path C:/soc_workspace/Soc_soc_24_1/remo_cuckoo_hw_v2/hw/Remo_cuckoo_wrapper.xsa
TRACE::2024-11-13.10:32:23::SCWPlatform:: Unique name xilinx:basys3::0.0
TRACE::2024-11-13.10:32:23::SCWPlatform::Do not have an existing db opened. 
TRACE::2024-11-13.10:32:23::SCWPlatform::Opened new HwDB with name Remo_cuckoo_wrapper_46
TRACE::2024-11-13.10:32:23::SCWReader::Active system found as  remo_cuckoo_hw_v2
TRACE::2024-11-13.10:32:23::SCWReader::Handling sysconfig remo_cuckoo_hw_v2
TRACE::2024-11-13.10:32:23::SCWDomain::checking for install qemu data   : 
TRACE::2024-11-13.10:32:23::SCWPlatform::Trying to open the hw design at C:/soc_workspace/Soc_soc_24_1/remo_cuckoo_hw_v2/hw/Remo_cuckoo_wrapper.xsa
TRACE::2024-11-13.10:32:23::SCWPlatform::DSA given C:/soc_workspace/Soc_soc_24_1/remo_cuckoo_hw_v2/hw/Remo_cuckoo_wrapper.xsa
TRACE::2024-11-13.10:32:23::SCWPlatform::DSA absoulate path C:/soc_workspace/Soc_soc_24_1/remo_cuckoo_hw_v2/hw/Remo_cuckoo_wrapper.xsa
TRACE::2024-11-13.10:32:23::SCWPlatform::DSA directory C:/soc_workspace/Soc_soc_24_1/remo_cuckoo_hw_v2/hw
TRACE::2024-11-13.10:32:23::SCWPlatform:: Platform Path C:/soc_workspace/Soc_soc_24_1/remo_cuckoo_hw_v2/hw/Remo_cuckoo_wrapper.xsa
TRACE::2024-11-13.10:32:23::SCWPlatform:: Unique name xilinx:basys3::0.0
TRACE::2024-11-13.10:32:23::SCWPlatform::Trying to set the existing hwdb with name Remo_cuckoo_wrapper_46
TRACE::2024-11-13.10:32:23::SCWPlatform::Opened existing hwdb Remo_cuckoo_wrapper_46
TRACE::2024-11-13.10:32:23::SCWPlatform::Found the Hw Db part of the input DSA
TRACE::2024-11-13.10:32:23::SCWPlatform::Trying to open the hw design at C:/soc_workspace/Soc_soc_24_1/remo_cuckoo_hw_v2/hw/Remo_cuckoo_wrapper.xsa
TRACE::2024-11-13.10:32:23::SCWPlatform::DSA given C:/soc_workspace/Soc_soc_24_1/remo_cuckoo_hw_v2/hw/Remo_cuckoo_wrapper.xsa
TRACE::2024-11-13.10:32:23::SCWPlatform::DSA absoulate path C:/soc_workspace/Soc_soc_24_1/remo_cuckoo_hw_v2/hw/Remo_cuckoo_wrapper.xsa
TRACE::2024-11-13.10:32:23::SCWPlatform::DSA directory C:/soc_workspace/Soc_soc_24_1/remo_cuckoo_hw_v2/hw
TRACE::2024-11-13.10:32:23::SCWPlatform:: Platform Path C:/soc_workspace/Soc_soc_24_1/remo_cuckoo_hw_v2/hw/Remo_cuckoo_wrapper.xsa
TRACE::2024-11-13.10:32:23::SCWPlatform:: Unique name xilinx:basys3::0.0
TRACE::2024-11-13.10:32:23::SCWPlatform::Trying to set the existing hwdb with name Remo_cuckoo_wrapper_46
TRACE::2024-11-13.10:32:23::SCWPlatform::Opened existing hwdb Remo_cuckoo_wrapper_46
TRACE::2024-11-13.10:32:23::SCWPlatform::Found the Hw Db part of the input DSA
TRACE::2024-11-13.10:32:23::SCWPlatform::Trying to open the hw design at C:/soc_workspace/Soc_soc_24_1/remo_cuckoo_hw_v2/hw/Remo_cuckoo_wrapper.xsa
TRACE::2024-11-13.10:32:23::SCWPlatform::DSA given C:/soc_workspace/Soc_soc_24_1/remo_cuckoo_hw_v2/hw/Remo_cuckoo_wrapper.xsa
TRACE::2024-11-13.10:32:23::SCWPlatform::DSA absoulate path C:/soc_workspace/Soc_soc_24_1/remo_cuckoo_hw_v2/hw/Remo_cuckoo_wrapper.xsa
TRACE::2024-11-13.10:32:23::SCWPlatform::DSA directory C:/soc_workspace/Soc_soc_24_1/remo_cuckoo_hw_v2/hw
TRACE::2024-11-13.10:32:23::SCWPlatform:: Platform Path C:/soc_workspace/Soc_soc_24_1/remo_cuckoo_hw_v2/hw/Remo_cuckoo_wrapper.xsa
TRACE::2024-11-13.10:32:23::SCWPlatform:: Unique name xilinx:basys3::0.0
TRACE::2024-11-13.10:32:23::SCWPlatform::Trying to set the existing hwdb with name Remo_cuckoo_wrapper_46
TRACE::2024-11-13.10:32:23::SCWPlatform::Opened existing hwdb Remo_cuckoo_wrapper_46
TRACE::2024-11-13.10:32:23::SCWPlatform::Found the Hw Db part of the input DSA
TRACE::2024-11-13.10:32:23::SCWMssOS::Checking the sw design at  C:/soc_workspace/Soc_soc_24_1/remo_cuckoo_hw_v2/microblaze_0/standalone_domain/bsp/system.mss
TRACE::2024-11-13.10:32:23::SCWMssOS::DEBUG:  swdes dump  
TRACE::2024-11-13.10:32:23::SCWMssOS::No sw design opened at  C:/soc_workspace/Soc_soc_24_1/remo_cuckoo_hw_v2/microblaze_0/standalone_domain/bsp/system.mss
TRACE::2024-11-13.10:32:23::SCWMssOS::mss exists loading the mss file  C:/soc_workspace/Soc_soc_24_1/remo_cuckoo_hw_v2/microblaze_0/standalone_domain/bsp/system.mss
TRACE::2024-11-13.10:32:23::SCWMssOS::Opened the sw design from mss  C:/soc_workspace/Soc_soc_24_1/remo_cuckoo_hw_v2/microblaze_0/standalone_domain/bsp/system.mss
TRACE::2024-11-13.10:32:23::SCWMssOS::Adding the swdes entry C:/soc_workspace/Soc_soc_24_1/remo_cuckoo_hw_v2/microblaze_0/standalone_domain/bsp/system.mss with des name system
TRACE::2024-11-13.10:32:23::SCWMssOS::updating the scw layer about changes
TRACE::2024-11-13.10:32:23::SCWMssOS::Opened the sw design.  C:/soc_workspace/Soc_soc_24_1/remo_cuckoo_hw_v2/microblaze_0/standalone_domain/bsp/system.mss
TRACE::2024-11-13.10:32:23::SCWReader::Adding prebuilt librarypaths as   
TRACE::2024-11-13.10:32:23::SCWReader::Adding prebuilt incpaths  as   
TRACE::2024-11-13.10:32:23::SCWPlatform::Trying to open the hw design at C:/soc_workspace/Soc_soc_24_1/remo_cuckoo_hw_v2/hw/Remo_cuckoo_wrapper.xsa
TRACE::2024-11-13.10:32:23::SCWPlatform::DSA given C:/soc_workspace/Soc_soc_24_1/remo_cuckoo_hw_v2/hw/Remo_cuckoo_wrapper.xsa
TRACE::2024-11-13.10:32:23::SCWPlatform::DSA absoulate path C:/soc_workspace/Soc_soc_24_1/remo_cuckoo_hw_v2/hw/Remo_cuckoo_wrapper.xsa
TRACE::2024-11-13.10:32:23::SCWPlatform::DSA directory C:/soc_workspace/Soc_soc_24_1/remo_cuckoo_hw_v2/hw
TRACE::2024-11-13.10:32:23::SCWPlatform:: Platform Path C:/soc_workspace/Soc_soc_24_1/remo_cuckoo_hw_v2/hw/Remo_cuckoo_wrapper.xsa
TRACE::2024-11-13.10:32:23::SCWPlatform:: Unique name xilinx:basys3::0.0
TRACE::2024-11-13.10:32:23::SCWPlatform::Trying to set the existing hwdb with name Remo_cuckoo_wrapper_46
TRACE::2024-11-13.10:32:23::SCWPlatform::Opened existing hwdb Remo_cuckoo_wrapper_46
TRACE::2024-11-13.10:32:23::SCWPlatform::Found the Hw Db part of the input DSA
TRACE::2024-11-13.10:32:23::SCWMssOS::Checking the sw design at  C:/soc_workspace/Soc_soc_24_1/remo_cuckoo_hw_v2/microblaze_0/standalone_domain/bsp/system.mss
TRACE::2024-11-13.10:32:23::SCWMssOS::DEBUG:  swdes dump  C:/soc_workspace/Soc_soc_24_1/remo_cuckoo_hw_v2/microblaze_0/standalone_domain/bsp/system.mss|system||

TRACE::2024-11-13.10:32:23::SCWMssOS::Sw design exists and opened at  C:/soc_workspace/Soc_soc_24_1/remo_cuckoo_hw_v2/microblaze_0/standalone_domain/bsp/system.mss
TRACE::2024-11-13.10:32:23::SCWReader::No isolation master present  
TRACE::2024-11-13.10:32:23::SCWPlatform::Trying to open the hw design at C:/soc_workspace/Soc_soc_24_1/remo_cuckoo_hw_v2/hw/Remo_cuckoo_wrapper.xsa
TRACE::2024-11-13.10:32:23::SCWPlatform::DSA given C:/soc_workspace/Soc_soc_24_1/remo_cuckoo_hw_v2/hw/Remo_cuckoo_wrapper.xsa
TRACE::2024-11-13.10:32:23::SCWPlatform::DSA absoulate path C:/soc_workspace/Soc_soc_24_1/remo_cuckoo_hw_v2/hw/Remo_cuckoo_wrapper.xsa
TRACE::2024-11-13.10:32:23::SCWPlatform::DSA directory C:/soc_workspace/Soc_soc_24_1/remo_cuckoo_hw_v2/hw
TRACE::2024-11-13.10:32:23::SCWPlatform:: Platform Path C:/soc_workspace/Soc_soc_24_1/remo_cuckoo_hw_v2/hw/Remo_cuckoo_wrapper.xsa
TRACE::2024-11-13.10:32:23::SCWPlatform:: Unique name xilinx:basys3::0.0
TRACE::2024-11-13.10:32:23::SCWPlatform::Trying to set the existing hwdb with name Remo_cuckoo_wrapper_46
TRACE::2024-11-13.10:32:23::SCWPlatform::Opened existing hwdb Remo_cuckoo_wrapper_46
TRACE::2024-11-13.10:32:23::SCWPlatform::Found the Hw Db part of the input DSA
TRACE::2024-11-13.10:32:23::SCWMssOS::Checking the sw design at  C:/soc_workspace/Soc_soc_24_1/remo_cuckoo_hw_v2/microblaze_0/standalone_domain/bsp/system.mss
TRACE::2024-11-13.10:32:23::SCWMssOS::DEBUG:  swdes dump  C:/soc_workspace/Soc_soc_24_1/remo_cuckoo_hw_v2/microblaze_0/standalone_domain/bsp/system.mss|system||

TRACE::2024-11-13.10:32:23::SCWMssOS::Sw design exists and opened at  C:/soc_workspace/Soc_soc_24_1/remo_cuckoo_hw_v2/microblaze_0/standalone_domain/bsp/system.mss
TRACE::2024-11-13.10:32:23::SCWMssOS::In reload Mss file.
TRACE::2024-11-13.10:32:23::SCWPlatform::Trying to open the hw design at C:/soc_workspace/Soc_soc_24_1/remo_cuckoo_hw_v2/hw/Remo_cuckoo_wrapper.xsa
TRACE::2024-11-13.10:32:23::SCWPlatform::DSA given C:/soc_workspace/Soc_soc_24_1/remo_cuckoo_hw_v2/hw/Remo_cuckoo_wrapper.xsa
TRACE::2024-11-13.10:32:23::SCWPlatform::DSA absoulate path C:/soc_workspace/Soc_soc_24_1/remo_cuckoo_hw_v2/hw/Remo_cuckoo_wrapper.xsa
TRACE::2024-11-13.10:32:23::SCWPlatform::DSA directory C:/soc_workspace/Soc_soc_24_1/remo_cuckoo_hw_v2/hw
TRACE::2024-11-13.10:32:23::SCWPlatform:: Platform Path C:/soc_workspace/Soc_soc_24_1/remo_cuckoo_hw_v2/hw/Remo_cuckoo_wrapper.xsa
TRACE::2024-11-13.10:32:23::SCWPlatform:: Unique name xilinx:basys3::0.0
TRACE::2024-11-13.10:32:23::SCWPlatform::Trying to set the existing hwdb with name Remo_cuckoo_wrapper_46
TRACE::2024-11-13.10:32:23::SCWPlatform::Opened existing hwdb Remo_cuckoo_wrapper_46
TRACE::2024-11-13.10:32:23::SCWPlatform::Found the Hw Db part of the input DSA
TRACE::2024-11-13.10:32:23::SCWMssOS::Checking the sw design at  C:/soc_workspace/Soc_soc_24_1/remo_cuckoo_hw_v2/microblaze_0/standalone_domain/bsp/system.mss
TRACE::2024-11-13.10:32:23::SCWMssOS::DEBUG:  swdes dump  C:/soc_workspace/Soc_soc_24_1/remo_cuckoo_hw_v2/microblaze_0/standalone_domain/bsp/system.mss|system||

KEYINFO::2024-11-13.10:32:23::SCWMssOS::Could not open the swdb for system
KEYINFO::2024-11-13.10:32:23::SCWMssOS::Could not open the sw design at  system
ERROR: [Hsi 55-1558] Software Design system is not found

TRACE::2024-11-13.10:32:23::SCWMssOS::Cleared the swdb table entry
TRACE::2024-11-13.10:32:23::SCWMssOS::No sw design opened at  C:/soc_workspace/Soc_soc_24_1/remo_cuckoo_hw_v2/microblaze_0/standalone_domain/bsp/system.mss
TRACE::2024-11-13.10:32:23::SCWMssOS::mss exists loading the mss file  C:/soc_workspace/Soc_soc_24_1/remo_cuckoo_hw_v2/microblaze_0/standalone_domain/bsp/system.mss
TRACE::2024-11-13.10:32:23::SCWMssOS::Opened the sw design from mss  C:/soc_workspace/Soc_soc_24_1/remo_cuckoo_hw_v2/microblaze_0/standalone_domain/bsp/system.mss
TRACE::2024-11-13.10:32:23::SCWMssOS::Adding the swdes entry C:/soc_workspace/Soc_soc_24_1/remo_cuckoo_hw_v2/microblaze_0/standalone_domain/bsp/system.mss with des name system
TRACE::2024-11-13.10:32:23::SCWMssOS::updating the scw layer about changes
TRACE::2024-11-13.10:32:23::SCWMssOS::Opened the sw design.  C:/soc_workspace/Soc_soc_24_1/remo_cuckoo_hw_v2/microblaze_0/standalone_domain/bsp/system.mss
TRACE::2024-11-13.10:32:23::SCWPlatform::Trying to open the hw design at C:/soc_workspace/Soc_soc_24_1/remo_cuckoo_hw_v2/hw/Remo_cuckoo_wrapper.xsa
TRACE::2024-11-13.10:32:23::SCWPlatform::DSA given C:/soc_workspace/Soc_soc_24_1/remo_cuckoo_hw_v2/hw/Remo_cuckoo_wrapper.xsa
TRACE::2024-11-13.10:32:23::SCWPlatform::DSA absoulate path C:/soc_workspace/Soc_soc_24_1/remo_cuckoo_hw_v2/hw/Remo_cuckoo_wrapper.xsa
TRACE::2024-11-13.10:32:23::SCWPlatform::DSA directory C:/soc_workspace/Soc_soc_24_1/remo_cuckoo_hw_v2/hw
TRACE::2024-11-13.10:32:23::SCWPlatform:: Platform Path C:/soc_workspace/Soc_soc_24_1/remo_cuckoo_hw_v2/hw/Remo_cuckoo_wrapper.xsa
TRACE::2024-11-13.10:32:23::SCWPlatform:: Unique name xilinx:basys3::0.0
TRACE::2024-11-13.10:32:23::SCWPlatform::Trying to set the existing hwdb with name Remo_cuckoo_wrapper_46
TRACE::2024-11-13.10:32:23::SCWPlatform::Opened existing hwdb Remo_cuckoo_wrapper_46
TRACE::2024-11-13.10:32:23::SCWPlatform::Found the Hw Db part of the input DSA
TRACE::2024-11-13.10:32:23::SCWMssOS::Checking the sw design at  C:/soc_workspace/Soc_soc_24_1/remo_cuckoo_hw_v2/microblaze_0/standalone_domain/bsp/system.mss
TRACE::2024-11-13.10:32:23::SCWMssOS::DEBUG:  swdes dump  C:/soc_workspace/Soc_soc_24_1/remo_cuckoo_hw_v2/microblaze_0/standalone_domain/bsp/system.mss|system||

TRACE::2024-11-13.10:32:23::SCWMssOS::Sw design exists and opened at  C:/soc_workspace/Soc_soc_24_1/remo_cuckoo_hw_v2/microblaze_0/standalone_domain/bsp/system.mss
TRACE::2024-11-13.10:32:23::SCWMssOS::Removing the swdes entry for  C:/soc_workspace/Soc_soc_24_1/remo_cuckoo_hw_v2/microblaze_0/standalone_domain/bsp/system.mss
LOG::2024-11-13.10:32:35::SCWPlatform::Started generating the artifacts platform remo_cuckoo_hw_v2
TRACE::2024-11-13.10:32:35::SCWPlatform::Sanity checking of platform is completed
LOG::2024-11-13.10:32:35::SCWPlatform::Started generating the artifacts for system configuration remo_cuckoo_hw_v2
LOG::2024-11-13.10:32:35::SCWSystem::Checking the domain standalone_domain
LOG::2024-11-13.10:32:35::SCWSystem::Not a boot domain 
LOG::2024-11-13.10:32:35::SCWSystem::Started Processing the domain standalone_domain
TRACE::2024-11-13.10:32:35::SCWDomain::Generating domain artifcats
TRACE::2024-11-13.10:32:35::SCWMssOS::Generating standalone artifcats
TRACE::2024-11-13.10:32:35::SCWMssOS:: Copying the user libraries. 
TRACE::2024-11-13.10:32:35::SCWPlatform::Trying to open the hw design at C:/soc_workspace/Soc_soc_24_1/remo_cuckoo_hw_v2/hw/Remo_cuckoo_wrapper.xsa
TRACE::2024-11-13.10:32:35::SCWPlatform::DSA given C:/soc_workspace/Soc_soc_24_1/remo_cuckoo_hw_v2/hw/Remo_cuckoo_wrapper.xsa
TRACE::2024-11-13.10:32:35::SCWPlatform::DSA absoulate path C:/soc_workspace/Soc_soc_24_1/remo_cuckoo_hw_v2/hw/Remo_cuckoo_wrapper.xsa
TRACE::2024-11-13.10:32:35::SCWPlatform::DSA directory C:/soc_workspace/Soc_soc_24_1/remo_cuckoo_hw_v2/hw
TRACE::2024-11-13.10:32:35::SCWPlatform:: Platform Path C:/soc_workspace/Soc_soc_24_1/remo_cuckoo_hw_v2/hw/Remo_cuckoo_wrapper.xsa
TRACE::2024-11-13.10:32:35::SCWPlatform:: Unique name xilinx:basys3::0.0
TRACE::2024-11-13.10:32:35::SCWPlatform::Trying to set the existing hwdb with name Remo_cuckoo_wrapper_46
TRACE::2024-11-13.10:32:35::SCWPlatform::Opened existing hwdb Remo_cuckoo_wrapper_46
TRACE::2024-11-13.10:32:35::SCWPlatform::Found the Hw Db part of the input DSA
TRACE::2024-11-13.10:32:35::SCWMssOS::Checking the sw design at  C:/soc_workspace/Soc_soc_24_1/remo_cuckoo_hw_v2/microblaze_0/standalone_domain/bsp/system.mss
TRACE::2024-11-13.10:32:35::SCWMssOS::DEBUG:  swdes dump  
TRACE::2024-11-13.10:32:35::SCWMssOS::No sw design opened at  C:/soc_workspace/Soc_soc_24_1/remo_cuckoo_hw_v2/microblaze_0/standalone_domain/bsp/system.mss
TRACE::2024-11-13.10:32:35::SCWMssOS::mss exists loading the mss file  C:/soc_workspace/Soc_soc_24_1/remo_cuckoo_hw_v2/microblaze_0/standalone_domain/bsp/system.mss
TRACE::2024-11-13.10:32:35::SCWMssOS::Opened the sw design from mss  C:/soc_workspace/Soc_soc_24_1/remo_cuckoo_hw_v2/microblaze_0/standalone_domain/bsp/system.mss
TRACE::2024-11-13.10:32:35::SCWMssOS::Adding the swdes entry C:/soc_workspace/Soc_soc_24_1/remo_cuckoo_hw_v2/microblaze_0/standalone_domain/bsp/system.mss with des name system
TRACE::2024-11-13.10:32:35::SCWMssOS::updating the scw layer about changes
TRACE::2024-11-13.10:32:35::SCWMssOS::Opened the sw design.  C:/soc_workspace/Soc_soc_24_1/remo_cuckoo_hw_v2/microblaze_0/standalone_domain/bsp/system.mss
TRACE::2024-11-13.10:32:35::SCWMssOS::Completed writing the mss file at C:/soc_workspace/Soc_soc_24_1/remo_cuckoo_hw_v2/microblaze_0/standalone_domain/bsp
TRACE::2024-11-13.10:32:35::SCWMssOS::Mss edits present, copying mssfile into export location C:/soc_workspace/Soc_soc_24_1/remo_cuckoo_hw_v2/microblaze_0/standalone_domain/bsp/system.mss
TRACE::2024-11-13.10:32:35::SCWMssOS::bsp generated is upto date with the mss file. Skipping bsp generation.
TRACE::2024-11-13.10:32:35::SCWMssOS::BSP is already built. skipping the bsp build ... 
TRACE::2024-11-13.10:32:35::SCWDomain::Building the domain as part of full build :  standalone_domain
TRACE::2024-11-13.10:32:35::SCWMssOS::doing bsp build ... 
TRACE::2024-11-13.10:32:35::SCWMssOS::System Command Ran  C: & cd  C:/soc_workspace/Soc_soc_24_1/remo_cuckoo_hw_v2/microblaze_0/standalone_domain/bsp & make 
TRACE::2024-11-13.10:32:35::SCWMssOS::"Running Make include in microblaze_0/libsrc/bram_v4_3/src"

TRACE::2024-11-13.10:32:35::SCWMssOS::make -C microblaze_0/libsrc/bram_v4_3/src -s include  "SHELL=CMD" "COMPILER=mb-gcc" "ASSEMBLER=mb-as" "ARCHIVER=mb-ar" "COMPILE
TRACE::2024-11-13.10:32:35::SCWMssOS::R_FLAGS=  -O2 -c -mcpu=v11.0 -mlittle-endian -mxl-soft-mul" "EXTRA_COMPILER_FLAGS=-g -ffunction-sections -fdata-sections -Wall 
TRACE::2024-11-13.10:32:35::SCWMssOS::-Wextra"

TRACE::2024-11-13.10:32:35::SCWMssOS::"Running Make include in microblaze_0/libsrc/cpu_v2_10/src"

TRACE::2024-11-13.10:32:35::SCWMssOS::make -C microblaze_0/libsrc/cpu_v2_10/src -s include  "SHELL=CMD" "COMPILER=mb-gcc" "ASSEMBLER=mb-as" "ARCHIVER=mb-ar" "COMPILE
TRACE::2024-11-13.10:32:35::SCWMssOS::R_FLAGS=  -O2 -c -mcpu=v11.0 -mlittle-endian -mxl-soft-mul" "EXTRA_COMPILER_FLAGS=-g -ffunction-sections -fdata-sections -Wall 
TRACE::2024-11-13.10:32:35::SCWMssOS::-Wextra"

TRACE::2024-11-13.10:32:35::SCWMssOS::"Running Make include in microblaze_0/libsrc/gpio_v4_5/src"

TRACE::2024-11-13.10:32:35::SCWMssOS::make -C microblaze_0/libsrc/gpio_v4_5/src -s include  "SHELL=CMD" "COMPILER=mb-gcc" "ASSEMBLER=mb-as" "ARCHIVER=mb-ar" "COMPILE
TRACE::2024-11-13.10:32:35::SCWMssOS::R_FLAGS=  -O2 -c -mcpu=v11.0 -mlittle-endian -mxl-soft-mul" "EXTRA_COMPILER_FLAGS=-g -ffunction-sections -fdata-sections -Wall 
TRACE::2024-11-13.10:32:35::SCWMssOS::-Wextra"

TRACE::2024-11-13.10:32:35::SCWMssOS::"Running Make include in microblaze_0/libsrc/iic_v3_5/src"

TRACE::2024-11-13.10:32:35::SCWMssOS::make -C microblaze_0/libsrc/iic_v3_5/src -s include  "SHELL=CMD" "COMPILER=mb-gcc" "ASSEMBLER=mb-as" "ARCHIVER=mb-ar" "COMPILER
TRACE::2024-11-13.10:32:35::SCWMssOS::_FLAGS=  -O2 -c -mcpu=v11.0 -mlittle-endian -mxl-soft-mul" "EXTRA_COMPILER_FLAGS=-g -ffunction-sections -fdata-sections -Wall -
TRACE::2024-11-13.10:32:35::SCWMssOS::Wextra"

TRACE::2024-11-13.10:32:36::SCWMssOS::"Running Make include in microblaze_0/libsrc/intc_v3_10/src"

TRACE::2024-11-13.10:32:36::SCWMssOS::make -C microblaze_0/libsrc/intc_v3_10/src -s include  "SHELL=CMD" "COMPILER=mb-gcc" "ASSEMBLER=mb-as" "ARCHIVER=mb-ar" "COMPIL
TRACE::2024-11-13.10:32:36::SCWMssOS::ER_FLAGS=  -O2 -c -mcpu=v11.0 -mlittle-endian -mxl-soft-mul" "EXTRA_COMPILER_FLAGS=-g -ffunction-sections -fdata-sections -Wall
TRACE::2024-11-13.10:32:36::SCWMssOS:: -Wextra"

TRACE::2024-11-13.10:32:36::SCWMssOS::"Running Make include in microblaze_0/libsrc/myip_bluetooth_v1_0/src"

TRACE::2024-11-13.10:32:36::SCWMssOS::make -C microblaze_0/libsrc/myip_bluetooth_v1_0/src -s include  "SHELL=CMD" "COMPILER=mb-gcc" "ASSEMBLER=mb-as" "ARCHIVER=mb-ar
TRACE::2024-11-13.10:32:36::SCWMssOS::" "COMPILER_FLAGS=  -O2 -c -mcpu=v11.0 -mlittle-endian -mxl-soft-mul" "EXTRA_COMPILER_FLAGS=-g -ffunction-sections -fdata-secti
TRACE::2024-11-13.10:32:36::SCWMssOS::ons -Wall -Wextra"

TRACE::2024-11-13.10:32:36::SCWMssOS::"Running Make include in microblaze_0/libsrc/myip_clock_timer_v1_0/src"

TRACE::2024-11-13.10:32:36::SCWMssOS::make -C microblaze_0/libsrc/myip_clock_timer_v1_0/src -s include  "SHELL=CMD" "COMPILER=mb-gcc" "ASSEMBLER=mb-as" "ARCHIVER=mb-
TRACE::2024-11-13.10:32:36::SCWMssOS::ar" "COMPILER_FLAGS=  -O2 -c -mcpu=v11.0 -mlittle-endian -mxl-soft-mul" "EXTRA_COMPILER_FLAGS=-g -ffunction-sections -fdata-sec
TRACE::2024-11-13.10:32:36::SCWMssOS::tions -Wall -Wextra"

TRACE::2024-11-13.10:32:36::SCWMssOS::"Running Make include in microblaze_0/libsrc/myip_pwm_v1_0/src"

TRACE::2024-11-13.10:32:36::SCWMssOS::make -C microblaze_0/libsrc/myip_pwm_v1_0/src -s include  "SHELL=CMD" "COMPILER=mb-gcc" "ASSEMBLER=mb-as" "ARCHIVER=mb-ar" "COM
TRACE::2024-11-13.10:32:36::SCWMssOS::PILER_FLAGS=  -O2 -c -mcpu=v11.0 -mlittle-endian -mxl-soft-mul" "EXTRA_COMPILER_FLAGS=-g -ffunction-sections -fdata-sections -W
TRACE::2024-11-13.10:32:36::SCWMssOS::all -Wextra"

TRACE::2024-11-13.10:32:36::SCWMssOS::"Running Make include in microblaze_0/libsrc/standalone_v7_1/src"

TRACE::2024-11-13.10:32:36::SCWMssOS::make -C microblaze_0/libsrc/standalone_v7_1/src -s include  "SHELL=CMD" "COMPILER=mb-gcc" "ASSEMBLER=mb-as" "ARCHIVER=mb-ar" "C
TRACE::2024-11-13.10:32:36::SCWMssOS::OMPILER_FLAGS=  -O2 -c -mcpu=v11.0 -mlittle-endian -mxl-soft-mul" "EXTRA_COMPILER_FLAGS=-g -ffunction-sections -fdata-sections 
TRACE::2024-11-13.10:32:36::SCWMssOS::-Wall -Wextra"

TRACE::2024-11-13.10:32:37::SCWMssOS::"Running Make include in microblaze_0/libsrc/uartlite_v3_3/src"

TRACE::2024-11-13.10:32:37::SCWMssOS::make -C microblaze_0/libsrc/uartlite_v3_3/src -s include  "SHELL=CMD" "COMPILER=mb-gcc" "ASSEMBLER=mb-as" "ARCHIVER=mb-ar" "COM
TRACE::2024-11-13.10:32:37::SCWMssOS::PILER_FLAGS=  -O2 -c -mcpu=v11.0 -mlittle-endian -mxl-soft-mul" "EXTRA_COMPILER_FLAGS=-g -ffunction-sections -fdata-sections -W
TRACE::2024-11-13.10:32:37::SCWMssOS::all -Wextra"

TRACE::2024-11-13.10:32:37::SCWMssOS::"Running Make libs in microblaze_0/libsrc/bram_v4_3/src"

TRACE::2024-11-13.10:32:37::SCWMssOS::make -C microblaze_0/libsrc/bram_v4_3/src -s libs  "SHELL=CMD" "COMPILER=mb-gcc" "ASSEMBLER=mb-as" "ARCHIVER=mb-ar" "COMPILER_F
TRACE::2024-11-13.10:32:37::SCWMssOS::LAGS=  -O2 -c -mcpu=v11.0 -mlittle-endian -mxl-soft-mul" "EXTRA_COMPILER_FLAGS=-g -ffunction-sections -fdata-sections -Wall -We
TRACE::2024-11-13.10:32:37::SCWMssOS::xtra"

TRACE::2024-11-13.10:32:37::SCWMssOS::"Compiling bram"

TRACE::2024-11-13.10:32:39::SCWMssOS::"Running Make libs in microblaze_0/libsrc/cpu_v2_10/src"

TRACE::2024-11-13.10:32:39::SCWMssOS::make -C microblaze_0/libsrc/cpu_v2_10/src -s libs  "SHELL=CMD" "COMPILER=mb-gcc" "ASSEMBLER=mb-as" "ARCHIVER=mb-ar" "COMPILER_F
TRACE::2024-11-13.10:32:39::SCWMssOS::LAGS=  -O2 -c -mcpu=v11.0 -mlittle-endian -mxl-soft-mul" "EXTRA_COMPILER_FLAGS=-g -ffunction-sections -fdata-sections -Wall -We
TRACE::2024-11-13.10:32:39::SCWMssOS::xtra"

TRACE::2024-11-13.10:32:39::SCWMssOS::"Compiling cpu"

TRACE::2024-11-13.10:32:39::SCWMssOS::"Running Make libs in microblaze_0/libsrc/gpio_v4_5/src"

TRACE::2024-11-13.10:32:39::SCWMssOS::make -C microblaze_0/libsrc/gpio_v4_5/src -s libs  "SHELL=CMD" "COMPILER=mb-gcc" "ASSEMBLER=mb-as" "ARCHIVER=mb-ar" "COMPILER_F
TRACE::2024-11-13.10:32:39::SCWMssOS::LAGS=  -O2 -c -mcpu=v11.0 -mlittle-endian -mxl-soft-mul" "EXTRA_COMPILER_FLAGS=-g -ffunction-sections -fdata-sections -Wall -We
TRACE::2024-11-13.10:32:39::SCWMssOS::xtra"

TRACE::2024-11-13.10:32:39::SCWMssOS::"Compiling gpio"

TRACE::2024-11-13.10:32:40::SCWMssOS::"Running Make libs in microblaze_0/libsrc/iic_v3_5/src"

TRACE::2024-11-13.10:32:40::SCWMssOS::make -C microblaze_0/libsrc/iic_v3_5/src -s libs  "SHELL=CMD" "COMPILER=mb-gcc" "ASSEMBLER=mb-as" "ARCHIVER=mb-ar" "COMPILER_FL
TRACE::2024-11-13.10:32:40::SCWMssOS::AGS=  -O2 -c -mcpu=v11.0 -mlittle-endian -mxl-soft-mul" "EXTRA_COMPILER_FLAGS=-g -ffunction-sections -fdata-sections -Wall -Wex
TRACE::2024-11-13.10:32:40::SCWMssOS::tra"

TRACE::2024-11-13.10:32:40::SCWMssOS::"Compiling iic"

TRACE::2024-11-13.10:32:41::SCWMssOS::"Running Make libs in microblaze_0/libsrc/intc_v3_10/src"

TRACE::2024-11-13.10:32:41::SCWMssOS::make -C microblaze_0/libsrc/intc_v3_10/src -s libs  "SHELL=CMD" "COMPILER=mb-gcc" "ASSEMBLER=mb-as" "ARCHIVER=mb-ar" "COMPILER_
TRACE::2024-11-13.10:32:41::SCWMssOS::FLAGS=  -O2 -c -mcpu=v11.0 -mlittle-endian -mxl-soft-mul" "EXTRA_COMPILER_FLAGS=-g -ffunction-sections -fdata-sections -Wall -W
TRACE::2024-11-13.10:32:41::SCWMssOS::extra"

TRACE::2024-11-13.10:32:41::SCWMssOS::"Compiling intc"

TRACE::2024-11-13.10:32:42::SCWMssOS::"Running Make libs in microblaze_0/libsrc/myip_bluetooth_v1_0/src"

TRACE::2024-11-13.10:32:42::SCWMssOS::make -C microblaze_0/libsrc/myip_bluetooth_v1_0/src -s libs  "SHELL=CMD" "COMPILER=mb-gcc" "ASSEMBLER=mb-as" "ARCHIVER=mb-ar" "
TRACE::2024-11-13.10:32:42::SCWMssOS::COMPILER_FLAGS=  -O2 -c -mcpu=v11.0 -mlittle-endian -mxl-soft-mul" "EXTRA_COMPILER_FLAGS=-g -ffunction-sections -fdata-sections
TRACE::2024-11-13.10:32:42::SCWMssOS:: -Wall -Wextra"

TRACE::2024-11-13.10:32:42::SCWMssOS::"Compiling myip_bluetooth..."

TRACE::2024-11-13.10:32:42::SCWMssOS::"Running Make libs in microblaze_0/libsrc/myip_clock_timer_v1_0/src"

TRACE::2024-11-13.10:32:42::SCWMssOS::make -C microblaze_0/libsrc/myip_clock_timer_v1_0/src -s libs  "SHELL=CMD" "COMPILER=mb-gcc" "ASSEMBLER=mb-as" "ARCHIVER=mb-ar"
TRACE::2024-11-13.10:32:42::SCWMssOS:: "COMPILER_FLAGS=  -O2 -c -mcpu=v11.0 -mlittle-endian -mxl-soft-mul" "EXTRA_COMPILER_FLAGS=-g -ffunction-sections -fdata-sectio
TRACE::2024-11-13.10:32:42::SCWMssOS::ns -Wall -Wextra"

TRACE::2024-11-13.10:32:42::SCWMssOS::"Compiling myip_clock_timer..."

TRACE::2024-11-13.10:32:43::SCWMssOS::"Running Make libs in microblaze_0/libsrc/myip_pwm_v1_0/src"

TRACE::2024-11-13.10:32:43::SCWMssOS::make -C microblaze_0/libsrc/myip_pwm_v1_0/src -s libs  "SHELL=CMD" "COMPILER=mb-gcc" "ASSEMBLER=mb-as" "ARCHIVER=mb-ar" "COMPIL
TRACE::2024-11-13.10:32:43::SCWMssOS::ER_FLAGS=  -O2 -c -mcpu=v11.0 -mlittle-endian -mxl-soft-mul" "EXTRA_COMPILER_FLAGS=-g -ffunction-sections -fdata-sections -Wall
TRACE::2024-11-13.10:32:43::SCWMssOS:: -Wextra"

TRACE::2024-11-13.10:32:43::SCWMssOS::"Compiling myip_pwm..."

TRACE::2024-11-13.10:32:43::SCWMssOS::"Running Make libs in microblaze_0/libsrc/standalone_v7_1/src"

TRACE::2024-11-13.10:32:43::SCWMssOS::make -C microblaze_0/libsrc/standalone_v7_1/src -s libs  "SHELL=CMD" "COMPILER=mb-gcc" "ASSEMBLER=mb-as" "ARCHIVER=mb-ar" "COMP
TRACE::2024-11-13.10:32:43::SCWMssOS::ILER_FLAGS=  -O2 -c -mcpu=v11.0 -mlittle-endian -mxl-soft-mul" "EXTRA_COMPILER_FLAGS=-g -ffunction-sections -fdata-sections -Wa
TRACE::2024-11-13.10:32:43::SCWMssOS::ll -Wextra"

TRACE::2024-11-13.10:32:43::SCWMssOS::"Compiling standalone";

TRACE::2024-11-13.10:32:46::SCWMssOS::"Running Make libs in microblaze_0/libsrc/uartlite_v3_3/src"

TRACE::2024-11-13.10:32:46::SCWMssOS::make -C microblaze_0/libsrc/uartlite_v3_3/src -s libs  "SHELL=CMD" "COMPILER=mb-gcc" "ASSEMBLER=mb-as" "ARCHIVER=mb-ar" "COMPIL
TRACE::2024-11-13.10:32:46::SCWMssOS::ER_FLAGS=  -O2 -c -mcpu=v11.0 -mlittle-endian -mxl-soft-mul" "EXTRA_COMPILER_FLAGS=-g -ffunction-sections -fdata-sections -Wall
TRACE::2024-11-13.10:32:46::SCWMssOS:: -Wextra"

TRACE::2024-11-13.10:32:46::SCWMssOS::"Compiling uartlite"

TRACE::2024-11-13.10:32:47::SCWMssOS::'Finished building libraries'

TRACE::2024-11-13.10:32:47::SCWMssOS::Copying to export directory.
TRACE::2024-11-13.10:32:47::SCWMssOS:: Checking if to create the Supporting Applications
TRACE::2024-11-13.10:32:47::SCWMssOS:: No Linux domain exists, trying to generate FSBL 
LOG::2024-11-13.10:32:47::SCWSystem::Completed Processing the domain standalone_domain
LOG::2024-11-13.10:32:47::SCWSystem::Completed Processing the sysconfig remo_cuckoo_hw_v2
LOG::2024-11-13.10:32:47::SCWPlatform::Completed generating the artifacts for system configuration remo_cuckoo_hw_v2
TRACE::2024-11-13.10:32:47::SCWPlatform::Started preparing the platform 
TRACE::2024-11-13.10:32:47::SCWSystem::Writing the bif file for system config remo_cuckoo_hw_v2
TRACE::2024-11-13.10:32:47::SCWSystem::dir created 
TRACE::2024-11-13.10:32:47::SCWSystem::Writing the bif 
TRACE::2024-11-13.10:32:47::SCWPlatform::Started writing the spfm file 
TRACE::2024-11-13.10:32:47::SCWPlatform::Started writing the xpfm file 
TRACE::2024-11-13.10:32:47::SCWPlatform::Completed generating the platform
TRACE::2024-11-13.10:32:47::SCWPlatform::Trying to open the hw design at C:/soc_workspace/Soc_soc_24_1/remo_cuckoo_hw_v2/hw/Remo_cuckoo_wrapper.xsa
TRACE::2024-11-13.10:32:47::SCWPlatform::DSA given C:/soc_workspace/Soc_soc_24_1/remo_cuckoo_hw_v2/hw/Remo_cuckoo_wrapper.xsa
TRACE::2024-11-13.10:32:47::SCWPlatform::DSA absoulate path C:/soc_workspace/Soc_soc_24_1/remo_cuckoo_hw_v2/hw/Remo_cuckoo_wrapper.xsa
TRACE::2024-11-13.10:32:47::SCWPlatform::DSA directory C:/soc_workspace/Soc_soc_24_1/remo_cuckoo_hw_v2/hw
TRACE::2024-11-13.10:32:47::SCWPlatform:: Platform Path C:/soc_workspace/Soc_soc_24_1/remo_cuckoo_hw_v2/hw/Remo_cuckoo_wrapper.xsa
TRACE::2024-11-13.10:32:47::SCWPlatform:: Unique name xilinx:basys3::0.0
TRACE::2024-11-13.10:32:47::SCWPlatform::Trying to set the existing hwdb with name Remo_cuckoo_wrapper_46
TRACE::2024-11-13.10:32:47::SCWPlatform::Opened existing hwdb Remo_cuckoo_wrapper_46
TRACE::2024-11-13.10:32:47::SCWPlatform::Found the Hw Db part of the input DSA
TRACE::2024-11-13.10:32:47::SCWMssOS::Checking the sw design at  C:/soc_workspace/Soc_soc_24_1/remo_cuckoo_hw_v2/microblaze_0/standalone_domain/bsp/system.mss
TRACE::2024-11-13.10:32:47::SCWMssOS::DEBUG:  swdes dump  C:/soc_workspace/Soc_soc_24_1/remo_cuckoo_hw_v2/microblaze_0/standalone_domain/bsp/system.mss|system||

TRACE::2024-11-13.10:32:47::SCWMssOS::Sw design exists and opened at  C:/soc_workspace/Soc_soc_24_1/remo_cuckoo_hw_v2/microblaze_0/standalone_domain/bsp/system.mss
TRACE::2024-11-13.10:32:47::SCWWriter::formatted JSON is {
	"platformName":	"remo_cuckoo_hw_v2",
	"sprVersion":	"2.0",
	"mode":	"gui",
	"dsaType":	"Fixed",
	"platformDesc":	"remo_cuckoo_hw_v2",
	"platHandOff":	"C:/Users/hama5/Desktop/sg_workspace/SoC_soc_24/Remo_cuckoo_wrapper.xsa",
	"platIntHandOff":	"<platformDir>/hw/Remo_cuckoo_wrapper.xsa",
	"deviceType":	"FPGA",
	"platIsPrebuiltAutogen":	"false",
	"platIsNoBootBsp":	"false",
	"hasFsblMakeHasChanges":	"false",
	"hasPmufwMakeHasChanges":	"false",
	"platPreBuiltFlag":	false,
	"platformSamplesDir":	"",
	"platActiveSys":	"remo_cuckoo_hw_v2",
	"systems":	[{
			"systemName":	"remo_cuckoo_hw_v2",
			"systemDesc":	"remo_cuckoo_hw_v2",
			"sysIsBootAutoGen":	"true",
			"systemDispName":	"remo_cuckoo_hw_v2",
			"sysActiveDom":	"standalone_domain",
			"sysDefaultDom":	"standalone_domain",
			"domains":	[{
					"domainName":	"standalone_domain",
					"domainDispName":	"standalone on microblaze_0",
					"domainDesc":	"standalone_domain",
					"processors":	"microblaze_0",
					"os":	"standalone",
					"sdxOs":	"standalone",
					"debugEnable":	"False",
					"domRuntimes":	["cpp"],
					"swRepo":	"",
					"mssOsVer":	"7.1",
					"mssFile":	"",
					"md5Digest":	"26eb69cab5021ef7ea1e7f7399c178d5",
					"compatibleApp":	"",
					"domType":	"mssDomain",
					"appSettings":	{
						"appCompilerFlags":	"",
						"appLinkerFlags":	""
					},
					"addedLibs":	[],
					"libOptions":	{
						"libsContainingOptions":	[]
					},
					"prebuiltLibs":	{
						"prebuiltIncPath":	[],
						"prebuiltLibPath":	[]
					},
					"isolation":	{
					}
				}]
		}]
}
KEYINFO::2024-11-13.10:32:47::SCWPlatform::updated the xpfm file.
TRACE::2024-11-13.10:32:47::SCWPlatform::Trying to open the hw design at C:/soc_workspace/Soc_soc_24_1/remo_cuckoo_hw_v2/hw/Remo_cuckoo_wrapper.xsa
TRACE::2024-11-13.10:32:47::SCWPlatform::DSA given C:/soc_workspace/Soc_soc_24_1/remo_cuckoo_hw_v2/hw/Remo_cuckoo_wrapper.xsa
TRACE::2024-11-13.10:32:47::SCWPlatform::DSA absoulate path C:/soc_workspace/Soc_soc_24_1/remo_cuckoo_hw_v2/hw/Remo_cuckoo_wrapper.xsa
TRACE::2024-11-13.10:32:47::SCWPlatform::DSA directory C:/soc_workspace/Soc_soc_24_1/remo_cuckoo_hw_v2/hw
TRACE::2024-11-13.10:32:47::SCWPlatform:: Platform Path C:/soc_workspace/Soc_soc_24_1/remo_cuckoo_hw_v2/hw/Remo_cuckoo_wrapper.xsa
TRACE::2024-11-13.10:32:47::SCWPlatform:: Unique name xilinx:basys3::0.0
TRACE::2024-11-13.10:32:47::SCWPlatform::Trying to set the existing hwdb with name Remo_cuckoo_wrapper_46
TRACE::2024-11-13.10:32:47::SCWPlatform::Opened existing hwdb Remo_cuckoo_wrapper_46
TRACE::2024-11-13.10:32:47::SCWPlatform::Found the Hw Db part of the input DSA
TRACE::2024-11-13.10:32:47::SCWMssOS::Checking the sw design at  C:/soc_workspace/Soc_soc_24_1/remo_cuckoo_hw_v2/microblaze_0/standalone_domain/bsp/system.mss
TRACE::2024-11-13.10:32:47::SCWMssOS::DEBUG:  swdes dump  C:/soc_workspace/Soc_soc_24_1/remo_cuckoo_hw_v2/microblaze_0/standalone_domain/bsp/system.mss|system||

TRACE::2024-11-13.10:32:47::SCWMssOS::Sw design exists and opened at  C:/soc_workspace/Soc_soc_24_1/remo_cuckoo_hw_v2/microblaze_0/standalone_domain/bsp/system.mss
