TRACE::2024-10-25.09:33:10::SCWPlatform::Trying to open the hw design at C:/Users/SUJIN/Desktop/sg_workspace/SoC_soc_24/vitis_SoC_24/Mblaze_iic_000_hw/hw/Mblaze_iic_wrapper.xsa
TRACE::2024-10-25.09:33:10::SCWPlatform::DSA given C:/Users/SUJIN/Desktop/sg_workspace/SoC_soc_24/vitis_SoC_24/Mblaze_iic_000_hw/hw/Mblaze_iic_wrapper.xsa
TRACE::2024-10-25.09:33:10::SCWPlatform::DSA absoulate path C:/Users/SUJIN/Desktop/sg_workspace/SoC_soc_24/vitis_SoC_24/Mblaze_iic_000_hw/hw/Mblaze_iic_wrapper.xsa
TRACE::2024-10-25.09:33:10::SCWPlatform::DSA directory C:/Users/SUJIN/Desktop/sg_workspace/SoC_soc_24/vitis_SoC_24/Mblaze_iic_000_hw/hw
TRACE::2024-10-25.09:33:10::SCWPlatform:: Platform Path C:/Users/SUJIN/Desktop/sg_workspace/SoC_soc_24/vitis_SoC_24/Mblaze_iic_000_hw/hw/Mblaze_iic_wrapper.xsa
TRACE::2024-10-25.09:33:10::SCWPlatform:: Unique name xilinx:basys3::0.0
TRACE::2024-10-25.09:33:10::SCWPlatform::Do not have an existing db opened. 
TRACE::2024-10-25.09:33:10::SCWPlatform::Opened new HwDB with name mblaze_iic_wrapper_0
TRACE::2024-10-25.09:33:10::SCWWriter::formatted JSON is {
	"platformName":	"Mblaze_iic_000_hw",
	"sprVersion":	"2.0",
	"mode":	"gui",
	"dsaType":	"Fixed",
	"platformDesc":	"Mblaze_iic_000_hw",
	"platHandOff":	"C:/Users/SUJIN/Desktop/sg_workspace/SoC_soc_24/Mblaze_iic_wrapper.xsa",
	"platIntHandOff":	"<platformDir>/hw/Mblaze_iic_wrapper.xsa",
	"deviceType":	"FPGA",
	"platIsPrebuiltAutogen":	"false",
	"platIsNoBootBsp":	"false",
	"hasFsblMakeHasChanges":	"false",
	"hasPmufwMakeHasChanges":	"false",
	"platPreBuiltFlag":	false,
	"platformSamplesDir":	""
}
TRACE::2024-10-25.09:33:10::SCWWriter::formatted JSON is {
	"platformName":	"Mblaze_iic_000_hw",
	"sprVersion":	"2.0",
	"mode":	"gui",
	"dsaType":	"Fixed",
	"platformDesc":	"Mblaze_iic_000_hw",
	"platHandOff":	"C:/Users/SUJIN/Desktop/sg_workspace/SoC_soc_24/Mblaze_iic_wrapper.xsa",
	"platIntHandOff":	"<platformDir>/hw/Mblaze_iic_wrapper.xsa",
	"deviceType":	"FPGA",
	"platIsPrebuiltAutogen":	"false",
	"platIsNoBootBsp":	"false",
	"hasFsblMakeHasChanges":	"false",
	"hasPmufwMakeHasChanges":	"false",
	"platPreBuiltFlag":	false,
	"platformSamplesDir":	"",
	"platActiveSys":	"Mblaze_iic_000_hw",
	"systems":	[{
			"systemName":	"Mblaze_iic_000_hw",
			"systemDesc":	"Mblaze_iic_000_hw",
			"sysIsBootAutoGen":	"true",
			"systemDispName":	"Mblaze_iic_000_hw"
		}]
}
TRACE::2024-10-25.09:33:10::SCWPlatform::Boot application domains not present, creating them
TRACE::2024-10-25.09:33:10::SCWPlatform::Pure FPGA device, no boot application will be created.
TRACE::2024-10-25.09:33:10::SCWWriter::formatted JSON is {
	"platformName":	"Mblaze_iic_000_hw",
	"sprVersion":	"2.0",
	"mode":	"gui",
	"dsaType":	"Fixed",
	"platformDesc":	"Mblaze_iic_000_hw",
	"platHandOff":	"C:/Users/SUJIN/Desktop/sg_workspace/SoC_soc_24/Mblaze_iic_wrapper.xsa",
	"platIntHandOff":	"<platformDir>/hw/Mblaze_iic_wrapper.xsa",
	"deviceType":	"FPGA",
	"platIsPrebuiltAutogen":	"false",
	"platIsNoBootBsp":	"false",
	"hasFsblMakeHasChanges":	"false",
	"hasPmufwMakeHasChanges":	"false",
	"platPreBuiltFlag":	false,
	"platformSamplesDir":	"",
	"platActiveSys":	"Mblaze_iic_000_hw",
	"systems":	[{
			"systemName":	"Mblaze_iic_000_hw",
			"systemDesc":	"Mblaze_iic_000_hw",
			"sysIsBootAutoGen":	"true",
			"systemDispName":	"Mblaze_iic_000_hw"
		}]
}
TRACE::2024-10-25.09:33:10::SCWPlatform::Trying to open the hw design at C:/Users/SUJIN/Desktop/sg_workspace/SoC_soc_24/vitis_SoC_24/Mblaze_iic_000_hw/hw/Mblaze_iic_wrapper.xsa
TRACE::2024-10-25.09:33:10::SCWPlatform::DSA given C:/Users/SUJIN/Desktop/sg_workspace/SoC_soc_24/vitis_SoC_24/Mblaze_iic_000_hw/hw/Mblaze_iic_wrapper.xsa
TRACE::2024-10-25.09:33:10::SCWPlatform::DSA absoulate path C:/Users/SUJIN/Desktop/sg_workspace/SoC_soc_24/vitis_SoC_24/Mblaze_iic_000_hw/hw/Mblaze_iic_wrapper.xsa
TRACE::2024-10-25.09:33:10::SCWPlatform::DSA directory C:/Users/SUJIN/Desktop/sg_workspace/SoC_soc_24/vitis_SoC_24/Mblaze_iic_000_hw/hw
TRACE::2024-10-25.09:33:10::SCWPlatform:: Platform Path C:/Users/SUJIN/Desktop/sg_workspace/SoC_soc_24/vitis_SoC_24/Mblaze_iic_000_hw/hw/Mblaze_iic_wrapper.xsa
TRACE::2024-10-25.09:33:10::SCWPlatform:: Unique name xilinx:basys3::0.0
TRACE::2024-10-25.09:33:10::SCWPlatform::Trying to set the existing hwdb with name mblaze_iic_wrapper_0
TRACE::2024-10-25.09:33:10::SCWPlatform::Opened existing hwdb mblaze_iic_wrapper_0
TRACE::2024-10-25.09:33:10::SCWPlatform::Found the Hw Db part of the input DSA
TRACE::2024-10-25.09:33:10::SCWDomain::checking for install qemu data   : 
TRACE::2024-10-25.09:33:10::SCWPlatform::Trying to open the hw design at C:/Users/SUJIN/Desktop/sg_workspace/SoC_soc_24/vitis_SoC_24/Mblaze_iic_000_hw/hw/Mblaze_iic_wrapper.xsa
TRACE::2024-10-25.09:33:10::SCWPlatform::DSA given C:/Users/SUJIN/Desktop/sg_workspace/SoC_soc_24/vitis_SoC_24/Mblaze_iic_000_hw/hw/Mblaze_iic_wrapper.xsa
TRACE::2024-10-25.09:33:10::SCWPlatform::DSA absoulate path C:/Users/SUJIN/Desktop/sg_workspace/SoC_soc_24/vitis_SoC_24/Mblaze_iic_000_hw/hw/Mblaze_iic_wrapper.xsa
TRACE::2024-10-25.09:33:10::SCWPlatform::DSA directory C:/Users/SUJIN/Desktop/sg_workspace/SoC_soc_24/vitis_SoC_24/Mblaze_iic_000_hw/hw
TRACE::2024-10-25.09:33:10::SCWPlatform:: Platform Path C:/Users/SUJIN/Desktop/sg_workspace/SoC_soc_24/vitis_SoC_24/Mblaze_iic_000_hw/hw/Mblaze_iic_wrapper.xsa
TRACE::2024-10-25.09:33:10::SCWPlatform:: Unique name xilinx:basys3::0.0
TRACE::2024-10-25.09:33:10::SCWPlatform::Trying to set the existing hwdb with name mblaze_iic_wrapper_0
TRACE::2024-10-25.09:33:10::SCWPlatform::Opened existing hwdb mblaze_iic_wrapper_0
TRACE::2024-10-25.09:33:10::SCWPlatform::Found the Hw Db part of the input DSA
TRACE::2024-10-25.09:33:10::SCWPlatform::Trying to open the hw design at C:/Users/SUJIN/Desktop/sg_workspace/SoC_soc_24/vitis_SoC_24/Mblaze_iic_000_hw/hw/Mblaze_iic_wrapper.xsa
TRACE::2024-10-25.09:33:10::SCWPlatform::DSA given C:/Users/SUJIN/Desktop/sg_workspace/SoC_soc_24/vitis_SoC_24/Mblaze_iic_000_hw/hw/Mblaze_iic_wrapper.xsa
TRACE::2024-10-25.09:33:10::SCWPlatform::DSA absoulate path C:/Users/SUJIN/Desktop/sg_workspace/SoC_soc_24/vitis_SoC_24/Mblaze_iic_000_hw/hw/Mblaze_iic_wrapper.xsa
TRACE::2024-10-25.09:33:10::SCWPlatform::DSA directory C:/Users/SUJIN/Desktop/sg_workspace/SoC_soc_24/vitis_SoC_24/Mblaze_iic_000_hw/hw
TRACE::2024-10-25.09:33:10::SCWPlatform:: Platform Path C:/Users/SUJIN/Desktop/sg_workspace/SoC_soc_24/vitis_SoC_24/Mblaze_iic_000_hw/hw/Mblaze_iic_wrapper.xsa
TRACE::2024-10-25.09:33:10::SCWPlatform:: Unique name xilinx:basys3::0.0
TRACE::2024-10-25.09:33:10::SCWPlatform::Trying to set the existing hwdb with name mblaze_iic_wrapper_0
TRACE::2024-10-25.09:33:10::SCWPlatform::Opened existing hwdb mblaze_iic_wrapper_0
TRACE::2024-10-25.09:33:10::SCWPlatform::Found the Hw Db part of the input DSA
TRACE::2024-10-25.09:33:10::SCWMssOS::Checking the sw design at  C:/Users/SUJIN/Desktop/sg_workspace/SoC_soc_24/vitis_SoC_24/Mblaze_iic_000_hw/microblaze_0/standalone_domain/bsp/system.mss
TRACE::2024-10-25.09:33:10::SCWMssOS::DEBUG:  swdes dump  C:/Users/SUJIN/Desktop/sg_workspace/SoC_soc_24/vitis_SoC_24/Mblaze_iic_00_hw/microblaze_0/standalone_domain/bsp/system.mss|system||

TRACE::2024-10-25.09:33:10::SCWMssOS::No sw design opened at  C:/Users/SUJIN/Desktop/sg_workspace/SoC_soc_24/vitis_SoC_24/Mblaze_iic_000_hw/microblaze_0/standalone_domain/bsp/system.mss
TRACE::2024-10-25.09:33:10::SCWMssOS::mss does not exists at C:/Users/SUJIN/Desktop/sg_workspace/SoC_soc_24/vitis_SoC_24/Mblaze_iic_000_hw/microblaze_0/standalone_domain/bsp/system.mss
TRACE::2024-10-25.09:33:10::SCWMssOS::Creating sw design at  C:/Users/SUJIN/Desktop/sg_workspace/SoC_soc_24/vitis_SoC_24/Mblaze_iic_000_hw/microblaze_0/standalone_domain/bsp/system.mss
TRACE::2024-10-25.09:33:10::SCWMssOS::Adding the swdes entry, created swdb C:/Users/SUJIN/Desktop/sg_workspace/SoC_soc_24/vitis_SoC_24/Mblaze_iic_000_hw/microblaze_0/standalone_domain/bsp/system.mss with des name C:/Users/SUJIN/Desktop/sg_workspace/SoC_soc_24/vitis_SoC_24/Mblaze_iic_000_hw/microblaze_0/standalone_domain/bsp/system.mss
TRACE::2024-10-25.09:33:10::SCWMssOS::updating the scw layer changes to swdes at   C:/Users/SUJIN/Desktop/sg_workspace/SoC_soc_24/vitis_SoC_24/Mblaze_iic_000_hw/microblaze_0/standalone_domain/bsp/system.mss
TRACE::2024-10-25.09:33:10::SCWMssOS::Writing mss at C:/Users/SUJIN/Desktop/sg_workspace/SoC_soc_24/vitis_SoC_24/Mblaze_iic_000_hw/microblaze_0/standalone_domain/bsp/system.mss
TRACE::2024-10-25.09:33:10::SCWMssOS::Completed writing the mss file at C:/Users/SUJIN/Desktop/sg_workspace/SoC_soc_24/vitis_SoC_24/Mblaze_iic_000_hw/microblaze_0/standalone_domain/bsp
TRACE::2024-10-25.09:33:10::SCWMssOS::Picking up changes from newly written mss file into SCW Layer. 
TRACE::2024-10-25.09:33:10::SCWMssOS::Updated the changes from newly written mss file into SCW Layer. 
TRACE::2024-10-25.09:33:10::SCWPlatform::Trying to open the hw design at C:/Users/SUJIN/Desktop/sg_workspace/SoC_soc_24/vitis_SoC_24/Mblaze_iic_000_hw/hw/Mblaze_iic_wrapper.xsa
TRACE::2024-10-25.09:33:10::SCWPlatform::DSA given C:/Users/SUJIN/Desktop/sg_workspace/SoC_soc_24/vitis_SoC_24/Mblaze_iic_000_hw/hw/Mblaze_iic_wrapper.xsa
TRACE::2024-10-25.09:33:10::SCWPlatform::DSA absoulate path C:/Users/SUJIN/Desktop/sg_workspace/SoC_soc_24/vitis_SoC_24/Mblaze_iic_000_hw/hw/Mblaze_iic_wrapper.xsa
TRACE::2024-10-25.09:33:10::SCWPlatform::DSA directory C:/Users/SUJIN/Desktop/sg_workspace/SoC_soc_24/vitis_SoC_24/Mblaze_iic_000_hw/hw
TRACE::2024-10-25.09:33:10::SCWPlatform:: Platform Path C:/Users/SUJIN/Desktop/sg_workspace/SoC_soc_24/vitis_SoC_24/Mblaze_iic_000_hw/hw/Mblaze_iic_wrapper.xsa
TRACE::2024-10-25.09:33:10::SCWPlatform:: Unique name xilinx:basys3::0.0
TRACE::2024-10-25.09:33:10::SCWPlatform::Trying to set the existing hwdb with name mblaze_iic_wrapper_0
TRACE::2024-10-25.09:33:10::SCWPlatform::Opened existing hwdb mblaze_iic_wrapper_0
TRACE::2024-10-25.09:33:10::SCWPlatform::Found the Hw Db part of the input DSA
TRACE::2024-10-25.09:33:10::SCWMssOS::Checking the sw design at  C:/Users/SUJIN/Desktop/sg_workspace/SoC_soc_24/vitis_SoC_24/Mblaze_iic_000_hw/microblaze_0/standalone_domain/bsp/system.mss
TRACE::2024-10-25.09:33:10::SCWMssOS::DEBUG:  swdes dump  C:/Users/SUJIN/Desktop/sg_workspace/SoC_soc_24/vitis_SoC_24/Mblaze_iic_000_hw/microblaze_0/standalone_domain/bsp/system.mss|C:/Users/SUJIN/Desktop/sg_workspace/SoC_soc_24/vitis_SoC_24/Mblaze_iic_000_hw/microblaze_0/standalone_domain/bsp/system.mss||
C:/Users/SUJIN/Desktop/sg_workspace/SoC_soc_24/vitis_SoC_24/Mblaze_iic_00_hw/microblaze_0/standalone_domain/bsp/system.mss|system||

TRACE::2024-10-25.09:33:10::SCWMssOS::Sw design exists and opened at  C:/Users/SUJIN/Desktop/sg_workspace/SoC_soc_24/vitis_SoC_24/Mblaze_iic_000_hw/microblaze_0/standalone_domain/bsp/system.mss
TRACE::2024-10-25.09:33:10::SCWPlatform::Trying to open the hw design at C:/Users/SUJIN/Desktop/sg_workspace/SoC_soc_24/vitis_SoC_24/Mblaze_iic_000_hw/hw/Mblaze_iic_wrapper.xsa
TRACE::2024-10-25.09:33:10::SCWPlatform::DSA given C:/Users/SUJIN/Desktop/sg_workspace/SoC_soc_24/vitis_SoC_24/Mblaze_iic_000_hw/hw/Mblaze_iic_wrapper.xsa
TRACE::2024-10-25.09:33:10::SCWPlatform::DSA absoulate path C:/Users/SUJIN/Desktop/sg_workspace/SoC_soc_24/vitis_SoC_24/Mblaze_iic_000_hw/hw/Mblaze_iic_wrapper.xsa
TRACE::2024-10-25.09:33:10::SCWPlatform::DSA directory C:/Users/SUJIN/Desktop/sg_workspace/SoC_soc_24/vitis_SoC_24/Mblaze_iic_000_hw/hw
TRACE::2024-10-25.09:33:10::SCWPlatform:: Platform Path C:/Users/SUJIN/Desktop/sg_workspace/SoC_soc_24/vitis_SoC_24/Mblaze_iic_000_hw/hw/Mblaze_iic_wrapper.xsa
TRACE::2024-10-25.09:33:10::SCWPlatform:: Unique name xilinx:basys3::0.0
TRACE::2024-10-25.09:33:10::SCWPlatform::Trying to set the existing hwdb with name mblaze_iic_wrapper_0
TRACE::2024-10-25.09:33:10::SCWPlatform::Opened existing hwdb mblaze_iic_wrapper_0
TRACE::2024-10-25.09:33:10::SCWPlatform::Found the Hw Db part of the input DSA
TRACE::2024-10-25.09:33:10::SCWMssOS::Checking the sw design at  C:/Users/SUJIN/Desktop/sg_workspace/SoC_soc_24/vitis_SoC_24/Mblaze_iic_000_hw/microblaze_0/standalone_domain/bsp/system.mss
TRACE::2024-10-25.09:33:10::SCWMssOS::DEBUG:  swdes dump  C:/Users/SUJIN/Desktop/sg_workspace/SoC_soc_24/vitis_SoC_24/Mblaze_iic_000_hw/microblaze_0/standalone_domain/bsp/system.mss|C:/Users/SUJIN/Desktop/sg_workspace/SoC_soc_24/vitis_SoC_24/Mblaze_iic_000_hw/microblaze_0/standalone_domain/bsp/system.mss||
C:/Users/SUJIN/Desktop/sg_workspace/SoC_soc_24/vitis_SoC_24/Mblaze_iic_00_hw/microblaze_0/standalone_domain/bsp/system.mss|system||

TRACE::2024-10-25.09:33:10::SCWMssOS::Sw design exists and opened at  C:/Users/SUJIN/Desktop/sg_workspace/SoC_soc_24/vitis_SoC_24/Mblaze_iic_000_hw/microblaze_0/standalone_domain/bsp/system.mss
TRACE::2024-10-25.09:33:10::SCWPlatform::Trying to open the hw design at C:/Users/SUJIN/Desktop/sg_workspace/SoC_soc_24/vitis_SoC_24/Mblaze_iic_000_hw/hw/Mblaze_iic_wrapper.xsa
TRACE::2024-10-25.09:33:10::SCWPlatform::DSA given C:/Users/SUJIN/Desktop/sg_workspace/SoC_soc_24/vitis_SoC_24/Mblaze_iic_000_hw/hw/Mblaze_iic_wrapper.xsa
TRACE::2024-10-25.09:33:10::SCWPlatform::DSA absoulate path C:/Users/SUJIN/Desktop/sg_workspace/SoC_soc_24/vitis_SoC_24/Mblaze_iic_000_hw/hw/Mblaze_iic_wrapper.xsa
TRACE::2024-10-25.09:33:10::SCWPlatform::DSA directory C:/Users/SUJIN/Desktop/sg_workspace/SoC_soc_24/vitis_SoC_24/Mblaze_iic_000_hw/hw
TRACE::2024-10-25.09:33:10::SCWPlatform:: Platform Path C:/Users/SUJIN/Desktop/sg_workspace/SoC_soc_24/vitis_SoC_24/Mblaze_iic_000_hw/hw/Mblaze_iic_wrapper.xsa
TRACE::2024-10-25.09:33:10::SCWPlatform:: Unique name xilinx:basys3::0.0
TRACE::2024-10-25.09:33:10::SCWPlatform::Trying to set the existing hwdb with name mblaze_iic_wrapper_0
TRACE::2024-10-25.09:33:10::SCWPlatform::Opened existing hwdb mblaze_iic_wrapper_0
TRACE::2024-10-25.09:33:10::SCWPlatform::Found the Hw Db part of the input DSA
TRACE::2024-10-25.09:33:10::SCWMssOS::Checking the sw design at  C:/Users/SUJIN/Desktop/sg_workspace/SoC_soc_24/vitis_SoC_24/Mblaze_iic_000_hw/microblaze_0/standalone_domain/bsp/system.mss
TRACE::2024-10-25.09:33:10::SCWMssOS::DEBUG:  swdes dump  C:/Users/SUJIN/Desktop/sg_workspace/SoC_soc_24/vitis_SoC_24/Mblaze_iic_000_hw/microblaze_0/standalone_domain/bsp/system.mss|C:/Users/SUJIN/Desktop/sg_workspace/SoC_soc_24/vitis_SoC_24/Mblaze_iic_000_hw/microblaze_0/standalone_domain/bsp/system.mss||
C:/Users/SUJIN/Desktop/sg_workspace/SoC_soc_24/vitis_SoC_24/Mblaze_iic_00_hw/microblaze_0/standalone_domain/bsp/system.mss|system||

TRACE::2024-10-25.09:33:10::SCWMssOS::Sw design exists and opened at  C:/Users/SUJIN/Desktop/sg_workspace/SoC_soc_24/vitis_SoC_24/Mblaze_iic_000_hw/microblaze_0/standalone_domain/bsp/system.mss
TRACE::2024-10-25.09:33:10::SCWWriter::formatted JSON is {
	"platformName":	"Mblaze_iic_000_hw",
	"sprVersion":	"2.0",
	"mode":	"gui",
	"dsaType":	"Fixed",
	"platformDesc":	"Mblaze_iic_000_hw",
	"platHandOff":	"C:/Users/SUJIN/Desktop/sg_workspace/SoC_soc_24/Mblaze_iic_wrapper.xsa",
	"platIntHandOff":	"<platformDir>/hw/Mblaze_iic_wrapper.xsa",
	"deviceType":	"FPGA",
	"platIsPrebuiltAutogen":	"false",
	"platIsNoBootBsp":	"false",
	"hasFsblMakeHasChanges":	"false",
	"hasPmufwMakeHasChanges":	"false",
	"platPreBuiltFlag":	false,
	"platformSamplesDir":	"",
	"platActiveSys":	"Mblaze_iic_000_hw",
	"systems":	[{
			"systemName":	"Mblaze_iic_000_hw",
			"systemDesc":	"Mblaze_iic_000_hw",
			"sysIsBootAutoGen":	"true",
			"systemDispName":	"Mblaze_iic_000_hw",
			"sysActiveDom":	"standalone_domain",
			"sysDefaultDom":	"standalone_domain",
			"domains":	[{
					"domainName":	"standalone_domain",
					"domainDispName":	"standalone_domain",
					"domainDesc":	"standalone_domain",
					"processors":	"microblaze_0",
					"os":	"standalone",
					"sdxOs":	"standalone",
					"debugEnable":	"False",
					"domRuntimes":	["cpp"],
					"swRepo":	"",
					"mssOsVer":	"7.1",
					"mssFile":	"",
					"md5Digest":	"",
					"compatibleApp":	"",
					"domType":	"mssDomain",
					"appSettings":	{
						"appCompilerFlags":	"",
						"appLinkerFlags":	""
					},
					"addedLibs":	[],
					"libOptions":	{
						"libsContainingOptions":	[]
					},
					"prebuiltLibs":	{
						"prebuiltIncPath":	[],
						"prebuiltLibPath":	[]
					},
					"isolation":	{
					}
				}]
		}]
}
TRACE::2024-10-25.09:33:10::SCWPlatform::Trying to open the hw design at C:/Users/SUJIN/Desktop/sg_workspace/SoC_soc_24/vitis_SoC_24/Mblaze_iic_000_hw/hw/Mblaze_iic_wrapper.xsa
TRACE::2024-10-25.09:33:10::SCWPlatform::DSA given C:/Users/SUJIN/Desktop/sg_workspace/SoC_soc_24/vitis_SoC_24/Mblaze_iic_000_hw/hw/Mblaze_iic_wrapper.xsa
TRACE::2024-10-25.09:33:10::SCWPlatform::DSA absoulate path C:/Users/SUJIN/Desktop/sg_workspace/SoC_soc_24/vitis_SoC_24/Mblaze_iic_000_hw/hw/Mblaze_iic_wrapper.xsa
TRACE::2024-10-25.09:33:10::SCWPlatform::DSA directory C:/Users/SUJIN/Desktop/sg_workspace/SoC_soc_24/vitis_SoC_24/Mblaze_iic_000_hw/hw
TRACE::2024-10-25.09:33:10::SCWPlatform:: Platform Path C:/Users/SUJIN/Desktop/sg_workspace/SoC_soc_24/vitis_SoC_24/Mblaze_iic_000_hw/hw/Mblaze_iic_wrapper.xsa
TRACE::2024-10-25.09:33:10::SCWPlatform:: Unique name xilinx:basys3::0.0
TRACE::2024-10-25.09:33:10::SCWPlatform::Trying to set the existing hwdb with name mblaze_iic_wrapper_0
TRACE::2024-10-25.09:33:10::SCWPlatform::Opened existing hwdb mblaze_iic_wrapper_0
TRACE::2024-10-25.09:33:10::SCWPlatform::Found the Hw Db part of the input DSA
TRACE::2024-10-25.09:33:10::SCWMssOS::Checking the sw design at  C:/Users/SUJIN/Desktop/sg_workspace/SoC_soc_24/vitis_SoC_24/Mblaze_iic_000_hw/microblaze_0/standalone_domain/bsp/system.mss
TRACE::2024-10-25.09:33:10::SCWMssOS::DEBUG:  swdes dump  C:/Users/SUJIN/Desktop/sg_workspace/SoC_soc_24/vitis_SoC_24/Mblaze_iic_000_hw/microblaze_0/standalone_domain/bsp/system.mss|C:/Users/SUJIN/Desktop/sg_workspace/SoC_soc_24/vitis_SoC_24/Mblaze_iic_000_hw/microblaze_0/standalone_domain/bsp/system.mss||
C:/Users/SUJIN/Desktop/sg_workspace/SoC_soc_24/vitis_SoC_24/Mblaze_iic_00_hw/microblaze_0/standalone_domain/bsp/system.mss|system||

TRACE::2024-10-25.09:33:10::SCWMssOS::Sw design exists and opened at  C:/Users/SUJIN/Desktop/sg_workspace/SoC_soc_24/vitis_SoC_24/Mblaze_iic_000_hw/microblaze_0/standalone_domain/bsp/system.mss
TRACE::2024-10-25.09:33:10::SCWMssOS::Completed writing the mss file at C:/Users/SUJIN/Desktop/sg_workspace/SoC_soc_24/vitis_SoC_24/Mblaze_iic_000_hw/microblaze_0/standalone_domain/bsp
TRACE::2024-10-25.09:33:10::SCWMssOS::Forcing BSP Sources regeneration.
LOG::2024-10-25.09:33:14::SCWPlatform::Started generating the artifacts platform Mblaze_iic_000_hw
TRACE::2024-10-25.09:33:14::SCWPlatform::Sanity checking of platform is completed
LOG::2024-10-25.09:33:14::SCWPlatform::Started generating the artifacts for system configuration Mblaze_iic_000_hw
LOG::2024-10-25.09:33:14::SCWSystem::Checking the domain standalone_domain
LOG::2024-10-25.09:33:14::SCWSystem::Not a boot domain 
LOG::2024-10-25.09:33:14::SCWSystem::Started Processing the domain standalone_domain
TRACE::2024-10-25.09:33:14::SCWDomain::Generating domain artifcats
TRACE::2024-10-25.09:33:14::SCWMssOS::Generating standalone artifcats
TRACE::2024-10-25.09:33:14::SCWMssOS:: Copying the user libraries. 
TRACE::2024-10-25.09:33:14::SCWPlatform::Trying to open the hw design at C:/Users/SUJIN/Desktop/sg_workspace/SoC_soc_24/vitis_SoC_24/Mblaze_iic_000_hw/hw/Mblaze_iic_wrapper.xsa
TRACE::2024-10-25.09:33:14::SCWPlatform::DSA given C:/Users/SUJIN/Desktop/sg_workspace/SoC_soc_24/vitis_SoC_24/Mblaze_iic_000_hw/hw/Mblaze_iic_wrapper.xsa
TRACE::2024-10-25.09:33:14::SCWPlatform::DSA absoulate path C:/Users/SUJIN/Desktop/sg_workspace/SoC_soc_24/vitis_SoC_24/Mblaze_iic_000_hw/hw/Mblaze_iic_wrapper.xsa
TRACE::2024-10-25.09:33:14::SCWPlatform::DSA directory C:/Users/SUJIN/Desktop/sg_workspace/SoC_soc_24/vitis_SoC_24/Mblaze_iic_000_hw/hw
TRACE::2024-10-25.09:33:14::SCWPlatform:: Platform Path C:/Users/SUJIN/Desktop/sg_workspace/SoC_soc_24/vitis_SoC_24/Mblaze_iic_000_hw/hw/Mblaze_iic_wrapper.xsa
TRACE::2024-10-25.09:33:14::SCWPlatform:: Unique name xilinx:basys3::0.0
TRACE::2024-10-25.09:33:14::SCWPlatform::Trying to set the existing hwdb with name mblaze_iic_wrapper_0
TRACE::2024-10-25.09:33:14::SCWPlatform::Opened existing hwdb mblaze_iic_wrapper_0
TRACE::2024-10-25.09:33:14::SCWPlatform::Found the Hw Db part of the input DSA
TRACE::2024-10-25.09:33:14::SCWMssOS::Checking the sw design at  C:/Users/SUJIN/Desktop/sg_workspace/SoC_soc_24/vitis_SoC_24/Mblaze_iic_000_hw/microblaze_0/standalone_domain/bsp/system.mss
TRACE::2024-10-25.09:33:14::SCWMssOS::DEBUG:  swdes dump  C:/Users/SUJIN/Desktop/sg_workspace/SoC_soc_24/vitis_SoC_24/Mblaze_iic_000_hw/microblaze_0/standalone_domain/bsp/system.mss|C:/Users/SUJIN/Desktop/sg_workspace/SoC_soc_24/vitis_SoC_24/Mblaze_iic_000_hw/microblaze_0/standalone_domain/bsp/system.mss||
C:/Users/SUJIN/Desktop/sg_workspace/SoC_soc_24/vitis_SoC_24/Mblaze_iic_00_hw/microblaze_0/standalone_domain/bsp/system.mss|system||

KEYINFO::2024-10-25.09:33:14::SCWMssOS::Could not open the swdb for C:/Users/SUJIN/Desktop/sg_workspace/SoC_soc_24/vitis_SoC_24/Mblaze_iic_000_hw/microblaze_0/standalone_domain/bsp/system.mss
KEYINFO::2024-10-25.09:33:14::SCWMssOS::Could not open the sw design at  C:/Users/SUJIN/Desktop/sg_workspace/SoC_soc_24/vitis_SoC_24/Mblaze_iic_000_hw/microblaze_0/standalone_domain/bsp/system.mss
ERROR: [Hsi 55-1558] Software Design C:/Users/SUJIN/Desktop/sg_workspace/SoC_soc_24/vitis_SoC_24/Mblaze_iic_000_hw/microblaze_0/standalone_domain/bsp/system.mss is not found

TRACE::2024-10-25.09:33:14::SCWMssOS::Cleared the swdb table entry
TRACE::2024-10-25.09:33:14::SCWMssOS::No sw design opened at  C:/Users/SUJIN/Desktop/sg_workspace/SoC_soc_24/vitis_SoC_24/Mblaze_iic_000_hw/microblaze_0/standalone_domain/bsp/system.mss
TRACE::2024-10-25.09:33:14::SCWMssOS::mss exists loading the mss file  C:/Users/SUJIN/Desktop/sg_workspace/SoC_soc_24/vitis_SoC_24/Mblaze_iic_000_hw/microblaze_0/standalone_domain/bsp/system.mss
TRACE::2024-10-25.09:33:14::SCWMssOS::Opened the sw design from mss  C:/Users/SUJIN/Desktop/sg_workspace/SoC_soc_24/vitis_SoC_24/Mblaze_iic_000_hw/microblaze_0/standalone_domain/bsp/system.mss
TRACE::2024-10-25.09:33:14::SCWMssOS::Adding the swdes entry C:/Users/SUJIN/Desktop/sg_workspace/SoC_soc_24/vitis_SoC_24/Mblaze_iic_000_hw/microblaze_0/standalone_domain/bsp/system.mss with des name system_0
TRACE::2024-10-25.09:33:14::SCWMssOS::updating the scw layer about changes
TRACE::2024-10-25.09:33:14::SCWMssOS::Opened the sw design.  C:/Users/SUJIN/Desktop/sg_workspace/SoC_soc_24/vitis_SoC_24/Mblaze_iic_000_hw/microblaze_0/standalone_domain/bsp/system.mss
TRACE::2024-10-25.09:33:14::SCWMssOS::Completed writing the mss file at C:/Users/SUJIN/Desktop/sg_workspace/SoC_soc_24/vitis_SoC_24/Mblaze_iic_000_hw/microblaze_0/standalone_domain/bsp
TRACE::2024-10-25.09:33:14::SCWMssOS::Mss edits present, copying mssfile into export location C:/Users/SUJIN/Desktop/sg_workspace/SoC_soc_24/vitis_SoC_24/Mblaze_iic_000_hw/microblaze_0/standalone_domain/bsp/system.mss
TRACE::2024-10-25.09:33:14::SCWMssOS::bsp generated is upto date with the mss file. Skipping bsp generation.
TRACE::2024-10-25.09:33:14::SCWMssOS::BSP is already built. skipping the bsp build ... 
TRACE::2024-10-25.09:33:14::SCWDomain::Skipping the build for domain :  standalone_domain
TRACE::2024-10-25.09:33:14::SCWMssOS::skipping the bsp build ... 
TRACE::2024-10-25.09:33:14::SCWMssOS::Copying to export directory.
TRACE::2024-10-25.09:33:14::SCWMssOS:: Checking if to create the Supporting Applications
TRACE::2024-10-25.09:33:14::SCWMssOS:: No Linux domain exists, trying to generate FSBL 
LOG::2024-10-25.09:33:14::SCWSystem::Completed Processing the domain standalone_domain
LOG::2024-10-25.09:33:14::SCWSystem::Completed Processing the sysconfig Mblaze_iic_000_hw
LOG::2024-10-25.09:33:14::SCWPlatform::Completed generating the artifacts for system configuration Mblaze_iic_000_hw
TRACE::2024-10-25.09:33:14::SCWPlatform::Started preparing the platform 
TRACE::2024-10-25.09:33:14::SCWSystem::Writing the bif file for system config Mblaze_iic_000_hw
TRACE::2024-10-25.09:33:14::SCWSystem::dir created 
TRACE::2024-10-25.09:33:14::SCWSystem::Writing the bif 
TRACE::2024-10-25.09:33:14::SCWPlatform::Started writing the spfm file 
TRACE::2024-10-25.09:33:14::SCWPlatform::Started writing the xpfm file 
TRACE::2024-10-25.09:33:14::SCWPlatform::Completed generating the platform
TRACE::2024-10-25.09:33:14::SCWPlatform::Trying to open the hw design at C:/Users/SUJIN/Desktop/sg_workspace/SoC_soc_24/vitis_SoC_24/Mblaze_iic_000_hw/hw/Mblaze_iic_wrapper.xsa
TRACE::2024-10-25.09:33:14::SCWPlatform::DSA given C:/Users/SUJIN/Desktop/sg_workspace/SoC_soc_24/vitis_SoC_24/Mblaze_iic_000_hw/hw/Mblaze_iic_wrapper.xsa
TRACE::2024-10-25.09:33:14::SCWPlatform::DSA absoulate path C:/Users/SUJIN/Desktop/sg_workspace/SoC_soc_24/vitis_SoC_24/Mblaze_iic_000_hw/hw/Mblaze_iic_wrapper.xsa
TRACE::2024-10-25.09:33:14::SCWPlatform::DSA directory C:/Users/SUJIN/Desktop/sg_workspace/SoC_soc_24/vitis_SoC_24/Mblaze_iic_000_hw/hw
TRACE::2024-10-25.09:33:14::SCWPlatform:: Platform Path C:/Users/SUJIN/Desktop/sg_workspace/SoC_soc_24/vitis_SoC_24/Mblaze_iic_000_hw/hw/Mblaze_iic_wrapper.xsa
TRACE::2024-10-25.09:33:14::SCWPlatform:: Unique name xilinx:basys3::0.0
TRACE::2024-10-25.09:33:14::SCWPlatform::Trying to set the existing hwdb with name mblaze_iic_wrapper_0
TRACE::2024-10-25.09:33:14::SCWPlatform::Opened existing hwdb mblaze_iic_wrapper_0
TRACE::2024-10-25.09:33:14::SCWPlatform::Found the Hw Db part of the input DSA
TRACE::2024-10-25.09:33:14::SCWMssOS::Checking the sw design at  C:/Users/SUJIN/Desktop/sg_workspace/SoC_soc_24/vitis_SoC_24/Mblaze_iic_000_hw/microblaze_0/standalone_domain/bsp/system.mss
TRACE::2024-10-25.09:33:14::SCWMssOS::DEBUG:  swdes dump  C:/Users/SUJIN/Desktop/sg_workspace/SoC_soc_24/vitis_SoC_24/Mblaze_iic_000_hw/microblaze_0/standalone_domain/bsp/system.mss|system_0||
C:/Users/SUJIN/Desktop/sg_workspace/SoC_soc_24/vitis_SoC_24/Mblaze_iic_00_hw/microblaze_0/standalone_domain/bsp/system.mss|system||

TRACE::2024-10-25.09:33:14::SCWMssOS::Sw design exists and opened at  C:/Users/SUJIN/Desktop/sg_workspace/SoC_soc_24/vitis_SoC_24/Mblaze_iic_000_hw/microblaze_0/standalone_domain/bsp/system.mss
TRACE::2024-10-25.09:33:14::SCWPlatform::Trying to open the hw design at C:/Users/SUJIN/Desktop/sg_workspace/SoC_soc_24/vitis_SoC_24/Mblaze_iic_000_hw/hw/Mblaze_iic_wrapper.xsa
TRACE::2024-10-25.09:33:14::SCWPlatform::DSA given C:/Users/SUJIN/Desktop/sg_workspace/SoC_soc_24/vitis_SoC_24/Mblaze_iic_000_hw/hw/Mblaze_iic_wrapper.xsa
TRACE::2024-10-25.09:33:14::SCWPlatform::DSA absoulate path C:/Users/SUJIN/Desktop/sg_workspace/SoC_soc_24/vitis_SoC_24/Mblaze_iic_000_hw/hw/Mblaze_iic_wrapper.xsa
TRACE::2024-10-25.09:33:14::SCWPlatform::DSA directory C:/Users/SUJIN/Desktop/sg_workspace/SoC_soc_24/vitis_SoC_24/Mblaze_iic_000_hw/hw
TRACE::2024-10-25.09:33:14::SCWPlatform:: Platform Path C:/Users/SUJIN/Desktop/sg_workspace/SoC_soc_24/vitis_SoC_24/Mblaze_iic_000_hw/hw/Mblaze_iic_wrapper.xsa
TRACE::2024-10-25.09:33:14::SCWPlatform:: Unique name xilinx:basys3::0.0
TRACE::2024-10-25.09:33:14::SCWPlatform::Trying to set the existing hwdb with name mblaze_iic_wrapper_0
TRACE::2024-10-25.09:33:14::SCWPlatform::Opened existing hwdb mblaze_iic_wrapper_0
TRACE::2024-10-25.09:33:14::SCWPlatform::Found the Hw Db part of the input DSA
TRACE::2024-10-25.09:33:14::SCWMssOS::Checking the sw design at  C:/Users/SUJIN/Desktop/sg_workspace/SoC_soc_24/vitis_SoC_24/Mblaze_iic_000_hw/microblaze_0/standalone_domain/bsp/system.mss
TRACE::2024-10-25.09:33:14::SCWMssOS::DEBUG:  swdes dump  C:/Users/SUJIN/Desktop/sg_workspace/SoC_soc_24/vitis_SoC_24/Mblaze_iic_000_hw/microblaze_0/standalone_domain/bsp/system.mss|system_0||
C:/Users/SUJIN/Desktop/sg_workspace/SoC_soc_24/vitis_SoC_24/Mblaze_iic_00_hw/microblaze_0/standalone_domain/bsp/system.mss|system||

TRACE::2024-10-25.09:33:14::SCWMssOS::Sw design exists and opened at  C:/Users/SUJIN/Desktop/sg_workspace/SoC_soc_24/vitis_SoC_24/Mblaze_iic_000_hw/microblaze_0/standalone_domain/bsp/system.mss
TRACE::2024-10-25.09:33:14::SCWPlatform::Trying to open the hw design at C:/Users/SUJIN/Desktop/sg_workspace/SoC_soc_24/vitis_SoC_24/Mblaze_iic_000_hw/hw/Mblaze_iic_wrapper.xsa
TRACE::2024-10-25.09:33:14::SCWPlatform::DSA given C:/Users/SUJIN/Desktop/sg_workspace/SoC_soc_24/vitis_SoC_24/Mblaze_iic_000_hw/hw/Mblaze_iic_wrapper.xsa
TRACE::2024-10-25.09:33:14::SCWPlatform::DSA absoulate path C:/Users/SUJIN/Desktop/sg_workspace/SoC_soc_24/vitis_SoC_24/Mblaze_iic_000_hw/hw/Mblaze_iic_wrapper.xsa
TRACE::2024-10-25.09:33:14::SCWPlatform::DSA directory C:/Users/SUJIN/Desktop/sg_workspace/SoC_soc_24/vitis_SoC_24/Mblaze_iic_000_hw/hw
TRACE::2024-10-25.09:33:14::SCWPlatform:: Platform Path C:/Users/SUJIN/Desktop/sg_workspace/SoC_soc_24/vitis_SoC_24/Mblaze_iic_000_hw/hw/Mblaze_iic_wrapper.xsa
TRACE::2024-10-25.09:33:14::SCWPlatform:: Unique name xilinx:basys3::0.0
TRACE::2024-10-25.09:33:14::SCWPlatform::Trying to set the existing hwdb with name mblaze_iic_wrapper_0
TRACE::2024-10-25.09:33:14::SCWPlatform::Opened existing hwdb mblaze_iic_wrapper_0
TRACE::2024-10-25.09:33:14::SCWPlatform::Found the Hw Db part of the input DSA
TRACE::2024-10-25.09:33:14::SCWMssOS::Checking the sw design at  C:/Users/SUJIN/Desktop/sg_workspace/SoC_soc_24/vitis_SoC_24/Mblaze_iic_000_hw/microblaze_0/standalone_domain/bsp/system.mss
TRACE::2024-10-25.09:33:14::SCWMssOS::DEBUG:  swdes dump  C:/Users/SUJIN/Desktop/sg_workspace/SoC_soc_24/vitis_SoC_24/Mblaze_iic_000_hw/microblaze_0/standalone_domain/bsp/system.mss|system_0||
C:/Users/SUJIN/Desktop/sg_workspace/SoC_soc_24/vitis_SoC_24/Mblaze_iic_00_hw/microblaze_0/standalone_domain/bsp/system.mss|system||

TRACE::2024-10-25.09:33:14::SCWMssOS::Sw design exists and opened at  C:/Users/SUJIN/Desktop/sg_workspace/SoC_soc_24/vitis_SoC_24/Mblaze_iic_000_hw/microblaze_0/standalone_domain/bsp/system.mss
TRACE::2024-10-25.09:33:14::SCWWriter::formatted JSON is {
	"platformName":	"Mblaze_iic_000_hw",
	"sprVersion":	"2.0",
	"mode":	"gui",
	"dsaType":	"Fixed",
	"platformDesc":	"Mblaze_iic_000_hw",
	"platHandOff":	"C:/Users/SUJIN/Desktop/sg_workspace/SoC_soc_24/Mblaze_iic_wrapper.xsa",
	"platIntHandOff":	"<platformDir>/hw/Mblaze_iic_wrapper.xsa",
	"deviceType":	"FPGA",
	"platIsPrebuiltAutogen":	"false",
	"platIsNoBootBsp":	"false",
	"hasFsblMakeHasChanges":	"false",
	"hasPmufwMakeHasChanges":	"false",
	"platPreBuiltFlag":	false,
	"platformSamplesDir":	"",
	"platActiveSys":	"Mblaze_iic_000_hw",
	"systems":	[{
			"systemName":	"Mblaze_iic_000_hw",
			"systemDesc":	"Mblaze_iic_000_hw",
			"sysIsBootAutoGen":	"true",
			"systemDispName":	"Mblaze_iic_000_hw",
			"sysActiveDom":	"standalone_domain",
			"sysDefaultDom":	"standalone_domain",
			"domains":	[{
					"domainName":	"standalone_domain",
					"domainDispName":	"standalone_domain",
					"domainDesc":	"standalone_domain",
					"processors":	"microblaze_0",
					"os":	"standalone",
					"sdxOs":	"standalone",
					"debugEnable":	"False",
					"domRuntimes":	["cpp"],
					"swRepo":	"",
					"mssOsVer":	"7.1",
					"mssFile":	"",
					"md5Digest":	"d160d97b135e99311507a6f555d009f3",
					"compatibleApp":	"",
					"domType":	"mssDomain",
					"appSettings":	{
						"appCompilerFlags":	"",
						"appLinkerFlags":	""
					},
					"addedLibs":	[],
					"libOptions":	{
						"libsContainingOptions":	[]
					},
					"prebuiltLibs":	{
						"prebuiltIncPath":	[],
						"prebuiltLibPath":	[]
					},
					"isolation":	{
					}
				}]
		}]
}
KEYINFO::2024-10-25.09:33:14::SCWPlatform::updated the xpfm file.
TRACE::2024-10-25.09:33:15::SCWPlatform::Trying to open the hw design at C:/Users/SUJIN/Desktop/sg_workspace/SoC_soc_24/vitis_SoC_24/Mblaze_iic_000_hw/hw/Mblaze_iic_wrapper.xsa
TRACE::2024-10-25.09:33:15::SCWPlatform::DSA given C:/Users/SUJIN/Desktop/sg_workspace/SoC_soc_24/vitis_SoC_24/Mblaze_iic_000_hw/hw/Mblaze_iic_wrapper.xsa
TRACE::2024-10-25.09:33:15::SCWPlatform::DSA absoulate path C:/Users/SUJIN/Desktop/sg_workspace/SoC_soc_24/vitis_SoC_24/Mblaze_iic_000_hw/hw/Mblaze_iic_wrapper.xsa
TRACE::2024-10-25.09:33:15::SCWPlatform::DSA directory C:/Users/SUJIN/Desktop/sg_workspace/SoC_soc_24/vitis_SoC_24/Mblaze_iic_000_hw/hw
TRACE::2024-10-25.09:33:15::SCWPlatform:: Platform Path C:/Users/SUJIN/Desktop/sg_workspace/SoC_soc_24/vitis_SoC_24/Mblaze_iic_000_hw/hw/Mblaze_iic_wrapper.xsa
TRACE::2024-10-25.09:33:15::SCWPlatform:: Unique name xilinx:basys3::0.0
TRACE::2024-10-25.09:33:15::SCWPlatform::Trying to set the existing hwdb with name mblaze_iic_wrapper_0
TRACE::2024-10-25.09:33:15::SCWPlatform::Opened existing hwdb mblaze_iic_wrapper_0
TRACE::2024-10-25.09:33:15::SCWPlatform::Found the Hw Db part of the input DSA
TRACE::2024-10-25.09:33:15::SCWMssOS::Checking the sw design at  C:/Users/SUJIN/Desktop/sg_workspace/SoC_soc_24/vitis_SoC_24/Mblaze_iic_000_hw/microblaze_0/standalone_domain/bsp/system.mss
TRACE::2024-10-25.09:33:15::SCWMssOS::DEBUG:  swdes dump  C:/Users/SUJIN/Desktop/sg_workspace/SoC_soc_24/vitis_SoC_24/Mblaze_iic_000_hw/microblaze_0/standalone_domain/bsp/system.mss|system_0||
C:/Users/SUJIN/Desktop/sg_workspace/SoC_soc_24/vitis_SoC_24/Mblaze_iic_00_hw/microblaze_0/standalone_domain/bsp/system.mss|system||

TRACE::2024-10-25.09:33:15::SCWMssOS::Sw design exists and opened at  C:/Users/SUJIN/Desktop/sg_workspace/SoC_soc_24/vitis_SoC_24/Mblaze_iic_000_hw/microblaze_0/standalone_domain/bsp/system.mss
TRACE::2024-10-25.09:33:15::SCWPlatform::Trying to open the hw design at C:/Users/SUJIN/Desktop/sg_workspace/SoC_soc_24/vitis_SoC_24/Mblaze_iic_000_hw/hw/Mblaze_iic_wrapper.xsa
TRACE::2024-10-25.09:33:15::SCWPlatform::DSA given C:/Users/SUJIN/Desktop/sg_workspace/SoC_soc_24/vitis_SoC_24/Mblaze_iic_000_hw/hw/Mblaze_iic_wrapper.xsa
TRACE::2024-10-25.09:33:15::SCWPlatform::DSA absoulate path C:/Users/SUJIN/Desktop/sg_workspace/SoC_soc_24/vitis_SoC_24/Mblaze_iic_000_hw/hw/Mblaze_iic_wrapper.xsa
TRACE::2024-10-25.09:33:15::SCWPlatform::DSA directory C:/Users/SUJIN/Desktop/sg_workspace/SoC_soc_24/vitis_SoC_24/Mblaze_iic_000_hw/hw
TRACE::2024-10-25.09:33:15::SCWPlatform:: Platform Path C:/Users/SUJIN/Desktop/sg_workspace/SoC_soc_24/vitis_SoC_24/Mblaze_iic_000_hw/hw/Mblaze_iic_wrapper.xsa
TRACE::2024-10-25.09:33:15::SCWPlatform:: Unique name xilinx:basys3::0.0
TRACE::2024-10-25.09:33:15::SCWPlatform::Trying to set the existing hwdb with name mblaze_iic_wrapper_0
TRACE::2024-10-25.09:33:15::SCWPlatform::Opened existing hwdb mblaze_iic_wrapper_0
TRACE::2024-10-25.09:33:15::SCWPlatform::Found the Hw Db part of the input DSA
TRACE::2024-10-25.09:33:15::SCWMssOS::Checking the sw design at  C:/Users/SUJIN/Desktop/sg_workspace/SoC_soc_24/vitis_SoC_24/Mblaze_iic_000_hw/microblaze_0/standalone_domain/bsp/system.mss
TRACE::2024-10-25.09:33:15::SCWMssOS::DEBUG:  swdes dump  C:/Users/SUJIN/Desktop/sg_workspace/SoC_soc_24/vitis_SoC_24/Mblaze_iic_000_hw/microblaze_0/standalone_domain/bsp/system.mss|system_0||
C:/Users/SUJIN/Desktop/sg_workspace/SoC_soc_24/vitis_SoC_24/Mblaze_iic_00_hw/microblaze_0/standalone_domain/bsp/system.mss|system||

TRACE::2024-10-25.09:33:15::SCWMssOS::Sw design exists and opened at  C:/Users/SUJIN/Desktop/sg_workspace/SoC_soc_24/vitis_SoC_24/Mblaze_iic_000_hw/microblaze_0/standalone_domain/bsp/system.mss
TRACE::2024-10-25.09:33:15::SCWPlatform::Trying to open the hw design at C:/Users/SUJIN/Desktop/sg_workspace/SoC_soc_24/vitis_SoC_24/Mblaze_iic_000_hw/hw/Mblaze_iic_wrapper.xsa
TRACE::2024-10-25.09:33:15::SCWPlatform::DSA given C:/Users/SUJIN/Desktop/sg_workspace/SoC_soc_24/vitis_SoC_24/Mblaze_iic_000_hw/hw/Mblaze_iic_wrapper.xsa
TRACE::2024-10-25.09:33:15::SCWPlatform::DSA absoulate path C:/Users/SUJIN/Desktop/sg_workspace/SoC_soc_24/vitis_SoC_24/Mblaze_iic_000_hw/hw/Mblaze_iic_wrapper.xsa
TRACE::2024-10-25.09:33:15::SCWPlatform::DSA directory C:/Users/SUJIN/Desktop/sg_workspace/SoC_soc_24/vitis_SoC_24/Mblaze_iic_000_hw/hw
TRACE::2024-10-25.09:33:15::SCWPlatform:: Platform Path C:/Users/SUJIN/Desktop/sg_workspace/SoC_soc_24/vitis_SoC_24/Mblaze_iic_000_hw/hw/Mblaze_iic_wrapper.xsa
TRACE::2024-10-25.09:33:15::SCWPlatform:: Unique name xilinx:basys3::0.0
TRACE::2024-10-25.09:33:15::SCWPlatform::Trying to set the existing hwdb with name mblaze_iic_wrapper_0
TRACE::2024-10-25.09:33:15::SCWPlatform::Opened existing hwdb mblaze_iic_wrapper_0
TRACE::2024-10-25.09:33:15::SCWPlatform::Found the Hw Db part of the input DSA
TRACE::2024-10-25.09:33:15::SCWMssOS::Checking the sw design at  C:/Users/SUJIN/Desktop/sg_workspace/SoC_soc_24/vitis_SoC_24/Mblaze_iic_000_hw/microblaze_0/standalone_domain/bsp/system.mss
TRACE::2024-10-25.09:33:15::SCWMssOS::DEBUG:  swdes dump  C:/Users/SUJIN/Desktop/sg_workspace/SoC_soc_24/vitis_SoC_24/Mblaze_iic_000_hw/microblaze_0/standalone_domain/bsp/system.mss|system_0||
C:/Users/SUJIN/Desktop/sg_workspace/SoC_soc_24/vitis_SoC_24/Mblaze_iic_00_hw/microblaze_0/standalone_domain/bsp/system.mss|system||

TRACE::2024-10-25.09:33:15::SCWMssOS::Sw design exists and opened at  C:/Users/SUJIN/Desktop/sg_workspace/SoC_soc_24/vitis_SoC_24/Mblaze_iic_000_hw/microblaze_0/standalone_domain/bsp/system.mss
TRACE::2024-10-25.09:33:15::SCWPlatform::Trying to open the hw design at C:/Users/SUJIN/Desktop/sg_workspace/SoC_soc_24/vitis_SoC_24/Mblaze_iic_000_hw/hw/Mblaze_iic_wrapper.xsa
TRACE::2024-10-25.09:33:15::SCWPlatform::DSA given C:/Users/SUJIN/Desktop/sg_workspace/SoC_soc_24/vitis_SoC_24/Mblaze_iic_000_hw/hw/Mblaze_iic_wrapper.xsa
TRACE::2024-10-25.09:33:15::SCWPlatform::DSA absoulate path C:/Users/SUJIN/Desktop/sg_workspace/SoC_soc_24/vitis_SoC_24/Mblaze_iic_000_hw/hw/Mblaze_iic_wrapper.xsa
TRACE::2024-10-25.09:33:15::SCWPlatform::DSA directory C:/Users/SUJIN/Desktop/sg_workspace/SoC_soc_24/vitis_SoC_24/Mblaze_iic_000_hw/hw
TRACE::2024-10-25.09:33:15::SCWPlatform:: Platform Path C:/Users/SUJIN/Desktop/sg_workspace/SoC_soc_24/vitis_SoC_24/Mblaze_iic_000_hw/hw/Mblaze_iic_wrapper.xsa
TRACE::2024-10-25.09:33:15::SCWPlatform:: Unique name xilinx:basys3::0.0
TRACE::2024-10-25.09:33:15::SCWPlatform::Trying to set the existing hwdb with name mblaze_iic_wrapper_0
TRACE::2024-10-25.09:33:15::SCWPlatform::Opened existing hwdb mblaze_iic_wrapper_0
TRACE::2024-10-25.09:33:15::SCWPlatform::Found the Hw Db part of the input DSA
TRACE::2024-10-25.09:33:15::SCWMssOS::Checking the sw design at  C:/Users/SUJIN/Desktop/sg_workspace/SoC_soc_24/vitis_SoC_24/Mblaze_iic_000_hw/microblaze_0/standalone_domain/bsp/system.mss
TRACE::2024-10-25.09:33:15::SCWMssOS::DEBUG:  swdes dump  C:/Users/SUJIN/Desktop/sg_workspace/SoC_soc_24/vitis_SoC_24/Mblaze_iic_000_hw/microblaze_0/standalone_domain/bsp/system.mss|system_0||
C:/Users/SUJIN/Desktop/sg_workspace/SoC_soc_24/vitis_SoC_24/Mblaze_iic_00_hw/microblaze_0/standalone_domain/bsp/system.mss|system||

TRACE::2024-10-25.09:33:15::SCWMssOS::Sw design exists and opened at  C:/Users/SUJIN/Desktop/sg_workspace/SoC_soc_24/vitis_SoC_24/Mblaze_iic_000_hw/microblaze_0/standalone_domain/bsp/system.mss
TRACE::2024-10-25.09:33:15::SCWWriter::formatted JSON is {
	"platformName":	"Mblaze_iic_000_hw",
	"sprVersion":	"2.0",
	"mode":	"gui",
	"dsaType":	"Fixed",
	"platformDesc":	"Mblaze_iic_000_hw",
	"platHandOff":	"C:/Users/SUJIN/Desktop/sg_workspace/SoC_soc_24/Mblaze_iic_wrapper.xsa",
	"platIntHandOff":	"<platformDir>/hw/Mblaze_iic_wrapper.xsa",
	"deviceType":	"FPGA",
	"platIsPrebuiltAutogen":	"false",
	"platIsNoBootBsp":	"false",
	"hasFsblMakeHasChanges":	"false",
	"hasPmufwMakeHasChanges":	"false",
	"platPreBuiltFlag":	false,
	"platformSamplesDir":	"",
	"platActiveSys":	"Mblaze_iic_000_hw",
	"systems":	[{
			"systemName":	"Mblaze_iic_000_hw",
			"systemDesc":	"Mblaze_iic_000_hw",
			"sysIsBootAutoGen":	"true",
			"systemDispName":	"Mblaze_iic_000_hw",
			"sysActiveDom":	"standalone_domain",
			"sysDefaultDom":	"standalone_domain",
			"domains":	[{
					"domainName":	"standalone_domain",
					"domainDispName":	"standalone_domain",
					"domainDesc":	"standalone_domain",
					"processors":	"microblaze_0",
					"os":	"standalone",
					"sdxOs":	"standalone",
					"debugEnable":	"False",
					"domRuntimes":	["cpp"],
					"swRepo":	"",
					"mssOsVer":	"7.1",
					"mssFile":	"",
					"md5Digest":	"d160d97b135e99311507a6f555d009f3",
					"compatibleApp":	"",
					"domType":	"mssDomain",
					"appSettings":	{
						"appCompilerFlags":	"",
						"appLinkerFlags":	""
					},
					"addedLibs":	[],
					"libOptions":	{
						"libsContainingOptions":	[]
					},
					"prebuiltLibs":	{
						"prebuiltIncPath":	[],
						"prebuiltLibPath":	[]
					},
					"isolation":	{
					}
				}]
		}]
}
TRACE::2024-10-25.09:33:15::SCWPlatform::Trying to open the hw design at C:/Users/SUJIN/Desktop/sg_workspace/SoC_soc_24/vitis_SoC_24/Mblaze_iic_000_hw/hw/Mblaze_iic_wrapper.xsa
TRACE::2024-10-25.09:33:15::SCWPlatform::DSA given C:/Users/SUJIN/Desktop/sg_workspace/SoC_soc_24/vitis_SoC_24/Mblaze_iic_000_hw/hw/Mblaze_iic_wrapper.xsa
TRACE::2024-10-25.09:33:15::SCWPlatform::DSA absoulate path C:/Users/SUJIN/Desktop/sg_workspace/SoC_soc_24/vitis_SoC_24/Mblaze_iic_000_hw/hw/Mblaze_iic_wrapper.xsa
TRACE::2024-10-25.09:33:15::SCWPlatform::DSA directory C:/Users/SUJIN/Desktop/sg_workspace/SoC_soc_24/vitis_SoC_24/Mblaze_iic_000_hw/hw
TRACE::2024-10-25.09:33:15::SCWPlatform:: Platform Path C:/Users/SUJIN/Desktop/sg_workspace/SoC_soc_24/vitis_SoC_24/Mblaze_iic_000_hw/hw/Mblaze_iic_wrapper.xsa
TRACE::2024-10-25.09:33:15::SCWPlatform:: Unique name xilinx:basys3::0.0
TRACE::2024-10-25.09:33:15::SCWPlatform::Trying to set the existing hwdb with name mblaze_iic_wrapper_0
TRACE::2024-10-25.09:33:15::SCWPlatform::Opened existing hwdb mblaze_iic_wrapper_0
TRACE::2024-10-25.09:33:15::SCWPlatform::Found the Hw Db part of the input DSA
TRACE::2024-10-25.09:33:15::SCWMssOS::Checking the sw design at  C:/Users/SUJIN/Desktop/sg_workspace/SoC_soc_24/vitis_SoC_24/Mblaze_iic_000_hw/microblaze_0/standalone_domain/bsp/system.mss
TRACE::2024-10-25.09:33:15::SCWMssOS::DEBUG:  swdes dump  C:/Users/SUJIN/Desktop/sg_workspace/SoC_soc_24/vitis_SoC_24/Mblaze_iic_000_hw/microblaze_0/standalone_domain/bsp/system.mss|system_0||
C:/Users/SUJIN/Desktop/sg_workspace/SoC_soc_24/vitis_SoC_24/Mblaze_iic_00_hw/microblaze_0/standalone_domain/bsp/system.mss|system||

TRACE::2024-10-25.09:33:15::SCWMssOS::Sw design exists and opened at  C:/Users/SUJIN/Desktop/sg_workspace/SoC_soc_24/vitis_SoC_24/Mblaze_iic_000_hw/microblaze_0/standalone_domain/bsp/system.mss
TRACE::2024-10-25.09:33:15::SCWPlatform::Trying to open the hw design at C:/Users/SUJIN/Desktop/sg_workspace/SoC_soc_24/vitis_SoC_24/Mblaze_iic_000_hw/hw/Mblaze_iic_wrapper.xsa
TRACE::2024-10-25.09:33:15::SCWPlatform::DSA given C:/Users/SUJIN/Desktop/sg_workspace/SoC_soc_24/vitis_SoC_24/Mblaze_iic_000_hw/hw/Mblaze_iic_wrapper.xsa
TRACE::2024-10-25.09:33:15::SCWPlatform::DSA absoulate path C:/Users/SUJIN/Desktop/sg_workspace/SoC_soc_24/vitis_SoC_24/Mblaze_iic_000_hw/hw/Mblaze_iic_wrapper.xsa
TRACE::2024-10-25.09:33:15::SCWPlatform::DSA directory C:/Users/SUJIN/Desktop/sg_workspace/SoC_soc_24/vitis_SoC_24/Mblaze_iic_000_hw/hw
TRACE::2024-10-25.09:33:15::SCWPlatform:: Platform Path C:/Users/SUJIN/Desktop/sg_workspace/SoC_soc_24/vitis_SoC_24/Mblaze_iic_000_hw/hw/Mblaze_iic_wrapper.xsa
TRACE::2024-10-25.09:33:15::SCWPlatform:: Unique name xilinx:basys3::0.0
TRACE::2024-10-25.09:33:15::SCWPlatform::Trying to set the existing hwdb with name mblaze_iic_wrapper_0
TRACE::2024-10-25.09:33:15::SCWPlatform::Opened existing hwdb mblaze_iic_wrapper_0
TRACE::2024-10-25.09:33:15::SCWPlatform::Found the Hw Db part of the input DSA
TRACE::2024-10-25.09:33:15::SCWMssOS::Checking the sw design at  C:/Users/SUJIN/Desktop/sg_workspace/SoC_soc_24/vitis_SoC_24/Mblaze_iic_000_hw/microblaze_0/standalone_domain/bsp/system.mss
TRACE::2024-10-25.09:33:15::SCWMssOS::DEBUG:  swdes dump  C:/Users/SUJIN/Desktop/sg_workspace/SoC_soc_24/vitis_SoC_24/Mblaze_iic_000_hw/microblaze_0/standalone_domain/bsp/system.mss|system_0||
C:/Users/SUJIN/Desktop/sg_workspace/SoC_soc_24/vitis_SoC_24/Mblaze_iic_00_hw/microblaze_0/standalone_domain/bsp/system.mss|system||

TRACE::2024-10-25.09:33:15::SCWMssOS::Sw design exists and opened at  C:/Users/SUJIN/Desktop/sg_workspace/SoC_soc_24/vitis_SoC_24/Mblaze_iic_000_hw/microblaze_0/standalone_domain/bsp/system.mss
TRACE::2024-10-25.09:33:15::SCWPlatform::Trying to open the hw design at C:/Users/SUJIN/Desktop/sg_workspace/SoC_soc_24/vitis_SoC_24/Mblaze_iic_000_hw/hw/Mblaze_iic_wrapper.xsa
TRACE::2024-10-25.09:33:15::SCWPlatform::DSA given C:/Users/SUJIN/Desktop/sg_workspace/SoC_soc_24/vitis_SoC_24/Mblaze_iic_000_hw/hw/Mblaze_iic_wrapper.xsa
TRACE::2024-10-25.09:33:15::SCWPlatform::DSA absoulate path C:/Users/SUJIN/Desktop/sg_workspace/SoC_soc_24/vitis_SoC_24/Mblaze_iic_000_hw/hw/Mblaze_iic_wrapper.xsa
TRACE::2024-10-25.09:33:15::SCWPlatform::DSA directory C:/Users/SUJIN/Desktop/sg_workspace/SoC_soc_24/vitis_SoC_24/Mblaze_iic_000_hw/hw
TRACE::2024-10-25.09:33:15::SCWPlatform:: Platform Path C:/Users/SUJIN/Desktop/sg_workspace/SoC_soc_24/vitis_SoC_24/Mblaze_iic_000_hw/hw/Mblaze_iic_wrapper.xsa
TRACE::2024-10-25.09:33:15::SCWPlatform:: Unique name xilinx:basys3::0.0
TRACE::2024-10-25.09:33:15::SCWPlatform::Trying to set the existing hwdb with name mblaze_iic_wrapper_0
TRACE::2024-10-25.09:33:15::SCWPlatform::Opened existing hwdb mblaze_iic_wrapper_0
TRACE::2024-10-25.09:33:15::SCWPlatform::Found the Hw Db part of the input DSA
TRACE::2024-10-25.09:33:15::SCWMssOS::Checking the sw design at  C:/Users/SUJIN/Desktop/sg_workspace/SoC_soc_24/vitis_SoC_24/Mblaze_iic_000_hw/microblaze_0/standalone_domain/bsp/system.mss
TRACE::2024-10-25.09:33:15::SCWMssOS::DEBUG:  swdes dump  C:/Users/SUJIN/Desktop/sg_workspace/SoC_soc_24/vitis_SoC_24/Mblaze_iic_000_hw/microblaze_0/standalone_domain/bsp/system.mss|system_0||
C:/Users/SUJIN/Desktop/sg_workspace/SoC_soc_24/vitis_SoC_24/Mblaze_iic_00_hw/microblaze_0/standalone_domain/bsp/system.mss|system||

TRACE::2024-10-25.09:33:15::SCWMssOS::Sw design exists and opened at  C:/Users/SUJIN/Desktop/sg_workspace/SoC_soc_24/vitis_SoC_24/Mblaze_iic_000_hw/microblaze_0/standalone_domain/bsp/system.mss
TRACE::2024-10-25.09:33:15::SCWPlatform::Trying to open the hw design at C:/Users/SUJIN/Desktop/sg_workspace/SoC_soc_24/vitis_SoC_24/Mblaze_iic_000_hw/hw/Mblaze_iic_wrapper.xsa
TRACE::2024-10-25.09:33:15::SCWPlatform::DSA given C:/Users/SUJIN/Desktop/sg_workspace/SoC_soc_24/vitis_SoC_24/Mblaze_iic_000_hw/hw/Mblaze_iic_wrapper.xsa
TRACE::2024-10-25.09:33:15::SCWPlatform::DSA absoulate path C:/Users/SUJIN/Desktop/sg_workspace/SoC_soc_24/vitis_SoC_24/Mblaze_iic_000_hw/hw/Mblaze_iic_wrapper.xsa
TRACE::2024-10-25.09:33:15::SCWPlatform::DSA directory C:/Users/SUJIN/Desktop/sg_workspace/SoC_soc_24/vitis_SoC_24/Mblaze_iic_000_hw/hw
TRACE::2024-10-25.09:33:15::SCWPlatform:: Platform Path C:/Users/SUJIN/Desktop/sg_workspace/SoC_soc_24/vitis_SoC_24/Mblaze_iic_000_hw/hw/Mblaze_iic_wrapper.xsa
TRACE::2024-10-25.09:33:15::SCWPlatform:: Unique name xilinx:basys3::0.0
TRACE::2024-10-25.09:33:15::SCWPlatform::Trying to set the existing hwdb with name mblaze_iic_wrapper_0
TRACE::2024-10-25.09:33:15::SCWPlatform::Opened existing hwdb mblaze_iic_wrapper_0
TRACE::2024-10-25.09:33:15::SCWPlatform::Found the Hw Db part of the input DSA
TRACE::2024-10-25.09:33:15::SCWMssOS::Checking the sw design at  C:/Users/SUJIN/Desktop/sg_workspace/SoC_soc_24/vitis_SoC_24/Mblaze_iic_000_hw/microblaze_0/standalone_domain/bsp/system.mss
TRACE::2024-10-25.09:33:15::SCWMssOS::DEBUG:  swdes dump  C:/Users/SUJIN/Desktop/sg_workspace/SoC_soc_24/vitis_SoC_24/Mblaze_iic_000_hw/microblaze_0/standalone_domain/bsp/system.mss|system_0||
C:/Users/SUJIN/Desktop/sg_workspace/SoC_soc_24/vitis_SoC_24/Mblaze_iic_00_hw/microblaze_0/standalone_domain/bsp/system.mss|system||

TRACE::2024-10-25.09:33:15::SCWMssOS::Sw design exists and opened at  C:/Users/SUJIN/Desktop/sg_workspace/SoC_soc_24/vitis_SoC_24/Mblaze_iic_000_hw/microblaze_0/standalone_domain/bsp/system.mss
TRACE::2024-10-25.09:33:15::SCWPlatform::Trying to open the hw design at C:/Users/SUJIN/Desktop/sg_workspace/SoC_soc_24/vitis_SoC_24/Mblaze_iic_000_hw/hw/Mblaze_iic_wrapper.xsa
TRACE::2024-10-25.09:33:15::SCWPlatform::DSA given C:/Users/SUJIN/Desktop/sg_workspace/SoC_soc_24/vitis_SoC_24/Mblaze_iic_000_hw/hw/Mblaze_iic_wrapper.xsa
TRACE::2024-10-25.09:33:15::SCWPlatform::DSA absoulate path C:/Users/SUJIN/Desktop/sg_workspace/SoC_soc_24/vitis_SoC_24/Mblaze_iic_000_hw/hw/Mblaze_iic_wrapper.xsa
TRACE::2024-10-25.09:33:15::SCWPlatform::DSA directory C:/Users/SUJIN/Desktop/sg_workspace/SoC_soc_24/vitis_SoC_24/Mblaze_iic_000_hw/hw
TRACE::2024-10-25.09:33:15::SCWPlatform:: Platform Path C:/Users/SUJIN/Desktop/sg_workspace/SoC_soc_24/vitis_SoC_24/Mblaze_iic_000_hw/hw/Mblaze_iic_wrapper.xsa
TRACE::2024-10-25.09:33:15::SCWPlatform:: Unique name xilinx:basys3::0.0
TRACE::2024-10-25.09:33:15::SCWPlatform::Trying to set the existing hwdb with name mblaze_iic_wrapper_0
TRACE::2024-10-25.09:33:15::SCWPlatform::Opened existing hwdb mblaze_iic_wrapper_0
TRACE::2024-10-25.09:33:15::SCWPlatform::Found the Hw Db part of the input DSA
TRACE::2024-10-25.09:33:15::SCWMssOS::Checking the sw design at  C:/Users/SUJIN/Desktop/sg_workspace/SoC_soc_24/vitis_SoC_24/Mblaze_iic_000_hw/microblaze_0/standalone_domain/bsp/system.mss
TRACE::2024-10-25.09:33:15::SCWMssOS::DEBUG:  swdes dump  C:/Users/SUJIN/Desktop/sg_workspace/SoC_soc_24/vitis_SoC_24/Mblaze_iic_000_hw/microblaze_0/standalone_domain/bsp/system.mss|system_0||
C:/Users/SUJIN/Desktop/sg_workspace/SoC_soc_24/vitis_SoC_24/Mblaze_iic_00_hw/microblaze_0/standalone_domain/bsp/system.mss|system||

TRACE::2024-10-25.09:33:15::SCWMssOS::Sw design exists and opened at  C:/Users/SUJIN/Desktop/sg_workspace/SoC_soc_24/vitis_SoC_24/Mblaze_iic_000_hw/microblaze_0/standalone_domain/bsp/system.mss
TRACE::2024-10-25.09:33:15::SCWPlatform::Trying to open the hw design at C:/Users/SUJIN/Desktop/sg_workspace/SoC_soc_24/vitis_SoC_24/Mblaze_iic_000_hw/hw/Mblaze_iic_wrapper.xsa
TRACE::2024-10-25.09:33:15::SCWPlatform::DSA given C:/Users/SUJIN/Desktop/sg_workspace/SoC_soc_24/vitis_SoC_24/Mblaze_iic_000_hw/hw/Mblaze_iic_wrapper.xsa
TRACE::2024-10-25.09:33:15::SCWPlatform::DSA absoulate path C:/Users/SUJIN/Desktop/sg_workspace/SoC_soc_24/vitis_SoC_24/Mblaze_iic_000_hw/hw/Mblaze_iic_wrapper.xsa
TRACE::2024-10-25.09:33:15::SCWPlatform::DSA directory C:/Users/SUJIN/Desktop/sg_workspace/SoC_soc_24/vitis_SoC_24/Mblaze_iic_000_hw/hw
TRACE::2024-10-25.09:33:15::SCWPlatform:: Platform Path C:/Users/SUJIN/Desktop/sg_workspace/SoC_soc_24/vitis_SoC_24/Mblaze_iic_000_hw/hw/Mblaze_iic_wrapper.xsa
TRACE::2024-10-25.09:33:15::SCWPlatform:: Unique name xilinx:basys3::0.0
TRACE::2024-10-25.09:33:15::SCWPlatform::Trying to set the existing hwdb with name mblaze_iic_wrapper_0
TRACE::2024-10-25.09:33:15::SCWPlatform::Opened existing hwdb mblaze_iic_wrapper_0
TRACE::2024-10-25.09:33:15::SCWPlatform::Found the Hw Db part of the input DSA
TRACE::2024-10-25.09:33:15::SCWMssOS::Checking the sw design at  C:/Users/SUJIN/Desktop/sg_workspace/SoC_soc_24/vitis_SoC_24/Mblaze_iic_000_hw/microblaze_0/standalone_domain/bsp/system.mss
TRACE::2024-10-25.09:33:15::SCWMssOS::DEBUG:  swdes dump  C:/Users/SUJIN/Desktop/sg_workspace/SoC_soc_24/vitis_SoC_24/Mblaze_iic_000_hw/microblaze_0/standalone_domain/bsp/system.mss|system_0||
C:/Users/SUJIN/Desktop/sg_workspace/SoC_soc_24/vitis_SoC_24/Mblaze_iic_00_hw/microblaze_0/standalone_domain/bsp/system.mss|system||

TRACE::2024-10-25.09:33:15::SCWMssOS::Sw design exists and opened at  C:/Users/SUJIN/Desktop/sg_workspace/SoC_soc_24/vitis_SoC_24/Mblaze_iic_000_hw/microblaze_0/standalone_domain/bsp/system.mss
TRACE::2024-10-25.09:33:15::SCWWriter::formatted JSON is {
	"platformName":	"Mblaze_iic_000_hw",
	"sprVersion":	"2.0",
	"mode":	"gui",
	"dsaType":	"Fixed",
	"platformDesc":	"Mblaze_iic_000_hw",
	"platHandOff":	"C:/Users/SUJIN/Desktop/sg_workspace/SoC_soc_24/Mblaze_iic_wrapper.xsa",
	"platIntHandOff":	"<platformDir>/hw/Mblaze_iic_wrapper.xsa",
	"deviceType":	"FPGA",
	"platIsPrebuiltAutogen":	"false",
	"platIsNoBootBsp":	"false",
	"hasFsblMakeHasChanges":	"false",
	"hasPmufwMakeHasChanges":	"false",
	"platPreBuiltFlag":	false,
	"platformSamplesDir":	"",
	"platActiveSys":	"Mblaze_iic_000_hw",
	"systems":	[{
			"systemName":	"Mblaze_iic_000_hw",
			"systemDesc":	"Mblaze_iic_000_hw",
			"sysIsBootAutoGen":	"true",
			"systemDispName":	"Mblaze_iic_000_hw",
			"sysActiveDom":	"standalone_domain",
			"sysDefaultDom":	"standalone_domain",
			"domains":	[{
					"domainName":	"standalone_domain",
					"domainDispName":	"standalone on microblaze_0",
					"domainDesc":	"standalone_domain",
					"processors":	"microblaze_0",
					"os":	"standalone",
					"sdxOs":	"standalone",
					"debugEnable":	"False",
					"domRuntimes":	["cpp"],
					"swRepo":	"",
					"mssOsVer":	"7.1",
					"mssFile":	"",
					"md5Digest":	"d160d97b135e99311507a6f555d009f3",
					"compatibleApp":	"",
					"domType":	"mssDomain",
					"appSettings":	{
						"appCompilerFlags":	"",
						"appLinkerFlags":	""
					},
					"addedLibs":	[],
					"libOptions":	{
						"libsContainingOptions":	[]
					},
					"prebuiltLibs":	{
						"prebuiltIncPath":	[],
						"prebuiltLibPath":	[]
					},
					"isolation":	{
					}
				}]
		}]
}
TRACE::2024-10-25.09:33:15::SCWPlatform::Trying to open the hw design at C:/Users/SUJIN/Desktop/sg_workspace/SoC_soc_24/vitis_SoC_24/Mblaze_iic_000_hw/hw/Mblaze_iic_wrapper.xsa
TRACE::2024-10-25.09:33:15::SCWPlatform::DSA given C:/Users/SUJIN/Desktop/sg_workspace/SoC_soc_24/vitis_SoC_24/Mblaze_iic_000_hw/hw/Mblaze_iic_wrapper.xsa
TRACE::2024-10-25.09:33:15::SCWPlatform::DSA absoulate path C:/Users/SUJIN/Desktop/sg_workspace/SoC_soc_24/vitis_SoC_24/Mblaze_iic_000_hw/hw/Mblaze_iic_wrapper.xsa
TRACE::2024-10-25.09:33:15::SCWPlatform::DSA directory C:/Users/SUJIN/Desktop/sg_workspace/SoC_soc_24/vitis_SoC_24/Mblaze_iic_000_hw/hw
TRACE::2024-10-25.09:33:15::SCWPlatform:: Platform Path C:/Users/SUJIN/Desktop/sg_workspace/SoC_soc_24/vitis_SoC_24/Mblaze_iic_000_hw/hw/Mblaze_iic_wrapper.xsa
TRACE::2024-10-25.09:33:15::SCWPlatform:: Unique name xilinx:basys3::0.0
TRACE::2024-10-25.09:33:15::SCWPlatform::Trying to set the existing hwdb with name mblaze_iic_wrapper_0
TRACE::2024-10-25.09:33:15::SCWPlatform::Opened existing hwdb mblaze_iic_wrapper_0
TRACE::2024-10-25.09:33:15::SCWPlatform::Found the Hw Db part of the input DSA
TRACE::2024-10-25.09:33:15::SCWMssOS::Checking the sw design at  C:/Users/SUJIN/Desktop/sg_workspace/SoC_soc_24/vitis_SoC_24/Mblaze_iic_000_hw/microblaze_0/standalone_domain/bsp/system.mss
TRACE::2024-10-25.09:33:15::SCWMssOS::DEBUG:  swdes dump  C:/Users/SUJIN/Desktop/sg_workspace/SoC_soc_24/vitis_SoC_24/Mblaze_iic_000_hw/microblaze_0/standalone_domain/bsp/system.mss|system_0||
C:/Users/SUJIN/Desktop/sg_workspace/SoC_soc_24/vitis_SoC_24/Mblaze_iic_00_hw/microblaze_0/standalone_domain/bsp/system.mss|system||

TRACE::2024-10-25.09:33:15::SCWMssOS::Sw design exists and opened at  C:/Users/SUJIN/Desktop/sg_workspace/SoC_soc_24/vitis_SoC_24/Mblaze_iic_000_hw/microblaze_0/standalone_domain/bsp/system.mss
TRACE::2024-10-25.09:33:15::SCWPlatform::Trying to open the hw design at C:/Users/SUJIN/Desktop/sg_workspace/SoC_soc_24/vitis_SoC_24/Mblaze_iic_000_hw/hw/Mblaze_iic_wrapper.xsa
TRACE::2024-10-25.09:33:15::SCWPlatform::DSA given C:/Users/SUJIN/Desktop/sg_workspace/SoC_soc_24/vitis_SoC_24/Mblaze_iic_000_hw/hw/Mblaze_iic_wrapper.xsa
TRACE::2024-10-25.09:33:15::SCWPlatform::DSA absoulate path C:/Users/SUJIN/Desktop/sg_workspace/SoC_soc_24/vitis_SoC_24/Mblaze_iic_000_hw/hw/Mblaze_iic_wrapper.xsa
TRACE::2024-10-25.09:33:15::SCWPlatform::DSA directory C:/Users/SUJIN/Desktop/sg_workspace/SoC_soc_24/vitis_SoC_24/Mblaze_iic_000_hw/hw
TRACE::2024-10-25.09:33:15::SCWPlatform:: Platform Path C:/Users/SUJIN/Desktop/sg_workspace/SoC_soc_24/vitis_SoC_24/Mblaze_iic_000_hw/hw/Mblaze_iic_wrapper.xsa
TRACE::2024-10-25.09:33:15::SCWPlatform:: Unique name xilinx:basys3::0.0
TRACE::2024-10-25.09:33:15::SCWPlatform::Trying to set the existing hwdb with name mblaze_iic_wrapper_0
TRACE::2024-10-25.09:33:15::SCWPlatform::Opened existing hwdb mblaze_iic_wrapper_0
TRACE::2024-10-25.09:33:15::SCWPlatform::Found the Hw Db part of the input DSA
TRACE::2024-10-25.09:33:15::SCWMssOS::Checking the sw design at  C:/Users/SUJIN/Desktop/sg_workspace/SoC_soc_24/vitis_SoC_24/Mblaze_iic_000_hw/microblaze_0/standalone_domain/bsp/system.mss
TRACE::2024-10-25.09:33:15::SCWMssOS::DEBUG:  swdes dump  C:/Users/SUJIN/Desktop/sg_workspace/SoC_soc_24/vitis_SoC_24/Mblaze_iic_000_hw/microblaze_0/standalone_domain/bsp/system.mss|system_0||
C:/Users/SUJIN/Desktop/sg_workspace/SoC_soc_24/vitis_SoC_24/Mblaze_iic_00_hw/microblaze_0/standalone_domain/bsp/system.mss|system||

TRACE::2024-10-25.09:33:15::SCWMssOS::Sw design exists and opened at  C:/Users/SUJIN/Desktop/sg_workspace/SoC_soc_24/vitis_SoC_24/Mblaze_iic_000_hw/microblaze_0/standalone_domain/bsp/system.mss
TRACE::2024-10-25.09:33:15::SCWPlatform::Trying to open the hw design at C:/Users/SUJIN/Desktop/sg_workspace/SoC_soc_24/vitis_SoC_24/Mblaze_iic_000_hw/hw/Mblaze_iic_wrapper.xsa
TRACE::2024-10-25.09:33:15::SCWPlatform::DSA given C:/Users/SUJIN/Desktop/sg_workspace/SoC_soc_24/vitis_SoC_24/Mblaze_iic_000_hw/hw/Mblaze_iic_wrapper.xsa
TRACE::2024-10-25.09:33:15::SCWPlatform::DSA absoulate path C:/Users/SUJIN/Desktop/sg_workspace/SoC_soc_24/vitis_SoC_24/Mblaze_iic_000_hw/hw/Mblaze_iic_wrapper.xsa
TRACE::2024-10-25.09:33:15::SCWPlatform::DSA directory C:/Users/SUJIN/Desktop/sg_workspace/SoC_soc_24/vitis_SoC_24/Mblaze_iic_000_hw/hw
TRACE::2024-10-25.09:33:15::SCWPlatform:: Platform Path C:/Users/SUJIN/Desktop/sg_workspace/SoC_soc_24/vitis_SoC_24/Mblaze_iic_000_hw/hw/Mblaze_iic_wrapper.xsa
TRACE::2024-10-25.09:33:15::SCWPlatform:: Unique name xilinx:basys3::0.0
TRACE::2024-10-25.09:33:15::SCWPlatform::Trying to set the existing hwdb with name mblaze_iic_wrapper_0
TRACE::2024-10-25.09:33:15::SCWPlatform::Opened existing hwdb mblaze_iic_wrapper_0
TRACE::2024-10-25.09:33:15::SCWPlatform::Found the Hw Db part of the input DSA
TRACE::2024-10-25.09:33:15::SCWMssOS::Checking the sw design at  C:/Users/SUJIN/Desktop/sg_workspace/SoC_soc_24/vitis_SoC_24/Mblaze_iic_000_hw/microblaze_0/standalone_domain/bsp/system.mss
TRACE::2024-10-25.09:33:15::SCWMssOS::DEBUG:  swdes dump  C:/Users/SUJIN/Desktop/sg_workspace/SoC_soc_24/vitis_SoC_24/Mblaze_iic_000_hw/microblaze_0/standalone_domain/bsp/system.mss|system_0||
C:/Users/SUJIN/Desktop/sg_workspace/SoC_soc_24/vitis_SoC_24/Mblaze_iic_00_hw/microblaze_0/standalone_domain/bsp/system.mss|system||

TRACE::2024-10-25.09:33:15::SCWMssOS::Sw design exists and opened at  C:/Users/SUJIN/Desktop/sg_workspace/SoC_soc_24/vitis_SoC_24/Mblaze_iic_000_hw/microblaze_0/standalone_domain/bsp/system.mss
TRACE::2024-10-25.09:33:15::SCWWriter::formatted JSON is {
	"platformName":	"Mblaze_iic_000_hw",
	"sprVersion":	"2.0",
	"mode":	"gui",
	"dsaType":	"Fixed",
	"platformDesc":	"Mblaze_iic_000_hw",
	"platHandOff":	"C:/Users/SUJIN/Desktop/sg_workspace/SoC_soc_24/Mblaze_iic_wrapper.xsa",
	"platIntHandOff":	"<platformDir>/hw/Mblaze_iic_wrapper.xsa",
	"deviceType":	"FPGA",
	"platIsPrebuiltAutogen":	"false",
	"platIsNoBootBsp":	"false",
	"hasFsblMakeHasChanges":	"false",
	"hasPmufwMakeHasChanges":	"false",
	"platPreBuiltFlag":	false,
	"platformSamplesDir":	"",
	"platActiveSys":	"Mblaze_iic_000_hw",
	"systems":	[{
			"systemName":	"Mblaze_iic_000_hw",
			"systemDesc":	"Mblaze_iic_000_hw",
			"sysIsBootAutoGen":	"true",
			"systemDispName":	"Mblaze_iic_000_hw",
			"sysActiveDom":	"standalone_domain",
			"sysDefaultDom":	"standalone_domain",
			"domains":	[{
					"domainName":	"standalone_domain",
					"domainDispName":	"standalone on microblaze_0",
					"domainDesc":	"standalone_domain",
					"processors":	"microblaze_0",
					"os":	"standalone",
					"sdxOs":	"standalone",
					"debugEnable":	"False",
					"domRuntimes":	["cpp"],
					"swRepo":	"",
					"mssOsVer":	"7.1",
					"mssFile":	"",
					"md5Digest":	"d160d97b135e99311507a6f555d009f3",
					"compatibleApp":	"",
					"domType":	"mssDomain",
					"appSettings":	{
						"appCompilerFlags":	"",
						"appLinkerFlags":	""
					},
					"addedLibs":	[],
					"libOptions":	{
						"libsContainingOptions":	[]
					},
					"prebuiltLibs":	{
						"prebuiltIncPath":	[],
						"prebuiltLibPath":	[]
					},
					"isolation":	{
					}
				}]
		}]
}
TRACE::2024-10-25.09:33:15::SCWPlatform::Clearing the existing platform
TRACE::2024-10-25.09:33:15::SCWSystem::Clearing the existing sysconfig
TRACE::2024-10-25.09:33:15::SCWMssOS::Removing the swdes entry for  C:/Users/SUJIN/Desktop/sg_workspace/SoC_soc_24/vitis_SoC_24/Mblaze_iic_000_hw/microblaze_0/standalone_domain/bsp/system.mss
TRACE::2024-10-25.09:33:15::SCWSystem::Clearing the domains completed.
TRACE::2024-10-25.09:33:15::SCWPlatform::Clearing the opened hw db.
TRACE::2024-10-25.09:33:15::SCWPlatform::DSA given C:/Users/SUJIN/Desktop/sg_workspace/SoC_soc_24/vitis_SoC_24/Mblaze_iic_000_hw/hw/Mblaze_iic_wrapper.xsa
TRACE::2024-10-25.09:33:15::SCWPlatform::DSA absoulate path C:/Users/SUJIN/Desktop/sg_workspace/SoC_soc_24/vitis_SoC_24/Mblaze_iic_000_hw/hw/Mblaze_iic_wrapper.xsa
TRACE::2024-10-25.09:33:15::SCWPlatform:: Platform location is C:/Users/SUJIN/Desktop/sg_workspace/SoC_soc_24/vitis_SoC_24/Mblaze_iic_000_hw/hw
TRACE::2024-10-25.09:33:15::SCWPlatform:: Platform Path C:/Users/SUJIN/Desktop/sg_workspace/SoC_soc_24/vitis_SoC_24/Mblaze_iic_000_hw/hw/Mblaze_iic_wrapper.xsa
TRACE::2024-10-25.09:33:15::SCWPlatform:: Unique name xilinx:basys3::0.0
TRACE::2024-10-25.09:33:15::SCWPlatform::Removing the HwDB with name C:/Users/SUJIN/Desktop/sg_workspace/SoC_soc_24/vitis_SoC_24/Mblaze_iic_000_hw/hw/Mblaze_iic_wrapper.xsa
TRACE::2024-10-25.09:33:15::SCWPlatform::Trying to open the hw design at C:/Users/SUJIN/Desktop/sg_workspace/SoC_soc_24/vitis_SoC_24/Mblaze_iic_000_hw/hw/Mblaze_iic_wrapper.xsa
TRACE::2024-10-25.09:33:15::SCWPlatform::DSA given C:/Users/SUJIN/Desktop/sg_workspace/SoC_soc_24/vitis_SoC_24/Mblaze_iic_000_hw/hw/Mblaze_iic_wrapper.xsa
TRACE::2024-10-25.09:33:15::SCWPlatform::DSA absoulate path C:/Users/SUJIN/Desktop/sg_workspace/SoC_soc_24/vitis_SoC_24/Mblaze_iic_000_hw/hw/Mblaze_iic_wrapper.xsa
TRACE::2024-10-25.09:33:15::SCWPlatform::DSA directory C:/Users/SUJIN/Desktop/sg_workspace/SoC_soc_24/vitis_SoC_24/Mblaze_iic_000_hw/hw
TRACE::2024-10-25.09:33:15::SCWPlatform:: Platform Path C:/Users/SUJIN/Desktop/sg_workspace/SoC_soc_24/vitis_SoC_24/Mblaze_iic_000_hw/hw/Mblaze_iic_wrapper.xsa
TRACE::2024-10-25.09:33:15::SCWPlatform:: Unique name xilinx:basys3::0.0
TRACE::2024-10-25.09:33:15::SCWPlatform::Do not have an existing db opened. 
TRACE::2024-10-25.09:33:16::SCWPlatform::Opened new HwDB with name mblaze_iic_wrapper_1
TRACE::2024-10-25.09:33:16::SCWReader::Active system found as  Mblaze_iic_000_hw
TRACE::2024-10-25.09:33:16::SCWReader::Handling sysconfig Mblaze_iic_000_hw
TRACE::2024-10-25.09:33:16::SCWDomain::checking for install qemu data   : 
TRACE::2024-10-25.09:33:16::SCWPlatform::Trying to open the hw design at C:/Users/SUJIN/Desktop/sg_workspace/SoC_soc_24/vitis_SoC_24/Mblaze_iic_000_hw/hw/Mblaze_iic_wrapper.xsa
TRACE::2024-10-25.09:33:16::SCWPlatform::DSA given C:/Users/SUJIN/Desktop/sg_workspace/SoC_soc_24/vitis_SoC_24/Mblaze_iic_000_hw/hw/Mblaze_iic_wrapper.xsa
TRACE::2024-10-25.09:33:16::SCWPlatform::DSA absoulate path C:/Users/SUJIN/Desktop/sg_workspace/SoC_soc_24/vitis_SoC_24/Mblaze_iic_000_hw/hw/Mblaze_iic_wrapper.xsa
TRACE::2024-10-25.09:33:16::SCWPlatform::DSA directory C:/Users/SUJIN/Desktop/sg_workspace/SoC_soc_24/vitis_SoC_24/Mblaze_iic_000_hw/hw
TRACE::2024-10-25.09:33:16::SCWPlatform:: Platform Path C:/Users/SUJIN/Desktop/sg_workspace/SoC_soc_24/vitis_SoC_24/Mblaze_iic_000_hw/hw/Mblaze_iic_wrapper.xsa
TRACE::2024-10-25.09:33:16::SCWPlatform:: Unique name xilinx:basys3::0.0
TRACE::2024-10-25.09:33:16::SCWPlatform::Trying to set the existing hwdb with name mblaze_iic_wrapper_1
TRACE::2024-10-25.09:33:16::SCWPlatform::Opened existing hwdb mblaze_iic_wrapper_1
TRACE::2024-10-25.09:33:16::SCWPlatform::Found the Hw Db part of the input DSA
TRACE::2024-10-25.09:33:16::SCWPlatform::Trying to open the hw design at C:/Users/SUJIN/Desktop/sg_workspace/SoC_soc_24/vitis_SoC_24/Mblaze_iic_000_hw/hw/Mblaze_iic_wrapper.xsa
TRACE::2024-10-25.09:33:16::SCWPlatform::DSA given C:/Users/SUJIN/Desktop/sg_workspace/SoC_soc_24/vitis_SoC_24/Mblaze_iic_000_hw/hw/Mblaze_iic_wrapper.xsa
TRACE::2024-10-25.09:33:16::SCWPlatform::DSA absoulate path C:/Users/SUJIN/Desktop/sg_workspace/SoC_soc_24/vitis_SoC_24/Mblaze_iic_000_hw/hw/Mblaze_iic_wrapper.xsa
TRACE::2024-10-25.09:33:16::SCWPlatform::DSA directory C:/Users/SUJIN/Desktop/sg_workspace/SoC_soc_24/vitis_SoC_24/Mblaze_iic_000_hw/hw
TRACE::2024-10-25.09:33:16::SCWPlatform:: Platform Path C:/Users/SUJIN/Desktop/sg_workspace/SoC_soc_24/vitis_SoC_24/Mblaze_iic_000_hw/hw/Mblaze_iic_wrapper.xsa
TRACE::2024-10-25.09:33:16::SCWPlatform:: Unique name xilinx:basys3::0.0
TRACE::2024-10-25.09:33:16::SCWPlatform::Trying to set the existing hwdb with name mblaze_iic_wrapper_1
TRACE::2024-10-25.09:33:16::SCWPlatform::Opened existing hwdb mblaze_iic_wrapper_1
TRACE::2024-10-25.09:33:16::SCWPlatform::Found the Hw Db part of the input DSA
TRACE::2024-10-25.09:33:16::SCWPlatform::Trying to open the hw design at C:/Users/SUJIN/Desktop/sg_workspace/SoC_soc_24/vitis_SoC_24/Mblaze_iic_000_hw/hw/Mblaze_iic_wrapper.xsa
TRACE::2024-10-25.09:33:16::SCWPlatform::DSA given C:/Users/SUJIN/Desktop/sg_workspace/SoC_soc_24/vitis_SoC_24/Mblaze_iic_000_hw/hw/Mblaze_iic_wrapper.xsa
TRACE::2024-10-25.09:33:16::SCWPlatform::DSA absoulate path C:/Users/SUJIN/Desktop/sg_workspace/SoC_soc_24/vitis_SoC_24/Mblaze_iic_000_hw/hw/Mblaze_iic_wrapper.xsa
TRACE::2024-10-25.09:33:16::SCWPlatform::DSA directory C:/Users/SUJIN/Desktop/sg_workspace/SoC_soc_24/vitis_SoC_24/Mblaze_iic_000_hw/hw
TRACE::2024-10-25.09:33:16::SCWPlatform:: Platform Path C:/Users/SUJIN/Desktop/sg_workspace/SoC_soc_24/vitis_SoC_24/Mblaze_iic_000_hw/hw/Mblaze_iic_wrapper.xsa
TRACE::2024-10-25.09:33:16::SCWPlatform:: Unique name xilinx:basys3::0.0
TRACE::2024-10-25.09:33:16::SCWPlatform::Trying to set the existing hwdb with name mblaze_iic_wrapper_1
TRACE::2024-10-25.09:33:16::SCWPlatform::Opened existing hwdb mblaze_iic_wrapper_1
TRACE::2024-10-25.09:33:16::SCWPlatform::Found the Hw Db part of the input DSA
TRACE::2024-10-25.09:33:16::SCWMssOS::Checking the sw design at  C:/Users/SUJIN/Desktop/sg_workspace/SoC_soc_24/vitis_SoC_24/Mblaze_iic_000_hw/microblaze_0/standalone_domain/bsp/system.mss
TRACE::2024-10-25.09:33:16::SCWMssOS::DEBUG:  swdes dump  C:/Users/SUJIN/Desktop/sg_workspace/SoC_soc_24/vitis_SoC_24/Mblaze_iic_00_hw/microblaze_0/standalone_domain/bsp/system.mss|system||

TRACE::2024-10-25.09:33:16::SCWMssOS::No sw design opened at  C:/Users/SUJIN/Desktop/sg_workspace/SoC_soc_24/vitis_SoC_24/Mblaze_iic_000_hw/microblaze_0/standalone_domain/bsp/system.mss
TRACE::2024-10-25.09:33:16::SCWMssOS::mss exists loading the mss file  C:/Users/SUJIN/Desktop/sg_workspace/SoC_soc_24/vitis_SoC_24/Mblaze_iic_000_hw/microblaze_0/standalone_domain/bsp/system.mss
TRACE::2024-10-25.09:33:16::SCWMssOS::Opened the sw design from mss  C:/Users/SUJIN/Desktop/sg_workspace/SoC_soc_24/vitis_SoC_24/Mblaze_iic_000_hw/microblaze_0/standalone_domain/bsp/system.mss
TRACE::2024-10-25.09:33:16::SCWMssOS::Adding the swdes entry C:/Users/SUJIN/Desktop/sg_workspace/SoC_soc_24/vitis_SoC_24/Mblaze_iic_000_hw/microblaze_0/standalone_domain/bsp/system.mss with des name system_0
TRACE::2024-10-25.09:33:16::SCWMssOS::updating the scw layer about changes
TRACE::2024-10-25.09:33:16::SCWMssOS::Opened the sw design.  C:/Users/SUJIN/Desktop/sg_workspace/SoC_soc_24/vitis_SoC_24/Mblaze_iic_000_hw/microblaze_0/standalone_domain/bsp/system.mss
TRACE::2024-10-25.09:33:16::SCWReader::Adding prebuilt librarypaths as   
TRACE::2024-10-25.09:33:16::SCWReader::Adding prebuilt incpaths  as   
TRACE::2024-10-25.09:33:16::SCWPlatform::Trying to open the hw design at C:/Users/SUJIN/Desktop/sg_workspace/SoC_soc_24/vitis_SoC_24/Mblaze_iic_000_hw/hw/Mblaze_iic_wrapper.xsa
TRACE::2024-10-25.09:33:16::SCWPlatform::DSA given C:/Users/SUJIN/Desktop/sg_workspace/SoC_soc_24/vitis_SoC_24/Mblaze_iic_000_hw/hw/Mblaze_iic_wrapper.xsa
TRACE::2024-10-25.09:33:16::SCWPlatform::DSA absoulate path C:/Users/SUJIN/Desktop/sg_workspace/SoC_soc_24/vitis_SoC_24/Mblaze_iic_000_hw/hw/Mblaze_iic_wrapper.xsa
TRACE::2024-10-25.09:33:16::SCWPlatform::DSA directory C:/Users/SUJIN/Desktop/sg_workspace/SoC_soc_24/vitis_SoC_24/Mblaze_iic_000_hw/hw
TRACE::2024-10-25.09:33:16::SCWPlatform:: Platform Path C:/Users/SUJIN/Desktop/sg_workspace/SoC_soc_24/vitis_SoC_24/Mblaze_iic_000_hw/hw/Mblaze_iic_wrapper.xsa
TRACE::2024-10-25.09:33:16::SCWPlatform:: Unique name xilinx:basys3::0.0
TRACE::2024-10-25.09:33:16::SCWPlatform::Trying to set the existing hwdb with name mblaze_iic_wrapper_1
TRACE::2024-10-25.09:33:16::SCWPlatform::Opened existing hwdb mblaze_iic_wrapper_1
TRACE::2024-10-25.09:33:16::SCWPlatform::Found the Hw Db part of the input DSA
TRACE::2024-10-25.09:33:16::SCWMssOS::Checking the sw design at  C:/Users/SUJIN/Desktop/sg_workspace/SoC_soc_24/vitis_SoC_24/Mblaze_iic_000_hw/microblaze_0/standalone_domain/bsp/system.mss
TRACE::2024-10-25.09:33:16::SCWMssOS::DEBUG:  swdes dump  C:/Users/SUJIN/Desktop/sg_workspace/SoC_soc_24/vitis_SoC_24/Mblaze_iic_000_hw/microblaze_0/standalone_domain/bsp/system.mss|system_0||
C:/Users/SUJIN/Desktop/sg_workspace/SoC_soc_24/vitis_SoC_24/Mblaze_iic_00_hw/microblaze_0/standalone_domain/bsp/system.mss|system||

TRACE::2024-10-25.09:33:16::SCWMssOS::Sw design exists and opened at  C:/Users/SUJIN/Desktop/sg_workspace/SoC_soc_24/vitis_SoC_24/Mblaze_iic_000_hw/microblaze_0/standalone_domain/bsp/system.mss
TRACE::2024-10-25.09:33:16::SCWReader::No isolation master present  
TRACE::2024-10-25.09:33:16::SCWPlatform::Trying to open the hw design at C:/Users/SUJIN/Desktop/sg_workspace/SoC_soc_24/vitis_SoC_24/Mblaze_iic_000_hw/hw/Mblaze_iic_wrapper.xsa
TRACE::2024-10-25.09:33:16::SCWPlatform::DSA given C:/Users/SUJIN/Desktop/sg_workspace/SoC_soc_24/vitis_SoC_24/Mblaze_iic_000_hw/hw/Mblaze_iic_wrapper.xsa
TRACE::2024-10-25.09:33:16::SCWPlatform::DSA absoulate path C:/Users/SUJIN/Desktop/sg_workspace/SoC_soc_24/vitis_SoC_24/Mblaze_iic_000_hw/hw/Mblaze_iic_wrapper.xsa
TRACE::2024-10-25.09:33:16::SCWPlatform::DSA directory C:/Users/SUJIN/Desktop/sg_workspace/SoC_soc_24/vitis_SoC_24/Mblaze_iic_000_hw/hw
TRACE::2024-10-25.09:33:16::SCWPlatform:: Platform Path C:/Users/SUJIN/Desktop/sg_workspace/SoC_soc_24/vitis_SoC_24/Mblaze_iic_000_hw/hw/Mblaze_iic_wrapper.xsa
TRACE::2024-10-25.09:33:16::SCWPlatform:: Unique name xilinx:basys3::0.0
TRACE::2024-10-25.09:33:16::SCWPlatform::Trying to set the existing hwdb with name mblaze_iic_wrapper_1
TRACE::2024-10-25.09:33:16::SCWPlatform::Opened existing hwdb mblaze_iic_wrapper_1
TRACE::2024-10-25.09:33:16::SCWPlatform::Found the Hw Db part of the input DSA
TRACE::2024-10-25.09:33:16::SCWMssOS::Checking the sw design at  C:/Users/SUJIN/Desktop/sg_workspace/SoC_soc_24/vitis_SoC_24/Mblaze_iic_000_hw/microblaze_0/standalone_domain/bsp/system.mss
TRACE::2024-10-25.09:33:16::SCWMssOS::DEBUG:  swdes dump  C:/Users/SUJIN/Desktop/sg_workspace/SoC_soc_24/vitis_SoC_24/Mblaze_iic_000_hw/microblaze_0/standalone_domain/bsp/system.mss|system_0||
C:/Users/SUJIN/Desktop/sg_workspace/SoC_soc_24/vitis_SoC_24/Mblaze_iic_00_hw/microblaze_0/standalone_domain/bsp/system.mss|system||

TRACE::2024-10-25.09:33:16::SCWMssOS::Sw design exists and opened at  C:/Users/SUJIN/Desktop/sg_workspace/SoC_soc_24/vitis_SoC_24/Mblaze_iic_000_hw/microblaze_0/standalone_domain/bsp/system.mss
TRACE::2024-10-25.09:33:16::SCWMssOS::In reload Mss file.
TRACE::2024-10-25.09:33:16::SCWPlatform::Trying to open the hw design at C:/Users/SUJIN/Desktop/sg_workspace/SoC_soc_24/vitis_SoC_24/Mblaze_iic_000_hw/hw/Mblaze_iic_wrapper.xsa
TRACE::2024-10-25.09:33:16::SCWPlatform::DSA given C:/Users/SUJIN/Desktop/sg_workspace/SoC_soc_24/vitis_SoC_24/Mblaze_iic_000_hw/hw/Mblaze_iic_wrapper.xsa
TRACE::2024-10-25.09:33:16::SCWPlatform::DSA absoulate path C:/Users/SUJIN/Desktop/sg_workspace/SoC_soc_24/vitis_SoC_24/Mblaze_iic_000_hw/hw/Mblaze_iic_wrapper.xsa
TRACE::2024-10-25.09:33:16::SCWPlatform::DSA directory C:/Users/SUJIN/Desktop/sg_workspace/SoC_soc_24/vitis_SoC_24/Mblaze_iic_000_hw/hw
TRACE::2024-10-25.09:33:16::SCWPlatform:: Platform Path C:/Users/SUJIN/Desktop/sg_workspace/SoC_soc_24/vitis_SoC_24/Mblaze_iic_000_hw/hw/Mblaze_iic_wrapper.xsa
TRACE::2024-10-25.09:33:16::SCWPlatform:: Unique name xilinx:basys3::0.0
TRACE::2024-10-25.09:33:16::SCWPlatform::Trying to set the existing hwdb with name mblaze_iic_wrapper_1
TRACE::2024-10-25.09:33:16::SCWPlatform::Opened existing hwdb mblaze_iic_wrapper_1
TRACE::2024-10-25.09:33:16::SCWPlatform::Found the Hw Db part of the input DSA
TRACE::2024-10-25.09:33:16::SCWMssOS::Checking the sw design at  C:/Users/SUJIN/Desktop/sg_workspace/SoC_soc_24/vitis_SoC_24/Mblaze_iic_000_hw/microblaze_0/standalone_domain/bsp/system.mss
TRACE::2024-10-25.09:33:16::SCWMssOS::DEBUG:  swdes dump  C:/Users/SUJIN/Desktop/sg_workspace/SoC_soc_24/vitis_SoC_24/Mblaze_iic_000_hw/microblaze_0/standalone_domain/bsp/system.mss|system_0||
C:/Users/SUJIN/Desktop/sg_workspace/SoC_soc_24/vitis_SoC_24/Mblaze_iic_00_hw/microblaze_0/standalone_domain/bsp/system.mss|system||

KEYINFO::2024-10-25.09:33:16::SCWMssOS::Could not open the swdb for system_0
KEYINFO::2024-10-25.09:33:16::SCWMssOS::Could not open the sw design at  system_0
ERROR: [Hsi 55-1558] Software Design system_0 is not found

TRACE::2024-10-25.09:33:16::SCWMssOS::Cleared the swdb table entry
TRACE::2024-10-25.09:33:16::SCWMssOS::No sw design opened at  C:/Users/SUJIN/Desktop/sg_workspace/SoC_soc_24/vitis_SoC_24/Mblaze_iic_000_hw/microblaze_0/standalone_domain/bsp/system.mss
TRACE::2024-10-25.09:33:16::SCWMssOS::mss exists loading the mss file  C:/Users/SUJIN/Desktop/sg_workspace/SoC_soc_24/vitis_SoC_24/Mblaze_iic_000_hw/microblaze_0/standalone_domain/bsp/system.mss
TRACE::2024-10-25.09:33:16::SCWMssOS::Opened the sw design from mss  C:/Users/SUJIN/Desktop/sg_workspace/SoC_soc_24/vitis_SoC_24/Mblaze_iic_000_hw/microblaze_0/standalone_domain/bsp/system.mss
TRACE::2024-10-25.09:33:16::SCWMssOS::Adding the swdes entry C:/Users/SUJIN/Desktop/sg_workspace/SoC_soc_24/vitis_SoC_24/Mblaze_iic_000_hw/microblaze_0/standalone_domain/bsp/system.mss with des name system_0
TRACE::2024-10-25.09:33:16::SCWMssOS::updating the scw layer about changes
TRACE::2024-10-25.09:33:16::SCWMssOS::Opened the sw design.  C:/Users/SUJIN/Desktop/sg_workspace/SoC_soc_24/vitis_SoC_24/Mblaze_iic_000_hw/microblaze_0/standalone_domain/bsp/system.mss
TRACE::2024-10-25.09:33:16::SCWPlatform::Trying to open the hw design at C:/Users/SUJIN/Desktop/sg_workspace/SoC_soc_24/vitis_SoC_24/Mblaze_iic_000_hw/hw/Mblaze_iic_wrapper.xsa
TRACE::2024-10-25.09:33:16::SCWPlatform::DSA given C:/Users/SUJIN/Desktop/sg_workspace/SoC_soc_24/vitis_SoC_24/Mblaze_iic_000_hw/hw/Mblaze_iic_wrapper.xsa
TRACE::2024-10-25.09:33:16::SCWPlatform::DSA absoulate path C:/Users/SUJIN/Desktop/sg_workspace/SoC_soc_24/vitis_SoC_24/Mblaze_iic_000_hw/hw/Mblaze_iic_wrapper.xsa
TRACE::2024-10-25.09:33:16::SCWPlatform::DSA directory C:/Users/SUJIN/Desktop/sg_workspace/SoC_soc_24/vitis_SoC_24/Mblaze_iic_000_hw/hw
TRACE::2024-10-25.09:33:16::SCWPlatform:: Platform Path C:/Users/SUJIN/Desktop/sg_workspace/SoC_soc_24/vitis_SoC_24/Mblaze_iic_000_hw/hw/Mblaze_iic_wrapper.xsa
TRACE::2024-10-25.09:33:16::SCWPlatform:: Unique name xilinx:basys3::0.0
TRACE::2024-10-25.09:33:16::SCWPlatform::Trying to set the existing hwdb with name mblaze_iic_wrapper_1
TRACE::2024-10-25.09:33:16::SCWPlatform::Opened existing hwdb mblaze_iic_wrapper_1
TRACE::2024-10-25.09:33:16::SCWPlatform::Found the Hw Db part of the input DSA
TRACE::2024-10-25.09:33:16::SCWMssOS::Checking the sw design at  C:/Users/SUJIN/Desktop/sg_workspace/SoC_soc_24/vitis_SoC_24/Mblaze_iic_000_hw/microblaze_0/standalone_domain/bsp/system.mss
TRACE::2024-10-25.09:33:16::SCWMssOS::DEBUG:  swdes dump  C:/Users/SUJIN/Desktop/sg_workspace/SoC_soc_24/vitis_SoC_24/Mblaze_iic_000_hw/microblaze_0/standalone_domain/bsp/system.mss|system_0||
C:/Users/SUJIN/Desktop/sg_workspace/SoC_soc_24/vitis_SoC_24/Mblaze_iic_00_hw/microblaze_0/standalone_domain/bsp/system.mss|system||

TRACE::2024-10-25.09:33:16::SCWMssOS::Sw design exists and opened at  C:/Users/SUJIN/Desktop/sg_workspace/SoC_soc_24/vitis_SoC_24/Mblaze_iic_000_hw/microblaze_0/standalone_domain/bsp/system.mss
TRACE::2024-10-25.09:33:16::SCWMssOS::Removing the swdes entry for  C:/Users/SUJIN/Desktop/sg_workspace/SoC_soc_24/vitis_SoC_24/Mblaze_iic_000_hw/microblaze_0/standalone_domain/bsp/system.mss
LOG::2024-10-25.09:33:24::SCWPlatform::Started generating the artifacts platform Mblaze_iic_000_hw
TRACE::2024-10-25.09:33:24::SCWPlatform::Sanity checking of platform is completed
LOG::2024-10-25.09:33:24::SCWPlatform::Started generating the artifacts for system configuration Mblaze_iic_000_hw
LOG::2024-10-25.09:33:24::SCWSystem::Checking the domain standalone_domain
LOG::2024-10-25.09:33:24::SCWSystem::Not a boot domain 
LOG::2024-10-25.09:33:24::SCWSystem::Started Processing the domain standalone_domain
TRACE::2024-10-25.09:33:24::SCWDomain::Generating domain artifcats
TRACE::2024-10-25.09:33:24::SCWMssOS::Generating standalone artifcats
TRACE::2024-10-25.09:33:24::SCWMssOS:: Copying the user libraries. 
TRACE::2024-10-25.09:33:24::SCWPlatform::Trying to open the hw design at C:/Users/SUJIN/Desktop/sg_workspace/SoC_soc_24/vitis_SoC_24/Mblaze_iic_000_hw/hw/Mblaze_iic_wrapper.xsa
TRACE::2024-10-25.09:33:24::SCWPlatform::DSA given C:/Users/SUJIN/Desktop/sg_workspace/SoC_soc_24/vitis_SoC_24/Mblaze_iic_000_hw/hw/Mblaze_iic_wrapper.xsa
TRACE::2024-10-25.09:33:24::SCWPlatform::DSA absoulate path C:/Users/SUJIN/Desktop/sg_workspace/SoC_soc_24/vitis_SoC_24/Mblaze_iic_000_hw/hw/Mblaze_iic_wrapper.xsa
TRACE::2024-10-25.09:33:24::SCWPlatform::DSA directory C:/Users/SUJIN/Desktop/sg_workspace/SoC_soc_24/vitis_SoC_24/Mblaze_iic_000_hw/hw
TRACE::2024-10-25.09:33:24::SCWPlatform:: Platform Path C:/Users/SUJIN/Desktop/sg_workspace/SoC_soc_24/vitis_SoC_24/Mblaze_iic_000_hw/hw/Mblaze_iic_wrapper.xsa
TRACE::2024-10-25.09:33:24::SCWPlatform:: Unique name xilinx:basys3::0.0
TRACE::2024-10-25.09:33:24::SCWPlatform::Trying to set the existing hwdb with name mblaze_iic_wrapper_1
TRACE::2024-10-25.09:33:24::SCWPlatform::Opened existing hwdb mblaze_iic_wrapper_1
TRACE::2024-10-25.09:33:24::SCWPlatform::Found the Hw Db part of the input DSA
TRACE::2024-10-25.09:33:24::SCWMssOS::Checking the sw design at  C:/Users/SUJIN/Desktop/sg_workspace/SoC_soc_24/vitis_SoC_24/Mblaze_iic_000_hw/microblaze_0/standalone_domain/bsp/system.mss
TRACE::2024-10-25.09:33:24::SCWMssOS::DEBUG:  swdes dump  C:/Users/SUJIN/Desktop/sg_workspace/SoC_soc_24/vitis_SoC_24/Mblaze_iic_00_hw/microblaze_0/standalone_domain/bsp/system.mss|system||

TRACE::2024-10-25.09:33:24::SCWMssOS::No sw design opened at  C:/Users/SUJIN/Desktop/sg_workspace/SoC_soc_24/vitis_SoC_24/Mblaze_iic_000_hw/microblaze_0/standalone_domain/bsp/system.mss
TRACE::2024-10-25.09:33:24::SCWMssOS::mss exists loading the mss file  C:/Users/SUJIN/Desktop/sg_workspace/SoC_soc_24/vitis_SoC_24/Mblaze_iic_000_hw/microblaze_0/standalone_domain/bsp/system.mss
TRACE::2024-10-25.09:33:24::SCWMssOS::Opened the sw design from mss  C:/Users/SUJIN/Desktop/sg_workspace/SoC_soc_24/vitis_SoC_24/Mblaze_iic_000_hw/microblaze_0/standalone_domain/bsp/system.mss
TRACE::2024-10-25.09:33:24::SCWMssOS::Adding the swdes entry C:/Users/SUJIN/Desktop/sg_workspace/SoC_soc_24/vitis_SoC_24/Mblaze_iic_000_hw/microblaze_0/standalone_domain/bsp/system.mss with des name system_0
TRACE::2024-10-25.09:33:24::SCWMssOS::updating the scw layer about changes
TRACE::2024-10-25.09:33:24::SCWMssOS::Opened the sw design.  C:/Users/SUJIN/Desktop/sg_workspace/SoC_soc_24/vitis_SoC_24/Mblaze_iic_000_hw/microblaze_0/standalone_domain/bsp/system.mss
TRACE::2024-10-25.09:33:24::SCWMssOS::Completed writing the mss file at C:/Users/SUJIN/Desktop/sg_workspace/SoC_soc_24/vitis_SoC_24/Mblaze_iic_000_hw/microblaze_0/standalone_domain/bsp
TRACE::2024-10-25.09:33:24::SCWMssOS::Mss edits present, copying mssfile into export location C:/Users/SUJIN/Desktop/sg_workspace/SoC_soc_24/vitis_SoC_24/Mblaze_iic_000_hw/microblaze_0/standalone_domain/bsp/system.mss
TRACE::2024-10-25.09:33:24::SCWMssOS::bsp generated is upto date with the mss file. Skipping bsp generation.
TRACE::2024-10-25.09:33:24::SCWMssOS::BSP is already built. skipping the bsp build ... 
TRACE::2024-10-25.09:33:24::SCWDomain::Building the domain as part of full build :  standalone_domain
TRACE::2024-10-25.09:33:24::SCWMssOS::doing bsp build ... 
TRACE::2024-10-25.09:33:24::SCWMssOS::System Command Ran  C: & cd  C:/Users/SUJIN/Desktop/sg_workspace/SoC_soc_24/vitis_SoC_24/Mblaze_iic_000_hw/microblaze_0/standalone_domain/bsp & make 
TRACE::2024-10-25.09:33:24::SCWMssOS::"Running Make include in microblaze_0/libsrc/bram_v4_3/src"

TRACE::2024-10-25.09:33:24::SCWMssOS::make -C microblaze_0/libsrc/bram_v4_3/src -s include  "SHELL=CMD" "COMPILER=mb-gcc" "ASSEMBLER=mb-as" "ARCHIVER=mb-ar" "COMPILE
TRACE::2024-10-25.09:33:24::SCWMssOS::R_FLAGS=  -O2 -c -mcpu=v11.0 -mlittle-endian -mno-xl-reorder -mno-xl-soft-mul -mxl-barrel-shift -mxl-pattern-compare" "EXTRA_CO
TRACE::2024-10-25.09:33:24::SCWMssOS::MPILER_FLAGS=-g -ffunction-sections -fdata-sections -Wall -Wextra"

TRACE::2024-10-25.09:33:24::SCWMssOS::"Running Make include in microblaze_0/libsrc/cpu_v2_10/src"

TRACE::2024-10-25.09:33:24::SCWMssOS::make -C microblaze_0/libsrc/cpu_v2_10/src -s include  "SHELL=CMD" "COMPILER=mb-gcc" "ASSEMBLER=mb-as" "ARCHIVER=mb-ar" "COMPILE
TRACE::2024-10-25.09:33:24::SCWMssOS::R_FLAGS=  -O2 -c -mcpu=v11.0 -mlittle-endian -mno-xl-reorder -mno-xl-soft-mul -mxl-barrel-shift -mxl-pattern-compare" "EXTRA_CO
TRACE::2024-10-25.09:33:24::SCWMssOS::MPILER_FLAGS=-g -ffunction-sections -fdata-sections -Wall -Wextra"

TRACE::2024-10-25.09:33:24::SCWMssOS::"Running Make include in microblaze_0/libsrc/iic_v3_5/src"

TRACE::2024-10-25.09:33:24::SCWMssOS::make -C microblaze_0/libsrc/iic_v3_5/src -s include  "SHELL=CMD" "COMPILER=mb-gcc" "ASSEMBLER=mb-as" "ARCHIVER=mb-ar" "COMPILER
TRACE::2024-10-25.09:33:24::SCWMssOS::_FLAGS=  -O2 -c -mcpu=v11.0 -mlittle-endian -mno-xl-reorder -mno-xl-soft-mul -mxl-barrel-shift -mxl-pattern-compare" "EXTRA_COM
TRACE::2024-10-25.09:33:24::SCWMssOS::PILER_FLAGS=-g -ffunction-sections -fdata-sections -Wall -Wextra"

TRACE::2024-10-25.09:33:24::SCWMssOS::"Running Make include in microblaze_0/libsrc/standalone_v7_1/src"

TRACE::2024-10-25.09:33:24::SCWMssOS::make -C microblaze_0/libsrc/standalone_v7_1/src -s include  "SHELL=CMD" "COMPILER=mb-gcc" "ASSEMBLER=mb-as" "ARCHIVER=mb-ar" "C
TRACE::2024-10-25.09:33:24::SCWMssOS::OMPILER_FLAGS=  -O2 -c -mcpu=v11.0 -mlittle-endian -mno-xl-reorder -mno-xl-soft-mul -mxl-barrel-shift -mxl-pattern-compare" "EX
TRACE::2024-10-25.09:33:24::SCWMssOS::TRA_COMPILER_FLAGS=-g -ffunction-sections -fdata-sections -Wall -Wextra"

TRACE::2024-10-25.09:33:25::SCWMssOS::"Running Make include in microblaze_0/libsrc/uartlite_v3_3/src"

TRACE::2024-10-25.09:33:25::SCWMssOS::make -C microblaze_0/libsrc/uartlite_v3_3/src -s include  "SHELL=CMD" "COMPILER=mb-gcc" "ASSEMBLER=mb-as" "ARCHIVER=mb-ar" "COM
TRACE::2024-10-25.09:33:25::SCWMssOS::PILER_FLAGS=  -O2 -c -mcpu=v11.0 -mlittle-endian -mno-xl-reorder -mno-xl-soft-mul -mxl-barrel-shift -mxl-pattern-compare" "EXTR
TRACE::2024-10-25.09:33:25::SCWMssOS::A_COMPILER_FLAGS=-g -ffunction-sections -fdata-sections -Wall -Wextra"

TRACE::2024-10-25.09:33:25::SCWMssOS::"Running Make libs in microblaze_0/libsrc/bram_v4_3/src"

TRACE::2024-10-25.09:33:25::SCWMssOS::make -C microblaze_0/libsrc/bram_v4_3/src -s libs  "SHELL=CMD" "COMPILER=mb-gcc" "ASSEMBLER=mb-as" "ARCHIVER=mb-ar" "COMPILER_F
TRACE::2024-10-25.09:33:25::SCWMssOS::LAGS=  -O2 -c -mcpu=v11.0 -mlittle-endian -mno-xl-reorder -mno-xl-soft-mul -mxl-barrel-shift -mxl-pattern-compare" "EXTRA_COMPI
TRACE::2024-10-25.09:33:25::SCWMssOS::LER_FLAGS=-g -ffunction-sections -fdata-sections -Wall -Wextra"

TRACE::2024-10-25.09:33:25::SCWMssOS::"Compiling bram"

TRACE::2024-10-25.09:33:26::SCWMssOS::"Running Make libs in microblaze_0/libsrc/cpu_v2_10/src"

TRACE::2024-10-25.09:33:26::SCWMssOS::make -C microblaze_0/libsrc/cpu_v2_10/src -s libs  "SHELL=CMD" "COMPILER=mb-gcc" "ASSEMBLER=mb-as" "ARCHIVER=mb-ar" "COMPILER_F
TRACE::2024-10-25.09:33:26::SCWMssOS::LAGS=  -O2 -c -mcpu=v11.0 -mlittle-endian -mno-xl-reorder -mno-xl-soft-mul -mxl-barrel-shift -mxl-pattern-compare" "EXTRA_COMPI
TRACE::2024-10-25.09:33:26::SCWMssOS::LER_FLAGS=-g -ffunction-sections -fdata-sections -Wall -Wextra"

TRACE::2024-10-25.09:33:26::SCWMssOS::"Compiling cpu"

TRACE::2024-10-25.09:33:26::SCWMssOS::"Running Make libs in microblaze_0/libsrc/iic_v3_5/src"

TRACE::2024-10-25.09:33:26::SCWMssOS::make -C microblaze_0/libsrc/iic_v3_5/src -s libs  "SHELL=CMD" "COMPILER=mb-gcc" "ASSEMBLER=mb-as" "ARCHIVER=mb-ar" "COMPILER_FL
TRACE::2024-10-25.09:33:26::SCWMssOS::AGS=  -O2 -c -mcpu=v11.0 -mlittle-endian -mno-xl-reorder -mno-xl-soft-mul -mxl-barrel-shift -mxl-pattern-compare" "EXTRA_COMPIL
TRACE::2024-10-25.09:33:26::SCWMssOS::ER_FLAGS=-g -ffunction-sections -fdata-sections -Wall -Wextra"

TRACE::2024-10-25.09:33:26::SCWMssOS::"Compiling iic"

TRACE::2024-10-25.09:33:28::SCWMssOS::"Running Make libs in microblaze_0/libsrc/standalone_v7_1/src"

TRACE::2024-10-25.09:33:28::SCWMssOS::make -C microblaze_0/libsrc/standalone_v7_1/src -s libs  "SHELL=CMD" "COMPILER=mb-gcc" "ASSEMBLER=mb-as" "ARCHIVER=mb-ar" "COMP
TRACE::2024-10-25.09:33:28::SCWMssOS::ILER_FLAGS=  -O2 -c -mcpu=v11.0 -mlittle-endian -mno-xl-reorder -mno-xl-soft-mul -mxl-barrel-shift -mxl-pattern-compare" "EXTRA
TRACE::2024-10-25.09:33:28::SCWMssOS::_COMPILER_FLAGS=-g -ffunction-sections -fdata-sections -Wall -Wextra"

TRACE::2024-10-25.09:33:28::SCWMssOS::"Compiling standalone";

TRACE::2024-10-25.09:33:32::SCWMssOS::"Running Make libs in microblaze_0/libsrc/uartlite_v3_3/src"

TRACE::2024-10-25.09:33:32::SCWMssOS::make -C microblaze_0/libsrc/uartlite_v3_3/src -s libs  "SHELL=CMD" "COMPILER=mb-gcc" "ASSEMBLER=mb-as" "ARCHIVER=mb-ar" "COMPIL
TRACE::2024-10-25.09:33:32::SCWMssOS::ER_FLAGS=  -O2 -c -mcpu=v11.0 -mlittle-endian -mno-xl-reorder -mno-xl-soft-mul -mxl-barrel-shift -mxl-pattern-compare" "EXTRA_C
TRACE::2024-10-25.09:33:32::SCWMssOS::OMPILER_FLAGS=-g -ffunction-sections -fdata-sections -Wall -Wextra"

TRACE::2024-10-25.09:33:32::SCWMssOS::"Compiling uartlite"

TRACE::2024-10-25.09:33:33::SCWMssOS::'Finished building libraries'

TRACE::2024-10-25.09:33:34::SCWMssOS::Copying to export directory.
TRACE::2024-10-25.09:33:34::SCWMssOS:: Checking if to create the Supporting Applications
TRACE::2024-10-25.09:33:34::SCWMssOS:: No Linux domain exists, trying to generate FSBL 
LOG::2024-10-25.09:33:34::SCWSystem::Completed Processing the domain standalone_domain
LOG::2024-10-25.09:33:34::SCWSystem::Completed Processing the sysconfig Mblaze_iic_000_hw
LOG::2024-10-25.09:33:34::SCWPlatform::Completed generating the artifacts for system configuration Mblaze_iic_000_hw
TRACE::2024-10-25.09:33:34::SCWPlatform::Started preparing the platform 
TRACE::2024-10-25.09:33:34::SCWSystem::Writing the bif file for system config Mblaze_iic_000_hw
TRACE::2024-10-25.09:33:34::SCWSystem::dir created 
TRACE::2024-10-25.09:33:34::SCWSystem::Writing the bif 
TRACE::2024-10-25.09:33:34::SCWPlatform::Started writing the spfm file 
TRACE::2024-10-25.09:33:34::SCWPlatform::Started writing the xpfm file 
TRACE::2024-10-25.09:33:34::SCWPlatform::Completed generating the platform
TRACE::2024-10-25.09:33:34::SCWPlatform::Trying to open the hw design at C:/Users/SUJIN/Desktop/sg_workspace/SoC_soc_24/vitis_SoC_24/Mblaze_iic_000_hw/hw/Mblaze_iic_wrapper.xsa
TRACE::2024-10-25.09:33:34::SCWPlatform::DSA given C:/Users/SUJIN/Desktop/sg_workspace/SoC_soc_24/vitis_SoC_24/Mblaze_iic_000_hw/hw/Mblaze_iic_wrapper.xsa
TRACE::2024-10-25.09:33:34::SCWPlatform::DSA absoulate path C:/Users/SUJIN/Desktop/sg_workspace/SoC_soc_24/vitis_SoC_24/Mblaze_iic_000_hw/hw/Mblaze_iic_wrapper.xsa
TRACE::2024-10-25.09:33:34::SCWPlatform::DSA directory C:/Users/SUJIN/Desktop/sg_workspace/SoC_soc_24/vitis_SoC_24/Mblaze_iic_000_hw/hw
TRACE::2024-10-25.09:33:34::SCWPlatform:: Platform Path C:/Users/SUJIN/Desktop/sg_workspace/SoC_soc_24/vitis_SoC_24/Mblaze_iic_000_hw/hw/Mblaze_iic_wrapper.xsa
TRACE::2024-10-25.09:33:34::SCWPlatform:: Unique name xilinx:basys3::0.0
TRACE::2024-10-25.09:33:34::SCWPlatform::Trying to set the existing hwdb with name mblaze_iic_wrapper_1
TRACE::2024-10-25.09:33:34::SCWPlatform::Opened existing hwdb mblaze_iic_wrapper_1
TRACE::2024-10-25.09:33:34::SCWPlatform::Found the Hw Db part of the input DSA
TRACE::2024-10-25.09:33:34::SCWMssOS::Checking the sw design at  C:/Users/SUJIN/Desktop/sg_workspace/SoC_soc_24/vitis_SoC_24/Mblaze_iic_000_hw/microblaze_0/standalone_domain/bsp/system.mss
TRACE::2024-10-25.09:33:34::SCWMssOS::DEBUG:  swdes dump  C:/Users/SUJIN/Desktop/sg_workspace/SoC_soc_24/vitis_SoC_24/Mblaze_iic_000_hw/microblaze_0/standalone_domain/bsp/system.mss|system_0||
C:/Users/SUJIN/Desktop/sg_workspace/SoC_soc_24/vitis_SoC_24/Mblaze_iic_00_hw/microblaze_0/standalone_domain/bsp/system.mss|system||

TRACE::2024-10-25.09:33:34::SCWMssOS::Sw design exists and opened at  C:/Users/SUJIN/Desktop/sg_workspace/SoC_soc_24/vitis_SoC_24/Mblaze_iic_000_hw/microblaze_0/standalone_domain/bsp/system.mss
TRACE::2024-10-25.09:33:34::SCWWriter::formatted JSON is {
	"platformName":	"Mblaze_iic_000_hw",
	"sprVersion":	"2.0",
	"mode":	"gui",
	"dsaType":	"Fixed",
	"platformDesc":	"Mblaze_iic_000_hw",
	"platHandOff":	"C:/Users/SUJIN/Desktop/sg_workspace/SoC_soc_24/Mblaze_iic_wrapper.xsa",
	"platIntHandOff":	"<platformDir>/hw/Mblaze_iic_wrapper.xsa",
	"deviceType":	"FPGA",
	"platIsPrebuiltAutogen":	"false",
	"platIsNoBootBsp":	"false",
	"hasFsblMakeHasChanges":	"false",
	"hasPmufwMakeHasChanges":	"false",
	"platPreBuiltFlag":	false,
	"platformSamplesDir":	"",
	"platActiveSys":	"Mblaze_iic_000_hw",
	"systems":	[{
			"systemName":	"Mblaze_iic_000_hw",
			"systemDesc":	"Mblaze_iic_000_hw",
			"sysIsBootAutoGen":	"true",
			"systemDispName":	"Mblaze_iic_000_hw",
			"sysActiveDom":	"standalone_domain",
			"sysDefaultDom":	"standalone_domain",
			"domains":	[{
					"domainName":	"standalone_domain",
					"domainDispName":	"standalone on microblaze_0",
					"domainDesc":	"standalone_domain",
					"processors":	"microblaze_0",
					"os":	"standalone",
					"sdxOs":	"standalone",
					"debugEnable":	"False",
					"domRuntimes":	["cpp"],
					"swRepo":	"",
					"mssOsVer":	"7.1",
					"mssFile":	"",
					"md5Digest":	"d160d97b135e99311507a6f555d009f3",
					"compatibleApp":	"",
					"domType":	"mssDomain",
					"appSettings":	{
						"appCompilerFlags":	"",
						"appLinkerFlags":	""
					},
					"addedLibs":	[],
					"libOptions":	{
						"libsContainingOptions":	[]
					},
					"prebuiltLibs":	{
						"prebuiltIncPath":	[],
						"prebuiltLibPath":	[]
					},
					"isolation":	{
					}
				}]
		}]
}
KEYINFO::2024-10-25.09:33:34::SCWPlatform::updated the xpfm file.
TRACE::2024-10-25.09:33:34::SCWPlatform::Trying to open the hw design at C:/Users/SUJIN/Desktop/sg_workspace/SoC_soc_24/vitis_SoC_24/Mblaze_iic_000_hw/hw/Mblaze_iic_wrapper.xsa
TRACE::2024-10-25.09:33:34::SCWPlatform::DSA given C:/Users/SUJIN/Desktop/sg_workspace/SoC_soc_24/vitis_SoC_24/Mblaze_iic_000_hw/hw/Mblaze_iic_wrapper.xsa
TRACE::2024-10-25.09:33:34::SCWPlatform::DSA absoulate path C:/Users/SUJIN/Desktop/sg_workspace/SoC_soc_24/vitis_SoC_24/Mblaze_iic_000_hw/hw/Mblaze_iic_wrapper.xsa
TRACE::2024-10-25.09:33:34::SCWPlatform::DSA directory C:/Users/SUJIN/Desktop/sg_workspace/SoC_soc_24/vitis_SoC_24/Mblaze_iic_000_hw/hw
TRACE::2024-10-25.09:33:34::SCWPlatform:: Platform Path C:/Users/SUJIN/Desktop/sg_workspace/SoC_soc_24/vitis_SoC_24/Mblaze_iic_000_hw/hw/Mblaze_iic_wrapper.xsa
TRACE::2024-10-25.09:33:34::SCWPlatform:: Unique name xilinx:basys3::0.0
TRACE::2024-10-25.09:33:34::SCWPlatform::Trying to set the existing hwdb with name mblaze_iic_wrapper_1
TRACE::2024-10-25.09:33:34::SCWPlatform::Opened existing hwdb mblaze_iic_wrapper_1
TRACE::2024-10-25.09:33:34::SCWPlatform::Found the Hw Db part of the input DSA
TRACE::2024-10-25.09:33:34::SCWMssOS::Checking the sw design at  C:/Users/SUJIN/Desktop/sg_workspace/SoC_soc_24/vitis_SoC_24/Mblaze_iic_000_hw/microblaze_0/standalone_domain/bsp/system.mss
TRACE::2024-10-25.09:33:34::SCWMssOS::DEBUG:  swdes dump  C:/Users/SUJIN/Desktop/sg_workspace/SoC_soc_24/vitis_SoC_24/Mblaze_iic_000_hw/microblaze_0/standalone_domain/bsp/system.mss|system_0||
C:/Users/SUJIN/Desktop/sg_workspace/SoC_soc_24/vitis_SoC_24/Mblaze_iic_00_hw/microblaze_0/standalone_domain/bsp/system.mss|system||

TRACE::2024-10-25.09:33:34::SCWMssOS::Sw design exists and opened at  C:/Users/SUJIN/Desktop/sg_workspace/SoC_soc_24/vitis_SoC_24/Mblaze_iic_000_hw/microblaze_0/standalone_domain/bsp/system.mss
