TRACE::2024-09-09.15:16:26::SCWPlatform::Trying to open the hw design at C:/Users/PC/Desktop/SG_workspace/vitis_SoC_24/Mblaze_led_switch_hw/hw/micro_blaze_led_switch_wrapper.xsa
TRACE::2024-09-09.15:16:26::SCWPlatform::DSA given C:/Users/PC/Desktop/SG_workspace/vitis_SoC_24/Mblaze_led_switch_hw/hw/micro_blaze_led_switch_wrapper.xsa
TRACE::2024-09-09.15:16:26::SCWPlatform::DSA absoulate path C:/Users/PC/Desktop/SG_workspace/vitis_SoC_24/Mblaze_led_switch_hw/hw/micro_blaze_led_switch_wrapper.xsa
TRACE::2024-09-09.15:16:26::SCWPlatform::DSA directory C:/Users/PC/Desktop/SG_workspace/vitis_SoC_24/Mblaze_led_switch_hw/hw
TRACE::2024-09-09.15:16:26::SCWPlatform:: Platform Path C:/Users/PC/Desktop/SG_workspace/vitis_SoC_24/Mblaze_led_switch_hw/hw/micro_blaze_led_switch_wrapper.xsa
TRACE::2024-09-09.15:16:26::SCWPlatform:: Unique name xilinx:basys3::0.0
TRACE::2024-09-09.15:16:26::SCWPlatform::Do not have an existing db opened. 
TRACE::2024-09-09.15:16:26::SCWPlatform::Opened new HwDB with name micro_blaze_led_switch_wrapper_0
TRACE::2024-09-09.15:16:26::SCWWriter::formatted JSON is {
	"platformName":	"Mblaze_led_switch_hw",
	"sprVersion":	"2.0",
	"mode":	"gui",
	"dsaType":	"Fixed",
	"platformDesc":	"Mblaze_led_switch_hw",
	"platHandOff":	"C:/Users/PC/Desktop/SG_workspace/SoC_soc_24/micro_blaze_led_switch_wrapper.xsa",
	"platIntHandOff":	"<platformDir>/hw/micro_blaze_led_switch_wrapper.xsa",
	"deviceType":	"FPGA",
	"platIsPrebuiltAutogen":	"false",
	"platIsNoBootBsp":	"false",
	"hasFsblMakeHasChanges":	"false",
	"hasPmufwMakeHasChanges":	"false",
	"platPreBuiltFlag":	false,
	"platformSamplesDir":	""
}
TRACE::2024-09-09.15:16:26::SCWWriter::formatted JSON is {
	"platformName":	"Mblaze_led_switch_hw",
	"sprVersion":	"2.0",
	"mode":	"gui",
	"dsaType":	"Fixed",
	"platformDesc":	"Mblaze_led_switch_hw",
	"platHandOff":	"C:/Users/PC/Desktop/SG_workspace/SoC_soc_24/micro_blaze_led_switch_wrapper.xsa",
	"platIntHandOff":	"<platformDir>/hw/micro_blaze_led_switch_wrapper.xsa",
	"deviceType":	"FPGA",
	"platIsPrebuiltAutogen":	"false",
	"platIsNoBootBsp":	"false",
	"hasFsblMakeHasChanges":	"false",
	"hasPmufwMakeHasChanges":	"false",
	"platPreBuiltFlag":	false,
	"platformSamplesDir":	"",
	"platActiveSys":	"Mblaze_led_switch_hw",
	"systems":	[{
			"systemName":	"Mblaze_led_switch_hw",
			"systemDesc":	"Mblaze_led_switch_hw",
			"sysIsBootAutoGen":	"true",
			"systemDispName":	"Mblaze_led_switch_hw"
		}]
}
TRACE::2024-09-09.15:16:26::SCWPlatform::Boot application domains not present, creating them
TRACE::2024-09-09.15:16:26::SCWPlatform::Pure FPGA device, no boot application will be created.
TRACE::2024-09-09.15:16:26::SCWWriter::formatted JSON is {
	"platformName":	"Mblaze_led_switch_hw",
	"sprVersion":	"2.0",
	"mode":	"gui",
	"dsaType":	"Fixed",
	"platformDesc":	"Mblaze_led_switch_hw",
	"platHandOff":	"C:/Users/PC/Desktop/SG_workspace/SoC_soc_24/micro_blaze_led_switch_wrapper.xsa",
	"platIntHandOff":	"<platformDir>/hw/micro_blaze_led_switch_wrapper.xsa",
	"deviceType":	"FPGA",
	"platIsPrebuiltAutogen":	"false",
	"platIsNoBootBsp":	"false",
	"hasFsblMakeHasChanges":	"false",
	"hasPmufwMakeHasChanges":	"false",
	"platPreBuiltFlag":	false,
	"platformSamplesDir":	"",
	"platActiveSys":	"Mblaze_led_switch_hw",
	"systems":	[{
			"systemName":	"Mblaze_led_switch_hw",
			"systemDesc":	"Mblaze_led_switch_hw",
			"sysIsBootAutoGen":	"true",
			"systemDispName":	"Mblaze_led_switch_hw"
		}]
}
TRACE::2024-09-09.15:16:26::SCWPlatform::Trying to open the hw design at C:/Users/PC/Desktop/SG_workspace/vitis_SoC_24/Mblaze_led_switch_hw/hw/micro_blaze_led_switch_wrapper.xsa
TRACE::2024-09-09.15:16:26::SCWPlatform::DSA given C:/Users/PC/Desktop/SG_workspace/vitis_SoC_24/Mblaze_led_switch_hw/hw/micro_blaze_led_switch_wrapper.xsa
TRACE::2024-09-09.15:16:26::SCWPlatform::DSA absoulate path C:/Users/PC/Desktop/SG_workspace/vitis_SoC_24/Mblaze_led_switch_hw/hw/micro_blaze_led_switch_wrapper.xsa
TRACE::2024-09-09.15:16:26::SCWPlatform::DSA directory C:/Users/PC/Desktop/SG_workspace/vitis_SoC_24/Mblaze_led_switch_hw/hw
TRACE::2024-09-09.15:16:26::SCWPlatform:: Platform Path C:/Users/PC/Desktop/SG_workspace/vitis_SoC_24/Mblaze_led_switch_hw/hw/micro_blaze_led_switch_wrapper.xsa
TRACE::2024-09-09.15:16:26::SCWPlatform:: Unique name xilinx:basys3::0.0
TRACE::2024-09-09.15:16:26::SCWPlatform::Trying to set the existing hwdb with name micro_blaze_led_switch_wrapper_0
TRACE::2024-09-09.15:16:26::SCWPlatform::Opened existing hwdb micro_blaze_led_switch_wrapper_0
TRACE::2024-09-09.15:16:26::SCWPlatform::Found the Hw Db part of the input DSA
TRACE::2024-09-09.15:16:26::SCWDomain::checking for install qemu data   : 
TRACE::2024-09-09.15:16:26::SCWPlatform::Trying to open the hw design at C:/Users/PC/Desktop/SG_workspace/vitis_SoC_24/Mblaze_led_switch_hw/hw/micro_blaze_led_switch_wrapper.xsa
TRACE::2024-09-09.15:16:26::SCWPlatform::DSA given C:/Users/PC/Desktop/SG_workspace/vitis_SoC_24/Mblaze_led_switch_hw/hw/micro_blaze_led_switch_wrapper.xsa
TRACE::2024-09-09.15:16:26::SCWPlatform::DSA absoulate path C:/Users/PC/Desktop/SG_workspace/vitis_SoC_24/Mblaze_led_switch_hw/hw/micro_blaze_led_switch_wrapper.xsa
TRACE::2024-09-09.15:16:26::SCWPlatform::DSA directory C:/Users/PC/Desktop/SG_workspace/vitis_SoC_24/Mblaze_led_switch_hw/hw
TRACE::2024-09-09.15:16:26::SCWPlatform:: Platform Path C:/Users/PC/Desktop/SG_workspace/vitis_SoC_24/Mblaze_led_switch_hw/hw/micro_blaze_led_switch_wrapper.xsa
TRACE::2024-09-09.15:16:26::SCWPlatform:: Unique name xilinx:basys3::0.0
TRACE::2024-09-09.15:16:26::SCWPlatform::Trying to set the existing hwdb with name micro_blaze_led_switch_wrapper_0
TRACE::2024-09-09.15:16:26::SCWPlatform::Opened existing hwdb micro_blaze_led_switch_wrapper_0
TRACE::2024-09-09.15:16:26::SCWPlatform::Found the Hw Db part of the input DSA
TRACE::2024-09-09.15:16:26::SCWPlatform::Trying to open the hw design at C:/Users/PC/Desktop/SG_workspace/vitis_SoC_24/Mblaze_led_switch_hw/hw/micro_blaze_led_switch_wrapper.xsa
TRACE::2024-09-09.15:16:26::SCWPlatform::DSA given C:/Users/PC/Desktop/SG_workspace/vitis_SoC_24/Mblaze_led_switch_hw/hw/micro_blaze_led_switch_wrapper.xsa
TRACE::2024-09-09.15:16:26::SCWPlatform::DSA absoulate path C:/Users/PC/Desktop/SG_workspace/vitis_SoC_24/Mblaze_led_switch_hw/hw/micro_blaze_led_switch_wrapper.xsa
TRACE::2024-09-09.15:16:26::SCWPlatform::DSA directory C:/Users/PC/Desktop/SG_workspace/vitis_SoC_24/Mblaze_led_switch_hw/hw
TRACE::2024-09-09.15:16:27::SCWPlatform:: Platform Path C:/Users/PC/Desktop/SG_workspace/vitis_SoC_24/Mblaze_led_switch_hw/hw/micro_blaze_led_switch_wrapper.xsa
TRACE::2024-09-09.15:16:27::SCWPlatform:: Unique name xilinx:basys3::0.0
TRACE::2024-09-09.15:16:27::SCWPlatform::Trying to set the existing hwdb with name micro_blaze_led_switch_wrapper_0
TRACE::2024-09-09.15:16:27::SCWPlatform::Opened existing hwdb micro_blaze_led_switch_wrapper_0
TRACE::2024-09-09.15:16:27::SCWPlatform::Found the Hw Db part of the input DSA
TRACE::2024-09-09.15:16:27::SCWMssOS::Checking the sw design at  C:/Users/PC/Desktop/SG_workspace/vitis_SoC_24/Mblaze_led_switch_hw/microblaze_0/standalone_domain/bsp/system.mss
TRACE::2024-09-09.15:16:27::SCWMssOS::DEBUG:  swdes dump  C:/Users/PC/Desktop/SG_workspace/vitis_SoC_24/Mblaze_button_hw/microblaze_0/standalone_domain/bsp/system.mss|system_0||
C:/Users/PC/Desktop/SG_workspace/vitis_SoC_24/Mblaze_hello_hw/microblaze_0/standalone_domain/bsp/system.mss|system||

TRACE::2024-09-09.15:16:27::SCWMssOS::No sw design opened at  C:/Users/PC/Desktop/SG_workspace/vitis_SoC_24/Mblaze_led_switch_hw/microblaze_0/standalone_domain/bsp/system.mss
TRACE::2024-09-09.15:16:27::SCWMssOS::mss does not exists at C:/Users/PC/Desktop/SG_workspace/vitis_SoC_24/Mblaze_led_switch_hw/microblaze_0/standalone_domain/bsp/system.mss
TRACE::2024-09-09.15:16:27::SCWMssOS::Creating sw design at  C:/Users/PC/Desktop/SG_workspace/vitis_SoC_24/Mblaze_led_switch_hw/microblaze_0/standalone_domain/bsp/system.mss
TRACE::2024-09-09.15:16:27::SCWMssOS::Adding the swdes entry, created swdb C:/Users/PC/Desktop/SG_workspace/vitis_SoC_24/Mblaze_led_switch_hw/microblaze_0/standalone_domain/bsp/system.mss with des name C:/Users/PC/Desktop/SG_workspace/vitis_SoC_24/Mblaze_led_switch_hw/microblaze_0/standalone_domain/bsp/system.mss
TRACE::2024-09-09.15:16:27::SCWMssOS::updating the scw layer changes to swdes at   C:/Users/PC/Desktop/SG_workspace/vitis_SoC_24/Mblaze_led_switch_hw/microblaze_0/standalone_domain/bsp/system.mss
TRACE::2024-09-09.15:16:27::SCWMssOS::Writing mss at C:/Users/PC/Desktop/SG_workspace/vitis_SoC_24/Mblaze_led_switch_hw/microblaze_0/standalone_domain/bsp/system.mss
TRACE::2024-09-09.15:16:27::SCWMssOS::Completed writing the mss file at C:/Users/PC/Desktop/SG_workspace/vitis_SoC_24/Mblaze_led_switch_hw/microblaze_0/standalone_domain/bsp
TRACE::2024-09-09.15:16:27::SCWMssOS::Picking up changes from newly written mss file into SCW Layer. 
TRACE::2024-09-09.15:16:27::SCWMssOS::Updated the changes from newly written mss file into SCW Layer. 
TRACE::2024-09-09.15:16:27::SCWPlatform::Trying to open the hw design at C:/Users/PC/Desktop/SG_workspace/vitis_SoC_24/Mblaze_led_switch_hw/hw/micro_blaze_led_switch_wrapper.xsa
TRACE::2024-09-09.15:16:27::SCWPlatform::DSA given C:/Users/PC/Desktop/SG_workspace/vitis_SoC_24/Mblaze_led_switch_hw/hw/micro_blaze_led_switch_wrapper.xsa
TRACE::2024-09-09.15:16:27::SCWPlatform::DSA absoulate path C:/Users/PC/Desktop/SG_workspace/vitis_SoC_24/Mblaze_led_switch_hw/hw/micro_blaze_led_switch_wrapper.xsa
TRACE::2024-09-09.15:16:27::SCWPlatform::DSA directory C:/Users/PC/Desktop/SG_workspace/vitis_SoC_24/Mblaze_led_switch_hw/hw
TRACE::2024-09-09.15:16:27::SCWPlatform:: Platform Path C:/Users/PC/Desktop/SG_workspace/vitis_SoC_24/Mblaze_led_switch_hw/hw/micro_blaze_led_switch_wrapper.xsa
TRACE::2024-09-09.15:16:27::SCWPlatform:: Unique name xilinx:basys3::0.0
TRACE::2024-09-09.15:16:27::SCWPlatform::Trying to set the existing hwdb with name micro_blaze_led_switch_wrapper_0
TRACE::2024-09-09.15:16:27::SCWPlatform::Opened existing hwdb micro_blaze_led_switch_wrapper_0
TRACE::2024-09-09.15:16:27::SCWPlatform::Found the Hw Db part of the input DSA
TRACE::2024-09-09.15:16:27::SCWMssOS::Checking the sw design at  C:/Users/PC/Desktop/SG_workspace/vitis_SoC_24/Mblaze_led_switch_hw/microblaze_0/standalone_domain/bsp/system.mss
TRACE::2024-09-09.15:16:27::SCWMssOS::DEBUG:  swdes dump  C:/Users/PC/Desktop/SG_workspace/vitis_SoC_24/Mblaze_button_hw/microblaze_0/standalone_domain/bsp/system.mss|system_0||
C:/Users/PC/Desktop/SG_workspace/vitis_SoC_24/Mblaze_hello_hw/microblaze_0/standalone_domain/bsp/system.mss|system||
C:/Users/PC/Desktop/SG_workspace/vitis_SoC_24/Mblaze_led_switch_hw/microblaze_0/standalone_domain/bsp/system.mss|C:/Users/PC/Desktop/SG_workspace/vitis_SoC_24/Mblaze_led_switch_hw/microblaze_0/standalone_domain/bsp/system.mss||

TRACE::2024-09-09.15:16:27::SCWMssOS::Sw design exists and opened at  C:/Users/PC/Desktop/SG_workspace/vitis_SoC_24/Mblaze_led_switch_hw/microblaze_0/standalone_domain/bsp/system.mss
TRACE::2024-09-09.15:16:27::SCWPlatform::Trying to open the hw design at C:/Users/PC/Desktop/SG_workspace/vitis_SoC_24/Mblaze_led_switch_hw/hw/micro_blaze_led_switch_wrapper.xsa
TRACE::2024-09-09.15:16:27::SCWPlatform::DSA given C:/Users/PC/Desktop/SG_workspace/vitis_SoC_24/Mblaze_led_switch_hw/hw/micro_blaze_led_switch_wrapper.xsa
TRACE::2024-09-09.15:16:27::SCWPlatform::DSA absoulate path C:/Users/PC/Desktop/SG_workspace/vitis_SoC_24/Mblaze_led_switch_hw/hw/micro_blaze_led_switch_wrapper.xsa
TRACE::2024-09-09.15:16:27::SCWPlatform::DSA directory C:/Users/PC/Desktop/SG_workspace/vitis_SoC_24/Mblaze_led_switch_hw/hw
TRACE::2024-09-09.15:16:27::SCWPlatform:: Platform Path C:/Users/PC/Desktop/SG_workspace/vitis_SoC_24/Mblaze_led_switch_hw/hw/micro_blaze_led_switch_wrapper.xsa
TRACE::2024-09-09.15:16:27::SCWPlatform:: Unique name xilinx:basys3::0.0
TRACE::2024-09-09.15:16:27::SCWPlatform::Trying to set the existing hwdb with name micro_blaze_led_switch_wrapper_0
TRACE::2024-09-09.15:16:27::SCWPlatform::Opened existing hwdb micro_blaze_led_switch_wrapper_0
TRACE::2024-09-09.15:16:27::SCWPlatform::Found the Hw Db part of the input DSA
TRACE::2024-09-09.15:16:27::SCWMssOS::Checking the sw design at  C:/Users/PC/Desktop/SG_workspace/vitis_SoC_24/Mblaze_led_switch_hw/microblaze_0/standalone_domain/bsp/system.mss
TRACE::2024-09-09.15:16:27::SCWMssOS::DEBUG:  swdes dump  C:/Users/PC/Desktop/SG_workspace/vitis_SoC_24/Mblaze_button_hw/microblaze_0/standalone_domain/bsp/system.mss|system_0||
C:/Users/PC/Desktop/SG_workspace/vitis_SoC_24/Mblaze_hello_hw/microblaze_0/standalone_domain/bsp/system.mss|system||
C:/Users/PC/Desktop/SG_workspace/vitis_SoC_24/Mblaze_led_switch_hw/microblaze_0/standalone_domain/bsp/system.mss|C:/Users/PC/Desktop/SG_workspace/vitis_SoC_24/Mblaze_led_switch_hw/microblaze_0/standalone_domain/bsp/system.mss||

TRACE::2024-09-09.15:16:27::SCWMssOS::Sw design exists and opened at  C:/Users/PC/Desktop/SG_workspace/vitis_SoC_24/Mblaze_led_switch_hw/microblaze_0/standalone_domain/bsp/system.mss
TRACE::2024-09-09.15:16:27::SCWPlatform::Trying to open the hw design at C:/Users/PC/Desktop/SG_workspace/vitis_SoC_24/Mblaze_led_switch_hw/hw/micro_blaze_led_switch_wrapper.xsa
TRACE::2024-09-09.15:16:27::SCWPlatform::DSA given C:/Users/PC/Desktop/SG_workspace/vitis_SoC_24/Mblaze_led_switch_hw/hw/micro_blaze_led_switch_wrapper.xsa
TRACE::2024-09-09.15:16:27::SCWPlatform::DSA absoulate path C:/Users/PC/Desktop/SG_workspace/vitis_SoC_24/Mblaze_led_switch_hw/hw/micro_blaze_led_switch_wrapper.xsa
TRACE::2024-09-09.15:16:27::SCWPlatform::DSA directory C:/Users/PC/Desktop/SG_workspace/vitis_SoC_24/Mblaze_led_switch_hw/hw
TRACE::2024-09-09.15:16:27::SCWPlatform:: Platform Path C:/Users/PC/Desktop/SG_workspace/vitis_SoC_24/Mblaze_led_switch_hw/hw/micro_blaze_led_switch_wrapper.xsa
TRACE::2024-09-09.15:16:27::SCWPlatform:: Unique name xilinx:basys3::0.0
TRACE::2024-09-09.15:16:27::SCWPlatform::Trying to set the existing hwdb with name micro_blaze_led_switch_wrapper_0
TRACE::2024-09-09.15:16:27::SCWPlatform::Opened existing hwdb micro_blaze_led_switch_wrapper_0
TRACE::2024-09-09.15:16:27::SCWPlatform::Found the Hw Db part of the input DSA
TRACE::2024-09-09.15:16:27::SCWMssOS::Checking the sw design at  C:/Users/PC/Desktop/SG_workspace/vitis_SoC_24/Mblaze_led_switch_hw/microblaze_0/standalone_domain/bsp/system.mss
TRACE::2024-09-09.15:16:27::SCWMssOS::DEBUG:  swdes dump  C:/Users/PC/Desktop/SG_workspace/vitis_SoC_24/Mblaze_button_hw/microblaze_0/standalone_domain/bsp/system.mss|system_0||
C:/Users/PC/Desktop/SG_workspace/vitis_SoC_24/Mblaze_hello_hw/microblaze_0/standalone_domain/bsp/system.mss|system||
C:/Users/PC/Desktop/SG_workspace/vitis_SoC_24/Mblaze_led_switch_hw/microblaze_0/standalone_domain/bsp/system.mss|C:/Users/PC/Desktop/SG_workspace/vitis_SoC_24/Mblaze_led_switch_hw/microblaze_0/standalone_domain/bsp/system.mss||

TRACE::2024-09-09.15:16:27::SCWMssOS::Sw design exists and opened at  C:/Users/PC/Desktop/SG_workspace/vitis_SoC_24/Mblaze_led_switch_hw/microblaze_0/standalone_domain/bsp/system.mss
TRACE::2024-09-09.15:16:27::SCWWriter::formatted JSON is {
	"platformName":	"Mblaze_led_switch_hw",
	"sprVersion":	"2.0",
	"mode":	"gui",
	"dsaType":	"Fixed",
	"platformDesc":	"Mblaze_led_switch_hw",
	"platHandOff":	"C:/Users/PC/Desktop/SG_workspace/SoC_soc_24/micro_blaze_led_switch_wrapper.xsa",
	"platIntHandOff":	"<platformDir>/hw/micro_blaze_led_switch_wrapper.xsa",
	"deviceType":	"FPGA",
	"platIsPrebuiltAutogen":	"false",
	"platIsNoBootBsp":	"false",
	"hasFsblMakeHasChanges":	"false",
	"hasPmufwMakeHasChanges":	"false",
	"platPreBuiltFlag":	false,
	"platformSamplesDir":	"",
	"platActiveSys":	"Mblaze_led_switch_hw",
	"systems":	[{
			"systemName":	"Mblaze_led_switch_hw",
			"systemDesc":	"Mblaze_led_switch_hw",
			"sysIsBootAutoGen":	"true",
			"systemDispName":	"Mblaze_led_switch_hw",
			"sysActiveDom":	"standalone_domain",
			"sysDefaultDom":	"standalone_domain",
			"domains":	[{
					"domainName":	"standalone_domain",
					"domainDispName":	"standalone_domain",
					"domainDesc":	"standalone_domain",
					"processors":	"microblaze_0",
					"os":	"standalone",
					"sdxOs":	"standalone",
					"debugEnable":	"False",
					"domRuntimes":	["cpp"],
					"swRepo":	"",
					"mssOsVer":	"7.1",
					"mssFile":	"",
					"md5Digest":	"",
					"compatibleApp":	"",
					"domType":	"mssDomain",
					"appSettings":	{
						"appCompilerFlags":	"",
						"appLinkerFlags":	""
					},
					"addedLibs":	[],
					"libOptions":	{
						"libsContainingOptions":	[]
					},
					"prebuiltLibs":	{
						"prebuiltIncPath":	[],
						"prebuiltLibPath":	[]
					},
					"isolation":	{
					}
				}]
		}]
}
TRACE::2024-09-09.15:16:27::SCWPlatform::Trying to open the hw design at C:/Users/PC/Desktop/SG_workspace/vitis_SoC_24/Mblaze_led_switch_hw/hw/micro_blaze_led_switch_wrapper.xsa
TRACE::2024-09-09.15:16:27::SCWPlatform::DSA given C:/Users/PC/Desktop/SG_workspace/vitis_SoC_24/Mblaze_led_switch_hw/hw/micro_blaze_led_switch_wrapper.xsa
TRACE::2024-09-09.15:16:27::SCWPlatform::DSA absoulate path C:/Users/PC/Desktop/SG_workspace/vitis_SoC_24/Mblaze_led_switch_hw/hw/micro_blaze_led_switch_wrapper.xsa
TRACE::2024-09-09.15:16:27::SCWPlatform::DSA directory C:/Users/PC/Desktop/SG_workspace/vitis_SoC_24/Mblaze_led_switch_hw/hw
TRACE::2024-09-09.15:16:27::SCWPlatform:: Platform Path C:/Users/PC/Desktop/SG_workspace/vitis_SoC_24/Mblaze_led_switch_hw/hw/micro_blaze_led_switch_wrapper.xsa
TRACE::2024-09-09.15:16:27::SCWPlatform:: Unique name xilinx:basys3::0.0
TRACE::2024-09-09.15:16:27::SCWPlatform::Trying to set the existing hwdb with name micro_blaze_led_switch_wrapper_0
TRACE::2024-09-09.15:16:27::SCWPlatform::Opened existing hwdb micro_blaze_led_switch_wrapper_0
TRACE::2024-09-09.15:16:27::SCWPlatform::Found the Hw Db part of the input DSA
TRACE::2024-09-09.15:16:27::SCWMssOS::Checking the sw design at  C:/Users/PC/Desktop/SG_workspace/vitis_SoC_24/Mblaze_led_switch_hw/microblaze_0/standalone_domain/bsp/system.mss
TRACE::2024-09-09.15:16:27::SCWMssOS::DEBUG:  swdes dump  C:/Users/PC/Desktop/SG_workspace/vitis_SoC_24/Mblaze_button_hw/microblaze_0/standalone_domain/bsp/system.mss|system_0||
C:/Users/PC/Desktop/SG_workspace/vitis_SoC_24/Mblaze_hello_hw/microblaze_0/standalone_domain/bsp/system.mss|system||
C:/Users/PC/Desktop/SG_workspace/vitis_SoC_24/Mblaze_led_switch_hw/microblaze_0/standalone_domain/bsp/system.mss|C:/Users/PC/Desktop/SG_workspace/vitis_SoC_24/Mblaze_led_switch_hw/microblaze_0/standalone_domain/bsp/system.mss||

TRACE::2024-09-09.15:16:27::SCWMssOS::Sw design exists and opened at  C:/Users/PC/Desktop/SG_workspace/vitis_SoC_24/Mblaze_led_switch_hw/microblaze_0/standalone_domain/bsp/system.mss
TRACE::2024-09-09.15:16:27::SCWMssOS::Completed writing the mss file at C:/Users/PC/Desktop/SG_workspace/vitis_SoC_24/Mblaze_led_switch_hw/microblaze_0/standalone_domain/bsp
TRACE::2024-09-09.15:16:27::SCWMssOS::Forcing BSP Sources regeneration.
LOG::2024-09-09.15:16:28::SCWPlatform::Started generating the artifacts platform Mblaze_led_switch_hw
TRACE::2024-09-09.15:16:28::SCWPlatform::Sanity checking of platform is completed
LOG::2024-09-09.15:16:28::SCWPlatform::Started generating the artifacts for system configuration Mblaze_led_switch_hw
LOG::2024-09-09.15:16:28::SCWSystem::Checking the domain standalone_domain
LOG::2024-09-09.15:16:28::SCWSystem::Not a boot domain 
LOG::2024-09-09.15:16:28::SCWSystem::Started Processing the domain standalone_domain
TRACE::2024-09-09.15:16:28::SCWDomain::Generating domain artifcats
TRACE::2024-09-09.15:16:28::SCWMssOS::Generating standalone artifcats
TRACE::2024-09-09.15:16:28::SCWMssOS:: Copying the user libraries. 
TRACE::2024-09-09.15:16:28::SCWPlatform::Trying to open the hw design at C:/Users/PC/Desktop/SG_workspace/vitis_SoC_24/Mblaze_led_switch_hw/hw/micro_blaze_led_switch_wrapper.xsa
TRACE::2024-09-09.15:16:28::SCWPlatform::DSA given C:/Users/PC/Desktop/SG_workspace/vitis_SoC_24/Mblaze_led_switch_hw/hw/micro_blaze_led_switch_wrapper.xsa
TRACE::2024-09-09.15:16:28::SCWPlatform::DSA absoulate path C:/Users/PC/Desktop/SG_workspace/vitis_SoC_24/Mblaze_led_switch_hw/hw/micro_blaze_led_switch_wrapper.xsa
TRACE::2024-09-09.15:16:28::SCWPlatform::DSA directory C:/Users/PC/Desktop/SG_workspace/vitis_SoC_24/Mblaze_led_switch_hw/hw
TRACE::2024-09-09.15:16:28::SCWPlatform:: Platform Path C:/Users/PC/Desktop/SG_workspace/vitis_SoC_24/Mblaze_led_switch_hw/hw/micro_blaze_led_switch_wrapper.xsa
TRACE::2024-09-09.15:16:28::SCWPlatform:: Unique name xilinx:basys3::0.0
TRACE::2024-09-09.15:16:28::SCWPlatform::Trying to set the existing hwdb with name micro_blaze_led_switch_wrapper_0
TRACE::2024-09-09.15:16:28::SCWPlatform::Opened existing hwdb micro_blaze_led_switch_wrapper_0
TRACE::2024-09-09.15:16:28::SCWPlatform::Found the Hw Db part of the input DSA
TRACE::2024-09-09.15:16:28::SCWMssOS::Checking the sw design at  C:/Users/PC/Desktop/SG_workspace/vitis_SoC_24/Mblaze_led_switch_hw/microblaze_0/standalone_domain/bsp/system.mss
TRACE::2024-09-09.15:16:28::SCWMssOS::DEBUG:  swdes dump  C:/Users/PC/Desktop/SG_workspace/vitis_SoC_24/Mblaze_button_hw/microblaze_0/standalone_domain/bsp/system.mss|system_0||
C:/Users/PC/Desktop/SG_workspace/vitis_SoC_24/Mblaze_hello_hw/microblaze_0/standalone_domain/bsp/system.mss|system||
C:/Users/PC/Desktop/SG_workspace/vitis_SoC_24/Mblaze_led_switch_hw/microblaze_0/standalone_domain/bsp/system.mss|C:/Users/PC/Desktop/SG_workspace/vitis_SoC_24/Mblaze_led_switch_hw/microblaze_0/standalone_domain/bsp/system.mss||

KEYINFO::2024-09-09.15:16:28::SCWMssOS::Could not open the swdb for C:/Users/PC/Desktop/SG_workspace/vitis_SoC_24/Mblaze_led_switch_hw/microblaze_0/standalone_domain/bsp/system.mss
KEYINFO::2024-09-09.15:16:28::SCWMssOS::Could not open the sw design at  C:/Users/PC/Desktop/SG_workspace/vitis_SoC_24/Mblaze_led_switch_hw/microblaze_0/standalone_domain/bsp/system.mss
ERROR: [Hsi 55-1558] Software Design C:/Users/PC/Desktop/SG_workspace/vitis_SoC_24/Mblaze_led_switch_hw/microblaze_0/standalone_domain/bsp/system.mss is not found

TRACE::2024-09-09.15:16:28::SCWMssOS::Cleared the swdb table entry
TRACE::2024-09-09.15:16:28::SCWMssOS::No sw design opened at  C:/Users/PC/Desktop/SG_workspace/vitis_SoC_24/Mblaze_led_switch_hw/microblaze_0/standalone_domain/bsp/system.mss
TRACE::2024-09-09.15:16:28::SCWMssOS::mss exists loading the mss file  C:/Users/PC/Desktop/SG_workspace/vitis_SoC_24/Mblaze_led_switch_hw/microblaze_0/standalone_domain/bsp/system.mss
TRACE::2024-09-09.15:16:28::SCWMssOS::Opened the sw design from mss  C:/Users/PC/Desktop/SG_workspace/vitis_SoC_24/Mblaze_led_switch_hw/microblaze_0/standalone_domain/bsp/system.mss
TRACE::2024-09-09.15:16:28::SCWMssOS::Adding the swdes entry C:/Users/PC/Desktop/SG_workspace/vitis_SoC_24/Mblaze_led_switch_hw/microblaze_0/standalone_domain/bsp/system.mss with des name system_1
TRACE::2024-09-09.15:16:28::SCWMssOS::updating the scw layer about changes
TRACE::2024-09-09.15:16:28::SCWMssOS::Opened the sw design.  C:/Users/PC/Desktop/SG_workspace/vitis_SoC_24/Mblaze_led_switch_hw/microblaze_0/standalone_domain/bsp/system.mss
TRACE::2024-09-09.15:16:28::SCWMssOS::Completed writing the mss file at C:/Users/PC/Desktop/SG_workspace/vitis_SoC_24/Mblaze_led_switch_hw/microblaze_0/standalone_domain/bsp
TRACE::2024-09-09.15:16:28::SCWMssOS::Mss edits present, copying mssfile into export location C:/Users/PC/Desktop/SG_workspace/vitis_SoC_24/Mblaze_led_switch_hw/microblaze_0/standalone_domain/bsp/system.mss
TRACE::2024-09-09.15:16:28::SCWMssOS::bsp generated is upto date with the mss file. Skipping bsp generation.
TRACE::2024-09-09.15:16:28::SCWMssOS::BSP is already built. skipping the bsp build ... 
TRACE::2024-09-09.15:16:28::SCWDomain::Skipping the build for domain :  standalone_domain
TRACE::2024-09-09.15:16:28::SCWMssOS::skipping the bsp build ... 
TRACE::2024-09-09.15:16:28::SCWMssOS::Copying to export directory.
TRACE::2024-09-09.15:16:28::SCWMssOS:: Checking if to create the Supporting Applications
TRACE::2024-09-09.15:16:28::SCWMssOS:: No Linux domain exists, trying to generate FSBL 
LOG::2024-09-09.15:16:28::SCWSystem::Completed Processing the domain standalone_domain
LOG::2024-09-09.15:16:28::SCWSystem::Completed Processing the sysconfig Mblaze_led_switch_hw
LOG::2024-09-09.15:16:28::SCWPlatform::Completed generating the artifacts for system configuration Mblaze_led_switch_hw
TRACE::2024-09-09.15:16:28::SCWPlatform::Started preparing the platform 
TRACE::2024-09-09.15:16:28::SCWSystem::Writing the bif file for system config Mblaze_led_switch_hw
TRACE::2024-09-09.15:16:28::SCWSystem::dir created 
TRACE::2024-09-09.15:16:28::SCWSystem::Writing the bif 
TRACE::2024-09-09.15:16:28::SCWPlatform::Started writing the spfm file 
TRACE::2024-09-09.15:16:28::SCWPlatform::Started writing the xpfm file 
TRACE::2024-09-09.15:16:28::SCWPlatform::Completed generating the platform
TRACE::2024-09-09.15:16:28::SCWPlatform::Trying to open the hw design at C:/Users/PC/Desktop/SG_workspace/vitis_SoC_24/Mblaze_led_switch_hw/hw/micro_blaze_led_switch_wrapper.xsa
TRACE::2024-09-09.15:16:28::SCWPlatform::DSA given C:/Users/PC/Desktop/SG_workspace/vitis_SoC_24/Mblaze_led_switch_hw/hw/micro_blaze_led_switch_wrapper.xsa
TRACE::2024-09-09.15:16:28::SCWPlatform::DSA absoulate path C:/Users/PC/Desktop/SG_workspace/vitis_SoC_24/Mblaze_led_switch_hw/hw/micro_blaze_led_switch_wrapper.xsa
TRACE::2024-09-09.15:16:28::SCWPlatform::DSA directory C:/Users/PC/Desktop/SG_workspace/vitis_SoC_24/Mblaze_led_switch_hw/hw
TRACE::2024-09-09.15:16:28::SCWPlatform:: Platform Path C:/Users/PC/Desktop/SG_workspace/vitis_SoC_24/Mblaze_led_switch_hw/hw/micro_blaze_led_switch_wrapper.xsa
TRACE::2024-09-09.15:16:28::SCWPlatform:: Unique name xilinx:basys3::0.0
TRACE::2024-09-09.15:16:28::SCWPlatform::Trying to set the existing hwdb with name micro_blaze_led_switch_wrapper_0
TRACE::2024-09-09.15:16:28::SCWPlatform::Opened existing hwdb micro_blaze_led_switch_wrapper_0
TRACE::2024-09-09.15:16:28::SCWPlatform::Found the Hw Db part of the input DSA
TRACE::2024-09-09.15:16:28::SCWMssOS::Checking the sw design at  C:/Users/PC/Desktop/SG_workspace/vitis_SoC_24/Mblaze_led_switch_hw/microblaze_0/standalone_domain/bsp/system.mss
TRACE::2024-09-09.15:16:28::SCWMssOS::DEBUG:  swdes dump  C:/Users/PC/Desktop/SG_workspace/vitis_SoC_24/Mblaze_button_hw/microblaze_0/standalone_domain/bsp/system.mss|system_0||
C:/Users/PC/Desktop/SG_workspace/vitis_SoC_24/Mblaze_hello_hw/microblaze_0/standalone_domain/bsp/system.mss|system||
C:/Users/PC/Desktop/SG_workspace/vitis_SoC_24/Mblaze_led_switch_hw/microblaze_0/standalone_domain/bsp/system.mss|system_1||

TRACE::2024-09-09.15:16:28::SCWMssOS::Sw design exists and opened at  C:/Users/PC/Desktop/SG_workspace/vitis_SoC_24/Mblaze_led_switch_hw/microblaze_0/standalone_domain/bsp/system.mss
TRACE::2024-09-09.15:16:28::SCWPlatform::Trying to open the hw design at C:/Users/PC/Desktop/SG_workspace/vitis_SoC_24/Mblaze_led_switch_hw/hw/micro_blaze_led_switch_wrapper.xsa
TRACE::2024-09-09.15:16:28::SCWPlatform::DSA given C:/Users/PC/Desktop/SG_workspace/vitis_SoC_24/Mblaze_led_switch_hw/hw/micro_blaze_led_switch_wrapper.xsa
TRACE::2024-09-09.15:16:28::SCWPlatform::DSA absoulate path C:/Users/PC/Desktop/SG_workspace/vitis_SoC_24/Mblaze_led_switch_hw/hw/micro_blaze_led_switch_wrapper.xsa
TRACE::2024-09-09.15:16:28::SCWPlatform::DSA directory C:/Users/PC/Desktop/SG_workspace/vitis_SoC_24/Mblaze_led_switch_hw/hw
TRACE::2024-09-09.15:16:28::SCWPlatform:: Platform Path C:/Users/PC/Desktop/SG_workspace/vitis_SoC_24/Mblaze_led_switch_hw/hw/micro_blaze_led_switch_wrapper.xsa
TRACE::2024-09-09.15:16:28::SCWPlatform:: Unique name xilinx:basys3::0.0
TRACE::2024-09-09.15:16:28::SCWPlatform::Trying to set the existing hwdb with name micro_blaze_led_switch_wrapper_0
TRACE::2024-09-09.15:16:28::SCWPlatform::Opened existing hwdb micro_blaze_led_switch_wrapper_0
TRACE::2024-09-09.15:16:28::SCWPlatform::Found the Hw Db part of the input DSA
TRACE::2024-09-09.15:16:28::SCWMssOS::Checking the sw design at  C:/Users/PC/Desktop/SG_workspace/vitis_SoC_24/Mblaze_led_switch_hw/microblaze_0/standalone_domain/bsp/system.mss
TRACE::2024-09-09.15:16:28::SCWMssOS::DEBUG:  swdes dump  C:/Users/PC/Desktop/SG_workspace/vitis_SoC_24/Mblaze_button_hw/microblaze_0/standalone_domain/bsp/system.mss|system_0||
C:/Users/PC/Desktop/SG_workspace/vitis_SoC_24/Mblaze_hello_hw/microblaze_0/standalone_domain/bsp/system.mss|system||
C:/Users/PC/Desktop/SG_workspace/vitis_SoC_24/Mblaze_led_switch_hw/microblaze_0/standalone_domain/bsp/system.mss|system_1||

TRACE::2024-09-09.15:16:28::SCWMssOS::Sw design exists and opened at  C:/Users/PC/Desktop/SG_workspace/vitis_SoC_24/Mblaze_led_switch_hw/microblaze_0/standalone_domain/bsp/system.mss
TRACE::2024-09-09.15:16:28::SCWPlatform::Trying to open the hw design at C:/Users/PC/Desktop/SG_workspace/vitis_SoC_24/Mblaze_led_switch_hw/hw/micro_blaze_led_switch_wrapper.xsa
TRACE::2024-09-09.15:16:28::SCWPlatform::DSA given C:/Users/PC/Desktop/SG_workspace/vitis_SoC_24/Mblaze_led_switch_hw/hw/micro_blaze_led_switch_wrapper.xsa
TRACE::2024-09-09.15:16:28::SCWPlatform::DSA absoulate path C:/Users/PC/Desktop/SG_workspace/vitis_SoC_24/Mblaze_led_switch_hw/hw/micro_blaze_led_switch_wrapper.xsa
TRACE::2024-09-09.15:16:28::SCWPlatform::DSA directory C:/Users/PC/Desktop/SG_workspace/vitis_SoC_24/Mblaze_led_switch_hw/hw
TRACE::2024-09-09.15:16:28::SCWPlatform:: Platform Path C:/Users/PC/Desktop/SG_workspace/vitis_SoC_24/Mblaze_led_switch_hw/hw/micro_blaze_led_switch_wrapper.xsa
TRACE::2024-09-09.15:16:28::SCWPlatform:: Unique name xilinx:basys3::0.0
TRACE::2024-09-09.15:16:28::SCWPlatform::Trying to set the existing hwdb with name micro_blaze_led_switch_wrapper_0
TRACE::2024-09-09.15:16:28::SCWPlatform::Opened existing hwdb micro_blaze_led_switch_wrapper_0
TRACE::2024-09-09.15:16:28::SCWPlatform::Found the Hw Db part of the input DSA
TRACE::2024-09-09.15:16:28::SCWMssOS::Checking the sw design at  C:/Users/PC/Desktop/SG_workspace/vitis_SoC_24/Mblaze_led_switch_hw/microblaze_0/standalone_domain/bsp/system.mss
TRACE::2024-09-09.15:16:28::SCWMssOS::DEBUG:  swdes dump  C:/Users/PC/Desktop/SG_workspace/vitis_SoC_24/Mblaze_button_hw/microblaze_0/standalone_domain/bsp/system.mss|system_0||
C:/Users/PC/Desktop/SG_workspace/vitis_SoC_24/Mblaze_hello_hw/microblaze_0/standalone_domain/bsp/system.mss|system||
C:/Users/PC/Desktop/SG_workspace/vitis_SoC_24/Mblaze_led_switch_hw/microblaze_0/standalone_domain/bsp/system.mss|system_1||

TRACE::2024-09-09.15:16:28::SCWMssOS::Sw design exists and opened at  C:/Users/PC/Desktop/SG_workspace/vitis_SoC_24/Mblaze_led_switch_hw/microblaze_0/standalone_domain/bsp/system.mss
TRACE::2024-09-09.15:16:28::SCWWriter::formatted JSON is {
	"platformName":	"Mblaze_led_switch_hw",
	"sprVersion":	"2.0",
	"mode":	"gui",
	"dsaType":	"Fixed",
	"platformDesc":	"Mblaze_led_switch_hw",
	"platHandOff":	"C:/Users/PC/Desktop/SG_workspace/SoC_soc_24/micro_blaze_led_switch_wrapper.xsa",
	"platIntHandOff":	"<platformDir>/hw/micro_blaze_led_switch_wrapper.xsa",
	"deviceType":	"FPGA",
	"platIsPrebuiltAutogen":	"false",
	"platIsNoBootBsp":	"false",
	"hasFsblMakeHasChanges":	"false",
	"hasPmufwMakeHasChanges":	"false",
	"platPreBuiltFlag":	false,
	"platformSamplesDir":	"",
	"platActiveSys":	"Mblaze_led_switch_hw",
	"systems":	[{
			"systemName":	"Mblaze_led_switch_hw",
			"systemDesc":	"Mblaze_led_switch_hw",
			"sysIsBootAutoGen":	"true",
			"systemDispName":	"Mblaze_led_switch_hw",
			"sysActiveDom":	"standalone_domain",
			"sysDefaultDom":	"standalone_domain",
			"domains":	[{
					"domainName":	"standalone_domain",
					"domainDispName":	"standalone_domain",
					"domainDesc":	"standalone_domain",
					"processors":	"microblaze_0",
					"os":	"standalone",
					"sdxOs":	"standalone",
					"debugEnable":	"False",
					"domRuntimes":	["cpp"],
					"swRepo":	"",
					"mssOsVer":	"7.1",
					"mssFile":	"",
					"md5Digest":	"b765fa2d6559659d34d6179a96efd73c",
					"compatibleApp":	"",
					"domType":	"mssDomain",
					"appSettings":	{
						"appCompilerFlags":	"",
						"appLinkerFlags":	""
					},
					"addedLibs":	[],
					"libOptions":	{
						"libsContainingOptions":	[]
					},
					"prebuiltLibs":	{
						"prebuiltIncPath":	[],
						"prebuiltLibPath":	[]
					},
					"isolation":	{
					}
				}]
		}]
}
KEYINFO::2024-09-09.15:16:28::SCWPlatform::updated the xpfm file.
TRACE::2024-09-09.15:16:28::SCWPlatform::Trying to open the hw design at C:/Users/PC/Desktop/SG_workspace/vitis_SoC_24/Mblaze_led_switch_hw/hw/micro_blaze_led_switch_wrapper.xsa
TRACE::2024-09-09.15:16:28::SCWPlatform::DSA given C:/Users/PC/Desktop/SG_workspace/vitis_SoC_24/Mblaze_led_switch_hw/hw/micro_blaze_led_switch_wrapper.xsa
TRACE::2024-09-09.15:16:28::SCWPlatform::DSA absoulate path C:/Users/PC/Desktop/SG_workspace/vitis_SoC_24/Mblaze_led_switch_hw/hw/micro_blaze_led_switch_wrapper.xsa
TRACE::2024-09-09.15:16:28::SCWPlatform::DSA directory C:/Users/PC/Desktop/SG_workspace/vitis_SoC_24/Mblaze_led_switch_hw/hw
TRACE::2024-09-09.15:16:28::SCWPlatform:: Platform Path C:/Users/PC/Desktop/SG_workspace/vitis_SoC_24/Mblaze_led_switch_hw/hw/micro_blaze_led_switch_wrapper.xsa
TRACE::2024-09-09.15:16:28::SCWPlatform:: Unique name xilinx:basys3::0.0
TRACE::2024-09-09.15:16:28::SCWPlatform::Trying to set the existing hwdb with name micro_blaze_led_switch_wrapper_0
TRACE::2024-09-09.15:16:28::SCWPlatform::Opened existing hwdb micro_blaze_led_switch_wrapper_0
TRACE::2024-09-09.15:16:28::SCWPlatform::Found the Hw Db part of the input DSA
TRACE::2024-09-09.15:16:28::SCWMssOS::Checking the sw design at  C:/Users/PC/Desktop/SG_workspace/vitis_SoC_24/Mblaze_led_switch_hw/microblaze_0/standalone_domain/bsp/system.mss
TRACE::2024-09-09.15:16:28::SCWMssOS::DEBUG:  swdes dump  C:/Users/PC/Desktop/SG_workspace/vitis_SoC_24/Mblaze_button_hw/microblaze_0/standalone_domain/bsp/system.mss|system_0||
C:/Users/PC/Desktop/SG_workspace/vitis_SoC_24/Mblaze_hello_hw/microblaze_0/standalone_domain/bsp/system.mss|system||
C:/Users/PC/Desktop/SG_workspace/vitis_SoC_24/Mblaze_led_switch_hw/microblaze_0/standalone_domain/bsp/system.mss|system_1||

TRACE::2024-09-09.15:16:28::SCWMssOS::Sw design exists and opened at  C:/Users/PC/Desktop/SG_workspace/vitis_SoC_24/Mblaze_led_switch_hw/microblaze_0/standalone_domain/bsp/system.mss
TRACE::2024-09-09.15:16:28::SCWPlatform::Trying to open the hw design at C:/Users/PC/Desktop/SG_workspace/vitis_SoC_24/Mblaze_led_switch_hw/hw/micro_blaze_led_switch_wrapper.xsa
TRACE::2024-09-09.15:16:28::SCWPlatform::DSA given C:/Users/PC/Desktop/SG_workspace/vitis_SoC_24/Mblaze_led_switch_hw/hw/micro_blaze_led_switch_wrapper.xsa
TRACE::2024-09-09.15:16:28::SCWPlatform::DSA absoulate path C:/Users/PC/Desktop/SG_workspace/vitis_SoC_24/Mblaze_led_switch_hw/hw/micro_blaze_led_switch_wrapper.xsa
TRACE::2024-09-09.15:16:28::SCWPlatform::DSA directory C:/Users/PC/Desktop/SG_workspace/vitis_SoC_24/Mblaze_led_switch_hw/hw
TRACE::2024-09-09.15:16:28::SCWPlatform:: Platform Path C:/Users/PC/Desktop/SG_workspace/vitis_SoC_24/Mblaze_led_switch_hw/hw/micro_blaze_led_switch_wrapper.xsa
TRACE::2024-09-09.15:16:28::SCWPlatform:: Unique name xilinx:basys3::0.0
TRACE::2024-09-09.15:16:28::SCWPlatform::Trying to set the existing hwdb with name micro_blaze_led_switch_wrapper_0
TRACE::2024-09-09.15:16:28::SCWPlatform::Opened existing hwdb micro_blaze_led_switch_wrapper_0
TRACE::2024-09-09.15:16:28::SCWPlatform::Found the Hw Db part of the input DSA
TRACE::2024-09-09.15:16:28::SCWMssOS::Checking the sw design at  C:/Users/PC/Desktop/SG_workspace/vitis_SoC_24/Mblaze_led_switch_hw/microblaze_0/standalone_domain/bsp/system.mss
TRACE::2024-09-09.15:16:28::SCWMssOS::DEBUG:  swdes dump  C:/Users/PC/Desktop/SG_workspace/vitis_SoC_24/Mblaze_button_hw/microblaze_0/standalone_domain/bsp/system.mss|system_0||
C:/Users/PC/Desktop/SG_workspace/vitis_SoC_24/Mblaze_hello_hw/microblaze_0/standalone_domain/bsp/system.mss|system||
C:/Users/PC/Desktop/SG_workspace/vitis_SoC_24/Mblaze_led_switch_hw/microblaze_0/standalone_domain/bsp/system.mss|system_1||

TRACE::2024-09-09.15:16:28::SCWMssOS::Sw design exists and opened at  C:/Users/PC/Desktop/SG_workspace/vitis_SoC_24/Mblaze_led_switch_hw/microblaze_0/standalone_domain/bsp/system.mss
TRACE::2024-09-09.15:16:28::SCWPlatform::Trying to open the hw design at C:/Users/PC/Desktop/SG_workspace/vitis_SoC_24/Mblaze_led_switch_hw/hw/micro_blaze_led_switch_wrapper.xsa
TRACE::2024-09-09.15:16:28::SCWPlatform::DSA given C:/Users/PC/Desktop/SG_workspace/vitis_SoC_24/Mblaze_led_switch_hw/hw/micro_blaze_led_switch_wrapper.xsa
TRACE::2024-09-09.15:16:28::SCWPlatform::DSA absoulate path C:/Users/PC/Desktop/SG_workspace/vitis_SoC_24/Mblaze_led_switch_hw/hw/micro_blaze_led_switch_wrapper.xsa
TRACE::2024-09-09.15:16:28::SCWPlatform::DSA directory C:/Users/PC/Desktop/SG_workspace/vitis_SoC_24/Mblaze_led_switch_hw/hw
TRACE::2024-09-09.15:16:28::SCWPlatform:: Platform Path C:/Users/PC/Desktop/SG_workspace/vitis_SoC_24/Mblaze_led_switch_hw/hw/micro_blaze_led_switch_wrapper.xsa
TRACE::2024-09-09.15:16:28::SCWPlatform:: Unique name xilinx:basys3::0.0
TRACE::2024-09-09.15:16:28::SCWPlatform::Trying to set the existing hwdb with name micro_blaze_led_switch_wrapper_0
TRACE::2024-09-09.15:16:28::SCWPlatform::Opened existing hwdb micro_blaze_led_switch_wrapper_0
TRACE::2024-09-09.15:16:28::SCWPlatform::Found the Hw Db part of the input DSA
TRACE::2024-09-09.15:16:28::SCWMssOS::Checking the sw design at  C:/Users/PC/Desktop/SG_workspace/vitis_SoC_24/Mblaze_led_switch_hw/microblaze_0/standalone_domain/bsp/system.mss
TRACE::2024-09-09.15:16:28::SCWMssOS::DEBUG:  swdes dump  C:/Users/PC/Desktop/SG_workspace/vitis_SoC_24/Mblaze_button_hw/microblaze_0/standalone_domain/bsp/system.mss|system_0||
C:/Users/PC/Desktop/SG_workspace/vitis_SoC_24/Mblaze_hello_hw/microblaze_0/standalone_domain/bsp/system.mss|system||
C:/Users/PC/Desktop/SG_workspace/vitis_SoC_24/Mblaze_led_switch_hw/microblaze_0/standalone_domain/bsp/system.mss|system_1||

TRACE::2024-09-09.15:16:28::SCWMssOS::Sw design exists and opened at  C:/Users/PC/Desktop/SG_workspace/vitis_SoC_24/Mblaze_led_switch_hw/microblaze_0/standalone_domain/bsp/system.mss
TRACE::2024-09-09.15:16:28::SCWPlatform::Trying to open the hw design at C:/Users/PC/Desktop/SG_workspace/vitis_SoC_24/Mblaze_led_switch_hw/hw/micro_blaze_led_switch_wrapper.xsa
TRACE::2024-09-09.15:16:28::SCWPlatform::DSA given C:/Users/PC/Desktop/SG_workspace/vitis_SoC_24/Mblaze_led_switch_hw/hw/micro_blaze_led_switch_wrapper.xsa
TRACE::2024-09-09.15:16:28::SCWPlatform::DSA absoulate path C:/Users/PC/Desktop/SG_workspace/vitis_SoC_24/Mblaze_led_switch_hw/hw/micro_blaze_led_switch_wrapper.xsa
TRACE::2024-09-09.15:16:28::SCWPlatform::DSA directory C:/Users/PC/Desktop/SG_workspace/vitis_SoC_24/Mblaze_led_switch_hw/hw
TRACE::2024-09-09.15:16:28::SCWPlatform:: Platform Path C:/Users/PC/Desktop/SG_workspace/vitis_SoC_24/Mblaze_led_switch_hw/hw/micro_blaze_led_switch_wrapper.xsa
TRACE::2024-09-09.15:16:28::SCWPlatform:: Unique name xilinx:basys3::0.0
TRACE::2024-09-09.15:16:28::SCWPlatform::Trying to set the existing hwdb with name micro_blaze_led_switch_wrapper_0
TRACE::2024-09-09.15:16:28::SCWPlatform::Opened existing hwdb micro_blaze_led_switch_wrapper_0
TRACE::2024-09-09.15:16:28::SCWPlatform::Found the Hw Db part of the input DSA
TRACE::2024-09-09.15:16:28::SCWMssOS::Checking the sw design at  C:/Users/PC/Desktop/SG_workspace/vitis_SoC_24/Mblaze_led_switch_hw/microblaze_0/standalone_domain/bsp/system.mss
TRACE::2024-09-09.15:16:28::SCWMssOS::DEBUG:  swdes dump  C:/Users/PC/Desktop/SG_workspace/vitis_SoC_24/Mblaze_button_hw/microblaze_0/standalone_domain/bsp/system.mss|system_0||
C:/Users/PC/Desktop/SG_workspace/vitis_SoC_24/Mblaze_hello_hw/microblaze_0/standalone_domain/bsp/system.mss|system||
C:/Users/PC/Desktop/SG_workspace/vitis_SoC_24/Mblaze_led_switch_hw/microblaze_0/standalone_domain/bsp/system.mss|system_1||

TRACE::2024-09-09.15:16:28::SCWMssOS::Sw design exists and opened at  C:/Users/PC/Desktop/SG_workspace/vitis_SoC_24/Mblaze_led_switch_hw/microblaze_0/standalone_domain/bsp/system.mss
TRACE::2024-09-09.15:16:28::SCWWriter::formatted JSON is {
	"platformName":	"Mblaze_led_switch_hw",
	"sprVersion":	"2.0",
	"mode":	"gui",
	"dsaType":	"Fixed",
	"platformDesc":	"Mblaze_led_switch_hw",
	"platHandOff":	"C:/Users/PC/Desktop/SG_workspace/SoC_soc_24/micro_blaze_led_switch_wrapper.xsa",
	"platIntHandOff":	"<platformDir>/hw/micro_blaze_led_switch_wrapper.xsa",
	"deviceType":	"FPGA",
	"platIsPrebuiltAutogen":	"false",
	"platIsNoBootBsp":	"false",
	"hasFsblMakeHasChanges":	"false",
	"hasPmufwMakeHasChanges":	"false",
	"platPreBuiltFlag":	false,
	"platformSamplesDir":	"",
	"platActiveSys":	"Mblaze_led_switch_hw",
	"systems":	[{
			"systemName":	"Mblaze_led_switch_hw",
			"systemDesc":	"Mblaze_led_switch_hw",
			"sysIsBootAutoGen":	"true",
			"systemDispName":	"Mblaze_led_switch_hw",
			"sysActiveDom":	"standalone_domain",
			"sysDefaultDom":	"standalone_domain",
			"domains":	[{
					"domainName":	"standalone_domain",
					"domainDispName":	"standalone_domain",
					"domainDesc":	"standalone_domain",
					"processors":	"microblaze_0",
					"os":	"standalone",
					"sdxOs":	"standalone",
					"debugEnable":	"False",
					"domRuntimes":	["cpp"],
					"swRepo":	"",
					"mssOsVer":	"7.1",
					"mssFile":	"",
					"md5Digest":	"b765fa2d6559659d34d6179a96efd73c",
					"compatibleApp":	"",
					"domType":	"mssDomain",
					"appSettings":	{
						"appCompilerFlags":	"",
						"appLinkerFlags":	""
					},
					"addedLibs":	[],
					"libOptions":	{
						"libsContainingOptions":	[]
					},
					"prebuiltLibs":	{
						"prebuiltIncPath":	[],
						"prebuiltLibPath":	[]
					},
					"isolation":	{
					}
				}]
		}]
}
TRACE::2024-09-09.15:16:28::SCWPlatform::Trying to open the hw design at C:/Users/PC/Desktop/SG_workspace/vitis_SoC_24/Mblaze_led_switch_hw/hw/micro_blaze_led_switch_wrapper.xsa
TRACE::2024-09-09.15:16:28::SCWPlatform::DSA given C:/Users/PC/Desktop/SG_workspace/vitis_SoC_24/Mblaze_led_switch_hw/hw/micro_blaze_led_switch_wrapper.xsa
TRACE::2024-09-09.15:16:28::SCWPlatform::DSA absoulate path C:/Users/PC/Desktop/SG_workspace/vitis_SoC_24/Mblaze_led_switch_hw/hw/micro_blaze_led_switch_wrapper.xsa
TRACE::2024-09-09.15:16:28::SCWPlatform::DSA directory C:/Users/PC/Desktop/SG_workspace/vitis_SoC_24/Mblaze_led_switch_hw/hw
TRACE::2024-09-09.15:16:28::SCWPlatform:: Platform Path C:/Users/PC/Desktop/SG_workspace/vitis_SoC_24/Mblaze_led_switch_hw/hw/micro_blaze_led_switch_wrapper.xsa
TRACE::2024-09-09.15:16:28::SCWPlatform:: Unique name xilinx:basys3::0.0
TRACE::2024-09-09.15:16:28::SCWPlatform::Trying to set the existing hwdb with name micro_blaze_led_switch_wrapper_0
TRACE::2024-09-09.15:16:28::SCWPlatform::Opened existing hwdb micro_blaze_led_switch_wrapper_0
TRACE::2024-09-09.15:16:28::SCWPlatform::Found the Hw Db part of the input DSA
TRACE::2024-09-09.15:16:28::SCWMssOS::Checking the sw design at  C:/Users/PC/Desktop/SG_workspace/vitis_SoC_24/Mblaze_led_switch_hw/microblaze_0/standalone_domain/bsp/system.mss
TRACE::2024-09-09.15:16:28::SCWMssOS::DEBUG:  swdes dump  C:/Users/PC/Desktop/SG_workspace/vitis_SoC_24/Mblaze_button_hw/microblaze_0/standalone_domain/bsp/system.mss|system_0||
C:/Users/PC/Desktop/SG_workspace/vitis_SoC_24/Mblaze_hello_hw/microblaze_0/standalone_domain/bsp/system.mss|system||
C:/Users/PC/Desktop/SG_workspace/vitis_SoC_24/Mblaze_led_switch_hw/microblaze_0/standalone_domain/bsp/system.mss|system_1||

TRACE::2024-09-09.15:16:28::SCWMssOS::Sw design exists and opened at  C:/Users/PC/Desktop/SG_workspace/vitis_SoC_24/Mblaze_led_switch_hw/microblaze_0/standalone_domain/bsp/system.mss
TRACE::2024-09-09.15:16:28::SCWPlatform::Trying to open the hw design at C:/Users/PC/Desktop/SG_workspace/vitis_SoC_24/Mblaze_led_switch_hw/hw/micro_blaze_led_switch_wrapper.xsa
TRACE::2024-09-09.15:16:28::SCWPlatform::DSA given C:/Users/PC/Desktop/SG_workspace/vitis_SoC_24/Mblaze_led_switch_hw/hw/micro_blaze_led_switch_wrapper.xsa
TRACE::2024-09-09.15:16:28::SCWPlatform::DSA absoulate path C:/Users/PC/Desktop/SG_workspace/vitis_SoC_24/Mblaze_led_switch_hw/hw/micro_blaze_led_switch_wrapper.xsa
TRACE::2024-09-09.15:16:28::SCWPlatform::DSA directory C:/Users/PC/Desktop/SG_workspace/vitis_SoC_24/Mblaze_led_switch_hw/hw
TRACE::2024-09-09.15:16:28::SCWPlatform:: Platform Path C:/Users/PC/Desktop/SG_workspace/vitis_SoC_24/Mblaze_led_switch_hw/hw/micro_blaze_led_switch_wrapper.xsa
TRACE::2024-09-09.15:16:28::SCWPlatform:: Unique name xilinx:basys3::0.0
TRACE::2024-09-09.15:16:28::SCWPlatform::Trying to set the existing hwdb with name micro_blaze_led_switch_wrapper_0
TRACE::2024-09-09.15:16:28::SCWPlatform::Opened existing hwdb micro_blaze_led_switch_wrapper_0
TRACE::2024-09-09.15:16:28::SCWPlatform::Found the Hw Db part of the input DSA
TRACE::2024-09-09.15:16:28::SCWMssOS::Checking the sw design at  C:/Users/PC/Desktop/SG_workspace/vitis_SoC_24/Mblaze_led_switch_hw/microblaze_0/standalone_domain/bsp/system.mss
TRACE::2024-09-09.15:16:28::SCWMssOS::DEBUG:  swdes dump  C:/Users/PC/Desktop/SG_workspace/vitis_SoC_24/Mblaze_button_hw/microblaze_0/standalone_domain/bsp/system.mss|system_0||
C:/Users/PC/Desktop/SG_workspace/vitis_SoC_24/Mblaze_hello_hw/microblaze_0/standalone_domain/bsp/system.mss|system||
C:/Users/PC/Desktop/SG_workspace/vitis_SoC_24/Mblaze_led_switch_hw/microblaze_0/standalone_domain/bsp/system.mss|system_1||

TRACE::2024-09-09.15:16:28::SCWMssOS::Sw design exists and opened at  C:/Users/PC/Desktop/SG_workspace/vitis_SoC_24/Mblaze_led_switch_hw/microblaze_0/standalone_domain/bsp/system.mss
TRACE::2024-09-09.15:16:28::SCWPlatform::Trying to open the hw design at C:/Users/PC/Desktop/SG_workspace/vitis_SoC_24/Mblaze_led_switch_hw/hw/micro_blaze_led_switch_wrapper.xsa
TRACE::2024-09-09.15:16:28::SCWPlatform::DSA given C:/Users/PC/Desktop/SG_workspace/vitis_SoC_24/Mblaze_led_switch_hw/hw/micro_blaze_led_switch_wrapper.xsa
TRACE::2024-09-09.15:16:28::SCWPlatform::DSA absoulate path C:/Users/PC/Desktop/SG_workspace/vitis_SoC_24/Mblaze_led_switch_hw/hw/micro_blaze_led_switch_wrapper.xsa
TRACE::2024-09-09.15:16:28::SCWPlatform::DSA directory C:/Users/PC/Desktop/SG_workspace/vitis_SoC_24/Mblaze_led_switch_hw/hw
TRACE::2024-09-09.15:16:28::SCWPlatform:: Platform Path C:/Users/PC/Desktop/SG_workspace/vitis_SoC_24/Mblaze_led_switch_hw/hw/micro_blaze_led_switch_wrapper.xsa
TRACE::2024-09-09.15:16:28::SCWPlatform:: Unique name xilinx:basys3::0.0
TRACE::2024-09-09.15:16:28::SCWPlatform::Trying to set the existing hwdb with name micro_blaze_led_switch_wrapper_0
TRACE::2024-09-09.15:16:28::SCWPlatform::Opened existing hwdb micro_blaze_led_switch_wrapper_0
TRACE::2024-09-09.15:16:28::SCWPlatform::Found the Hw Db part of the input DSA
TRACE::2024-09-09.15:16:28::SCWMssOS::Checking the sw design at  C:/Users/PC/Desktop/SG_workspace/vitis_SoC_24/Mblaze_led_switch_hw/microblaze_0/standalone_domain/bsp/system.mss
TRACE::2024-09-09.15:16:28::SCWMssOS::DEBUG:  swdes dump  C:/Users/PC/Desktop/SG_workspace/vitis_SoC_24/Mblaze_button_hw/microblaze_0/standalone_domain/bsp/system.mss|system_0||
C:/Users/PC/Desktop/SG_workspace/vitis_SoC_24/Mblaze_hello_hw/microblaze_0/standalone_domain/bsp/system.mss|system||
C:/Users/PC/Desktop/SG_workspace/vitis_SoC_24/Mblaze_led_switch_hw/microblaze_0/standalone_domain/bsp/system.mss|system_1||

TRACE::2024-09-09.15:16:28::SCWMssOS::Sw design exists and opened at  C:/Users/PC/Desktop/SG_workspace/vitis_SoC_24/Mblaze_led_switch_hw/microblaze_0/standalone_domain/bsp/system.mss
TRACE::2024-09-09.15:16:28::SCWPlatform::Trying to open the hw design at C:/Users/PC/Desktop/SG_workspace/vitis_SoC_24/Mblaze_led_switch_hw/hw/micro_blaze_led_switch_wrapper.xsa
TRACE::2024-09-09.15:16:28::SCWPlatform::DSA given C:/Users/PC/Desktop/SG_workspace/vitis_SoC_24/Mblaze_led_switch_hw/hw/micro_blaze_led_switch_wrapper.xsa
TRACE::2024-09-09.15:16:28::SCWPlatform::DSA absoulate path C:/Users/PC/Desktop/SG_workspace/vitis_SoC_24/Mblaze_led_switch_hw/hw/micro_blaze_led_switch_wrapper.xsa
TRACE::2024-09-09.15:16:28::SCWPlatform::DSA directory C:/Users/PC/Desktop/SG_workspace/vitis_SoC_24/Mblaze_led_switch_hw/hw
TRACE::2024-09-09.15:16:28::SCWPlatform:: Platform Path C:/Users/PC/Desktop/SG_workspace/vitis_SoC_24/Mblaze_led_switch_hw/hw/micro_blaze_led_switch_wrapper.xsa
TRACE::2024-09-09.15:16:28::SCWPlatform:: Unique name xilinx:basys3::0.0
TRACE::2024-09-09.15:16:28::SCWPlatform::Trying to set the existing hwdb with name micro_blaze_led_switch_wrapper_0
TRACE::2024-09-09.15:16:28::SCWPlatform::Opened existing hwdb micro_blaze_led_switch_wrapper_0
TRACE::2024-09-09.15:16:28::SCWPlatform::Found the Hw Db part of the input DSA
TRACE::2024-09-09.15:16:28::SCWMssOS::Checking the sw design at  C:/Users/PC/Desktop/SG_workspace/vitis_SoC_24/Mblaze_led_switch_hw/microblaze_0/standalone_domain/bsp/system.mss
TRACE::2024-09-09.15:16:28::SCWMssOS::DEBUG:  swdes dump  C:/Users/PC/Desktop/SG_workspace/vitis_SoC_24/Mblaze_button_hw/microblaze_0/standalone_domain/bsp/system.mss|system_0||
C:/Users/PC/Desktop/SG_workspace/vitis_SoC_24/Mblaze_hello_hw/microblaze_0/standalone_domain/bsp/system.mss|system||
C:/Users/PC/Desktop/SG_workspace/vitis_SoC_24/Mblaze_led_switch_hw/microblaze_0/standalone_domain/bsp/system.mss|system_1||

TRACE::2024-09-09.15:16:28::SCWMssOS::Sw design exists and opened at  C:/Users/PC/Desktop/SG_workspace/vitis_SoC_24/Mblaze_led_switch_hw/microblaze_0/standalone_domain/bsp/system.mss
TRACE::2024-09-09.15:16:28::SCWPlatform::Trying to open the hw design at C:/Users/PC/Desktop/SG_workspace/vitis_SoC_24/Mblaze_led_switch_hw/hw/micro_blaze_led_switch_wrapper.xsa
TRACE::2024-09-09.15:16:28::SCWPlatform::DSA given C:/Users/PC/Desktop/SG_workspace/vitis_SoC_24/Mblaze_led_switch_hw/hw/micro_blaze_led_switch_wrapper.xsa
TRACE::2024-09-09.15:16:28::SCWPlatform::DSA absoulate path C:/Users/PC/Desktop/SG_workspace/vitis_SoC_24/Mblaze_led_switch_hw/hw/micro_blaze_led_switch_wrapper.xsa
TRACE::2024-09-09.15:16:28::SCWPlatform::DSA directory C:/Users/PC/Desktop/SG_workspace/vitis_SoC_24/Mblaze_led_switch_hw/hw
TRACE::2024-09-09.15:16:28::SCWPlatform:: Platform Path C:/Users/PC/Desktop/SG_workspace/vitis_SoC_24/Mblaze_led_switch_hw/hw/micro_blaze_led_switch_wrapper.xsa
TRACE::2024-09-09.15:16:28::SCWPlatform:: Unique name xilinx:basys3::0.0
TRACE::2024-09-09.15:16:28::SCWPlatform::Trying to set the existing hwdb with name micro_blaze_led_switch_wrapper_0
TRACE::2024-09-09.15:16:28::SCWPlatform::Opened existing hwdb micro_blaze_led_switch_wrapper_0
TRACE::2024-09-09.15:16:28::SCWPlatform::Found the Hw Db part of the input DSA
TRACE::2024-09-09.15:16:28::SCWMssOS::Checking the sw design at  C:/Users/PC/Desktop/SG_workspace/vitis_SoC_24/Mblaze_led_switch_hw/microblaze_0/standalone_domain/bsp/system.mss
TRACE::2024-09-09.15:16:28::SCWMssOS::DEBUG:  swdes dump  C:/Users/PC/Desktop/SG_workspace/vitis_SoC_24/Mblaze_button_hw/microblaze_0/standalone_domain/bsp/system.mss|system_0||
C:/Users/PC/Desktop/SG_workspace/vitis_SoC_24/Mblaze_hello_hw/microblaze_0/standalone_domain/bsp/system.mss|system||
C:/Users/PC/Desktop/SG_workspace/vitis_SoC_24/Mblaze_led_switch_hw/microblaze_0/standalone_domain/bsp/system.mss|system_1||

TRACE::2024-09-09.15:16:28::SCWMssOS::Sw design exists and opened at  C:/Users/PC/Desktop/SG_workspace/vitis_SoC_24/Mblaze_led_switch_hw/microblaze_0/standalone_domain/bsp/system.mss
TRACE::2024-09-09.15:16:28::SCWPlatform::Trying to open the hw design at C:/Users/PC/Desktop/SG_workspace/vitis_SoC_24/Mblaze_led_switch_hw/hw/micro_blaze_led_switch_wrapper.xsa
TRACE::2024-09-09.15:16:28::SCWPlatform::DSA given C:/Users/PC/Desktop/SG_workspace/vitis_SoC_24/Mblaze_led_switch_hw/hw/micro_blaze_led_switch_wrapper.xsa
TRACE::2024-09-09.15:16:28::SCWPlatform::DSA absoulate path C:/Users/PC/Desktop/SG_workspace/vitis_SoC_24/Mblaze_led_switch_hw/hw/micro_blaze_led_switch_wrapper.xsa
TRACE::2024-09-09.15:16:28::SCWPlatform::DSA directory C:/Users/PC/Desktop/SG_workspace/vitis_SoC_24/Mblaze_led_switch_hw/hw
TRACE::2024-09-09.15:16:28::SCWPlatform:: Platform Path C:/Users/PC/Desktop/SG_workspace/vitis_SoC_24/Mblaze_led_switch_hw/hw/micro_blaze_led_switch_wrapper.xsa
TRACE::2024-09-09.15:16:28::SCWPlatform:: Unique name xilinx:basys3::0.0
TRACE::2024-09-09.15:16:28::SCWPlatform::Trying to set the existing hwdb with name micro_blaze_led_switch_wrapper_0
TRACE::2024-09-09.15:16:28::SCWPlatform::Opened existing hwdb micro_blaze_led_switch_wrapper_0
TRACE::2024-09-09.15:16:28::SCWPlatform::Found the Hw Db part of the input DSA
TRACE::2024-09-09.15:16:28::SCWMssOS::Checking the sw design at  C:/Users/PC/Desktop/SG_workspace/vitis_SoC_24/Mblaze_led_switch_hw/microblaze_0/standalone_domain/bsp/system.mss
TRACE::2024-09-09.15:16:28::SCWMssOS::DEBUG:  swdes dump  C:/Users/PC/Desktop/SG_workspace/vitis_SoC_24/Mblaze_button_hw/microblaze_0/standalone_domain/bsp/system.mss|system_0||
C:/Users/PC/Desktop/SG_workspace/vitis_SoC_24/Mblaze_hello_hw/microblaze_0/standalone_domain/bsp/system.mss|system||
C:/Users/PC/Desktop/SG_workspace/vitis_SoC_24/Mblaze_led_switch_hw/microblaze_0/standalone_domain/bsp/system.mss|system_1||

TRACE::2024-09-09.15:16:28::SCWMssOS::Sw design exists and opened at  C:/Users/PC/Desktop/SG_workspace/vitis_SoC_24/Mblaze_led_switch_hw/microblaze_0/standalone_domain/bsp/system.mss
TRACE::2024-09-09.15:16:28::SCWWriter::formatted JSON is {
	"platformName":	"Mblaze_led_switch_hw",
	"sprVersion":	"2.0",
	"mode":	"gui",
	"dsaType":	"Fixed",
	"platformDesc":	"Mblaze_led_switch_hw",
	"platHandOff":	"C:/Users/PC/Desktop/SG_workspace/SoC_soc_24/micro_blaze_led_switch_wrapper.xsa",
	"platIntHandOff":	"<platformDir>/hw/micro_blaze_led_switch_wrapper.xsa",
	"deviceType":	"FPGA",
	"platIsPrebuiltAutogen":	"false",
	"platIsNoBootBsp":	"false",
	"hasFsblMakeHasChanges":	"false",
	"hasPmufwMakeHasChanges":	"false",
	"platPreBuiltFlag":	false,
	"platformSamplesDir":	"",
	"platActiveSys":	"Mblaze_led_switch_hw",
	"systems":	[{
			"systemName":	"Mblaze_led_switch_hw",
			"systemDesc":	"Mblaze_led_switch_hw",
			"sysIsBootAutoGen":	"true",
			"systemDispName":	"Mblaze_led_switch_hw",
			"sysActiveDom":	"standalone_domain",
			"sysDefaultDom":	"standalone_domain",
			"domains":	[{
					"domainName":	"standalone_domain",
					"domainDispName":	"standalone on microblaze_0",
					"domainDesc":	"standalone_domain",
					"processors":	"microblaze_0",
					"os":	"standalone",
					"sdxOs":	"standalone",
					"debugEnable":	"False",
					"domRuntimes":	["cpp"],
					"swRepo":	"",
					"mssOsVer":	"7.1",
					"mssFile":	"",
					"md5Digest":	"b765fa2d6559659d34d6179a96efd73c",
					"compatibleApp":	"",
					"domType":	"mssDomain",
					"appSettings":	{
						"appCompilerFlags":	"",
						"appLinkerFlags":	""
					},
					"addedLibs":	[],
					"libOptions":	{
						"libsContainingOptions":	[]
					},
					"prebuiltLibs":	{
						"prebuiltIncPath":	[],
						"prebuiltLibPath":	[]
					},
					"isolation":	{
					}
				}]
		}]
}
TRACE::2024-09-09.15:16:28::SCWPlatform::Trying to open the hw design at C:/Users/PC/Desktop/SG_workspace/vitis_SoC_24/Mblaze_led_switch_hw/hw/micro_blaze_led_switch_wrapper.xsa
TRACE::2024-09-09.15:16:28::SCWPlatform::DSA given C:/Users/PC/Desktop/SG_workspace/vitis_SoC_24/Mblaze_led_switch_hw/hw/micro_blaze_led_switch_wrapper.xsa
TRACE::2024-09-09.15:16:28::SCWPlatform::DSA absoulate path C:/Users/PC/Desktop/SG_workspace/vitis_SoC_24/Mblaze_led_switch_hw/hw/micro_blaze_led_switch_wrapper.xsa
TRACE::2024-09-09.15:16:28::SCWPlatform::DSA directory C:/Users/PC/Desktop/SG_workspace/vitis_SoC_24/Mblaze_led_switch_hw/hw
TRACE::2024-09-09.15:16:28::SCWPlatform:: Platform Path C:/Users/PC/Desktop/SG_workspace/vitis_SoC_24/Mblaze_led_switch_hw/hw/micro_blaze_led_switch_wrapper.xsa
TRACE::2024-09-09.15:16:28::SCWPlatform:: Unique name xilinx:basys3::0.0
TRACE::2024-09-09.15:16:28::SCWPlatform::Trying to set the existing hwdb with name micro_blaze_led_switch_wrapper_0
TRACE::2024-09-09.15:16:28::SCWPlatform::Opened existing hwdb micro_blaze_led_switch_wrapper_0
TRACE::2024-09-09.15:16:28::SCWPlatform::Found the Hw Db part of the input DSA
TRACE::2024-09-09.15:16:28::SCWMssOS::Checking the sw design at  C:/Users/PC/Desktop/SG_workspace/vitis_SoC_24/Mblaze_led_switch_hw/microblaze_0/standalone_domain/bsp/system.mss
TRACE::2024-09-09.15:16:28::SCWMssOS::DEBUG:  swdes dump  C:/Users/PC/Desktop/SG_workspace/vitis_SoC_24/Mblaze_button_hw/microblaze_0/standalone_domain/bsp/system.mss|system_0||
C:/Users/PC/Desktop/SG_workspace/vitis_SoC_24/Mblaze_hello_hw/microblaze_0/standalone_domain/bsp/system.mss|system||
C:/Users/PC/Desktop/SG_workspace/vitis_SoC_24/Mblaze_led_switch_hw/microblaze_0/standalone_domain/bsp/system.mss|system_1||

TRACE::2024-09-09.15:16:28::SCWMssOS::Sw design exists and opened at  C:/Users/PC/Desktop/SG_workspace/vitis_SoC_24/Mblaze_led_switch_hw/microblaze_0/standalone_domain/bsp/system.mss
TRACE::2024-09-09.15:16:28::SCWPlatform::Trying to open the hw design at C:/Users/PC/Desktop/SG_workspace/vitis_SoC_24/Mblaze_led_switch_hw/hw/micro_blaze_led_switch_wrapper.xsa
TRACE::2024-09-09.15:16:28::SCWPlatform::DSA given C:/Users/PC/Desktop/SG_workspace/vitis_SoC_24/Mblaze_led_switch_hw/hw/micro_blaze_led_switch_wrapper.xsa
TRACE::2024-09-09.15:16:28::SCWPlatform::DSA absoulate path C:/Users/PC/Desktop/SG_workspace/vitis_SoC_24/Mblaze_led_switch_hw/hw/micro_blaze_led_switch_wrapper.xsa
TRACE::2024-09-09.15:16:28::SCWPlatform::DSA directory C:/Users/PC/Desktop/SG_workspace/vitis_SoC_24/Mblaze_led_switch_hw/hw
TRACE::2024-09-09.15:16:28::SCWPlatform:: Platform Path C:/Users/PC/Desktop/SG_workspace/vitis_SoC_24/Mblaze_led_switch_hw/hw/micro_blaze_led_switch_wrapper.xsa
TRACE::2024-09-09.15:16:28::SCWPlatform:: Unique name xilinx:basys3::0.0
TRACE::2024-09-09.15:16:28::SCWPlatform::Trying to set the existing hwdb with name micro_blaze_led_switch_wrapper_0
TRACE::2024-09-09.15:16:28::SCWPlatform::Opened existing hwdb micro_blaze_led_switch_wrapper_0
TRACE::2024-09-09.15:16:28::SCWPlatform::Found the Hw Db part of the input DSA
TRACE::2024-09-09.15:16:28::SCWMssOS::Checking the sw design at  C:/Users/PC/Desktop/SG_workspace/vitis_SoC_24/Mblaze_led_switch_hw/microblaze_0/standalone_domain/bsp/system.mss
TRACE::2024-09-09.15:16:28::SCWMssOS::DEBUG:  swdes dump  C:/Users/PC/Desktop/SG_workspace/vitis_SoC_24/Mblaze_button_hw/microblaze_0/standalone_domain/bsp/system.mss|system_0||
C:/Users/PC/Desktop/SG_workspace/vitis_SoC_24/Mblaze_hello_hw/microblaze_0/standalone_domain/bsp/system.mss|system||
C:/Users/PC/Desktop/SG_workspace/vitis_SoC_24/Mblaze_led_switch_hw/microblaze_0/standalone_domain/bsp/system.mss|system_1||

TRACE::2024-09-09.15:16:28::SCWMssOS::Sw design exists and opened at  C:/Users/PC/Desktop/SG_workspace/vitis_SoC_24/Mblaze_led_switch_hw/microblaze_0/standalone_domain/bsp/system.mss
TRACE::2024-09-09.15:16:28::SCWPlatform::Trying to open the hw design at C:/Users/PC/Desktop/SG_workspace/vitis_SoC_24/Mblaze_led_switch_hw/hw/micro_blaze_led_switch_wrapper.xsa
TRACE::2024-09-09.15:16:28::SCWPlatform::DSA given C:/Users/PC/Desktop/SG_workspace/vitis_SoC_24/Mblaze_led_switch_hw/hw/micro_blaze_led_switch_wrapper.xsa
TRACE::2024-09-09.15:16:28::SCWPlatform::DSA absoulate path C:/Users/PC/Desktop/SG_workspace/vitis_SoC_24/Mblaze_led_switch_hw/hw/micro_blaze_led_switch_wrapper.xsa
TRACE::2024-09-09.15:16:28::SCWPlatform::DSA directory C:/Users/PC/Desktop/SG_workspace/vitis_SoC_24/Mblaze_led_switch_hw/hw
TRACE::2024-09-09.15:16:28::SCWPlatform:: Platform Path C:/Users/PC/Desktop/SG_workspace/vitis_SoC_24/Mblaze_led_switch_hw/hw/micro_blaze_led_switch_wrapper.xsa
TRACE::2024-09-09.15:16:28::SCWPlatform:: Unique name xilinx:basys3::0.0
TRACE::2024-09-09.15:16:28::SCWPlatform::Trying to set the existing hwdb with name micro_blaze_led_switch_wrapper_0
TRACE::2024-09-09.15:16:28::SCWPlatform::Opened existing hwdb micro_blaze_led_switch_wrapper_0
TRACE::2024-09-09.15:16:28::SCWPlatform::Found the Hw Db part of the input DSA
TRACE::2024-09-09.15:16:28::SCWMssOS::Checking the sw design at  C:/Users/PC/Desktop/SG_workspace/vitis_SoC_24/Mblaze_led_switch_hw/microblaze_0/standalone_domain/bsp/system.mss
TRACE::2024-09-09.15:16:28::SCWMssOS::DEBUG:  swdes dump  C:/Users/PC/Desktop/SG_workspace/vitis_SoC_24/Mblaze_button_hw/microblaze_0/standalone_domain/bsp/system.mss|system_0||
C:/Users/PC/Desktop/SG_workspace/vitis_SoC_24/Mblaze_hello_hw/microblaze_0/standalone_domain/bsp/system.mss|system||
C:/Users/PC/Desktop/SG_workspace/vitis_SoC_24/Mblaze_led_switch_hw/microblaze_0/standalone_domain/bsp/system.mss|system_1||

TRACE::2024-09-09.15:16:28::SCWMssOS::Sw design exists and opened at  C:/Users/PC/Desktop/SG_workspace/vitis_SoC_24/Mblaze_led_switch_hw/microblaze_0/standalone_domain/bsp/system.mss
TRACE::2024-09-09.15:16:28::SCWWriter::formatted JSON is {
	"platformName":	"Mblaze_led_switch_hw",
	"sprVersion":	"2.0",
	"mode":	"gui",
	"dsaType":	"Fixed",
	"platformDesc":	"Mblaze_led_switch_hw",
	"platHandOff":	"C:/Users/PC/Desktop/SG_workspace/SoC_soc_24/micro_blaze_led_switch_wrapper.xsa",
	"platIntHandOff":	"<platformDir>/hw/micro_blaze_led_switch_wrapper.xsa",
	"deviceType":	"FPGA",
	"platIsPrebuiltAutogen":	"false",
	"platIsNoBootBsp":	"false",
	"hasFsblMakeHasChanges":	"false",
	"hasPmufwMakeHasChanges":	"false",
	"platPreBuiltFlag":	false,
	"platformSamplesDir":	"",
	"platActiveSys":	"Mblaze_led_switch_hw",
	"systems":	[{
			"systemName":	"Mblaze_led_switch_hw",
			"systemDesc":	"Mblaze_led_switch_hw",
			"sysIsBootAutoGen":	"true",
			"systemDispName":	"Mblaze_led_switch_hw",
			"sysActiveDom":	"standalone_domain",
			"sysDefaultDom":	"standalone_domain",
			"domains":	[{
					"domainName":	"standalone_domain",
					"domainDispName":	"standalone on microblaze_0",
					"domainDesc":	"standalone_domain",
					"processors":	"microblaze_0",
					"os":	"standalone",
					"sdxOs":	"standalone",
					"debugEnable":	"False",
					"domRuntimes":	["cpp"],
					"swRepo":	"",
					"mssOsVer":	"7.1",
					"mssFile":	"",
					"md5Digest":	"b765fa2d6559659d34d6179a96efd73c",
					"compatibleApp":	"",
					"domType":	"mssDomain",
					"appSettings":	{
						"appCompilerFlags":	"",
						"appLinkerFlags":	""
					},
					"addedLibs":	[],
					"libOptions":	{
						"libsContainingOptions":	[]
					},
					"prebuiltLibs":	{
						"prebuiltIncPath":	[],
						"prebuiltLibPath":	[]
					},
					"isolation":	{
					}
				}]
		}]
}
TRACE::2024-09-09.15:16:29::SCWPlatform::Clearing the existing platform
TRACE::2024-09-09.15:16:29::SCWSystem::Clearing the existing sysconfig
TRACE::2024-09-09.15:16:29::SCWMssOS::Removing the swdes entry for  C:/Users/PC/Desktop/SG_workspace/vitis_SoC_24/Mblaze_led_switch_hw/microblaze_0/standalone_domain/bsp/system.mss
TRACE::2024-09-09.15:16:29::SCWSystem::Clearing the domains completed.
TRACE::2024-09-09.15:16:29::SCWPlatform::Clearing the opened hw db.
TRACE::2024-09-09.15:16:29::SCWPlatform::DSA given C:/Users/PC/Desktop/SG_workspace/vitis_SoC_24/Mblaze_led_switch_hw/hw/micro_blaze_led_switch_wrapper.xsa
TRACE::2024-09-09.15:16:29::SCWPlatform::DSA absoulate path C:/Users/PC/Desktop/SG_workspace/vitis_SoC_24/Mblaze_led_switch_hw/hw/micro_blaze_led_switch_wrapper.xsa
TRACE::2024-09-09.15:16:29::SCWPlatform:: Platform location is C:/Users/PC/Desktop/SG_workspace/vitis_SoC_24/Mblaze_led_switch_hw/hw
TRACE::2024-09-09.15:16:29::SCWPlatform:: Platform Path C:/Users/PC/Desktop/SG_workspace/vitis_SoC_24/Mblaze_led_switch_hw/hw/micro_blaze_led_switch_wrapper.xsa
TRACE::2024-09-09.15:16:29::SCWPlatform:: Unique name xilinx:basys3::0.0
TRACE::2024-09-09.15:16:29::SCWPlatform::Removing the HwDB with name C:/Users/PC/Desktop/SG_workspace/vitis_SoC_24/Mblaze_led_switch_hw/hw/micro_blaze_led_switch_wrapper.xsa
TRACE::2024-09-09.15:16:29::SCWPlatform::Trying to open the hw design at C:/Users/PC/Desktop/SG_workspace/vitis_SoC_24/Mblaze_led_switch_hw/hw/micro_blaze_led_switch_wrapper.xsa
TRACE::2024-09-09.15:16:29::SCWPlatform::DSA given C:/Users/PC/Desktop/SG_workspace/vitis_SoC_24/Mblaze_led_switch_hw/hw/micro_blaze_led_switch_wrapper.xsa
TRACE::2024-09-09.15:16:29::SCWPlatform::DSA absoulate path C:/Users/PC/Desktop/SG_workspace/vitis_SoC_24/Mblaze_led_switch_hw/hw/micro_blaze_led_switch_wrapper.xsa
TRACE::2024-09-09.15:16:29::SCWPlatform::DSA directory C:/Users/PC/Desktop/SG_workspace/vitis_SoC_24/Mblaze_led_switch_hw/hw
TRACE::2024-09-09.15:16:29::SCWPlatform:: Platform Path C:/Users/PC/Desktop/SG_workspace/vitis_SoC_24/Mblaze_led_switch_hw/hw/micro_blaze_led_switch_wrapper.xsa
TRACE::2024-09-09.15:16:29::SCWPlatform:: Unique name xilinx:basys3::0.0
TRACE::2024-09-09.15:16:29::SCWPlatform::Do not have an existing db opened. 
TRACE::2024-09-09.15:16:29::SCWPlatform::Opened new HwDB with name micro_blaze_led_switch_wrapper_1
TRACE::2024-09-09.15:16:29::SCWReader::Active system found as  Mblaze_led_switch_hw
TRACE::2024-09-09.15:16:29::SCWReader::Handling sysconfig Mblaze_led_switch_hw
TRACE::2024-09-09.15:16:29::SCWDomain::checking for install qemu data   : 
TRACE::2024-09-09.15:16:29::SCWPlatform::Trying to open the hw design at C:/Users/PC/Desktop/SG_workspace/vitis_SoC_24/Mblaze_led_switch_hw/hw/micro_blaze_led_switch_wrapper.xsa
TRACE::2024-09-09.15:16:29::SCWPlatform::DSA given C:/Users/PC/Desktop/SG_workspace/vitis_SoC_24/Mblaze_led_switch_hw/hw/micro_blaze_led_switch_wrapper.xsa
TRACE::2024-09-09.15:16:29::SCWPlatform::DSA absoulate path C:/Users/PC/Desktop/SG_workspace/vitis_SoC_24/Mblaze_led_switch_hw/hw/micro_blaze_led_switch_wrapper.xsa
TRACE::2024-09-09.15:16:29::SCWPlatform::DSA directory C:/Users/PC/Desktop/SG_workspace/vitis_SoC_24/Mblaze_led_switch_hw/hw
TRACE::2024-09-09.15:16:29::SCWPlatform:: Platform Path C:/Users/PC/Desktop/SG_workspace/vitis_SoC_24/Mblaze_led_switch_hw/hw/micro_blaze_led_switch_wrapper.xsa
TRACE::2024-09-09.15:16:29::SCWPlatform:: Unique name xilinx:basys3::0.0
TRACE::2024-09-09.15:16:29::SCWPlatform::Trying to set the existing hwdb with name micro_blaze_led_switch_wrapper_1
TRACE::2024-09-09.15:16:29::SCWPlatform::Opened existing hwdb micro_blaze_led_switch_wrapper_1
TRACE::2024-09-09.15:16:29::SCWPlatform::Found the Hw Db part of the input DSA
TRACE::2024-09-09.15:16:29::SCWPlatform::Trying to open the hw design at C:/Users/PC/Desktop/SG_workspace/vitis_SoC_24/Mblaze_led_switch_hw/hw/micro_blaze_led_switch_wrapper.xsa
TRACE::2024-09-09.15:16:29::SCWPlatform::DSA given C:/Users/PC/Desktop/SG_workspace/vitis_SoC_24/Mblaze_led_switch_hw/hw/micro_blaze_led_switch_wrapper.xsa
TRACE::2024-09-09.15:16:29::SCWPlatform::DSA absoulate path C:/Users/PC/Desktop/SG_workspace/vitis_SoC_24/Mblaze_led_switch_hw/hw/micro_blaze_led_switch_wrapper.xsa
TRACE::2024-09-09.15:16:29::SCWPlatform::DSA directory C:/Users/PC/Desktop/SG_workspace/vitis_SoC_24/Mblaze_led_switch_hw/hw
TRACE::2024-09-09.15:16:29::SCWPlatform:: Platform Path C:/Users/PC/Desktop/SG_workspace/vitis_SoC_24/Mblaze_led_switch_hw/hw/micro_blaze_led_switch_wrapper.xsa
TRACE::2024-09-09.15:16:29::SCWPlatform:: Unique name xilinx:basys3::0.0
TRACE::2024-09-09.15:16:29::SCWPlatform::Trying to set the existing hwdb with name micro_blaze_led_switch_wrapper_1
TRACE::2024-09-09.15:16:29::SCWPlatform::Opened existing hwdb micro_blaze_led_switch_wrapper_1
TRACE::2024-09-09.15:16:29::SCWPlatform::Found the Hw Db part of the input DSA
TRACE::2024-09-09.15:16:29::SCWPlatform::Trying to open the hw design at C:/Users/PC/Desktop/SG_workspace/vitis_SoC_24/Mblaze_led_switch_hw/hw/micro_blaze_led_switch_wrapper.xsa
TRACE::2024-09-09.15:16:29::SCWPlatform::DSA given C:/Users/PC/Desktop/SG_workspace/vitis_SoC_24/Mblaze_led_switch_hw/hw/micro_blaze_led_switch_wrapper.xsa
TRACE::2024-09-09.15:16:29::SCWPlatform::DSA absoulate path C:/Users/PC/Desktop/SG_workspace/vitis_SoC_24/Mblaze_led_switch_hw/hw/micro_blaze_led_switch_wrapper.xsa
TRACE::2024-09-09.15:16:29::SCWPlatform::DSA directory C:/Users/PC/Desktop/SG_workspace/vitis_SoC_24/Mblaze_led_switch_hw/hw
TRACE::2024-09-09.15:16:29::SCWPlatform:: Platform Path C:/Users/PC/Desktop/SG_workspace/vitis_SoC_24/Mblaze_led_switch_hw/hw/micro_blaze_led_switch_wrapper.xsa
TRACE::2024-09-09.15:16:29::SCWPlatform:: Unique name xilinx:basys3::0.0
TRACE::2024-09-09.15:16:29::SCWPlatform::Trying to set the existing hwdb with name micro_blaze_led_switch_wrapper_1
TRACE::2024-09-09.15:16:29::SCWPlatform::Opened existing hwdb micro_blaze_led_switch_wrapper_1
TRACE::2024-09-09.15:16:29::SCWPlatform::Found the Hw Db part of the input DSA
TRACE::2024-09-09.15:16:29::SCWMssOS::Checking the sw design at  C:/Users/PC/Desktop/SG_workspace/vitis_SoC_24/Mblaze_led_switch_hw/microblaze_0/standalone_domain/bsp/system.mss
TRACE::2024-09-09.15:16:29::SCWMssOS::DEBUG:  swdes dump  C:/Users/PC/Desktop/SG_workspace/vitis_SoC_24/Mblaze_button_hw/microblaze_0/standalone_domain/bsp/system.mss|system_0||
C:/Users/PC/Desktop/SG_workspace/vitis_SoC_24/Mblaze_hello_hw/microblaze_0/standalone_domain/bsp/system.mss|system||

TRACE::2024-09-09.15:16:29::SCWMssOS::No sw design opened at  C:/Users/PC/Desktop/SG_workspace/vitis_SoC_24/Mblaze_led_switch_hw/microblaze_0/standalone_domain/bsp/system.mss
TRACE::2024-09-09.15:16:29::SCWMssOS::mss exists loading the mss file  C:/Users/PC/Desktop/SG_workspace/vitis_SoC_24/Mblaze_led_switch_hw/microblaze_0/standalone_domain/bsp/system.mss
TRACE::2024-09-09.15:16:29::SCWMssOS::Opened the sw design from mss  C:/Users/PC/Desktop/SG_workspace/vitis_SoC_24/Mblaze_led_switch_hw/microblaze_0/standalone_domain/bsp/system.mss
TRACE::2024-09-09.15:16:29::SCWMssOS::Adding the swdes entry C:/Users/PC/Desktop/SG_workspace/vitis_SoC_24/Mblaze_led_switch_hw/microblaze_0/standalone_domain/bsp/system.mss with des name system_1
TRACE::2024-09-09.15:16:29::SCWMssOS::updating the scw layer about changes
TRACE::2024-09-09.15:16:29::SCWMssOS::Opened the sw design.  C:/Users/PC/Desktop/SG_workspace/vitis_SoC_24/Mblaze_led_switch_hw/microblaze_0/standalone_domain/bsp/system.mss
TRACE::2024-09-09.15:16:29::SCWReader::Adding prebuilt librarypaths as   
TRACE::2024-09-09.15:16:29::SCWReader::Adding prebuilt incpaths  as   
TRACE::2024-09-09.15:16:29::SCWPlatform::Trying to open the hw design at C:/Users/PC/Desktop/SG_workspace/vitis_SoC_24/Mblaze_led_switch_hw/hw/micro_blaze_led_switch_wrapper.xsa
TRACE::2024-09-09.15:16:29::SCWPlatform::DSA given C:/Users/PC/Desktop/SG_workspace/vitis_SoC_24/Mblaze_led_switch_hw/hw/micro_blaze_led_switch_wrapper.xsa
TRACE::2024-09-09.15:16:29::SCWPlatform::DSA absoulate path C:/Users/PC/Desktop/SG_workspace/vitis_SoC_24/Mblaze_led_switch_hw/hw/micro_blaze_led_switch_wrapper.xsa
TRACE::2024-09-09.15:16:29::SCWPlatform::DSA directory C:/Users/PC/Desktop/SG_workspace/vitis_SoC_24/Mblaze_led_switch_hw/hw
TRACE::2024-09-09.15:16:29::SCWPlatform:: Platform Path C:/Users/PC/Desktop/SG_workspace/vitis_SoC_24/Mblaze_led_switch_hw/hw/micro_blaze_led_switch_wrapper.xsa
TRACE::2024-09-09.15:16:29::SCWPlatform:: Unique name xilinx:basys3::0.0
TRACE::2024-09-09.15:16:29::SCWPlatform::Trying to set the existing hwdb with name micro_blaze_led_switch_wrapper_1
TRACE::2024-09-09.15:16:29::SCWPlatform::Opened existing hwdb micro_blaze_led_switch_wrapper_1
TRACE::2024-09-09.15:16:29::SCWPlatform::Found the Hw Db part of the input DSA
TRACE::2024-09-09.15:16:29::SCWMssOS::Checking the sw design at  C:/Users/PC/Desktop/SG_workspace/vitis_SoC_24/Mblaze_led_switch_hw/microblaze_0/standalone_domain/bsp/system.mss
TRACE::2024-09-09.15:16:29::SCWMssOS::DEBUG:  swdes dump  C:/Users/PC/Desktop/SG_workspace/vitis_SoC_24/Mblaze_button_hw/microblaze_0/standalone_domain/bsp/system.mss|system_0||
C:/Users/PC/Desktop/SG_workspace/vitis_SoC_24/Mblaze_hello_hw/microblaze_0/standalone_domain/bsp/system.mss|system||
C:/Users/PC/Desktop/SG_workspace/vitis_SoC_24/Mblaze_led_switch_hw/microblaze_0/standalone_domain/bsp/system.mss|system_1||

TRACE::2024-09-09.15:16:29::SCWMssOS::Sw design exists and opened at  C:/Users/PC/Desktop/SG_workspace/vitis_SoC_24/Mblaze_led_switch_hw/microblaze_0/standalone_domain/bsp/system.mss
TRACE::2024-09-09.15:16:29::SCWReader::No isolation master present  
TRACE::2024-09-09.15:16:29::SCWPlatform::Trying to open the hw design at C:/Users/PC/Desktop/SG_workspace/vitis_SoC_24/Mblaze_led_switch_hw/hw/micro_blaze_led_switch_wrapper.xsa
TRACE::2024-09-09.15:16:29::SCWPlatform::DSA given C:/Users/PC/Desktop/SG_workspace/vitis_SoC_24/Mblaze_led_switch_hw/hw/micro_blaze_led_switch_wrapper.xsa
TRACE::2024-09-09.15:16:29::SCWPlatform::DSA absoulate path C:/Users/PC/Desktop/SG_workspace/vitis_SoC_24/Mblaze_led_switch_hw/hw/micro_blaze_led_switch_wrapper.xsa
TRACE::2024-09-09.15:16:29::SCWPlatform::DSA directory C:/Users/PC/Desktop/SG_workspace/vitis_SoC_24/Mblaze_led_switch_hw/hw
TRACE::2024-09-09.15:16:29::SCWPlatform:: Platform Path C:/Users/PC/Desktop/SG_workspace/vitis_SoC_24/Mblaze_led_switch_hw/hw/micro_blaze_led_switch_wrapper.xsa
TRACE::2024-09-09.15:16:29::SCWPlatform:: Unique name xilinx:basys3::0.0
TRACE::2024-09-09.15:16:29::SCWPlatform::Trying to set the existing hwdb with name micro_blaze_led_switch_wrapper_1
TRACE::2024-09-09.15:16:29::SCWPlatform::Opened existing hwdb micro_blaze_led_switch_wrapper_1
TRACE::2024-09-09.15:16:29::SCWPlatform::Found the Hw Db part of the input DSA
TRACE::2024-09-09.15:16:29::SCWMssOS::Checking the sw design at  C:/Users/PC/Desktop/SG_workspace/vitis_SoC_24/Mblaze_led_switch_hw/microblaze_0/standalone_domain/bsp/system.mss
TRACE::2024-09-09.15:16:29::SCWMssOS::DEBUG:  swdes dump  C:/Users/PC/Desktop/SG_workspace/vitis_SoC_24/Mblaze_button_hw/microblaze_0/standalone_domain/bsp/system.mss|system_0||
C:/Users/PC/Desktop/SG_workspace/vitis_SoC_24/Mblaze_hello_hw/microblaze_0/standalone_domain/bsp/system.mss|system||
C:/Users/PC/Desktop/SG_workspace/vitis_SoC_24/Mblaze_led_switch_hw/microblaze_0/standalone_domain/bsp/system.mss|system_1||

TRACE::2024-09-09.15:16:29::SCWMssOS::Sw design exists and opened at  C:/Users/PC/Desktop/SG_workspace/vitis_SoC_24/Mblaze_led_switch_hw/microblaze_0/standalone_domain/bsp/system.mss
TRACE::2024-09-09.15:16:30::SCWMssOS::In reload Mss file.
TRACE::2024-09-09.15:16:30::SCWPlatform::Trying to open the hw design at C:/Users/PC/Desktop/SG_workspace/vitis_SoC_24/Mblaze_led_switch_hw/hw/micro_blaze_led_switch_wrapper.xsa
TRACE::2024-09-09.15:16:30::SCWPlatform::DSA given C:/Users/PC/Desktop/SG_workspace/vitis_SoC_24/Mblaze_led_switch_hw/hw/micro_blaze_led_switch_wrapper.xsa
TRACE::2024-09-09.15:16:30::SCWPlatform::DSA absoulate path C:/Users/PC/Desktop/SG_workspace/vitis_SoC_24/Mblaze_led_switch_hw/hw/micro_blaze_led_switch_wrapper.xsa
TRACE::2024-09-09.15:16:30::SCWPlatform::DSA directory C:/Users/PC/Desktop/SG_workspace/vitis_SoC_24/Mblaze_led_switch_hw/hw
TRACE::2024-09-09.15:16:30::SCWPlatform:: Platform Path C:/Users/PC/Desktop/SG_workspace/vitis_SoC_24/Mblaze_led_switch_hw/hw/micro_blaze_led_switch_wrapper.xsa
TRACE::2024-09-09.15:16:30::SCWPlatform:: Unique name xilinx:basys3::0.0
TRACE::2024-09-09.15:16:30::SCWPlatform::Trying to set the existing hwdb with name micro_blaze_led_switch_wrapper_1
TRACE::2024-09-09.15:16:30::SCWPlatform::Opened existing hwdb micro_blaze_led_switch_wrapper_1
TRACE::2024-09-09.15:16:30::SCWPlatform::Found the Hw Db part of the input DSA
TRACE::2024-09-09.15:16:30::SCWMssOS::Checking the sw design at  C:/Users/PC/Desktop/SG_workspace/vitis_SoC_24/Mblaze_led_switch_hw/microblaze_0/standalone_domain/bsp/system.mss
TRACE::2024-09-09.15:16:30::SCWMssOS::DEBUG:  swdes dump  C:/Users/PC/Desktop/SG_workspace/vitis_SoC_24/Mblaze_button_hw/microblaze_0/standalone_domain/bsp/system.mss|system_0||
C:/Users/PC/Desktop/SG_workspace/vitis_SoC_24/Mblaze_hello_hw/microblaze_0/standalone_domain/bsp/system.mss|system||
C:/Users/PC/Desktop/SG_workspace/vitis_SoC_24/Mblaze_led_switch_hw/microblaze_0/standalone_domain/bsp/system.mss|system_1||

KEYINFO::2024-09-09.15:16:30::SCWMssOS::Could not open the swdb for system_1
KEYINFO::2024-09-09.15:16:30::SCWMssOS::Could not open the sw design at  system_1
ERROR: [Hsi 55-1558] Software Design system_1 is not found

TRACE::2024-09-09.15:16:30::SCWMssOS::Cleared the swdb table entry
TRACE::2024-09-09.15:16:30::SCWMssOS::No sw design opened at  C:/Users/PC/Desktop/SG_workspace/vitis_SoC_24/Mblaze_led_switch_hw/microblaze_0/standalone_domain/bsp/system.mss
TRACE::2024-09-09.15:16:30::SCWMssOS::mss exists loading the mss file  C:/Users/PC/Desktop/SG_workspace/vitis_SoC_24/Mblaze_led_switch_hw/microblaze_0/standalone_domain/bsp/system.mss
TRACE::2024-09-09.15:16:30::SCWMssOS::Opened the sw design from mss  C:/Users/PC/Desktop/SG_workspace/vitis_SoC_24/Mblaze_led_switch_hw/microblaze_0/standalone_domain/bsp/system.mss
TRACE::2024-09-09.15:16:30::SCWMssOS::Adding the swdes entry C:/Users/PC/Desktop/SG_workspace/vitis_SoC_24/Mblaze_led_switch_hw/microblaze_0/standalone_domain/bsp/system.mss with des name system_1
TRACE::2024-09-09.15:16:30::SCWMssOS::updating the scw layer about changes
TRACE::2024-09-09.15:16:30::SCWMssOS::Opened the sw design.  C:/Users/PC/Desktop/SG_workspace/vitis_SoC_24/Mblaze_led_switch_hw/microblaze_0/standalone_domain/bsp/system.mss
TRACE::2024-09-09.15:16:30::SCWPlatform::Trying to open the hw design at C:/Users/PC/Desktop/SG_workspace/vitis_SoC_24/Mblaze_led_switch_hw/hw/micro_blaze_led_switch_wrapper.xsa
TRACE::2024-09-09.15:16:30::SCWPlatform::DSA given C:/Users/PC/Desktop/SG_workspace/vitis_SoC_24/Mblaze_led_switch_hw/hw/micro_blaze_led_switch_wrapper.xsa
TRACE::2024-09-09.15:16:30::SCWPlatform::DSA absoulate path C:/Users/PC/Desktop/SG_workspace/vitis_SoC_24/Mblaze_led_switch_hw/hw/micro_blaze_led_switch_wrapper.xsa
TRACE::2024-09-09.15:16:30::SCWPlatform::DSA directory C:/Users/PC/Desktop/SG_workspace/vitis_SoC_24/Mblaze_led_switch_hw/hw
TRACE::2024-09-09.15:16:30::SCWPlatform:: Platform Path C:/Users/PC/Desktop/SG_workspace/vitis_SoC_24/Mblaze_led_switch_hw/hw/micro_blaze_led_switch_wrapper.xsa
TRACE::2024-09-09.15:16:30::SCWPlatform:: Unique name xilinx:basys3::0.0
TRACE::2024-09-09.15:16:30::SCWPlatform::Trying to set the existing hwdb with name micro_blaze_led_switch_wrapper_1
TRACE::2024-09-09.15:16:30::SCWPlatform::Opened existing hwdb micro_blaze_led_switch_wrapper_1
TRACE::2024-09-09.15:16:30::SCWPlatform::Found the Hw Db part of the input DSA
TRACE::2024-09-09.15:16:30::SCWMssOS::Checking the sw design at  C:/Users/PC/Desktop/SG_workspace/vitis_SoC_24/Mblaze_led_switch_hw/microblaze_0/standalone_domain/bsp/system.mss
TRACE::2024-09-09.15:16:30::SCWMssOS::DEBUG:  swdes dump  C:/Users/PC/Desktop/SG_workspace/vitis_SoC_24/Mblaze_button_hw/microblaze_0/standalone_domain/bsp/system.mss|system_0||
C:/Users/PC/Desktop/SG_workspace/vitis_SoC_24/Mblaze_hello_hw/microblaze_0/standalone_domain/bsp/system.mss|system||
C:/Users/PC/Desktop/SG_workspace/vitis_SoC_24/Mblaze_led_switch_hw/microblaze_0/standalone_domain/bsp/system.mss|system_1||

TRACE::2024-09-09.15:16:30::SCWMssOS::Sw design exists and opened at  C:/Users/PC/Desktop/SG_workspace/vitis_SoC_24/Mblaze_led_switch_hw/microblaze_0/standalone_domain/bsp/system.mss
TRACE::2024-09-09.15:16:30::SCWMssOS::Removing the swdes entry for  C:/Users/PC/Desktop/SG_workspace/vitis_SoC_24/Mblaze_led_switch_hw/microblaze_0/standalone_domain/bsp/system.mss
LOG::2024-09-09.15:16:52::SCWPlatform::Started generating the artifacts platform Mblaze_led_switch_hw
TRACE::2024-09-09.15:16:52::SCWPlatform::Sanity checking of platform is completed
LOG::2024-09-09.15:16:52::SCWPlatform::Started generating the artifacts for system configuration Mblaze_led_switch_hw
LOG::2024-09-09.15:16:52::SCWSystem::Checking the domain standalone_domain
LOG::2024-09-09.15:16:52::SCWSystem::Not a boot domain 
LOG::2024-09-09.15:16:52::SCWSystem::Started Processing the domain standalone_domain
TRACE::2024-09-09.15:16:52::SCWDomain::Generating domain artifcats
TRACE::2024-09-09.15:16:52::SCWMssOS::Generating standalone artifcats
TRACE::2024-09-09.15:16:52::SCWMssOS:: Copying the user libraries. 
TRACE::2024-09-09.15:16:52::SCWPlatform::Trying to open the hw design at C:/Users/PC/Desktop/SG_workspace/vitis_SoC_24/Mblaze_led_switch_hw/hw/micro_blaze_led_switch_wrapper.xsa
TRACE::2024-09-09.15:16:52::SCWPlatform::DSA given C:/Users/PC/Desktop/SG_workspace/vitis_SoC_24/Mblaze_led_switch_hw/hw/micro_blaze_led_switch_wrapper.xsa
TRACE::2024-09-09.15:16:52::SCWPlatform::DSA absoulate path C:/Users/PC/Desktop/SG_workspace/vitis_SoC_24/Mblaze_led_switch_hw/hw/micro_blaze_led_switch_wrapper.xsa
TRACE::2024-09-09.15:16:52::SCWPlatform::DSA directory C:/Users/PC/Desktop/SG_workspace/vitis_SoC_24/Mblaze_led_switch_hw/hw
TRACE::2024-09-09.15:16:52::SCWPlatform:: Platform Path C:/Users/PC/Desktop/SG_workspace/vitis_SoC_24/Mblaze_led_switch_hw/hw/micro_blaze_led_switch_wrapper.xsa
TRACE::2024-09-09.15:16:52::SCWPlatform:: Unique name xilinx:basys3::0.0
TRACE::2024-09-09.15:16:52::SCWPlatform::Trying to set the existing hwdb with name micro_blaze_led_switch_wrapper_1
TRACE::2024-09-09.15:16:52::SCWPlatform::Opened existing hwdb micro_blaze_led_switch_wrapper_1
TRACE::2024-09-09.15:16:52::SCWPlatform::Found the Hw Db part of the input DSA
TRACE::2024-09-09.15:16:52::SCWMssOS::Checking the sw design at  C:/Users/PC/Desktop/SG_workspace/vitis_SoC_24/Mblaze_led_switch_hw/microblaze_0/standalone_domain/bsp/system.mss
TRACE::2024-09-09.15:16:52::SCWMssOS::DEBUG:  swdes dump  C:/Users/PC/Desktop/SG_workspace/vitis_SoC_24/Mblaze_button_hw/microblaze_0/standalone_domain/bsp/system.mss|system_0||
C:/Users/PC/Desktop/SG_workspace/vitis_SoC_24/Mblaze_hello_hw/microblaze_0/standalone_domain/bsp/system.mss|system||

TRACE::2024-09-09.15:16:52::SCWMssOS::No sw design opened at  C:/Users/PC/Desktop/SG_workspace/vitis_SoC_24/Mblaze_led_switch_hw/microblaze_0/standalone_domain/bsp/system.mss
TRACE::2024-09-09.15:16:52::SCWMssOS::mss exists loading the mss file  C:/Users/PC/Desktop/SG_workspace/vitis_SoC_24/Mblaze_led_switch_hw/microblaze_0/standalone_domain/bsp/system.mss
TRACE::2024-09-09.15:16:52::SCWMssOS::Opened the sw design from mss  C:/Users/PC/Desktop/SG_workspace/vitis_SoC_24/Mblaze_led_switch_hw/microblaze_0/standalone_domain/bsp/system.mss
TRACE::2024-09-09.15:16:52::SCWMssOS::Adding the swdes entry C:/Users/PC/Desktop/SG_workspace/vitis_SoC_24/Mblaze_led_switch_hw/microblaze_0/standalone_domain/bsp/system.mss with des name system_1
TRACE::2024-09-09.15:16:52::SCWMssOS::updating the scw layer about changes
TRACE::2024-09-09.15:16:52::SCWMssOS::Opened the sw design.  C:/Users/PC/Desktop/SG_workspace/vitis_SoC_24/Mblaze_led_switch_hw/microblaze_0/standalone_domain/bsp/system.mss
TRACE::2024-09-09.15:16:52::SCWMssOS::Completed writing the mss file at C:/Users/PC/Desktop/SG_workspace/vitis_SoC_24/Mblaze_led_switch_hw/microblaze_0/standalone_domain/bsp
TRACE::2024-09-09.15:16:52::SCWMssOS::Mss edits present, copying mssfile into export location C:/Users/PC/Desktop/SG_workspace/vitis_SoC_24/Mblaze_led_switch_hw/microblaze_0/standalone_domain/bsp/system.mss
TRACE::2024-09-09.15:16:52::SCWMssOS::bsp generated is upto date with the mss file. Skipping bsp generation.
TRACE::2024-09-09.15:16:52::SCWMssOS::BSP is already built. skipping the bsp build ... 
TRACE::2024-09-09.15:16:52::SCWDomain::Building the domain as part of full build :  standalone_domain
TRACE::2024-09-09.15:16:52::SCWMssOS::doing bsp build ... 
TRACE::2024-09-09.15:16:52::SCWMssOS::System Command Ran  C: & cd  C:/Users/PC/Desktop/SG_workspace/vitis_SoC_24/Mblaze_led_switch_hw/microblaze_0/standalone_domain/bsp & make 
TRACE::2024-09-09.15:16:52::SCWMssOS::"Running Make include in microblaze_0/libsrc/bram_v4_3/src"

TRACE::2024-09-09.15:16:52::SCWMssOS::make -C microblaze_0/libsrc/bram_v4_3/src -s include  "SHELL=CMD" "COMPILER=mb-gcc" "ASSEMBLER=mb-as" "ARCHIVER=mb-ar" "COMPILE
TRACE::2024-09-09.15:16:52::SCWMssOS::R_FLAGS=  -O2 -c -mcpu=v11.0 -mlittle-endian -mno-xl-reorder -mno-xl-soft-mul -mxl-barrel-shift -mxl-pattern-compare" "EXTRA_CO
TRACE::2024-09-09.15:16:52::SCWMssOS::MPILER_FLAGS=-g -ffunction-sections -fdata-sections -Wall -Wextra"

TRACE::2024-09-09.15:16:53::SCWMssOS::"Running Make include in microblaze_0/libsrc/cpu_v2_10/src"

TRACE::2024-09-09.15:16:53::SCWMssOS::make -C microblaze_0/libsrc/cpu_v2_10/src -s include  "SHELL=CMD" "COMPILER=mb-gcc" "ASSEMBLER=mb-as" "ARCHIVER=mb-ar" "COMPILE
TRACE::2024-09-09.15:16:53::SCWMssOS::R_FLAGS=  -O2 -c -mcpu=v11.0 -mlittle-endian -mno-xl-reorder -mno-xl-soft-mul -mxl-barrel-shift -mxl-pattern-compare" "EXTRA_CO
TRACE::2024-09-09.15:16:53::SCWMssOS::MPILER_FLAGS=-g -ffunction-sections -fdata-sections -Wall -Wextra"

TRACE::2024-09-09.15:16:53::SCWMssOS::"Running Make include in microblaze_0/libsrc/gpio_v4_5/src"

TRACE::2024-09-09.15:16:53::SCWMssOS::make -C microblaze_0/libsrc/gpio_v4_5/src -s include  "SHELL=CMD" "COMPILER=mb-gcc" "ASSEMBLER=mb-as" "ARCHIVER=mb-ar" "COMPILE
TRACE::2024-09-09.15:16:53::SCWMssOS::R_FLAGS=  -O2 -c -mcpu=v11.0 -mlittle-endian -mno-xl-reorder -mno-xl-soft-mul -mxl-barrel-shift -mxl-pattern-compare" "EXTRA_CO
TRACE::2024-09-09.15:16:53::SCWMssOS::MPILER_FLAGS=-g -ffunction-sections -fdata-sections -Wall -Wextra"

TRACE::2024-09-09.15:16:53::SCWMssOS::"Running Make include in microblaze_0/libsrc/standalone_v7_1/src"

TRACE::2024-09-09.15:16:53::SCWMssOS::make -C microblaze_0/libsrc/standalone_v7_1/src -s include  "SHELL=CMD" "COMPILER=mb-gcc" "ASSEMBLER=mb-as" "ARCHIVER=mb-ar" "C
TRACE::2024-09-09.15:16:53::SCWMssOS::OMPILER_FLAGS=  -O2 -c -mcpu=v11.0 -mlittle-endian -mno-xl-reorder -mno-xl-soft-mul -mxl-barrel-shift -mxl-pattern-compare" "EX
TRACE::2024-09-09.15:16:53::SCWMssOS::TRA_COMPILER_FLAGS=-g -ffunction-sections -fdata-sections -Wall -Wextra"

TRACE::2024-09-09.15:16:53::SCWMssOS::"Running Make include in microblaze_0/libsrc/uartlite_v3_3/src"

TRACE::2024-09-09.15:16:53::SCWMssOS::make -C microblaze_0/libsrc/uartlite_v3_3/src -s include  "SHELL=CMD" "COMPILER=mb-gcc" "ASSEMBLER=mb-as" "ARCHIVER=mb-ar" "COM
TRACE::2024-09-09.15:16:53::SCWMssOS::PILER_FLAGS=  -O2 -c -mcpu=v11.0 -mlittle-endian -mno-xl-reorder -mno-xl-soft-mul -mxl-barrel-shift -mxl-pattern-compare" "EXTR
TRACE::2024-09-09.15:16:53::SCWMssOS::A_COMPILER_FLAGS=-g -ffunction-sections -fdata-sections -Wall -Wextra"

TRACE::2024-09-09.15:16:53::SCWMssOS::"Running Make libs in microblaze_0/libsrc/bram_v4_3/src"

TRACE::2024-09-09.15:16:53::SCWMssOS::make -C microblaze_0/libsrc/bram_v4_3/src -s libs  "SHELL=CMD" "COMPILER=mb-gcc" "ASSEMBLER=mb-as" "ARCHIVER=mb-ar" "COMPILER_F
TRACE::2024-09-09.15:16:53::SCWMssOS::LAGS=  -O2 -c -mcpu=v11.0 -mlittle-endian -mno-xl-reorder -mno-xl-soft-mul -mxl-barrel-shift -mxl-pattern-compare" "EXTRA_COMPI
TRACE::2024-09-09.15:16:53::SCWMssOS::LER_FLAGS=-g -ffunction-sections -fdata-sections -Wall -Wextra"

TRACE::2024-09-09.15:16:53::SCWMssOS::"Compiling bram"

TRACE::2024-09-09.15:16:54::SCWMssOS::"Running Make libs in microblaze_0/libsrc/cpu_v2_10/src"

TRACE::2024-09-09.15:16:54::SCWMssOS::make -C microblaze_0/libsrc/cpu_v2_10/src -s libs  "SHELL=CMD" "COMPILER=mb-gcc" "ASSEMBLER=mb-as" "ARCHIVER=mb-ar" "COMPILER_F
TRACE::2024-09-09.15:16:54::SCWMssOS::LAGS=  -O2 -c -mcpu=v11.0 -mlittle-endian -mno-xl-reorder -mno-xl-soft-mul -mxl-barrel-shift -mxl-pattern-compare" "EXTRA_COMPI
TRACE::2024-09-09.15:16:54::SCWMssOS::LER_FLAGS=-g -ffunction-sections -fdata-sections -Wall -Wextra"

TRACE::2024-09-09.15:16:54::SCWMssOS::"Compiling cpu"

TRACE::2024-09-09.15:16:55::SCWMssOS::"Running Make libs in microblaze_0/libsrc/gpio_v4_5/src"

TRACE::2024-09-09.15:16:55::SCWMssOS::make -C microblaze_0/libsrc/gpio_v4_5/src -s libs  "SHELL=CMD" "COMPILER=mb-gcc" "ASSEMBLER=mb-as" "ARCHIVER=mb-ar" "COMPILER_F
TRACE::2024-09-09.15:16:55::SCWMssOS::LAGS=  -O2 -c -mcpu=v11.0 -mlittle-endian -mno-xl-reorder -mno-xl-soft-mul -mxl-barrel-shift -mxl-pattern-compare" "EXTRA_COMPI
TRACE::2024-09-09.15:16:55::SCWMssOS::LER_FLAGS=-g -ffunction-sections -fdata-sections -Wall -Wextra"

TRACE::2024-09-09.15:16:55::SCWMssOS::"Compiling gpio"

TRACE::2024-09-09.15:16:55::SCWMssOS::"Running Make libs in microblaze_0/libsrc/standalone_v7_1/src"

TRACE::2024-09-09.15:16:55::SCWMssOS::make -C microblaze_0/libsrc/standalone_v7_1/src -s libs  "SHELL=CMD" "COMPILER=mb-gcc" "ASSEMBLER=mb-as" "ARCHIVER=mb-ar" "COMP
TRACE::2024-09-09.15:16:55::SCWMssOS::ILER_FLAGS=  -O2 -c -mcpu=v11.0 -mlittle-endian -mno-xl-reorder -mno-xl-soft-mul -mxl-barrel-shift -mxl-pattern-compare" "EXTRA
TRACE::2024-09-09.15:16:55::SCWMssOS::_COMPILER_FLAGS=-g -ffunction-sections -fdata-sections -Wall -Wextra"

TRACE::2024-09-09.15:16:55::SCWMssOS::"Compiling standalone";

TRACE::2024-09-09.15:16:59::SCWMssOS::"Running Make libs in microblaze_0/libsrc/uartlite_v3_3/src"

TRACE::2024-09-09.15:16:59::SCWMssOS::make -C microblaze_0/libsrc/uartlite_v3_3/src -s libs  "SHELL=CMD" "COMPILER=mb-gcc" "ASSEMBLER=mb-as" "ARCHIVER=mb-ar" "COMPIL
TRACE::2024-09-09.15:16:59::SCWMssOS::ER_FLAGS=  -O2 -c -mcpu=v11.0 -mlittle-endian -mno-xl-reorder -mno-xl-soft-mul -mxl-barrel-shift -mxl-pattern-compare" "EXTRA_C
TRACE::2024-09-09.15:16:59::SCWMssOS::OMPILER_FLAGS=-g -ffunction-sections -fdata-sections -Wall -Wextra"

TRACE::2024-09-09.15:16:59::SCWMssOS::"Compiling uartlite"

TRACE::2024-09-09.15:17:00::SCWMssOS::'Finished building libraries'

TRACE::2024-09-09.15:17:00::SCWMssOS::Copying to export directory.
TRACE::2024-09-09.15:17:00::SCWMssOS:: Checking if to create the Supporting Applications
TRACE::2024-09-09.15:17:00::SCWMssOS:: No Linux domain exists, trying to generate FSBL 
LOG::2024-09-09.15:17:00::SCWSystem::Completed Processing the domain standalone_domain
LOG::2024-09-09.15:17:00::SCWSystem::Completed Processing the sysconfig Mblaze_led_switch_hw
LOG::2024-09-09.15:17:00::SCWPlatform::Completed generating the artifacts for system configuration Mblaze_led_switch_hw
TRACE::2024-09-09.15:17:00::SCWPlatform::Started preparing the platform 
TRACE::2024-09-09.15:17:00::SCWSystem::Writing the bif file for system config Mblaze_led_switch_hw
TRACE::2024-09-09.15:17:00::SCWSystem::dir created 
TRACE::2024-09-09.15:17:00::SCWSystem::Writing the bif 
TRACE::2024-09-09.15:17:00::SCWPlatform::Started writing the spfm file 
TRACE::2024-09-09.15:17:00::SCWPlatform::Started writing the xpfm file 
TRACE::2024-09-09.15:17:00::SCWPlatform::Completed generating the platform
TRACE::2024-09-09.15:17:00::SCWPlatform::Trying to open the hw design at C:/Users/PC/Desktop/SG_workspace/vitis_SoC_24/Mblaze_led_switch_hw/hw/micro_blaze_led_switch_wrapper.xsa
TRACE::2024-09-09.15:17:00::SCWPlatform::DSA given C:/Users/PC/Desktop/SG_workspace/vitis_SoC_24/Mblaze_led_switch_hw/hw/micro_blaze_led_switch_wrapper.xsa
TRACE::2024-09-09.15:17:00::SCWPlatform::DSA absoulate path C:/Users/PC/Desktop/SG_workspace/vitis_SoC_24/Mblaze_led_switch_hw/hw/micro_blaze_led_switch_wrapper.xsa
TRACE::2024-09-09.15:17:00::SCWPlatform::DSA directory C:/Users/PC/Desktop/SG_workspace/vitis_SoC_24/Mblaze_led_switch_hw/hw
TRACE::2024-09-09.15:17:00::SCWPlatform:: Platform Path C:/Users/PC/Desktop/SG_workspace/vitis_SoC_24/Mblaze_led_switch_hw/hw/micro_blaze_led_switch_wrapper.xsa
TRACE::2024-09-09.15:17:00::SCWPlatform:: Unique name xilinx:basys3::0.0
TRACE::2024-09-09.15:17:00::SCWPlatform::Trying to set the existing hwdb with name micro_blaze_led_switch_wrapper_1
TRACE::2024-09-09.15:17:00::SCWPlatform::Opened existing hwdb micro_blaze_led_switch_wrapper_1
TRACE::2024-09-09.15:17:00::SCWPlatform::Found the Hw Db part of the input DSA
TRACE::2024-09-09.15:17:00::SCWMssOS::Checking the sw design at  C:/Users/PC/Desktop/SG_workspace/vitis_SoC_24/Mblaze_led_switch_hw/microblaze_0/standalone_domain/bsp/system.mss
TRACE::2024-09-09.15:17:00::SCWMssOS::DEBUG:  swdes dump  C:/Users/PC/Desktop/SG_workspace/vitis_SoC_24/Mblaze_button_hw/microblaze_0/standalone_domain/bsp/system.mss|system_0||
C:/Users/PC/Desktop/SG_workspace/vitis_SoC_24/Mblaze_hello_hw/microblaze_0/standalone_domain/bsp/system.mss|system||
C:/Users/PC/Desktop/SG_workspace/vitis_SoC_24/Mblaze_led_switch_hw/microblaze_0/standalone_domain/bsp/system.mss|system_1||

TRACE::2024-09-09.15:17:00::SCWMssOS::Sw design exists and opened at  C:/Users/PC/Desktop/SG_workspace/vitis_SoC_24/Mblaze_led_switch_hw/microblaze_0/standalone_domain/bsp/system.mss
TRACE::2024-09-09.15:17:00::SCWWriter::formatted JSON is {
	"platformName":	"Mblaze_led_switch_hw",
	"sprVersion":	"2.0",
	"mode":	"gui",
	"dsaType":	"Fixed",
	"platformDesc":	"Mblaze_led_switch_hw",
	"platHandOff":	"C:/Users/PC/Desktop/SG_workspace/SoC_soc_24/micro_blaze_led_switch_wrapper.xsa",
	"platIntHandOff":	"<platformDir>/hw/micro_blaze_led_switch_wrapper.xsa",
	"deviceType":	"FPGA",
	"platIsPrebuiltAutogen":	"false",
	"platIsNoBootBsp":	"false",
	"hasFsblMakeHasChanges":	"false",
	"hasPmufwMakeHasChanges":	"false",
	"platPreBuiltFlag":	false,
	"platformSamplesDir":	"",
	"platActiveSys":	"Mblaze_led_switch_hw",
	"systems":	[{
			"systemName":	"Mblaze_led_switch_hw",
			"systemDesc":	"Mblaze_led_switch_hw",
			"sysIsBootAutoGen":	"true",
			"systemDispName":	"Mblaze_led_switch_hw",
			"sysActiveDom":	"standalone_domain",
			"sysDefaultDom":	"standalone_domain",
			"domains":	[{
					"domainName":	"standalone_domain",
					"domainDispName":	"standalone on microblaze_0",
					"domainDesc":	"standalone_domain",
					"processors":	"microblaze_0",
					"os":	"standalone",
					"sdxOs":	"standalone",
					"debugEnable":	"False",
					"domRuntimes":	["cpp"],
					"swRepo":	"",
					"mssOsVer":	"7.1",
					"mssFile":	"",
					"md5Digest":	"b765fa2d6559659d34d6179a96efd73c",
					"compatibleApp":	"",
					"domType":	"mssDomain",
					"appSettings":	{
						"appCompilerFlags":	"",
						"appLinkerFlags":	""
					},
					"addedLibs":	[],
					"libOptions":	{
						"libsContainingOptions":	[]
					},
					"prebuiltLibs":	{
						"prebuiltIncPath":	[],
						"prebuiltLibPath":	[]
					},
					"isolation":	{
					}
				}]
		}]
}
KEYINFO::2024-09-09.15:17:00::SCWPlatform::updated the xpfm file.
TRACE::2024-09-09.15:17:00::SCWPlatform::Trying to open the hw design at C:/Users/PC/Desktop/SG_workspace/vitis_SoC_24/Mblaze_led_switch_hw/hw/micro_blaze_led_switch_wrapper.xsa
TRACE::2024-09-09.15:17:00::SCWPlatform::DSA given C:/Users/PC/Desktop/SG_workspace/vitis_SoC_24/Mblaze_led_switch_hw/hw/micro_blaze_led_switch_wrapper.xsa
TRACE::2024-09-09.15:17:00::SCWPlatform::DSA absoulate path C:/Users/PC/Desktop/SG_workspace/vitis_SoC_24/Mblaze_led_switch_hw/hw/micro_blaze_led_switch_wrapper.xsa
TRACE::2024-09-09.15:17:00::SCWPlatform::DSA directory C:/Users/PC/Desktop/SG_workspace/vitis_SoC_24/Mblaze_led_switch_hw/hw
TRACE::2024-09-09.15:17:00::SCWPlatform:: Platform Path C:/Users/PC/Desktop/SG_workspace/vitis_SoC_24/Mblaze_led_switch_hw/hw/micro_blaze_led_switch_wrapper.xsa
TRACE::2024-09-09.15:17:00::SCWPlatform:: Unique name xilinx:basys3::0.0
TRACE::2024-09-09.15:17:00::SCWPlatform::Trying to set the existing hwdb with name micro_blaze_led_switch_wrapper_1
TRACE::2024-09-09.15:17:00::SCWPlatform::Opened existing hwdb micro_blaze_led_switch_wrapper_1
TRACE::2024-09-09.15:17:00::SCWPlatform::Found the Hw Db part of the input DSA
TRACE::2024-09-09.15:17:00::SCWMssOS::Checking the sw design at  C:/Users/PC/Desktop/SG_workspace/vitis_SoC_24/Mblaze_led_switch_hw/microblaze_0/standalone_domain/bsp/system.mss
TRACE::2024-09-09.15:17:00::SCWMssOS::DEBUG:  swdes dump  C:/Users/PC/Desktop/SG_workspace/vitis_SoC_24/Mblaze_button_hw/microblaze_0/standalone_domain/bsp/system.mss|system_0||
C:/Users/PC/Desktop/SG_workspace/vitis_SoC_24/Mblaze_hello_hw/microblaze_0/standalone_domain/bsp/system.mss|system||
C:/Users/PC/Desktop/SG_workspace/vitis_SoC_24/Mblaze_led_switch_hw/microblaze_0/standalone_domain/bsp/system.mss|system_1||

TRACE::2024-09-09.15:17:00::SCWMssOS::Sw design exists and opened at  C:/Users/PC/Desktop/SG_workspace/vitis_SoC_24/Mblaze_led_switch_hw/microblaze_0/standalone_domain/bsp/system.mss
