TRACE::2024-10-24.17:43:45::SCWPlatform::Trying to open the hw design at C:/Users/SUJIN/Desktop/sg_workspace/SoC_soc_24/vitis_SoC_24/Mblaze_iic_00_hw/hw/Micro_blaze_iic_v0_wrapper.xsa
TRACE::2024-10-24.17:43:45::SCWPlatform::DSA given C:/Users/SUJIN/Desktop/sg_workspace/SoC_soc_24/vitis_SoC_24/Mblaze_iic_00_hw/hw/Micro_blaze_iic_v0_wrapper.xsa
TRACE::2024-10-24.17:43:45::SCWPlatform::DSA absoulate path C:/Users/SUJIN/Desktop/sg_workspace/SoC_soc_24/vitis_SoC_24/Mblaze_iic_00_hw/hw/Micro_blaze_iic_v0_wrapper.xsa
TRACE::2024-10-24.17:43:49::SCWPlatform::DSA directory C:/Users/SUJIN/Desktop/sg_workspace/SoC_soc_24/vitis_SoC_24/Mblaze_iic_00_hw/hw
TRACE::2024-10-24.17:43:49::SCWPlatform:: Platform Path C:/Users/SUJIN/Desktop/sg_workspace/SoC_soc_24/vitis_SoC_24/Mblaze_iic_00_hw/hw/Micro_blaze_iic_v0_wrapper.xsa
TRACE::2024-10-24.17:43:49::SCWPlatform:: Unique name xilinx:basys3::0.0
TRACE::2024-10-24.17:43:49::SCWPlatform::Do not have an existing db opened. 
TRACE::2024-10-24.17:43:49::SCWPlatform::Opened new HwDB with name Micro_blaze_iic_v0_wrapper_0
TRACE::2024-10-24.17:43:49::SCWWriter::formatted JSON is {
	"platformName":	"Mblaze_iic_00_hw",
	"sprVersion":	"2.0",
	"mode":	"gui",
	"dsaType":	"Fixed",
	"platformDesc":	"Mblaze_iic_00_hw",
	"platHandOff":	"C:/Users/SUJIN/Desktop/sg_workspace/SoC_soc_24/Micro_blaze_iic_v0_wrapper.xsa",
	"platIntHandOff":	"<platformDir>/hw/Micro_blaze_iic_v0_wrapper.xsa",
	"deviceType":	"FPGA",
	"platIsPrebuiltAutogen":	"false",
	"platIsNoBootBsp":	"false",
	"hasFsblMakeHasChanges":	"false",
	"hasPmufwMakeHasChanges":	"false",
	"platPreBuiltFlag":	false,
	"platformSamplesDir":	""
}
TRACE::2024-10-24.17:43:49::SCWWriter::formatted JSON is {
	"platformName":	"Mblaze_iic_00_hw",
	"sprVersion":	"2.0",
	"mode":	"gui",
	"dsaType":	"Fixed",
	"platformDesc":	"Mblaze_iic_00_hw",
	"platHandOff":	"C:/Users/SUJIN/Desktop/sg_workspace/SoC_soc_24/Micro_blaze_iic_v0_wrapper.xsa",
	"platIntHandOff":	"<platformDir>/hw/Micro_blaze_iic_v0_wrapper.xsa",
	"deviceType":	"FPGA",
	"platIsPrebuiltAutogen":	"false",
	"platIsNoBootBsp":	"false",
	"hasFsblMakeHasChanges":	"false",
	"hasPmufwMakeHasChanges":	"false",
	"platPreBuiltFlag":	false,
	"platformSamplesDir":	"",
	"platActiveSys":	"Mblaze_iic_00_hw",
	"systems":	[{
			"systemName":	"Mblaze_iic_00_hw",
			"systemDesc":	"Mblaze_iic_00_hw",
			"sysIsBootAutoGen":	"true",
			"systemDispName":	"Mblaze_iic_00_hw"
		}]
}
TRACE::2024-10-24.17:43:49::SCWPlatform::Boot application domains not present, creating them
TRACE::2024-10-24.17:43:49::SCWPlatform::Pure FPGA device, no boot application will be created.
TRACE::2024-10-24.17:43:49::SCWWriter::formatted JSON is {
	"platformName":	"Mblaze_iic_00_hw",
	"sprVersion":	"2.0",
	"mode":	"gui",
	"dsaType":	"Fixed",
	"platformDesc":	"Mblaze_iic_00_hw",
	"platHandOff":	"C:/Users/SUJIN/Desktop/sg_workspace/SoC_soc_24/Micro_blaze_iic_v0_wrapper.xsa",
	"platIntHandOff":	"<platformDir>/hw/Micro_blaze_iic_v0_wrapper.xsa",
	"deviceType":	"FPGA",
	"platIsPrebuiltAutogen":	"false",
	"platIsNoBootBsp":	"false",
	"hasFsblMakeHasChanges":	"false",
	"hasPmufwMakeHasChanges":	"false",
	"platPreBuiltFlag":	false,
	"platformSamplesDir":	"",
	"platActiveSys":	"Mblaze_iic_00_hw",
	"systems":	[{
			"systemName":	"Mblaze_iic_00_hw",
			"systemDesc":	"Mblaze_iic_00_hw",
			"sysIsBootAutoGen":	"true",
			"systemDispName":	"Mblaze_iic_00_hw"
		}]
}
TRACE::2024-10-24.17:43:49::SCWPlatform::Trying to open the hw design at C:/Users/SUJIN/Desktop/sg_workspace/SoC_soc_24/vitis_SoC_24/Mblaze_iic_00_hw/hw/Micro_blaze_iic_v0_wrapper.xsa
TRACE::2024-10-24.17:43:49::SCWPlatform::DSA given C:/Users/SUJIN/Desktop/sg_workspace/SoC_soc_24/vitis_SoC_24/Mblaze_iic_00_hw/hw/Micro_blaze_iic_v0_wrapper.xsa
TRACE::2024-10-24.17:43:49::SCWPlatform::DSA absoulate path C:/Users/SUJIN/Desktop/sg_workspace/SoC_soc_24/vitis_SoC_24/Mblaze_iic_00_hw/hw/Micro_blaze_iic_v0_wrapper.xsa
TRACE::2024-10-24.17:43:49::SCWPlatform::DSA directory C:/Users/SUJIN/Desktop/sg_workspace/SoC_soc_24/vitis_SoC_24/Mblaze_iic_00_hw/hw
TRACE::2024-10-24.17:43:49::SCWPlatform:: Platform Path C:/Users/SUJIN/Desktop/sg_workspace/SoC_soc_24/vitis_SoC_24/Mblaze_iic_00_hw/hw/Micro_blaze_iic_v0_wrapper.xsa
TRACE::2024-10-24.17:43:49::SCWPlatform:: Unique name xilinx:basys3::0.0
TRACE::2024-10-24.17:43:49::SCWPlatform::Trying to set the existing hwdb with name Micro_blaze_iic_v0_wrapper_0
TRACE::2024-10-24.17:43:49::SCWPlatform::Opened existing hwdb Micro_blaze_iic_v0_wrapper_0
TRACE::2024-10-24.17:43:49::SCWPlatform::Found the Hw Db part of the input DSA
TRACE::2024-10-24.17:43:49::SCWDomain::checking for install qemu data   : 
TRACE::2024-10-24.17:43:49::SCWPlatform::Trying to open the hw design at C:/Users/SUJIN/Desktop/sg_workspace/SoC_soc_24/vitis_SoC_24/Mblaze_iic_00_hw/hw/Micro_blaze_iic_v0_wrapper.xsa
TRACE::2024-10-24.17:43:49::SCWPlatform::DSA given C:/Users/SUJIN/Desktop/sg_workspace/SoC_soc_24/vitis_SoC_24/Mblaze_iic_00_hw/hw/Micro_blaze_iic_v0_wrapper.xsa
TRACE::2024-10-24.17:43:49::SCWPlatform::DSA absoulate path C:/Users/SUJIN/Desktop/sg_workspace/SoC_soc_24/vitis_SoC_24/Mblaze_iic_00_hw/hw/Micro_blaze_iic_v0_wrapper.xsa
TRACE::2024-10-24.17:43:49::SCWPlatform::DSA directory C:/Users/SUJIN/Desktop/sg_workspace/SoC_soc_24/vitis_SoC_24/Mblaze_iic_00_hw/hw
TRACE::2024-10-24.17:43:49::SCWPlatform:: Platform Path C:/Users/SUJIN/Desktop/sg_workspace/SoC_soc_24/vitis_SoC_24/Mblaze_iic_00_hw/hw/Micro_blaze_iic_v0_wrapper.xsa
TRACE::2024-10-24.17:43:49::SCWPlatform:: Unique name xilinx:basys3::0.0
TRACE::2024-10-24.17:43:49::SCWPlatform::Trying to set the existing hwdb with name Micro_blaze_iic_v0_wrapper_0
TRACE::2024-10-24.17:43:49::SCWPlatform::Opened existing hwdb Micro_blaze_iic_v0_wrapper_0
TRACE::2024-10-24.17:43:49::SCWPlatform::Found the Hw Db part of the input DSA
TRACE::2024-10-24.17:43:49::SCWPlatform::Trying to open the hw design at C:/Users/SUJIN/Desktop/sg_workspace/SoC_soc_24/vitis_SoC_24/Mblaze_iic_00_hw/hw/Micro_blaze_iic_v0_wrapper.xsa
TRACE::2024-10-24.17:43:49::SCWPlatform::DSA given C:/Users/SUJIN/Desktop/sg_workspace/SoC_soc_24/vitis_SoC_24/Mblaze_iic_00_hw/hw/Micro_blaze_iic_v0_wrapper.xsa
TRACE::2024-10-24.17:43:49::SCWPlatform::DSA absoulate path C:/Users/SUJIN/Desktop/sg_workspace/SoC_soc_24/vitis_SoC_24/Mblaze_iic_00_hw/hw/Micro_blaze_iic_v0_wrapper.xsa
TRACE::2024-10-24.17:43:49::SCWPlatform::DSA directory C:/Users/SUJIN/Desktop/sg_workspace/SoC_soc_24/vitis_SoC_24/Mblaze_iic_00_hw/hw
TRACE::2024-10-24.17:43:49::SCWPlatform:: Platform Path C:/Users/SUJIN/Desktop/sg_workspace/SoC_soc_24/vitis_SoC_24/Mblaze_iic_00_hw/hw/Micro_blaze_iic_v0_wrapper.xsa
TRACE::2024-10-24.17:43:49::SCWPlatform:: Unique name xilinx:basys3::0.0
TRACE::2024-10-24.17:43:49::SCWPlatform::Trying to set the existing hwdb with name Micro_blaze_iic_v0_wrapper_0
TRACE::2024-10-24.17:43:49::SCWPlatform::Opened existing hwdb Micro_blaze_iic_v0_wrapper_0
TRACE::2024-10-24.17:43:49::SCWPlatform::Found the Hw Db part of the input DSA
TRACE::2024-10-24.17:43:49::SCWMssOS::Checking the sw design at  C:/Users/SUJIN/Desktop/sg_workspace/SoC_soc_24/vitis_SoC_24/Mblaze_iic_00_hw/microblaze_0/standalone_domain/bsp/system.mss
TRACE::2024-10-24.17:43:49::SCWMssOS::DEBUG:  swdes dump  
TRACE::2024-10-24.17:43:49::SCWMssOS::No sw design opened at  C:/Users/SUJIN/Desktop/sg_workspace/SoC_soc_24/vitis_SoC_24/Mblaze_iic_00_hw/microblaze_0/standalone_domain/bsp/system.mss
TRACE::2024-10-24.17:43:49::SCWMssOS::mss does not exists at C:/Users/SUJIN/Desktop/sg_workspace/SoC_soc_24/vitis_SoC_24/Mblaze_iic_00_hw/microblaze_0/standalone_domain/bsp/system.mss
TRACE::2024-10-24.17:43:49::SCWMssOS::Creating sw design at  C:/Users/SUJIN/Desktop/sg_workspace/SoC_soc_24/vitis_SoC_24/Mblaze_iic_00_hw/microblaze_0/standalone_domain/bsp/system.mss
TRACE::2024-10-24.17:43:49::SCWMssOS::Adding the swdes entry, created swdb C:/Users/SUJIN/Desktop/sg_workspace/SoC_soc_24/vitis_SoC_24/Mblaze_iic_00_hw/microblaze_0/standalone_domain/bsp/system.mss with des name C:/Users/SUJIN/Desktop/sg_workspace/SoC_soc_24/vitis_SoC_24/Mblaze_iic_00_hw/microblaze_0/standalone_domain/bsp/system.mss
TRACE::2024-10-24.17:43:49::SCWMssOS::updating the scw layer changes to swdes at   C:/Users/SUJIN/Desktop/sg_workspace/SoC_soc_24/vitis_SoC_24/Mblaze_iic_00_hw/microblaze_0/standalone_domain/bsp/system.mss
TRACE::2024-10-24.17:43:49::SCWMssOS::Writing mss at C:/Users/SUJIN/Desktop/sg_workspace/SoC_soc_24/vitis_SoC_24/Mblaze_iic_00_hw/microblaze_0/standalone_domain/bsp/system.mss
TRACE::2024-10-24.17:43:49::SCWMssOS::Completed writing the mss file at C:/Users/SUJIN/Desktop/sg_workspace/SoC_soc_24/vitis_SoC_24/Mblaze_iic_00_hw/microblaze_0/standalone_domain/bsp
TRACE::2024-10-24.17:43:49::SCWMssOS::Picking up changes from newly written mss file into SCW Layer. 
TRACE::2024-10-24.17:43:49::SCWMssOS::Updated the changes from newly written mss file into SCW Layer. 
TRACE::2024-10-24.17:43:49::SCWPlatform::Trying to open the hw design at C:/Users/SUJIN/Desktop/sg_workspace/SoC_soc_24/vitis_SoC_24/Mblaze_iic_00_hw/hw/Micro_blaze_iic_v0_wrapper.xsa
TRACE::2024-10-24.17:43:49::SCWPlatform::DSA given C:/Users/SUJIN/Desktop/sg_workspace/SoC_soc_24/vitis_SoC_24/Mblaze_iic_00_hw/hw/Micro_blaze_iic_v0_wrapper.xsa
TRACE::2024-10-24.17:43:49::SCWPlatform::DSA absoulate path C:/Users/SUJIN/Desktop/sg_workspace/SoC_soc_24/vitis_SoC_24/Mblaze_iic_00_hw/hw/Micro_blaze_iic_v0_wrapper.xsa
TRACE::2024-10-24.17:43:49::SCWPlatform::DSA directory C:/Users/SUJIN/Desktop/sg_workspace/SoC_soc_24/vitis_SoC_24/Mblaze_iic_00_hw/hw
TRACE::2024-10-24.17:43:49::SCWPlatform:: Platform Path C:/Users/SUJIN/Desktop/sg_workspace/SoC_soc_24/vitis_SoC_24/Mblaze_iic_00_hw/hw/Micro_blaze_iic_v0_wrapper.xsa
TRACE::2024-10-24.17:43:49::SCWPlatform:: Unique name xilinx:basys3::0.0
TRACE::2024-10-24.17:43:49::SCWPlatform::Trying to set the existing hwdb with name Micro_blaze_iic_v0_wrapper_0
TRACE::2024-10-24.17:43:49::SCWPlatform::Opened existing hwdb Micro_blaze_iic_v0_wrapper_0
TRACE::2024-10-24.17:43:49::SCWPlatform::Found the Hw Db part of the input DSA
TRACE::2024-10-24.17:43:49::SCWMssOS::Checking the sw design at  C:/Users/SUJIN/Desktop/sg_workspace/SoC_soc_24/vitis_SoC_24/Mblaze_iic_00_hw/microblaze_0/standalone_domain/bsp/system.mss
TRACE::2024-10-24.17:43:49::SCWMssOS::DEBUG:  swdes dump  C:/Users/SUJIN/Desktop/sg_workspace/SoC_soc_24/vitis_SoC_24/Mblaze_iic_00_hw/microblaze_0/standalone_domain/bsp/system.mss|C:/Users/SUJIN/Desktop/sg_workspace/SoC_soc_24/vitis_SoC_24/Mblaze_iic_00_hw/microblaze_0/standalone_domain/bsp/system.mss||

TRACE::2024-10-24.17:43:49::SCWMssOS::Sw design exists and opened at  C:/Users/SUJIN/Desktop/sg_workspace/SoC_soc_24/vitis_SoC_24/Mblaze_iic_00_hw/microblaze_0/standalone_domain/bsp/system.mss
TRACE::2024-10-24.17:43:49::SCWPlatform::Trying to open the hw design at C:/Users/SUJIN/Desktop/sg_workspace/SoC_soc_24/vitis_SoC_24/Mblaze_iic_00_hw/hw/Micro_blaze_iic_v0_wrapper.xsa
TRACE::2024-10-24.17:43:49::SCWPlatform::DSA given C:/Users/SUJIN/Desktop/sg_workspace/SoC_soc_24/vitis_SoC_24/Mblaze_iic_00_hw/hw/Micro_blaze_iic_v0_wrapper.xsa
TRACE::2024-10-24.17:43:49::SCWPlatform::DSA absoulate path C:/Users/SUJIN/Desktop/sg_workspace/SoC_soc_24/vitis_SoC_24/Mblaze_iic_00_hw/hw/Micro_blaze_iic_v0_wrapper.xsa
TRACE::2024-10-24.17:43:49::SCWPlatform::DSA directory C:/Users/SUJIN/Desktop/sg_workspace/SoC_soc_24/vitis_SoC_24/Mblaze_iic_00_hw/hw
TRACE::2024-10-24.17:43:49::SCWPlatform:: Platform Path C:/Users/SUJIN/Desktop/sg_workspace/SoC_soc_24/vitis_SoC_24/Mblaze_iic_00_hw/hw/Micro_blaze_iic_v0_wrapper.xsa
TRACE::2024-10-24.17:43:49::SCWPlatform:: Unique name xilinx:basys3::0.0
TRACE::2024-10-24.17:43:49::SCWPlatform::Trying to set the existing hwdb with name Micro_blaze_iic_v0_wrapper_0
TRACE::2024-10-24.17:43:49::SCWPlatform::Opened existing hwdb Micro_blaze_iic_v0_wrapper_0
TRACE::2024-10-24.17:43:49::SCWPlatform::Found the Hw Db part of the input DSA
TRACE::2024-10-24.17:43:49::SCWMssOS::Checking the sw design at  C:/Users/SUJIN/Desktop/sg_workspace/SoC_soc_24/vitis_SoC_24/Mblaze_iic_00_hw/microblaze_0/standalone_domain/bsp/system.mss
TRACE::2024-10-24.17:43:49::SCWMssOS::DEBUG:  swdes dump  C:/Users/SUJIN/Desktop/sg_workspace/SoC_soc_24/vitis_SoC_24/Mblaze_iic_00_hw/microblaze_0/standalone_domain/bsp/system.mss|C:/Users/SUJIN/Desktop/sg_workspace/SoC_soc_24/vitis_SoC_24/Mblaze_iic_00_hw/microblaze_0/standalone_domain/bsp/system.mss||

TRACE::2024-10-24.17:43:49::SCWMssOS::Sw design exists and opened at  C:/Users/SUJIN/Desktop/sg_workspace/SoC_soc_24/vitis_SoC_24/Mblaze_iic_00_hw/microblaze_0/standalone_domain/bsp/system.mss
TRACE::2024-10-24.17:43:49::SCWPlatform::Trying to open the hw design at C:/Users/SUJIN/Desktop/sg_workspace/SoC_soc_24/vitis_SoC_24/Mblaze_iic_00_hw/hw/Micro_blaze_iic_v0_wrapper.xsa
TRACE::2024-10-24.17:43:49::SCWPlatform::DSA given C:/Users/SUJIN/Desktop/sg_workspace/SoC_soc_24/vitis_SoC_24/Mblaze_iic_00_hw/hw/Micro_blaze_iic_v0_wrapper.xsa
TRACE::2024-10-24.17:43:49::SCWPlatform::DSA absoulate path C:/Users/SUJIN/Desktop/sg_workspace/SoC_soc_24/vitis_SoC_24/Mblaze_iic_00_hw/hw/Micro_blaze_iic_v0_wrapper.xsa
TRACE::2024-10-24.17:43:49::SCWPlatform::DSA directory C:/Users/SUJIN/Desktop/sg_workspace/SoC_soc_24/vitis_SoC_24/Mblaze_iic_00_hw/hw
TRACE::2024-10-24.17:43:49::SCWPlatform:: Platform Path C:/Users/SUJIN/Desktop/sg_workspace/SoC_soc_24/vitis_SoC_24/Mblaze_iic_00_hw/hw/Micro_blaze_iic_v0_wrapper.xsa
TRACE::2024-10-24.17:43:49::SCWPlatform:: Unique name xilinx:basys3::0.0
TRACE::2024-10-24.17:43:49::SCWPlatform::Trying to set the existing hwdb with name Micro_blaze_iic_v0_wrapper_0
TRACE::2024-10-24.17:43:49::SCWPlatform::Opened existing hwdb Micro_blaze_iic_v0_wrapper_0
TRACE::2024-10-24.17:43:49::SCWPlatform::Found the Hw Db part of the input DSA
TRACE::2024-10-24.17:43:49::SCWMssOS::Checking the sw design at  C:/Users/SUJIN/Desktop/sg_workspace/SoC_soc_24/vitis_SoC_24/Mblaze_iic_00_hw/microblaze_0/standalone_domain/bsp/system.mss
TRACE::2024-10-24.17:43:49::SCWMssOS::DEBUG:  swdes dump  C:/Users/SUJIN/Desktop/sg_workspace/SoC_soc_24/vitis_SoC_24/Mblaze_iic_00_hw/microblaze_0/standalone_domain/bsp/system.mss|C:/Users/SUJIN/Desktop/sg_workspace/SoC_soc_24/vitis_SoC_24/Mblaze_iic_00_hw/microblaze_0/standalone_domain/bsp/system.mss||

TRACE::2024-10-24.17:43:49::SCWMssOS::Sw design exists and opened at  C:/Users/SUJIN/Desktop/sg_workspace/SoC_soc_24/vitis_SoC_24/Mblaze_iic_00_hw/microblaze_0/standalone_domain/bsp/system.mss
TRACE::2024-10-24.17:43:49::SCWWriter::formatted JSON is {
	"platformName":	"Mblaze_iic_00_hw",
	"sprVersion":	"2.0",
	"mode":	"gui",
	"dsaType":	"Fixed",
	"platformDesc":	"Mblaze_iic_00_hw",
	"platHandOff":	"C:/Users/SUJIN/Desktop/sg_workspace/SoC_soc_24/Micro_blaze_iic_v0_wrapper.xsa",
	"platIntHandOff":	"<platformDir>/hw/Micro_blaze_iic_v0_wrapper.xsa",
	"deviceType":	"FPGA",
	"platIsPrebuiltAutogen":	"false",
	"platIsNoBootBsp":	"false",
	"hasFsblMakeHasChanges":	"false",
	"hasPmufwMakeHasChanges":	"false",
	"platPreBuiltFlag":	false,
	"platformSamplesDir":	"",
	"platActiveSys":	"Mblaze_iic_00_hw",
	"systems":	[{
			"systemName":	"Mblaze_iic_00_hw",
			"systemDesc":	"Mblaze_iic_00_hw",
			"sysIsBootAutoGen":	"true",
			"systemDispName":	"Mblaze_iic_00_hw",
			"sysActiveDom":	"standalone_domain",
			"sysDefaultDom":	"standalone_domain",
			"domains":	[{
					"domainName":	"standalone_domain",
					"domainDispName":	"standalone_domain",
					"domainDesc":	"standalone_domain",
					"processors":	"microblaze_0",
					"os":	"standalone",
					"sdxOs":	"standalone",
					"debugEnable":	"False",
					"domRuntimes":	["cpp"],
					"swRepo":	"",
					"mssOsVer":	"7.1",
					"mssFile":	"",
					"md5Digest":	"",
					"compatibleApp":	"",
					"domType":	"mssDomain",
					"appSettings":	{
						"appCompilerFlags":	"",
						"appLinkerFlags":	""
					},
					"addedLibs":	[],
					"libOptions":	{
						"libsContainingOptions":	[]
					},
					"prebuiltLibs":	{
						"prebuiltIncPath":	[],
						"prebuiltLibPath":	[]
					},
					"isolation":	{
					}
				}]
		}]
}
TRACE::2024-10-24.17:43:49::SCWPlatform::Trying to open the hw design at C:/Users/SUJIN/Desktop/sg_workspace/SoC_soc_24/vitis_SoC_24/Mblaze_iic_00_hw/hw/Micro_blaze_iic_v0_wrapper.xsa
TRACE::2024-10-24.17:43:49::SCWPlatform::DSA given C:/Users/SUJIN/Desktop/sg_workspace/SoC_soc_24/vitis_SoC_24/Mblaze_iic_00_hw/hw/Micro_blaze_iic_v0_wrapper.xsa
TRACE::2024-10-24.17:43:49::SCWPlatform::DSA absoulate path C:/Users/SUJIN/Desktop/sg_workspace/SoC_soc_24/vitis_SoC_24/Mblaze_iic_00_hw/hw/Micro_blaze_iic_v0_wrapper.xsa
TRACE::2024-10-24.17:43:49::SCWPlatform::DSA directory C:/Users/SUJIN/Desktop/sg_workspace/SoC_soc_24/vitis_SoC_24/Mblaze_iic_00_hw/hw
TRACE::2024-10-24.17:43:49::SCWPlatform:: Platform Path C:/Users/SUJIN/Desktop/sg_workspace/SoC_soc_24/vitis_SoC_24/Mblaze_iic_00_hw/hw/Micro_blaze_iic_v0_wrapper.xsa
TRACE::2024-10-24.17:43:49::SCWPlatform:: Unique name xilinx:basys3::0.0
TRACE::2024-10-24.17:43:49::SCWPlatform::Trying to set the existing hwdb with name Micro_blaze_iic_v0_wrapper_0
TRACE::2024-10-24.17:43:49::SCWPlatform::Opened existing hwdb Micro_blaze_iic_v0_wrapper_0
TRACE::2024-10-24.17:43:49::SCWPlatform::Found the Hw Db part of the input DSA
TRACE::2024-10-24.17:43:49::SCWMssOS::Checking the sw design at  C:/Users/SUJIN/Desktop/sg_workspace/SoC_soc_24/vitis_SoC_24/Mblaze_iic_00_hw/microblaze_0/standalone_domain/bsp/system.mss
TRACE::2024-10-24.17:43:49::SCWMssOS::DEBUG:  swdes dump  C:/Users/SUJIN/Desktop/sg_workspace/SoC_soc_24/vitis_SoC_24/Mblaze_iic_00_hw/microblaze_0/standalone_domain/bsp/system.mss|C:/Users/SUJIN/Desktop/sg_workspace/SoC_soc_24/vitis_SoC_24/Mblaze_iic_00_hw/microblaze_0/standalone_domain/bsp/system.mss||

TRACE::2024-10-24.17:43:49::SCWMssOS::Sw design exists and opened at  C:/Users/SUJIN/Desktop/sg_workspace/SoC_soc_24/vitis_SoC_24/Mblaze_iic_00_hw/microblaze_0/standalone_domain/bsp/system.mss
TRACE::2024-10-24.17:43:49::SCWMssOS::Completed writing the mss file at C:/Users/SUJIN/Desktop/sg_workspace/SoC_soc_24/vitis_SoC_24/Mblaze_iic_00_hw/microblaze_0/standalone_domain/bsp
TRACE::2024-10-24.17:43:49::SCWMssOS::Forcing BSP Sources regeneration.
LOG::2024-10-24.17:43:51::SCWPlatform::Started generating the artifacts platform Mblaze_iic_00_hw
TRACE::2024-10-24.17:43:51::SCWPlatform::Sanity checking of platform is completed
LOG::2024-10-24.17:43:51::SCWPlatform::Started generating the artifacts for system configuration Mblaze_iic_00_hw
LOG::2024-10-24.17:43:51::SCWSystem::Checking the domain standalone_domain
LOG::2024-10-24.17:43:51::SCWSystem::Not a boot domain 
LOG::2024-10-24.17:43:51::SCWSystem::Started Processing the domain standalone_domain
TRACE::2024-10-24.17:43:51::SCWDomain::Generating domain artifcats
TRACE::2024-10-24.17:43:51::SCWMssOS::Generating standalone artifcats
TRACE::2024-10-24.17:43:51::SCWMssOS:: Copying the user libraries. 
TRACE::2024-10-24.17:43:51::SCWPlatform::Trying to open the hw design at C:/Users/SUJIN/Desktop/sg_workspace/SoC_soc_24/vitis_SoC_24/Mblaze_iic_00_hw/hw/Micro_blaze_iic_v0_wrapper.xsa
TRACE::2024-10-24.17:43:51::SCWPlatform::DSA given C:/Users/SUJIN/Desktop/sg_workspace/SoC_soc_24/vitis_SoC_24/Mblaze_iic_00_hw/hw/Micro_blaze_iic_v0_wrapper.xsa
TRACE::2024-10-24.17:43:51::SCWPlatform::DSA absoulate path C:/Users/SUJIN/Desktop/sg_workspace/SoC_soc_24/vitis_SoC_24/Mblaze_iic_00_hw/hw/Micro_blaze_iic_v0_wrapper.xsa
TRACE::2024-10-24.17:43:51::SCWPlatform::DSA directory C:/Users/SUJIN/Desktop/sg_workspace/SoC_soc_24/vitis_SoC_24/Mblaze_iic_00_hw/hw
TRACE::2024-10-24.17:43:51::SCWPlatform:: Platform Path C:/Users/SUJIN/Desktop/sg_workspace/SoC_soc_24/vitis_SoC_24/Mblaze_iic_00_hw/hw/Micro_blaze_iic_v0_wrapper.xsa
TRACE::2024-10-24.17:43:51::SCWPlatform:: Unique name xilinx:basys3::0.0
TRACE::2024-10-24.17:43:51::SCWPlatform::Trying to set the existing hwdb with name Micro_blaze_iic_v0_wrapper_0
TRACE::2024-10-24.17:43:51::SCWPlatform::Opened existing hwdb Micro_blaze_iic_v0_wrapper_0
TRACE::2024-10-24.17:43:51::SCWPlatform::Found the Hw Db part of the input DSA
TRACE::2024-10-24.17:43:51::SCWMssOS::Checking the sw design at  C:/Users/SUJIN/Desktop/sg_workspace/SoC_soc_24/vitis_SoC_24/Mblaze_iic_00_hw/microblaze_0/standalone_domain/bsp/system.mss
TRACE::2024-10-24.17:43:51::SCWMssOS::DEBUG:  swdes dump  C:/Users/SUJIN/Desktop/sg_workspace/SoC_soc_24/vitis_SoC_24/Mblaze_iic_00_hw/microblaze_0/standalone_domain/bsp/system.mss|C:/Users/SUJIN/Desktop/sg_workspace/SoC_soc_24/vitis_SoC_24/Mblaze_iic_00_hw/microblaze_0/standalone_domain/bsp/system.mss||

KEYINFO::2024-10-24.17:43:51::SCWMssOS::Could not open the swdb for C:/Users/SUJIN/Desktop/sg_workspace/SoC_soc_24/vitis_SoC_24/Mblaze_iic_00_hw/microblaze_0/standalone_domain/bsp/system.mss
KEYINFO::2024-10-24.17:43:51::SCWMssOS::Could not open the sw design at  C:/Users/SUJIN/Desktop/sg_workspace/SoC_soc_24/vitis_SoC_24/Mblaze_iic_00_hw/microblaze_0/standalone_domain/bsp/system.mss
ERROR: [Hsi 55-1558] Software Design C:/Users/SUJIN/Desktop/sg_workspace/SoC_soc_24/vitis_SoC_24/Mblaze_iic_00_hw/microblaze_0/standalone_domain/bsp/system.mss is not found

TRACE::2024-10-24.17:43:51::SCWMssOS::Cleared the swdb table entry
TRACE::2024-10-24.17:43:51::SCWMssOS::No sw design opened at  C:/Users/SUJIN/Desktop/sg_workspace/SoC_soc_24/vitis_SoC_24/Mblaze_iic_00_hw/microblaze_0/standalone_domain/bsp/system.mss
TRACE::2024-10-24.17:43:51::SCWMssOS::mss exists loading the mss file  C:/Users/SUJIN/Desktop/sg_workspace/SoC_soc_24/vitis_SoC_24/Mblaze_iic_00_hw/microblaze_0/standalone_domain/bsp/system.mss
TRACE::2024-10-24.17:43:51::SCWMssOS::Opened the sw design from mss  C:/Users/SUJIN/Desktop/sg_workspace/SoC_soc_24/vitis_SoC_24/Mblaze_iic_00_hw/microblaze_0/standalone_domain/bsp/system.mss
TRACE::2024-10-24.17:43:51::SCWMssOS::Adding the swdes entry C:/Users/SUJIN/Desktop/sg_workspace/SoC_soc_24/vitis_SoC_24/Mblaze_iic_00_hw/microblaze_0/standalone_domain/bsp/system.mss with des name system
TRACE::2024-10-24.17:43:51::SCWMssOS::updating the scw layer about changes
TRACE::2024-10-24.17:43:51::SCWMssOS::Opened the sw design.  C:/Users/SUJIN/Desktop/sg_workspace/SoC_soc_24/vitis_SoC_24/Mblaze_iic_00_hw/microblaze_0/standalone_domain/bsp/system.mss
TRACE::2024-10-24.17:43:51::SCWMssOS::Completed writing the mss file at C:/Users/SUJIN/Desktop/sg_workspace/SoC_soc_24/vitis_SoC_24/Mblaze_iic_00_hw/microblaze_0/standalone_domain/bsp
TRACE::2024-10-24.17:43:51::SCWMssOS::Mss edits present, copying mssfile into export location C:/Users/SUJIN/Desktop/sg_workspace/SoC_soc_24/vitis_SoC_24/Mblaze_iic_00_hw/microblaze_0/standalone_domain/bsp/system.mss
TRACE::2024-10-24.17:43:51::SCWMssOS::bsp generated is upto date with the mss file. Skipping bsp generation.
TRACE::2024-10-24.17:43:51::SCWMssOS::BSP is already built. skipping the bsp build ... 
TRACE::2024-10-24.17:43:51::SCWDomain::Skipping the build for domain :  standalone_domain
TRACE::2024-10-24.17:43:51::SCWMssOS::skipping the bsp build ... 
TRACE::2024-10-24.17:43:51::SCWMssOS::Copying to export directory.
TRACE::2024-10-24.17:43:51::SCWMssOS:: Checking if to create the Supporting Applications
TRACE::2024-10-24.17:43:51::SCWMssOS:: No Linux domain exists, trying to generate FSBL 
LOG::2024-10-24.17:43:51::SCWSystem::Completed Processing the domain standalone_domain
LOG::2024-10-24.17:43:51::SCWSystem::Completed Processing the sysconfig Mblaze_iic_00_hw
LOG::2024-10-24.17:43:51::SCWPlatform::Completed generating the artifacts for system configuration Mblaze_iic_00_hw
TRACE::2024-10-24.17:43:51::SCWPlatform::Started preparing the platform 
TRACE::2024-10-24.17:43:51::SCWSystem::Writing the bif file for system config Mblaze_iic_00_hw
TRACE::2024-10-24.17:43:51::SCWSystem::dir created 
TRACE::2024-10-24.17:43:51::SCWSystem::Writing the bif 
TRACE::2024-10-24.17:43:51::SCWPlatform::Started writing the spfm file 
TRACE::2024-10-24.17:43:51::SCWPlatform::Started writing the xpfm file 
TRACE::2024-10-24.17:43:51::SCWPlatform::Completed generating the platform
TRACE::2024-10-24.17:43:51::SCWPlatform::Trying to open the hw design at C:/Users/SUJIN/Desktop/sg_workspace/SoC_soc_24/vitis_SoC_24/Mblaze_iic_00_hw/hw/Micro_blaze_iic_v0_wrapper.xsa
TRACE::2024-10-24.17:43:51::SCWPlatform::DSA given C:/Users/SUJIN/Desktop/sg_workspace/SoC_soc_24/vitis_SoC_24/Mblaze_iic_00_hw/hw/Micro_blaze_iic_v0_wrapper.xsa
TRACE::2024-10-24.17:43:51::SCWPlatform::DSA absoulate path C:/Users/SUJIN/Desktop/sg_workspace/SoC_soc_24/vitis_SoC_24/Mblaze_iic_00_hw/hw/Micro_blaze_iic_v0_wrapper.xsa
TRACE::2024-10-24.17:43:51::SCWPlatform::DSA directory C:/Users/SUJIN/Desktop/sg_workspace/SoC_soc_24/vitis_SoC_24/Mblaze_iic_00_hw/hw
TRACE::2024-10-24.17:43:51::SCWPlatform:: Platform Path C:/Users/SUJIN/Desktop/sg_workspace/SoC_soc_24/vitis_SoC_24/Mblaze_iic_00_hw/hw/Micro_blaze_iic_v0_wrapper.xsa
TRACE::2024-10-24.17:43:51::SCWPlatform:: Unique name xilinx:basys3::0.0
TRACE::2024-10-24.17:43:51::SCWPlatform::Trying to set the existing hwdb with name Micro_blaze_iic_v0_wrapper_0
TRACE::2024-10-24.17:43:51::SCWPlatform::Opened existing hwdb Micro_blaze_iic_v0_wrapper_0
TRACE::2024-10-24.17:43:51::SCWPlatform::Found the Hw Db part of the input DSA
TRACE::2024-10-24.17:43:51::SCWMssOS::Checking the sw design at  C:/Users/SUJIN/Desktop/sg_workspace/SoC_soc_24/vitis_SoC_24/Mblaze_iic_00_hw/microblaze_0/standalone_domain/bsp/system.mss
TRACE::2024-10-24.17:43:51::SCWMssOS::DEBUG:  swdes dump  C:/Users/SUJIN/Desktop/sg_workspace/SoC_soc_24/vitis_SoC_24/Mblaze_iic_00_hw/microblaze_0/standalone_domain/bsp/system.mss|system||

TRACE::2024-10-24.17:43:51::SCWMssOS::Sw design exists and opened at  C:/Users/SUJIN/Desktop/sg_workspace/SoC_soc_24/vitis_SoC_24/Mblaze_iic_00_hw/microblaze_0/standalone_domain/bsp/system.mss
TRACE::2024-10-24.17:43:51::SCWPlatform::Trying to open the hw design at C:/Users/SUJIN/Desktop/sg_workspace/SoC_soc_24/vitis_SoC_24/Mblaze_iic_00_hw/hw/Micro_blaze_iic_v0_wrapper.xsa
TRACE::2024-10-24.17:43:51::SCWPlatform::DSA given C:/Users/SUJIN/Desktop/sg_workspace/SoC_soc_24/vitis_SoC_24/Mblaze_iic_00_hw/hw/Micro_blaze_iic_v0_wrapper.xsa
TRACE::2024-10-24.17:43:51::SCWPlatform::DSA absoulate path C:/Users/SUJIN/Desktop/sg_workspace/SoC_soc_24/vitis_SoC_24/Mblaze_iic_00_hw/hw/Micro_blaze_iic_v0_wrapper.xsa
TRACE::2024-10-24.17:43:51::SCWPlatform::DSA directory C:/Users/SUJIN/Desktop/sg_workspace/SoC_soc_24/vitis_SoC_24/Mblaze_iic_00_hw/hw
TRACE::2024-10-24.17:43:51::SCWPlatform:: Platform Path C:/Users/SUJIN/Desktop/sg_workspace/SoC_soc_24/vitis_SoC_24/Mblaze_iic_00_hw/hw/Micro_blaze_iic_v0_wrapper.xsa
TRACE::2024-10-24.17:43:51::SCWPlatform:: Unique name xilinx:basys3::0.0
TRACE::2024-10-24.17:43:51::SCWPlatform::Trying to set the existing hwdb with name Micro_blaze_iic_v0_wrapper_0
TRACE::2024-10-24.17:43:51::SCWPlatform::Opened existing hwdb Micro_blaze_iic_v0_wrapper_0
TRACE::2024-10-24.17:43:51::SCWPlatform::Found the Hw Db part of the input DSA
TRACE::2024-10-24.17:43:51::SCWMssOS::Checking the sw design at  C:/Users/SUJIN/Desktop/sg_workspace/SoC_soc_24/vitis_SoC_24/Mblaze_iic_00_hw/microblaze_0/standalone_domain/bsp/system.mss
TRACE::2024-10-24.17:43:51::SCWMssOS::DEBUG:  swdes dump  C:/Users/SUJIN/Desktop/sg_workspace/SoC_soc_24/vitis_SoC_24/Mblaze_iic_00_hw/microblaze_0/standalone_domain/bsp/system.mss|system||

TRACE::2024-10-24.17:43:51::SCWMssOS::Sw design exists and opened at  C:/Users/SUJIN/Desktop/sg_workspace/SoC_soc_24/vitis_SoC_24/Mblaze_iic_00_hw/microblaze_0/standalone_domain/bsp/system.mss
TRACE::2024-10-24.17:43:51::SCWPlatform::Trying to open the hw design at C:/Users/SUJIN/Desktop/sg_workspace/SoC_soc_24/vitis_SoC_24/Mblaze_iic_00_hw/hw/Micro_blaze_iic_v0_wrapper.xsa
TRACE::2024-10-24.17:43:51::SCWPlatform::DSA given C:/Users/SUJIN/Desktop/sg_workspace/SoC_soc_24/vitis_SoC_24/Mblaze_iic_00_hw/hw/Micro_blaze_iic_v0_wrapper.xsa
TRACE::2024-10-24.17:43:51::SCWPlatform::DSA absoulate path C:/Users/SUJIN/Desktop/sg_workspace/SoC_soc_24/vitis_SoC_24/Mblaze_iic_00_hw/hw/Micro_blaze_iic_v0_wrapper.xsa
TRACE::2024-10-24.17:43:51::SCWPlatform::DSA directory C:/Users/SUJIN/Desktop/sg_workspace/SoC_soc_24/vitis_SoC_24/Mblaze_iic_00_hw/hw
TRACE::2024-10-24.17:43:51::SCWPlatform:: Platform Path C:/Users/SUJIN/Desktop/sg_workspace/SoC_soc_24/vitis_SoC_24/Mblaze_iic_00_hw/hw/Micro_blaze_iic_v0_wrapper.xsa
TRACE::2024-10-24.17:43:51::SCWPlatform:: Unique name xilinx:basys3::0.0
TRACE::2024-10-24.17:43:51::SCWPlatform::Trying to set the existing hwdb with name Micro_blaze_iic_v0_wrapper_0
TRACE::2024-10-24.17:43:51::SCWPlatform::Opened existing hwdb Micro_blaze_iic_v0_wrapper_0
TRACE::2024-10-24.17:43:51::SCWPlatform::Found the Hw Db part of the input DSA
TRACE::2024-10-24.17:43:51::SCWMssOS::Checking the sw design at  C:/Users/SUJIN/Desktop/sg_workspace/SoC_soc_24/vitis_SoC_24/Mblaze_iic_00_hw/microblaze_0/standalone_domain/bsp/system.mss
TRACE::2024-10-24.17:43:51::SCWMssOS::DEBUG:  swdes dump  C:/Users/SUJIN/Desktop/sg_workspace/SoC_soc_24/vitis_SoC_24/Mblaze_iic_00_hw/microblaze_0/standalone_domain/bsp/system.mss|system||

TRACE::2024-10-24.17:43:51::SCWMssOS::Sw design exists and opened at  C:/Users/SUJIN/Desktop/sg_workspace/SoC_soc_24/vitis_SoC_24/Mblaze_iic_00_hw/microblaze_0/standalone_domain/bsp/system.mss
TRACE::2024-10-24.17:43:51::SCWWriter::formatted JSON is {
	"platformName":	"Mblaze_iic_00_hw",
	"sprVersion":	"2.0",
	"mode":	"gui",
	"dsaType":	"Fixed",
	"platformDesc":	"Mblaze_iic_00_hw",
	"platHandOff":	"C:/Users/SUJIN/Desktop/sg_workspace/SoC_soc_24/Micro_blaze_iic_v0_wrapper.xsa",
	"platIntHandOff":	"<platformDir>/hw/Micro_blaze_iic_v0_wrapper.xsa",
	"deviceType":	"FPGA",
	"platIsPrebuiltAutogen":	"false",
	"platIsNoBootBsp":	"false",
	"hasFsblMakeHasChanges":	"false",
	"hasPmufwMakeHasChanges":	"false",
	"platPreBuiltFlag":	false,
	"platformSamplesDir":	"",
	"platActiveSys":	"Mblaze_iic_00_hw",
	"systems":	[{
			"systemName":	"Mblaze_iic_00_hw",
			"systemDesc":	"Mblaze_iic_00_hw",
			"sysIsBootAutoGen":	"true",
			"systemDispName":	"Mblaze_iic_00_hw",
			"sysActiveDom":	"standalone_domain",
			"sysDefaultDom":	"standalone_domain",
			"domains":	[{
					"domainName":	"standalone_domain",
					"domainDispName":	"standalone_domain",
					"domainDesc":	"standalone_domain",
					"processors":	"microblaze_0",
					"os":	"standalone",
					"sdxOs":	"standalone",
					"debugEnable":	"False",
					"domRuntimes":	["cpp"],
					"swRepo":	"",
					"mssOsVer":	"7.1",
					"mssFile":	"",
					"md5Digest":	"d160d97b135e99311507a6f555d009f3",
					"compatibleApp":	"",
					"domType":	"mssDomain",
					"appSettings":	{
						"appCompilerFlags":	"",
						"appLinkerFlags":	""
					},
					"addedLibs":	[],
					"libOptions":	{
						"libsContainingOptions":	[]
					},
					"prebuiltLibs":	{
						"prebuiltIncPath":	[],
						"prebuiltLibPath":	[]
					},
					"isolation":	{
					}
				}]
		}]
}
KEYINFO::2024-10-24.17:43:51::SCWPlatform::updated the xpfm file.
TRACE::2024-10-24.17:43:51::SCWPlatform::Trying to open the hw design at C:/Users/SUJIN/Desktop/sg_workspace/SoC_soc_24/vitis_SoC_24/Mblaze_iic_00_hw/hw/Micro_blaze_iic_v0_wrapper.xsa
TRACE::2024-10-24.17:43:51::SCWPlatform::DSA given C:/Users/SUJIN/Desktop/sg_workspace/SoC_soc_24/vitis_SoC_24/Mblaze_iic_00_hw/hw/Micro_blaze_iic_v0_wrapper.xsa
TRACE::2024-10-24.17:43:51::SCWPlatform::DSA absoulate path C:/Users/SUJIN/Desktop/sg_workspace/SoC_soc_24/vitis_SoC_24/Mblaze_iic_00_hw/hw/Micro_blaze_iic_v0_wrapper.xsa
TRACE::2024-10-24.17:43:51::SCWPlatform::DSA directory C:/Users/SUJIN/Desktop/sg_workspace/SoC_soc_24/vitis_SoC_24/Mblaze_iic_00_hw/hw
TRACE::2024-10-24.17:43:51::SCWPlatform:: Platform Path C:/Users/SUJIN/Desktop/sg_workspace/SoC_soc_24/vitis_SoC_24/Mblaze_iic_00_hw/hw/Micro_blaze_iic_v0_wrapper.xsa
TRACE::2024-10-24.17:43:51::SCWPlatform:: Unique name xilinx:basys3::0.0
TRACE::2024-10-24.17:43:51::SCWPlatform::Trying to set the existing hwdb with name Micro_blaze_iic_v0_wrapper_0
TRACE::2024-10-24.17:43:51::SCWPlatform::Opened existing hwdb Micro_blaze_iic_v0_wrapper_0
TRACE::2024-10-24.17:43:51::SCWPlatform::Found the Hw Db part of the input DSA
TRACE::2024-10-24.17:43:51::SCWMssOS::Checking the sw design at  C:/Users/SUJIN/Desktop/sg_workspace/SoC_soc_24/vitis_SoC_24/Mblaze_iic_00_hw/microblaze_0/standalone_domain/bsp/system.mss
TRACE::2024-10-24.17:43:51::SCWMssOS::DEBUG:  swdes dump  C:/Users/SUJIN/Desktop/sg_workspace/SoC_soc_24/vitis_SoC_24/Mblaze_iic_00_hw/microblaze_0/standalone_domain/bsp/system.mss|system||

TRACE::2024-10-24.17:43:51::SCWMssOS::Sw design exists and opened at  C:/Users/SUJIN/Desktop/sg_workspace/SoC_soc_24/vitis_SoC_24/Mblaze_iic_00_hw/microblaze_0/standalone_domain/bsp/system.mss
TRACE::2024-10-24.17:43:51::SCWPlatform::Trying to open the hw design at C:/Users/SUJIN/Desktop/sg_workspace/SoC_soc_24/vitis_SoC_24/Mblaze_iic_00_hw/hw/Micro_blaze_iic_v0_wrapper.xsa
TRACE::2024-10-24.17:43:51::SCWPlatform::DSA given C:/Users/SUJIN/Desktop/sg_workspace/SoC_soc_24/vitis_SoC_24/Mblaze_iic_00_hw/hw/Micro_blaze_iic_v0_wrapper.xsa
TRACE::2024-10-24.17:43:51::SCWPlatform::DSA absoulate path C:/Users/SUJIN/Desktop/sg_workspace/SoC_soc_24/vitis_SoC_24/Mblaze_iic_00_hw/hw/Micro_blaze_iic_v0_wrapper.xsa
TRACE::2024-10-24.17:43:51::SCWPlatform::DSA directory C:/Users/SUJIN/Desktop/sg_workspace/SoC_soc_24/vitis_SoC_24/Mblaze_iic_00_hw/hw
TRACE::2024-10-24.17:43:51::SCWPlatform:: Platform Path C:/Users/SUJIN/Desktop/sg_workspace/SoC_soc_24/vitis_SoC_24/Mblaze_iic_00_hw/hw/Micro_blaze_iic_v0_wrapper.xsa
TRACE::2024-10-24.17:43:51::SCWPlatform:: Unique name xilinx:basys3::0.0
TRACE::2024-10-24.17:43:51::SCWPlatform::Trying to set the existing hwdb with name Micro_blaze_iic_v0_wrapper_0
TRACE::2024-10-24.17:43:51::SCWPlatform::Opened existing hwdb Micro_blaze_iic_v0_wrapper_0
TRACE::2024-10-24.17:43:51::SCWPlatform::Found the Hw Db part of the input DSA
TRACE::2024-10-24.17:43:51::SCWMssOS::Checking the sw design at  C:/Users/SUJIN/Desktop/sg_workspace/SoC_soc_24/vitis_SoC_24/Mblaze_iic_00_hw/microblaze_0/standalone_domain/bsp/system.mss
TRACE::2024-10-24.17:43:51::SCWMssOS::DEBUG:  swdes dump  C:/Users/SUJIN/Desktop/sg_workspace/SoC_soc_24/vitis_SoC_24/Mblaze_iic_00_hw/microblaze_0/standalone_domain/bsp/system.mss|system||

TRACE::2024-10-24.17:43:51::SCWMssOS::Sw design exists and opened at  C:/Users/SUJIN/Desktop/sg_workspace/SoC_soc_24/vitis_SoC_24/Mblaze_iic_00_hw/microblaze_0/standalone_domain/bsp/system.mss
TRACE::2024-10-24.17:43:51::SCWPlatform::Trying to open the hw design at C:/Users/SUJIN/Desktop/sg_workspace/SoC_soc_24/vitis_SoC_24/Mblaze_iic_00_hw/hw/Micro_blaze_iic_v0_wrapper.xsa
TRACE::2024-10-24.17:43:51::SCWPlatform::DSA given C:/Users/SUJIN/Desktop/sg_workspace/SoC_soc_24/vitis_SoC_24/Mblaze_iic_00_hw/hw/Micro_blaze_iic_v0_wrapper.xsa
TRACE::2024-10-24.17:43:51::SCWPlatform::DSA absoulate path C:/Users/SUJIN/Desktop/sg_workspace/SoC_soc_24/vitis_SoC_24/Mblaze_iic_00_hw/hw/Micro_blaze_iic_v0_wrapper.xsa
TRACE::2024-10-24.17:43:51::SCWPlatform::DSA directory C:/Users/SUJIN/Desktop/sg_workspace/SoC_soc_24/vitis_SoC_24/Mblaze_iic_00_hw/hw
TRACE::2024-10-24.17:43:51::SCWPlatform:: Platform Path C:/Users/SUJIN/Desktop/sg_workspace/SoC_soc_24/vitis_SoC_24/Mblaze_iic_00_hw/hw/Micro_blaze_iic_v0_wrapper.xsa
TRACE::2024-10-24.17:43:51::SCWPlatform:: Unique name xilinx:basys3::0.0
TRACE::2024-10-24.17:43:51::SCWPlatform::Trying to set the existing hwdb with name Micro_blaze_iic_v0_wrapper_0
TRACE::2024-10-24.17:43:51::SCWPlatform::Opened existing hwdb Micro_blaze_iic_v0_wrapper_0
TRACE::2024-10-24.17:43:51::SCWPlatform::Found the Hw Db part of the input DSA
TRACE::2024-10-24.17:43:51::SCWMssOS::Checking the sw design at  C:/Users/SUJIN/Desktop/sg_workspace/SoC_soc_24/vitis_SoC_24/Mblaze_iic_00_hw/microblaze_0/standalone_domain/bsp/system.mss
TRACE::2024-10-24.17:43:51::SCWMssOS::DEBUG:  swdes dump  C:/Users/SUJIN/Desktop/sg_workspace/SoC_soc_24/vitis_SoC_24/Mblaze_iic_00_hw/microblaze_0/standalone_domain/bsp/system.mss|system||

TRACE::2024-10-24.17:43:51::SCWMssOS::Sw design exists and opened at  C:/Users/SUJIN/Desktop/sg_workspace/SoC_soc_24/vitis_SoC_24/Mblaze_iic_00_hw/microblaze_0/standalone_domain/bsp/system.mss
TRACE::2024-10-24.17:43:51::SCWPlatform::Trying to open the hw design at C:/Users/SUJIN/Desktop/sg_workspace/SoC_soc_24/vitis_SoC_24/Mblaze_iic_00_hw/hw/Micro_blaze_iic_v0_wrapper.xsa
TRACE::2024-10-24.17:43:51::SCWPlatform::DSA given C:/Users/SUJIN/Desktop/sg_workspace/SoC_soc_24/vitis_SoC_24/Mblaze_iic_00_hw/hw/Micro_blaze_iic_v0_wrapper.xsa
TRACE::2024-10-24.17:43:51::SCWPlatform::DSA absoulate path C:/Users/SUJIN/Desktop/sg_workspace/SoC_soc_24/vitis_SoC_24/Mblaze_iic_00_hw/hw/Micro_blaze_iic_v0_wrapper.xsa
TRACE::2024-10-24.17:43:51::SCWPlatform::DSA directory C:/Users/SUJIN/Desktop/sg_workspace/SoC_soc_24/vitis_SoC_24/Mblaze_iic_00_hw/hw
TRACE::2024-10-24.17:43:51::SCWPlatform:: Platform Path C:/Users/SUJIN/Desktop/sg_workspace/SoC_soc_24/vitis_SoC_24/Mblaze_iic_00_hw/hw/Micro_blaze_iic_v0_wrapper.xsa
TRACE::2024-10-24.17:43:51::SCWPlatform:: Unique name xilinx:basys3::0.0
TRACE::2024-10-24.17:43:51::SCWPlatform::Trying to set the existing hwdb with name Micro_blaze_iic_v0_wrapper_0
TRACE::2024-10-24.17:43:51::SCWPlatform::Opened existing hwdb Micro_blaze_iic_v0_wrapper_0
TRACE::2024-10-24.17:43:51::SCWPlatform::Found the Hw Db part of the input DSA
TRACE::2024-10-24.17:43:51::SCWMssOS::Checking the sw design at  C:/Users/SUJIN/Desktop/sg_workspace/SoC_soc_24/vitis_SoC_24/Mblaze_iic_00_hw/microblaze_0/standalone_domain/bsp/system.mss
TRACE::2024-10-24.17:43:51::SCWMssOS::DEBUG:  swdes dump  C:/Users/SUJIN/Desktop/sg_workspace/SoC_soc_24/vitis_SoC_24/Mblaze_iic_00_hw/microblaze_0/standalone_domain/bsp/system.mss|system||

TRACE::2024-10-24.17:43:51::SCWMssOS::Sw design exists and opened at  C:/Users/SUJIN/Desktop/sg_workspace/SoC_soc_24/vitis_SoC_24/Mblaze_iic_00_hw/microblaze_0/standalone_domain/bsp/system.mss
TRACE::2024-10-24.17:43:51::SCWWriter::formatted JSON is {
	"platformName":	"Mblaze_iic_00_hw",
	"sprVersion":	"2.0",
	"mode":	"gui",
	"dsaType":	"Fixed",
	"platformDesc":	"Mblaze_iic_00_hw",
	"platHandOff":	"C:/Users/SUJIN/Desktop/sg_workspace/SoC_soc_24/Micro_blaze_iic_v0_wrapper.xsa",
	"platIntHandOff":	"<platformDir>/hw/Micro_blaze_iic_v0_wrapper.xsa",
	"deviceType":	"FPGA",
	"platIsPrebuiltAutogen":	"false",
	"platIsNoBootBsp":	"false",
	"hasFsblMakeHasChanges":	"false",
	"hasPmufwMakeHasChanges":	"false",
	"platPreBuiltFlag":	false,
	"platformSamplesDir":	"",
	"platActiveSys":	"Mblaze_iic_00_hw",
	"systems":	[{
			"systemName":	"Mblaze_iic_00_hw",
			"systemDesc":	"Mblaze_iic_00_hw",
			"sysIsBootAutoGen":	"true",
			"systemDispName":	"Mblaze_iic_00_hw",
			"sysActiveDom":	"standalone_domain",
			"sysDefaultDom":	"standalone_domain",
			"domains":	[{
					"domainName":	"standalone_domain",
					"domainDispName":	"standalone_domain",
					"domainDesc":	"standalone_domain",
					"processors":	"microblaze_0",
					"os":	"standalone",
					"sdxOs":	"standalone",
					"debugEnable":	"False",
					"domRuntimes":	["cpp"],
					"swRepo":	"",
					"mssOsVer":	"7.1",
					"mssFile":	"",
					"md5Digest":	"d160d97b135e99311507a6f555d009f3",
					"compatibleApp":	"",
					"domType":	"mssDomain",
					"appSettings":	{
						"appCompilerFlags":	"",
						"appLinkerFlags":	""
					},
					"addedLibs":	[],
					"libOptions":	{
						"libsContainingOptions":	[]
					},
					"prebuiltLibs":	{
						"prebuiltIncPath":	[],
						"prebuiltLibPath":	[]
					},
					"isolation":	{
					}
				}]
		}]
}
TRACE::2024-10-24.17:43:51::SCWPlatform::Trying to open the hw design at C:/Users/SUJIN/Desktop/sg_workspace/SoC_soc_24/vitis_SoC_24/Mblaze_iic_00_hw/hw/Micro_blaze_iic_v0_wrapper.xsa
TRACE::2024-10-24.17:43:51::SCWPlatform::DSA given C:/Users/SUJIN/Desktop/sg_workspace/SoC_soc_24/vitis_SoC_24/Mblaze_iic_00_hw/hw/Micro_blaze_iic_v0_wrapper.xsa
TRACE::2024-10-24.17:43:51::SCWPlatform::DSA absoulate path C:/Users/SUJIN/Desktop/sg_workspace/SoC_soc_24/vitis_SoC_24/Mblaze_iic_00_hw/hw/Micro_blaze_iic_v0_wrapper.xsa
TRACE::2024-10-24.17:43:51::SCWPlatform::DSA directory C:/Users/SUJIN/Desktop/sg_workspace/SoC_soc_24/vitis_SoC_24/Mblaze_iic_00_hw/hw
TRACE::2024-10-24.17:43:51::SCWPlatform:: Platform Path C:/Users/SUJIN/Desktop/sg_workspace/SoC_soc_24/vitis_SoC_24/Mblaze_iic_00_hw/hw/Micro_blaze_iic_v0_wrapper.xsa
TRACE::2024-10-24.17:43:51::SCWPlatform:: Unique name xilinx:basys3::0.0
TRACE::2024-10-24.17:43:51::SCWPlatform::Trying to set the existing hwdb with name Micro_blaze_iic_v0_wrapper_0
TRACE::2024-10-24.17:43:51::SCWPlatform::Opened existing hwdb Micro_blaze_iic_v0_wrapper_0
TRACE::2024-10-24.17:43:51::SCWPlatform::Found the Hw Db part of the input DSA
TRACE::2024-10-24.17:43:51::SCWMssOS::Checking the sw design at  C:/Users/SUJIN/Desktop/sg_workspace/SoC_soc_24/vitis_SoC_24/Mblaze_iic_00_hw/microblaze_0/standalone_domain/bsp/system.mss
TRACE::2024-10-24.17:43:51::SCWMssOS::DEBUG:  swdes dump  C:/Users/SUJIN/Desktop/sg_workspace/SoC_soc_24/vitis_SoC_24/Mblaze_iic_00_hw/microblaze_0/standalone_domain/bsp/system.mss|system||

TRACE::2024-10-24.17:43:51::SCWMssOS::Sw design exists and opened at  C:/Users/SUJIN/Desktop/sg_workspace/SoC_soc_24/vitis_SoC_24/Mblaze_iic_00_hw/microblaze_0/standalone_domain/bsp/system.mss
TRACE::2024-10-24.17:43:51::SCWPlatform::Trying to open the hw design at C:/Users/SUJIN/Desktop/sg_workspace/SoC_soc_24/vitis_SoC_24/Mblaze_iic_00_hw/hw/Micro_blaze_iic_v0_wrapper.xsa
TRACE::2024-10-24.17:43:51::SCWPlatform::DSA given C:/Users/SUJIN/Desktop/sg_workspace/SoC_soc_24/vitis_SoC_24/Mblaze_iic_00_hw/hw/Micro_blaze_iic_v0_wrapper.xsa
TRACE::2024-10-24.17:43:51::SCWPlatform::DSA absoulate path C:/Users/SUJIN/Desktop/sg_workspace/SoC_soc_24/vitis_SoC_24/Mblaze_iic_00_hw/hw/Micro_blaze_iic_v0_wrapper.xsa
TRACE::2024-10-24.17:43:51::SCWPlatform::DSA directory C:/Users/SUJIN/Desktop/sg_workspace/SoC_soc_24/vitis_SoC_24/Mblaze_iic_00_hw/hw
TRACE::2024-10-24.17:43:51::SCWPlatform:: Platform Path C:/Users/SUJIN/Desktop/sg_workspace/SoC_soc_24/vitis_SoC_24/Mblaze_iic_00_hw/hw/Micro_blaze_iic_v0_wrapper.xsa
TRACE::2024-10-24.17:43:51::SCWPlatform:: Unique name xilinx:basys3::0.0
TRACE::2024-10-24.17:43:51::SCWPlatform::Trying to set the existing hwdb with name Micro_blaze_iic_v0_wrapper_0
TRACE::2024-10-24.17:43:51::SCWPlatform::Opened existing hwdb Micro_blaze_iic_v0_wrapper_0
TRACE::2024-10-24.17:43:51::SCWPlatform::Found the Hw Db part of the input DSA
TRACE::2024-10-24.17:43:51::SCWMssOS::Checking the sw design at  C:/Users/SUJIN/Desktop/sg_workspace/SoC_soc_24/vitis_SoC_24/Mblaze_iic_00_hw/microblaze_0/standalone_domain/bsp/system.mss
TRACE::2024-10-24.17:43:51::SCWMssOS::DEBUG:  swdes dump  C:/Users/SUJIN/Desktop/sg_workspace/SoC_soc_24/vitis_SoC_24/Mblaze_iic_00_hw/microblaze_0/standalone_domain/bsp/system.mss|system||

TRACE::2024-10-24.17:43:51::SCWMssOS::Sw design exists and opened at  C:/Users/SUJIN/Desktop/sg_workspace/SoC_soc_24/vitis_SoC_24/Mblaze_iic_00_hw/microblaze_0/standalone_domain/bsp/system.mss
TRACE::2024-10-24.17:43:51::SCWPlatform::Trying to open the hw design at C:/Users/SUJIN/Desktop/sg_workspace/SoC_soc_24/vitis_SoC_24/Mblaze_iic_00_hw/hw/Micro_blaze_iic_v0_wrapper.xsa
TRACE::2024-10-24.17:43:51::SCWPlatform::DSA given C:/Users/SUJIN/Desktop/sg_workspace/SoC_soc_24/vitis_SoC_24/Mblaze_iic_00_hw/hw/Micro_blaze_iic_v0_wrapper.xsa
TRACE::2024-10-24.17:43:51::SCWPlatform::DSA absoulate path C:/Users/SUJIN/Desktop/sg_workspace/SoC_soc_24/vitis_SoC_24/Mblaze_iic_00_hw/hw/Micro_blaze_iic_v0_wrapper.xsa
TRACE::2024-10-24.17:43:51::SCWPlatform::DSA directory C:/Users/SUJIN/Desktop/sg_workspace/SoC_soc_24/vitis_SoC_24/Mblaze_iic_00_hw/hw
TRACE::2024-10-24.17:43:51::SCWPlatform:: Platform Path C:/Users/SUJIN/Desktop/sg_workspace/SoC_soc_24/vitis_SoC_24/Mblaze_iic_00_hw/hw/Micro_blaze_iic_v0_wrapper.xsa
TRACE::2024-10-24.17:43:51::SCWPlatform:: Unique name xilinx:basys3::0.0
TRACE::2024-10-24.17:43:51::SCWPlatform::Trying to set the existing hwdb with name Micro_blaze_iic_v0_wrapper_0
TRACE::2024-10-24.17:43:51::SCWPlatform::Opened existing hwdb Micro_blaze_iic_v0_wrapper_0
TRACE::2024-10-24.17:43:51::SCWPlatform::Found the Hw Db part of the input DSA
TRACE::2024-10-24.17:43:51::SCWMssOS::Checking the sw design at  C:/Users/SUJIN/Desktop/sg_workspace/SoC_soc_24/vitis_SoC_24/Mblaze_iic_00_hw/microblaze_0/standalone_domain/bsp/system.mss
TRACE::2024-10-24.17:43:51::SCWMssOS::DEBUG:  swdes dump  C:/Users/SUJIN/Desktop/sg_workspace/SoC_soc_24/vitis_SoC_24/Mblaze_iic_00_hw/microblaze_0/standalone_domain/bsp/system.mss|system||

TRACE::2024-10-24.17:43:51::SCWMssOS::Sw design exists and opened at  C:/Users/SUJIN/Desktop/sg_workspace/SoC_soc_24/vitis_SoC_24/Mblaze_iic_00_hw/microblaze_0/standalone_domain/bsp/system.mss
TRACE::2024-10-24.17:43:51::SCWPlatform::Trying to open the hw design at C:/Users/SUJIN/Desktop/sg_workspace/SoC_soc_24/vitis_SoC_24/Mblaze_iic_00_hw/hw/Micro_blaze_iic_v0_wrapper.xsa
TRACE::2024-10-24.17:43:51::SCWPlatform::DSA given C:/Users/SUJIN/Desktop/sg_workspace/SoC_soc_24/vitis_SoC_24/Mblaze_iic_00_hw/hw/Micro_blaze_iic_v0_wrapper.xsa
TRACE::2024-10-24.17:43:51::SCWPlatform::DSA absoulate path C:/Users/SUJIN/Desktop/sg_workspace/SoC_soc_24/vitis_SoC_24/Mblaze_iic_00_hw/hw/Micro_blaze_iic_v0_wrapper.xsa
TRACE::2024-10-24.17:43:51::SCWPlatform::DSA directory C:/Users/SUJIN/Desktop/sg_workspace/SoC_soc_24/vitis_SoC_24/Mblaze_iic_00_hw/hw
TRACE::2024-10-24.17:43:51::SCWPlatform:: Platform Path C:/Users/SUJIN/Desktop/sg_workspace/SoC_soc_24/vitis_SoC_24/Mblaze_iic_00_hw/hw/Micro_blaze_iic_v0_wrapper.xsa
TRACE::2024-10-24.17:43:51::SCWPlatform:: Unique name xilinx:basys3::0.0
TRACE::2024-10-24.17:43:51::SCWPlatform::Trying to set the existing hwdb with name Micro_blaze_iic_v0_wrapper_0
TRACE::2024-10-24.17:43:51::SCWPlatform::Opened existing hwdb Micro_blaze_iic_v0_wrapper_0
TRACE::2024-10-24.17:43:51::SCWPlatform::Found the Hw Db part of the input DSA
TRACE::2024-10-24.17:43:51::SCWMssOS::Checking the sw design at  C:/Users/SUJIN/Desktop/sg_workspace/SoC_soc_24/vitis_SoC_24/Mblaze_iic_00_hw/microblaze_0/standalone_domain/bsp/system.mss
TRACE::2024-10-24.17:43:51::SCWMssOS::DEBUG:  swdes dump  C:/Users/SUJIN/Desktop/sg_workspace/SoC_soc_24/vitis_SoC_24/Mblaze_iic_00_hw/microblaze_0/standalone_domain/bsp/system.mss|system||

TRACE::2024-10-24.17:43:51::SCWMssOS::Sw design exists and opened at  C:/Users/SUJIN/Desktop/sg_workspace/SoC_soc_24/vitis_SoC_24/Mblaze_iic_00_hw/microblaze_0/standalone_domain/bsp/system.mss
TRACE::2024-10-24.17:43:51::SCWPlatform::Trying to open the hw design at C:/Users/SUJIN/Desktop/sg_workspace/SoC_soc_24/vitis_SoC_24/Mblaze_iic_00_hw/hw/Micro_blaze_iic_v0_wrapper.xsa
TRACE::2024-10-24.17:43:51::SCWPlatform::DSA given C:/Users/SUJIN/Desktop/sg_workspace/SoC_soc_24/vitis_SoC_24/Mblaze_iic_00_hw/hw/Micro_blaze_iic_v0_wrapper.xsa
TRACE::2024-10-24.17:43:51::SCWPlatform::DSA absoulate path C:/Users/SUJIN/Desktop/sg_workspace/SoC_soc_24/vitis_SoC_24/Mblaze_iic_00_hw/hw/Micro_blaze_iic_v0_wrapper.xsa
TRACE::2024-10-24.17:43:51::SCWPlatform::DSA directory C:/Users/SUJIN/Desktop/sg_workspace/SoC_soc_24/vitis_SoC_24/Mblaze_iic_00_hw/hw
TRACE::2024-10-24.17:43:51::SCWPlatform:: Platform Path C:/Users/SUJIN/Desktop/sg_workspace/SoC_soc_24/vitis_SoC_24/Mblaze_iic_00_hw/hw/Micro_blaze_iic_v0_wrapper.xsa
TRACE::2024-10-24.17:43:51::SCWPlatform:: Unique name xilinx:basys3::0.0
TRACE::2024-10-24.17:43:51::SCWPlatform::Trying to set the existing hwdb with name Micro_blaze_iic_v0_wrapper_0
TRACE::2024-10-24.17:43:51::SCWPlatform::Opened existing hwdb Micro_blaze_iic_v0_wrapper_0
TRACE::2024-10-24.17:43:51::SCWPlatform::Found the Hw Db part of the input DSA
TRACE::2024-10-24.17:43:52::SCWMssOS::Checking the sw design at  C:/Users/SUJIN/Desktop/sg_workspace/SoC_soc_24/vitis_SoC_24/Mblaze_iic_00_hw/microblaze_0/standalone_domain/bsp/system.mss
TRACE::2024-10-24.17:43:52::SCWMssOS::DEBUG:  swdes dump  C:/Users/SUJIN/Desktop/sg_workspace/SoC_soc_24/vitis_SoC_24/Mblaze_iic_00_hw/microblaze_0/standalone_domain/bsp/system.mss|system||

TRACE::2024-10-24.17:43:52::SCWMssOS::Sw design exists and opened at  C:/Users/SUJIN/Desktop/sg_workspace/SoC_soc_24/vitis_SoC_24/Mblaze_iic_00_hw/microblaze_0/standalone_domain/bsp/system.mss
TRACE::2024-10-24.17:43:52::SCWPlatform::Trying to open the hw design at C:/Users/SUJIN/Desktop/sg_workspace/SoC_soc_24/vitis_SoC_24/Mblaze_iic_00_hw/hw/Micro_blaze_iic_v0_wrapper.xsa
TRACE::2024-10-24.17:43:52::SCWPlatform::DSA given C:/Users/SUJIN/Desktop/sg_workspace/SoC_soc_24/vitis_SoC_24/Mblaze_iic_00_hw/hw/Micro_blaze_iic_v0_wrapper.xsa
TRACE::2024-10-24.17:43:52::SCWPlatform::DSA absoulate path C:/Users/SUJIN/Desktop/sg_workspace/SoC_soc_24/vitis_SoC_24/Mblaze_iic_00_hw/hw/Micro_blaze_iic_v0_wrapper.xsa
TRACE::2024-10-24.17:43:52::SCWPlatform::DSA directory C:/Users/SUJIN/Desktop/sg_workspace/SoC_soc_24/vitis_SoC_24/Mblaze_iic_00_hw/hw
TRACE::2024-10-24.17:43:52::SCWPlatform:: Platform Path C:/Users/SUJIN/Desktop/sg_workspace/SoC_soc_24/vitis_SoC_24/Mblaze_iic_00_hw/hw/Micro_blaze_iic_v0_wrapper.xsa
TRACE::2024-10-24.17:43:52::SCWPlatform:: Unique name xilinx:basys3::0.0
TRACE::2024-10-24.17:43:52::SCWPlatform::Trying to set the existing hwdb with name Micro_blaze_iic_v0_wrapper_0
TRACE::2024-10-24.17:43:52::SCWPlatform::Opened existing hwdb Micro_blaze_iic_v0_wrapper_0
TRACE::2024-10-24.17:43:52::SCWPlatform::Found the Hw Db part of the input DSA
TRACE::2024-10-24.17:43:52::SCWMssOS::Checking the sw design at  C:/Users/SUJIN/Desktop/sg_workspace/SoC_soc_24/vitis_SoC_24/Mblaze_iic_00_hw/microblaze_0/standalone_domain/bsp/system.mss
TRACE::2024-10-24.17:43:52::SCWMssOS::DEBUG:  swdes dump  C:/Users/SUJIN/Desktop/sg_workspace/SoC_soc_24/vitis_SoC_24/Mblaze_iic_00_hw/microblaze_0/standalone_domain/bsp/system.mss|system||

TRACE::2024-10-24.17:43:52::SCWMssOS::Sw design exists and opened at  C:/Users/SUJIN/Desktop/sg_workspace/SoC_soc_24/vitis_SoC_24/Mblaze_iic_00_hw/microblaze_0/standalone_domain/bsp/system.mss
TRACE::2024-10-24.17:43:52::SCWWriter::formatted JSON is {
	"platformName":	"Mblaze_iic_00_hw",
	"sprVersion":	"2.0",
	"mode":	"gui",
	"dsaType":	"Fixed",
	"platformDesc":	"Mblaze_iic_00_hw",
	"platHandOff":	"C:/Users/SUJIN/Desktop/sg_workspace/SoC_soc_24/Micro_blaze_iic_v0_wrapper.xsa",
	"platIntHandOff":	"<platformDir>/hw/Micro_blaze_iic_v0_wrapper.xsa",
	"deviceType":	"FPGA",
	"platIsPrebuiltAutogen":	"false",
	"platIsNoBootBsp":	"false",
	"hasFsblMakeHasChanges":	"false",
	"hasPmufwMakeHasChanges":	"false",
	"platPreBuiltFlag":	false,
	"platformSamplesDir":	"",
	"platActiveSys":	"Mblaze_iic_00_hw",
	"systems":	[{
			"systemName":	"Mblaze_iic_00_hw",
			"systemDesc":	"Mblaze_iic_00_hw",
			"sysIsBootAutoGen":	"true",
			"systemDispName":	"Mblaze_iic_00_hw",
			"sysActiveDom":	"standalone_domain",
			"sysDefaultDom":	"standalone_domain",
			"domains":	[{
					"domainName":	"standalone_domain",
					"domainDispName":	"standalone on microblaze_0",
					"domainDesc":	"standalone_domain",
					"processors":	"microblaze_0",
					"os":	"standalone",
					"sdxOs":	"standalone",
					"debugEnable":	"False",
					"domRuntimes":	["cpp"],
					"swRepo":	"",
					"mssOsVer":	"7.1",
					"mssFile":	"",
					"md5Digest":	"d160d97b135e99311507a6f555d009f3",
					"compatibleApp":	"",
					"domType":	"mssDomain",
					"appSettings":	{
						"appCompilerFlags":	"",
						"appLinkerFlags":	""
					},
					"addedLibs":	[],
					"libOptions":	{
						"libsContainingOptions":	[]
					},
					"prebuiltLibs":	{
						"prebuiltIncPath":	[],
						"prebuiltLibPath":	[]
					},
					"isolation":	{
					}
				}]
		}]
}
TRACE::2024-10-24.17:43:52::SCWPlatform::Trying to open the hw design at C:/Users/SUJIN/Desktop/sg_workspace/SoC_soc_24/vitis_SoC_24/Mblaze_iic_00_hw/hw/Micro_blaze_iic_v0_wrapper.xsa
TRACE::2024-10-24.17:43:52::SCWPlatform::DSA given C:/Users/SUJIN/Desktop/sg_workspace/SoC_soc_24/vitis_SoC_24/Mblaze_iic_00_hw/hw/Micro_blaze_iic_v0_wrapper.xsa
TRACE::2024-10-24.17:43:52::SCWPlatform::DSA absoulate path C:/Users/SUJIN/Desktop/sg_workspace/SoC_soc_24/vitis_SoC_24/Mblaze_iic_00_hw/hw/Micro_blaze_iic_v0_wrapper.xsa
TRACE::2024-10-24.17:43:52::SCWPlatform::DSA directory C:/Users/SUJIN/Desktop/sg_workspace/SoC_soc_24/vitis_SoC_24/Mblaze_iic_00_hw/hw
TRACE::2024-10-24.17:43:52::SCWPlatform:: Platform Path C:/Users/SUJIN/Desktop/sg_workspace/SoC_soc_24/vitis_SoC_24/Mblaze_iic_00_hw/hw/Micro_blaze_iic_v0_wrapper.xsa
TRACE::2024-10-24.17:43:52::SCWPlatform:: Unique name xilinx:basys3::0.0
TRACE::2024-10-24.17:43:52::SCWPlatform::Trying to set the existing hwdb with name Micro_blaze_iic_v0_wrapper_0
TRACE::2024-10-24.17:43:52::SCWPlatform::Opened existing hwdb Micro_blaze_iic_v0_wrapper_0
TRACE::2024-10-24.17:43:52::SCWPlatform::Found the Hw Db part of the input DSA
TRACE::2024-10-24.17:43:52::SCWMssOS::Checking the sw design at  C:/Users/SUJIN/Desktop/sg_workspace/SoC_soc_24/vitis_SoC_24/Mblaze_iic_00_hw/microblaze_0/standalone_domain/bsp/system.mss
TRACE::2024-10-24.17:43:52::SCWMssOS::DEBUG:  swdes dump  C:/Users/SUJIN/Desktop/sg_workspace/SoC_soc_24/vitis_SoC_24/Mblaze_iic_00_hw/microblaze_0/standalone_domain/bsp/system.mss|system||

TRACE::2024-10-24.17:43:52::SCWMssOS::Sw design exists and opened at  C:/Users/SUJIN/Desktop/sg_workspace/SoC_soc_24/vitis_SoC_24/Mblaze_iic_00_hw/microblaze_0/standalone_domain/bsp/system.mss
TRACE::2024-10-24.17:43:52::SCWPlatform::Trying to open the hw design at C:/Users/SUJIN/Desktop/sg_workspace/SoC_soc_24/vitis_SoC_24/Mblaze_iic_00_hw/hw/Micro_blaze_iic_v0_wrapper.xsa
TRACE::2024-10-24.17:43:52::SCWPlatform::DSA given C:/Users/SUJIN/Desktop/sg_workspace/SoC_soc_24/vitis_SoC_24/Mblaze_iic_00_hw/hw/Micro_blaze_iic_v0_wrapper.xsa
TRACE::2024-10-24.17:43:52::SCWPlatform::DSA absoulate path C:/Users/SUJIN/Desktop/sg_workspace/SoC_soc_24/vitis_SoC_24/Mblaze_iic_00_hw/hw/Micro_blaze_iic_v0_wrapper.xsa
TRACE::2024-10-24.17:43:52::SCWPlatform::DSA directory C:/Users/SUJIN/Desktop/sg_workspace/SoC_soc_24/vitis_SoC_24/Mblaze_iic_00_hw/hw
TRACE::2024-10-24.17:43:52::SCWPlatform:: Platform Path C:/Users/SUJIN/Desktop/sg_workspace/SoC_soc_24/vitis_SoC_24/Mblaze_iic_00_hw/hw/Micro_blaze_iic_v0_wrapper.xsa
TRACE::2024-10-24.17:43:52::SCWPlatform:: Unique name xilinx:basys3::0.0
TRACE::2024-10-24.17:43:52::SCWPlatform::Trying to set the existing hwdb with name Micro_blaze_iic_v0_wrapper_0
TRACE::2024-10-24.17:43:52::SCWPlatform::Opened existing hwdb Micro_blaze_iic_v0_wrapper_0
TRACE::2024-10-24.17:43:52::SCWPlatform::Found the Hw Db part of the input DSA
TRACE::2024-10-24.17:43:52::SCWMssOS::Checking the sw design at  C:/Users/SUJIN/Desktop/sg_workspace/SoC_soc_24/vitis_SoC_24/Mblaze_iic_00_hw/microblaze_0/standalone_domain/bsp/system.mss
TRACE::2024-10-24.17:43:52::SCWMssOS::DEBUG:  swdes dump  C:/Users/SUJIN/Desktop/sg_workspace/SoC_soc_24/vitis_SoC_24/Mblaze_iic_00_hw/microblaze_0/standalone_domain/bsp/system.mss|system||

TRACE::2024-10-24.17:43:52::SCWMssOS::Sw design exists and opened at  C:/Users/SUJIN/Desktop/sg_workspace/SoC_soc_24/vitis_SoC_24/Mblaze_iic_00_hw/microblaze_0/standalone_domain/bsp/system.mss
TRACE::2024-10-24.17:43:52::SCWPlatform::Trying to open the hw design at C:/Users/SUJIN/Desktop/sg_workspace/SoC_soc_24/vitis_SoC_24/Mblaze_iic_00_hw/hw/Micro_blaze_iic_v0_wrapper.xsa
TRACE::2024-10-24.17:43:52::SCWPlatform::DSA given C:/Users/SUJIN/Desktop/sg_workspace/SoC_soc_24/vitis_SoC_24/Mblaze_iic_00_hw/hw/Micro_blaze_iic_v0_wrapper.xsa
TRACE::2024-10-24.17:43:52::SCWPlatform::DSA absoulate path C:/Users/SUJIN/Desktop/sg_workspace/SoC_soc_24/vitis_SoC_24/Mblaze_iic_00_hw/hw/Micro_blaze_iic_v0_wrapper.xsa
TRACE::2024-10-24.17:43:52::SCWPlatform::DSA directory C:/Users/SUJIN/Desktop/sg_workspace/SoC_soc_24/vitis_SoC_24/Mblaze_iic_00_hw/hw
TRACE::2024-10-24.17:43:52::SCWPlatform:: Platform Path C:/Users/SUJIN/Desktop/sg_workspace/SoC_soc_24/vitis_SoC_24/Mblaze_iic_00_hw/hw/Micro_blaze_iic_v0_wrapper.xsa
TRACE::2024-10-24.17:43:52::SCWPlatform:: Unique name xilinx:basys3::0.0
TRACE::2024-10-24.17:43:52::SCWPlatform::Trying to set the existing hwdb with name Micro_blaze_iic_v0_wrapper_0
TRACE::2024-10-24.17:43:52::SCWPlatform::Opened existing hwdb Micro_blaze_iic_v0_wrapper_0
TRACE::2024-10-24.17:43:52::SCWPlatform::Found the Hw Db part of the input DSA
TRACE::2024-10-24.17:43:52::SCWMssOS::Checking the sw design at  C:/Users/SUJIN/Desktop/sg_workspace/SoC_soc_24/vitis_SoC_24/Mblaze_iic_00_hw/microblaze_0/standalone_domain/bsp/system.mss
TRACE::2024-10-24.17:43:52::SCWMssOS::DEBUG:  swdes dump  C:/Users/SUJIN/Desktop/sg_workspace/SoC_soc_24/vitis_SoC_24/Mblaze_iic_00_hw/microblaze_0/standalone_domain/bsp/system.mss|system||

TRACE::2024-10-24.17:43:52::SCWMssOS::Sw design exists and opened at  C:/Users/SUJIN/Desktop/sg_workspace/SoC_soc_24/vitis_SoC_24/Mblaze_iic_00_hw/microblaze_0/standalone_domain/bsp/system.mss
TRACE::2024-10-24.17:43:52::SCWWriter::formatted JSON is {
	"platformName":	"Mblaze_iic_00_hw",
	"sprVersion":	"2.0",
	"mode":	"gui",
	"dsaType":	"Fixed",
	"platformDesc":	"Mblaze_iic_00_hw",
	"platHandOff":	"C:/Users/SUJIN/Desktop/sg_workspace/SoC_soc_24/Micro_blaze_iic_v0_wrapper.xsa",
	"platIntHandOff":	"<platformDir>/hw/Micro_blaze_iic_v0_wrapper.xsa",
	"deviceType":	"FPGA",
	"platIsPrebuiltAutogen":	"false",
	"platIsNoBootBsp":	"false",
	"hasFsblMakeHasChanges":	"false",
	"hasPmufwMakeHasChanges":	"false",
	"platPreBuiltFlag":	false,
	"platformSamplesDir":	"",
	"platActiveSys":	"Mblaze_iic_00_hw",
	"systems":	[{
			"systemName":	"Mblaze_iic_00_hw",
			"systemDesc":	"Mblaze_iic_00_hw",
			"sysIsBootAutoGen":	"true",
			"systemDispName":	"Mblaze_iic_00_hw",
			"sysActiveDom":	"standalone_domain",
			"sysDefaultDom":	"standalone_domain",
			"domains":	[{
					"domainName":	"standalone_domain",
					"domainDispName":	"standalone on microblaze_0",
					"domainDesc":	"standalone_domain",
					"processors":	"microblaze_0",
					"os":	"standalone",
					"sdxOs":	"standalone",
					"debugEnable":	"False",
					"domRuntimes":	["cpp"],
					"swRepo":	"",
					"mssOsVer":	"7.1",
					"mssFile":	"",
					"md5Digest":	"d160d97b135e99311507a6f555d009f3",
					"compatibleApp":	"",
					"domType":	"mssDomain",
					"appSettings":	{
						"appCompilerFlags":	"",
						"appLinkerFlags":	""
					},
					"addedLibs":	[],
					"libOptions":	{
						"libsContainingOptions":	[]
					},
					"prebuiltLibs":	{
						"prebuiltIncPath":	[],
						"prebuiltLibPath":	[]
					},
					"isolation":	{
					}
				}]
		}]
}
TRACE::2024-10-24.17:43:52::SCWPlatform::Clearing the existing platform
TRACE::2024-10-24.17:43:52::SCWSystem::Clearing the existing sysconfig
TRACE::2024-10-24.17:43:52::SCWMssOS::Removing the swdes entry for  C:/Users/SUJIN/Desktop/sg_workspace/SoC_soc_24/vitis_SoC_24/Mblaze_iic_00_hw/microblaze_0/standalone_domain/bsp/system.mss
TRACE::2024-10-24.17:43:52::SCWSystem::Clearing the domains completed.
TRACE::2024-10-24.17:43:52::SCWPlatform::Clearing the opened hw db.
TRACE::2024-10-24.17:43:52::SCWPlatform::DSA given C:/Users/SUJIN/Desktop/sg_workspace/SoC_soc_24/vitis_SoC_24/Mblaze_iic_00_hw/hw/Micro_blaze_iic_v0_wrapper.xsa
TRACE::2024-10-24.17:43:52::SCWPlatform::DSA absoulate path C:/Users/SUJIN/Desktop/sg_workspace/SoC_soc_24/vitis_SoC_24/Mblaze_iic_00_hw/hw/Micro_blaze_iic_v0_wrapper.xsa
TRACE::2024-10-24.17:43:52::SCWPlatform:: Platform location is C:/Users/SUJIN/Desktop/sg_workspace/SoC_soc_24/vitis_SoC_24/Mblaze_iic_00_hw/hw
TRACE::2024-10-24.17:43:52::SCWPlatform:: Platform Path C:/Users/SUJIN/Desktop/sg_workspace/SoC_soc_24/vitis_SoC_24/Mblaze_iic_00_hw/hw/Micro_blaze_iic_v0_wrapper.xsa
TRACE::2024-10-24.17:43:52::SCWPlatform:: Unique name xilinx:basys3::0.0
TRACE::2024-10-24.17:43:52::SCWPlatform::Removing the HwDB with name C:/Users/SUJIN/Desktop/sg_workspace/SoC_soc_24/vitis_SoC_24/Mblaze_iic_00_hw/hw/Micro_blaze_iic_v0_wrapper.xsa
TRACE::2024-10-24.17:43:52::SCWPlatform::Trying to open the hw design at C:/Users/SUJIN/Desktop/sg_workspace/SoC_soc_24/vitis_SoC_24/Mblaze_iic_00_hw/hw/Micro_blaze_iic_v0_wrapper.xsa
TRACE::2024-10-24.17:43:52::SCWPlatform::DSA given C:/Users/SUJIN/Desktop/sg_workspace/SoC_soc_24/vitis_SoC_24/Mblaze_iic_00_hw/hw/Micro_blaze_iic_v0_wrapper.xsa
TRACE::2024-10-24.17:43:52::SCWPlatform::DSA absoulate path C:/Users/SUJIN/Desktop/sg_workspace/SoC_soc_24/vitis_SoC_24/Mblaze_iic_00_hw/hw/Micro_blaze_iic_v0_wrapper.xsa
TRACE::2024-10-24.17:43:52::SCWPlatform::DSA directory C:/Users/SUJIN/Desktop/sg_workspace/SoC_soc_24/vitis_SoC_24/Mblaze_iic_00_hw/hw
TRACE::2024-10-24.17:43:52::SCWPlatform:: Platform Path C:/Users/SUJIN/Desktop/sg_workspace/SoC_soc_24/vitis_SoC_24/Mblaze_iic_00_hw/hw/Micro_blaze_iic_v0_wrapper.xsa
TRACE::2024-10-24.17:43:52::SCWPlatform:: Unique name xilinx:basys3::0.0
TRACE::2024-10-24.17:43:52::SCWPlatform::Do not have an existing db opened. 
TRACE::2024-10-24.17:43:52::SCWPlatform::Opened new HwDB with name Micro_blaze_iic_v0_wrapper_1
TRACE::2024-10-24.17:43:52::SCWReader::Active system found as  Mblaze_iic_00_hw
TRACE::2024-10-24.17:43:52::SCWReader::Handling sysconfig Mblaze_iic_00_hw
TRACE::2024-10-24.17:43:52::SCWDomain::checking for install qemu data   : 
TRACE::2024-10-24.17:43:52::SCWPlatform::Trying to open the hw design at C:/Users/SUJIN/Desktop/sg_workspace/SoC_soc_24/vitis_SoC_24/Mblaze_iic_00_hw/hw/Micro_blaze_iic_v0_wrapper.xsa
TRACE::2024-10-24.17:43:52::SCWPlatform::DSA given C:/Users/SUJIN/Desktop/sg_workspace/SoC_soc_24/vitis_SoC_24/Mblaze_iic_00_hw/hw/Micro_blaze_iic_v0_wrapper.xsa
TRACE::2024-10-24.17:43:52::SCWPlatform::DSA absoulate path C:/Users/SUJIN/Desktop/sg_workspace/SoC_soc_24/vitis_SoC_24/Mblaze_iic_00_hw/hw/Micro_blaze_iic_v0_wrapper.xsa
TRACE::2024-10-24.17:43:52::SCWPlatform::DSA directory C:/Users/SUJIN/Desktop/sg_workspace/SoC_soc_24/vitis_SoC_24/Mblaze_iic_00_hw/hw
TRACE::2024-10-24.17:43:52::SCWPlatform:: Platform Path C:/Users/SUJIN/Desktop/sg_workspace/SoC_soc_24/vitis_SoC_24/Mblaze_iic_00_hw/hw/Micro_blaze_iic_v0_wrapper.xsa
TRACE::2024-10-24.17:43:52::SCWPlatform:: Unique name xilinx:basys3::0.0
TRACE::2024-10-24.17:43:52::SCWPlatform::Trying to set the existing hwdb with name Micro_blaze_iic_v0_wrapper_1
TRACE::2024-10-24.17:43:52::SCWPlatform::Opened existing hwdb Micro_blaze_iic_v0_wrapper_1
TRACE::2024-10-24.17:43:52::SCWPlatform::Found the Hw Db part of the input DSA
TRACE::2024-10-24.17:43:52::SCWPlatform::Trying to open the hw design at C:/Users/SUJIN/Desktop/sg_workspace/SoC_soc_24/vitis_SoC_24/Mblaze_iic_00_hw/hw/Micro_blaze_iic_v0_wrapper.xsa
TRACE::2024-10-24.17:43:52::SCWPlatform::DSA given C:/Users/SUJIN/Desktop/sg_workspace/SoC_soc_24/vitis_SoC_24/Mblaze_iic_00_hw/hw/Micro_blaze_iic_v0_wrapper.xsa
TRACE::2024-10-24.17:43:52::SCWPlatform::DSA absoulate path C:/Users/SUJIN/Desktop/sg_workspace/SoC_soc_24/vitis_SoC_24/Mblaze_iic_00_hw/hw/Micro_blaze_iic_v0_wrapper.xsa
TRACE::2024-10-24.17:43:52::SCWPlatform::DSA directory C:/Users/SUJIN/Desktop/sg_workspace/SoC_soc_24/vitis_SoC_24/Mblaze_iic_00_hw/hw
TRACE::2024-10-24.17:43:52::SCWPlatform:: Platform Path C:/Users/SUJIN/Desktop/sg_workspace/SoC_soc_24/vitis_SoC_24/Mblaze_iic_00_hw/hw/Micro_blaze_iic_v0_wrapper.xsa
TRACE::2024-10-24.17:43:52::SCWPlatform:: Unique name xilinx:basys3::0.0
TRACE::2024-10-24.17:43:53::SCWPlatform::Trying to set the existing hwdb with name Micro_blaze_iic_v0_wrapper_1
TRACE::2024-10-24.17:43:53::SCWPlatform::Opened existing hwdb Micro_blaze_iic_v0_wrapper_1
TRACE::2024-10-24.17:43:53::SCWPlatform::Found the Hw Db part of the input DSA
TRACE::2024-10-24.17:43:53::SCWPlatform::Trying to open the hw design at C:/Users/SUJIN/Desktop/sg_workspace/SoC_soc_24/vitis_SoC_24/Mblaze_iic_00_hw/hw/Micro_blaze_iic_v0_wrapper.xsa
TRACE::2024-10-24.17:43:53::SCWPlatform::DSA given C:/Users/SUJIN/Desktop/sg_workspace/SoC_soc_24/vitis_SoC_24/Mblaze_iic_00_hw/hw/Micro_blaze_iic_v0_wrapper.xsa
TRACE::2024-10-24.17:43:53::SCWPlatform::DSA absoulate path C:/Users/SUJIN/Desktop/sg_workspace/SoC_soc_24/vitis_SoC_24/Mblaze_iic_00_hw/hw/Micro_blaze_iic_v0_wrapper.xsa
TRACE::2024-10-24.17:43:53::SCWPlatform::DSA directory C:/Users/SUJIN/Desktop/sg_workspace/SoC_soc_24/vitis_SoC_24/Mblaze_iic_00_hw/hw
TRACE::2024-10-24.17:43:53::SCWPlatform:: Platform Path C:/Users/SUJIN/Desktop/sg_workspace/SoC_soc_24/vitis_SoC_24/Mblaze_iic_00_hw/hw/Micro_blaze_iic_v0_wrapper.xsa
TRACE::2024-10-24.17:43:53::SCWPlatform:: Unique name xilinx:basys3::0.0
TRACE::2024-10-24.17:43:53::SCWPlatform::Trying to set the existing hwdb with name Micro_blaze_iic_v0_wrapper_1
TRACE::2024-10-24.17:43:53::SCWPlatform::Opened existing hwdb Micro_blaze_iic_v0_wrapper_1
TRACE::2024-10-24.17:43:53::SCWPlatform::Found the Hw Db part of the input DSA
TRACE::2024-10-24.17:43:53::SCWMssOS::Checking the sw design at  C:/Users/SUJIN/Desktop/sg_workspace/SoC_soc_24/vitis_SoC_24/Mblaze_iic_00_hw/microblaze_0/standalone_domain/bsp/system.mss
TRACE::2024-10-24.17:43:53::SCWMssOS::DEBUG:  swdes dump  
TRACE::2024-10-24.17:43:53::SCWMssOS::No sw design opened at  C:/Users/SUJIN/Desktop/sg_workspace/SoC_soc_24/vitis_SoC_24/Mblaze_iic_00_hw/microblaze_0/standalone_domain/bsp/system.mss
TRACE::2024-10-24.17:43:53::SCWMssOS::mss exists loading the mss file  C:/Users/SUJIN/Desktop/sg_workspace/SoC_soc_24/vitis_SoC_24/Mblaze_iic_00_hw/microblaze_0/standalone_domain/bsp/system.mss
TRACE::2024-10-24.17:43:53::SCWMssOS::Opened the sw design from mss  C:/Users/SUJIN/Desktop/sg_workspace/SoC_soc_24/vitis_SoC_24/Mblaze_iic_00_hw/microblaze_0/standalone_domain/bsp/system.mss
TRACE::2024-10-24.17:43:53::SCWMssOS::Adding the swdes entry C:/Users/SUJIN/Desktop/sg_workspace/SoC_soc_24/vitis_SoC_24/Mblaze_iic_00_hw/microblaze_0/standalone_domain/bsp/system.mss with des name system
TRACE::2024-10-24.17:43:53::SCWMssOS::updating the scw layer about changes
TRACE::2024-10-24.17:43:53::SCWMssOS::Opened the sw design.  C:/Users/SUJIN/Desktop/sg_workspace/SoC_soc_24/vitis_SoC_24/Mblaze_iic_00_hw/microblaze_0/standalone_domain/bsp/system.mss
TRACE::2024-10-24.17:43:53::SCWReader::Adding prebuilt librarypaths as   
TRACE::2024-10-24.17:43:53::SCWReader::Adding prebuilt incpaths  as   
TRACE::2024-10-24.17:43:53::SCWPlatform::Trying to open the hw design at C:/Users/SUJIN/Desktop/sg_workspace/SoC_soc_24/vitis_SoC_24/Mblaze_iic_00_hw/hw/Micro_blaze_iic_v0_wrapper.xsa
TRACE::2024-10-24.17:43:53::SCWPlatform::DSA given C:/Users/SUJIN/Desktop/sg_workspace/SoC_soc_24/vitis_SoC_24/Mblaze_iic_00_hw/hw/Micro_blaze_iic_v0_wrapper.xsa
TRACE::2024-10-24.17:43:53::SCWPlatform::DSA absoulate path C:/Users/SUJIN/Desktop/sg_workspace/SoC_soc_24/vitis_SoC_24/Mblaze_iic_00_hw/hw/Micro_blaze_iic_v0_wrapper.xsa
TRACE::2024-10-24.17:43:53::SCWPlatform::DSA directory C:/Users/SUJIN/Desktop/sg_workspace/SoC_soc_24/vitis_SoC_24/Mblaze_iic_00_hw/hw
TRACE::2024-10-24.17:43:53::SCWPlatform:: Platform Path C:/Users/SUJIN/Desktop/sg_workspace/SoC_soc_24/vitis_SoC_24/Mblaze_iic_00_hw/hw/Micro_blaze_iic_v0_wrapper.xsa
TRACE::2024-10-24.17:43:53::SCWPlatform:: Unique name xilinx:basys3::0.0
TRACE::2024-10-24.17:43:53::SCWPlatform::Trying to set the existing hwdb with name Micro_blaze_iic_v0_wrapper_1
TRACE::2024-10-24.17:43:53::SCWPlatform::Opened existing hwdb Micro_blaze_iic_v0_wrapper_1
TRACE::2024-10-24.17:43:53::SCWPlatform::Found the Hw Db part of the input DSA
TRACE::2024-10-24.17:43:53::SCWMssOS::Checking the sw design at  C:/Users/SUJIN/Desktop/sg_workspace/SoC_soc_24/vitis_SoC_24/Mblaze_iic_00_hw/microblaze_0/standalone_domain/bsp/system.mss
TRACE::2024-10-24.17:43:53::SCWMssOS::DEBUG:  swdes dump  C:/Users/SUJIN/Desktop/sg_workspace/SoC_soc_24/vitis_SoC_24/Mblaze_iic_00_hw/microblaze_0/standalone_domain/bsp/system.mss|system||

TRACE::2024-10-24.17:43:53::SCWMssOS::Sw design exists and opened at  C:/Users/SUJIN/Desktop/sg_workspace/SoC_soc_24/vitis_SoC_24/Mblaze_iic_00_hw/microblaze_0/standalone_domain/bsp/system.mss
TRACE::2024-10-24.17:43:53::SCWReader::No isolation master present  
TRACE::2024-10-24.17:43:53::SCWPlatform::Trying to open the hw design at C:/Users/SUJIN/Desktop/sg_workspace/SoC_soc_24/vitis_SoC_24/Mblaze_iic_00_hw/hw/Micro_blaze_iic_v0_wrapper.xsa
TRACE::2024-10-24.17:43:53::SCWPlatform::DSA given C:/Users/SUJIN/Desktop/sg_workspace/SoC_soc_24/vitis_SoC_24/Mblaze_iic_00_hw/hw/Micro_blaze_iic_v0_wrapper.xsa
TRACE::2024-10-24.17:43:53::SCWPlatform::DSA absoulate path C:/Users/SUJIN/Desktop/sg_workspace/SoC_soc_24/vitis_SoC_24/Mblaze_iic_00_hw/hw/Micro_blaze_iic_v0_wrapper.xsa
TRACE::2024-10-24.17:43:53::SCWPlatform::DSA directory C:/Users/SUJIN/Desktop/sg_workspace/SoC_soc_24/vitis_SoC_24/Mblaze_iic_00_hw/hw
TRACE::2024-10-24.17:43:53::SCWPlatform:: Platform Path C:/Users/SUJIN/Desktop/sg_workspace/SoC_soc_24/vitis_SoC_24/Mblaze_iic_00_hw/hw/Micro_blaze_iic_v0_wrapper.xsa
TRACE::2024-10-24.17:43:53::SCWPlatform:: Unique name xilinx:basys3::0.0
TRACE::2024-10-24.17:43:53::SCWPlatform::Trying to set the existing hwdb with name Micro_blaze_iic_v0_wrapper_1
TRACE::2024-10-24.17:43:53::SCWPlatform::Opened existing hwdb Micro_blaze_iic_v0_wrapper_1
TRACE::2024-10-24.17:43:53::SCWPlatform::Found the Hw Db part of the input DSA
TRACE::2024-10-24.17:43:53::SCWMssOS::Checking the sw design at  C:/Users/SUJIN/Desktop/sg_workspace/SoC_soc_24/vitis_SoC_24/Mblaze_iic_00_hw/microblaze_0/standalone_domain/bsp/system.mss
TRACE::2024-10-24.17:43:53::SCWMssOS::DEBUG:  swdes dump  C:/Users/SUJIN/Desktop/sg_workspace/SoC_soc_24/vitis_SoC_24/Mblaze_iic_00_hw/microblaze_0/standalone_domain/bsp/system.mss|system||

TRACE::2024-10-24.17:43:53::SCWMssOS::Sw design exists and opened at  C:/Users/SUJIN/Desktop/sg_workspace/SoC_soc_24/vitis_SoC_24/Mblaze_iic_00_hw/microblaze_0/standalone_domain/bsp/system.mss
TRACE::2024-10-24.17:43:54::SCWMssOS::In reload Mss file.
TRACE::2024-10-24.17:43:54::SCWPlatform::Trying to open the hw design at C:/Users/SUJIN/Desktop/sg_workspace/SoC_soc_24/vitis_SoC_24/Mblaze_iic_00_hw/hw/Micro_blaze_iic_v0_wrapper.xsa
TRACE::2024-10-24.17:43:54::SCWPlatform::DSA given C:/Users/SUJIN/Desktop/sg_workspace/SoC_soc_24/vitis_SoC_24/Mblaze_iic_00_hw/hw/Micro_blaze_iic_v0_wrapper.xsa
TRACE::2024-10-24.17:43:54::SCWPlatform::DSA absoulate path C:/Users/SUJIN/Desktop/sg_workspace/SoC_soc_24/vitis_SoC_24/Mblaze_iic_00_hw/hw/Micro_blaze_iic_v0_wrapper.xsa
TRACE::2024-10-24.17:43:54::SCWPlatform::DSA directory C:/Users/SUJIN/Desktop/sg_workspace/SoC_soc_24/vitis_SoC_24/Mblaze_iic_00_hw/hw
TRACE::2024-10-24.17:43:54::SCWPlatform:: Platform Path C:/Users/SUJIN/Desktop/sg_workspace/SoC_soc_24/vitis_SoC_24/Mblaze_iic_00_hw/hw/Micro_blaze_iic_v0_wrapper.xsa
TRACE::2024-10-24.17:43:54::SCWPlatform:: Unique name xilinx:basys3::0.0
TRACE::2024-10-24.17:43:54::SCWPlatform::Trying to set the existing hwdb with name Micro_blaze_iic_v0_wrapper_1
TRACE::2024-10-24.17:43:54::SCWPlatform::Opened existing hwdb Micro_blaze_iic_v0_wrapper_1
TRACE::2024-10-24.17:43:54::SCWPlatform::Found the Hw Db part of the input DSA
TRACE::2024-10-24.17:43:54::SCWMssOS::Checking the sw design at  C:/Users/SUJIN/Desktop/sg_workspace/SoC_soc_24/vitis_SoC_24/Mblaze_iic_00_hw/microblaze_0/standalone_domain/bsp/system.mss
TRACE::2024-10-24.17:43:54::SCWMssOS::DEBUG:  swdes dump  C:/Users/SUJIN/Desktop/sg_workspace/SoC_soc_24/vitis_SoC_24/Mblaze_iic_00_hw/microblaze_0/standalone_domain/bsp/system.mss|system||

KEYINFO::2024-10-24.17:43:54::SCWMssOS::Could not open the swdb for system
KEYINFO::2024-10-24.17:43:54::SCWMssOS::Could not open the sw design at  system
ERROR: [Hsi 55-1558] Software Design system is not found

TRACE::2024-10-24.17:43:54::SCWMssOS::Cleared the swdb table entry
TRACE::2024-10-24.17:43:54::SCWMssOS::No sw design opened at  C:/Users/SUJIN/Desktop/sg_workspace/SoC_soc_24/vitis_SoC_24/Mblaze_iic_00_hw/microblaze_0/standalone_domain/bsp/system.mss
TRACE::2024-10-24.17:43:54::SCWMssOS::mss exists loading the mss file  C:/Users/SUJIN/Desktop/sg_workspace/SoC_soc_24/vitis_SoC_24/Mblaze_iic_00_hw/microblaze_0/standalone_domain/bsp/system.mss
TRACE::2024-10-24.17:43:54::SCWMssOS::Opened the sw design from mss  C:/Users/SUJIN/Desktop/sg_workspace/SoC_soc_24/vitis_SoC_24/Mblaze_iic_00_hw/microblaze_0/standalone_domain/bsp/system.mss
TRACE::2024-10-24.17:43:54::SCWMssOS::Adding the swdes entry C:/Users/SUJIN/Desktop/sg_workspace/SoC_soc_24/vitis_SoC_24/Mblaze_iic_00_hw/microblaze_0/standalone_domain/bsp/system.mss with des name system
TRACE::2024-10-24.17:43:54::SCWMssOS::updating the scw layer about changes
TRACE::2024-10-24.17:43:54::SCWMssOS::Opened the sw design.  C:/Users/SUJIN/Desktop/sg_workspace/SoC_soc_24/vitis_SoC_24/Mblaze_iic_00_hw/microblaze_0/standalone_domain/bsp/system.mss
TRACE::2024-10-24.17:43:54::SCWPlatform::Trying to open the hw design at C:/Users/SUJIN/Desktop/sg_workspace/SoC_soc_24/vitis_SoC_24/Mblaze_iic_00_hw/hw/Micro_blaze_iic_v0_wrapper.xsa
TRACE::2024-10-24.17:43:54::SCWPlatform::DSA given C:/Users/SUJIN/Desktop/sg_workspace/SoC_soc_24/vitis_SoC_24/Mblaze_iic_00_hw/hw/Micro_blaze_iic_v0_wrapper.xsa
TRACE::2024-10-24.17:43:54::SCWPlatform::DSA absoulate path C:/Users/SUJIN/Desktop/sg_workspace/SoC_soc_24/vitis_SoC_24/Mblaze_iic_00_hw/hw/Micro_blaze_iic_v0_wrapper.xsa
TRACE::2024-10-24.17:43:54::SCWPlatform::DSA directory C:/Users/SUJIN/Desktop/sg_workspace/SoC_soc_24/vitis_SoC_24/Mblaze_iic_00_hw/hw
TRACE::2024-10-24.17:43:54::SCWPlatform:: Platform Path C:/Users/SUJIN/Desktop/sg_workspace/SoC_soc_24/vitis_SoC_24/Mblaze_iic_00_hw/hw/Micro_blaze_iic_v0_wrapper.xsa
TRACE::2024-10-24.17:43:54::SCWPlatform:: Unique name xilinx:basys3::0.0
TRACE::2024-10-24.17:43:54::SCWPlatform::Trying to set the existing hwdb with name Micro_blaze_iic_v0_wrapper_1
TRACE::2024-10-24.17:43:54::SCWPlatform::Opened existing hwdb Micro_blaze_iic_v0_wrapper_1
TRACE::2024-10-24.17:43:54::SCWPlatform::Found the Hw Db part of the input DSA
TRACE::2024-10-24.17:43:54::SCWMssOS::Checking the sw design at  C:/Users/SUJIN/Desktop/sg_workspace/SoC_soc_24/vitis_SoC_24/Mblaze_iic_00_hw/microblaze_0/standalone_domain/bsp/system.mss
TRACE::2024-10-24.17:43:54::SCWMssOS::DEBUG:  swdes dump  C:/Users/SUJIN/Desktop/sg_workspace/SoC_soc_24/vitis_SoC_24/Mblaze_iic_00_hw/microblaze_0/standalone_domain/bsp/system.mss|system||

TRACE::2024-10-24.17:43:54::SCWMssOS::Sw design exists and opened at  C:/Users/SUJIN/Desktop/sg_workspace/SoC_soc_24/vitis_SoC_24/Mblaze_iic_00_hw/microblaze_0/standalone_domain/bsp/system.mss
TRACE::2024-10-24.17:43:54::SCWMssOS::Removing the swdes entry for  C:/Users/SUJIN/Desktop/sg_workspace/SoC_soc_24/vitis_SoC_24/Mblaze_iic_00_hw/microblaze_0/standalone_domain/bsp/system.mss
LOG::2024-10-24.17:44:02::SCWPlatform::Started generating the artifacts platform Mblaze_iic_00_hw
TRACE::2024-10-24.17:44:02::SCWPlatform::Sanity checking of platform is completed
LOG::2024-10-24.17:44:02::SCWPlatform::Started generating the artifacts for system configuration Mblaze_iic_00_hw
LOG::2024-10-24.17:44:02::SCWSystem::Checking the domain standalone_domain
LOG::2024-10-24.17:44:02::SCWSystem::Not a boot domain 
LOG::2024-10-24.17:44:03::SCWSystem::Started Processing the domain standalone_domain
TRACE::2024-10-24.17:44:03::SCWDomain::Generating domain artifcats
TRACE::2024-10-24.17:44:03::SCWMssOS::Generating standalone artifcats
TRACE::2024-10-24.17:44:03::SCWMssOS:: Copying the user libraries. 
TRACE::2024-10-24.17:44:03::SCWPlatform::Trying to open the hw design at C:/Users/SUJIN/Desktop/sg_workspace/SoC_soc_24/vitis_SoC_24/Mblaze_iic_00_hw/hw/Micro_blaze_iic_v0_wrapper.xsa
TRACE::2024-10-24.17:44:03::SCWPlatform::DSA given C:/Users/SUJIN/Desktop/sg_workspace/SoC_soc_24/vitis_SoC_24/Mblaze_iic_00_hw/hw/Micro_blaze_iic_v0_wrapper.xsa
TRACE::2024-10-24.17:44:03::SCWPlatform::DSA absoulate path C:/Users/SUJIN/Desktop/sg_workspace/SoC_soc_24/vitis_SoC_24/Mblaze_iic_00_hw/hw/Micro_blaze_iic_v0_wrapper.xsa
TRACE::2024-10-24.17:44:03::SCWPlatform::DSA directory C:/Users/SUJIN/Desktop/sg_workspace/SoC_soc_24/vitis_SoC_24/Mblaze_iic_00_hw/hw
TRACE::2024-10-24.17:44:03::SCWPlatform:: Platform Path C:/Users/SUJIN/Desktop/sg_workspace/SoC_soc_24/vitis_SoC_24/Mblaze_iic_00_hw/hw/Micro_blaze_iic_v0_wrapper.xsa
TRACE::2024-10-24.17:44:03::SCWPlatform:: Unique name xilinx:basys3::0.0
TRACE::2024-10-24.17:44:03::SCWPlatform::Trying to set the existing hwdb with name Micro_blaze_iic_v0_wrapper_1
TRACE::2024-10-24.17:44:03::SCWPlatform::Opened existing hwdb Micro_blaze_iic_v0_wrapper_1
TRACE::2024-10-24.17:44:03::SCWPlatform::Found the Hw Db part of the input DSA
TRACE::2024-10-24.17:44:03::SCWMssOS::Checking the sw design at  C:/Users/SUJIN/Desktop/sg_workspace/SoC_soc_24/vitis_SoC_24/Mblaze_iic_00_hw/microblaze_0/standalone_domain/bsp/system.mss
TRACE::2024-10-24.17:44:03::SCWMssOS::DEBUG:  swdes dump  
TRACE::2024-10-24.17:44:03::SCWMssOS::No sw design opened at  C:/Users/SUJIN/Desktop/sg_workspace/SoC_soc_24/vitis_SoC_24/Mblaze_iic_00_hw/microblaze_0/standalone_domain/bsp/system.mss
TRACE::2024-10-24.17:44:03::SCWMssOS::mss exists loading the mss file  C:/Users/SUJIN/Desktop/sg_workspace/SoC_soc_24/vitis_SoC_24/Mblaze_iic_00_hw/microblaze_0/standalone_domain/bsp/system.mss
TRACE::2024-10-24.17:44:03::SCWMssOS::Opened the sw design from mss  C:/Users/SUJIN/Desktop/sg_workspace/SoC_soc_24/vitis_SoC_24/Mblaze_iic_00_hw/microblaze_0/standalone_domain/bsp/system.mss
TRACE::2024-10-24.17:44:03::SCWMssOS::Adding the swdes entry C:/Users/SUJIN/Desktop/sg_workspace/SoC_soc_24/vitis_SoC_24/Mblaze_iic_00_hw/microblaze_0/standalone_domain/bsp/system.mss with des name system
TRACE::2024-10-24.17:44:03::SCWMssOS::updating the scw layer about changes
TRACE::2024-10-24.17:44:03::SCWMssOS::Opened the sw design.  C:/Users/SUJIN/Desktop/sg_workspace/SoC_soc_24/vitis_SoC_24/Mblaze_iic_00_hw/microblaze_0/standalone_domain/bsp/system.mss
TRACE::2024-10-24.17:44:03::SCWMssOS::Completed writing the mss file at C:/Users/SUJIN/Desktop/sg_workspace/SoC_soc_24/vitis_SoC_24/Mblaze_iic_00_hw/microblaze_0/standalone_domain/bsp
TRACE::2024-10-24.17:44:03::SCWMssOS::Mss edits present, copying mssfile into export location C:/Users/SUJIN/Desktop/sg_workspace/SoC_soc_24/vitis_SoC_24/Mblaze_iic_00_hw/microblaze_0/standalone_domain/bsp/system.mss
TRACE::2024-10-24.17:44:03::SCWMssOS::bsp generated is upto date with the mss file. Skipping bsp generation.
TRACE::2024-10-24.17:44:03::SCWMssOS::BSP is already built. skipping the bsp build ... 
TRACE::2024-10-24.17:44:03::SCWDomain::Building the domain as part of full build :  standalone_domain
TRACE::2024-10-24.17:44:03::SCWMssOS::doing bsp build ... 
TRACE::2024-10-24.17:44:03::SCWMssOS::System Command Ran  C: & cd  C:/Users/SUJIN/Desktop/sg_workspace/SoC_soc_24/vitis_SoC_24/Mblaze_iic_00_hw/microblaze_0/standalone_domain/bsp & make 
TRACE::2024-10-24.17:44:03::SCWMssOS::"Running Make include in microblaze_0/libsrc/bram_v4_3/src"

TRACE::2024-10-24.17:44:03::SCWMssOS::make -C microblaze_0/libsrc/bram_v4_3/src -s include  "SHELL=CMD" "COMPILER=mb-gcc" "ASSEMBLER=mb-as" "ARCHIVER=mb-ar" "COMPILE
TRACE::2024-10-24.17:44:03::SCWMssOS::R_FLAGS=  -O2 -c -m64 -mcpu=v11.0 -mlittle-endian -mno-xl-reorder -mno-xl-soft-mul -mxl-barrel-shift -mxl-pattern-compare" "EXT
TRACE::2024-10-24.17:44:03::SCWMssOS::RA_COMPILER_FLAGS=-g -ffunction-sections -fdata-sections -Wall -Wextra"

TRACE::2024-10-24.17:44:03::SCWMssOS::"Running Make include in microblaze_0/libsrc/cpu_v2_10/src"

TRACE::2024-10-24.17:44:03::SCWMssOS::make -C microblaze_0/libsrc/cpu_v2_10/src -s include  "SHELL=CMD" "COMPILER=mb-gcc" "ASSEMBLER=mb-as" "ARCHIVER=mb-ar" "COMPILE
TRACE::2024-10-24.17:44:03::SCWMssOS::R_FLAGS=  -O2 -c -m64 -mcpu=v11.0 -mlittle-endian -mno-xl-reorder -mno-xl-soft-mul -mxl-barrel-shift -mxl-pattern-compare" "EXT
TRACE::2024-10-24.17:44:03::SCWMssOS::RA_COMPILER_FLAGS=-g -ffunction-sections -fdata-sections -Wall -Wextra"

TRACE::2024-10-24.17:44:03::SCWMssOS::"Running Make include in microblaze_0/libsrc/iic_v3_5/src"

TRACE::2024-10-24.17:44:03::SCWMssOS::make -C microblaze_0/libsrc/iic_v3_5/src -s include  "SHELL=CMD" "COMPILER=mb-gcc" "ASSEMBLER=mb-as" "ARCHIVER=mb-ar" "COMPILER
TRACE::2024-10-24.17:44:03::SCWMssOS::_FLAGS=  -O2 -c -m64 -mcpu=v11.0 -mlittle-endian -mno-xl-reorder -mno-xl-soft-mul -mxl-barrel-shift -mxl-pattern-compare" "EXTR
TRACE::2024-10-24.17:44:03::SCWMssOS::A_COMPILER_FLAGS=-g -ffunction-sections -fdata-sections -Wall -Wextra"

TRACE::2024-10-24.17:44:03::SCWMssOS::"Running Make include in microblaze_0/libsrc/standalone_v7_1/src"

TRACE::2024-10-24.17:44:03::SCWMssOS::make -C microblaze_0/libsrc/standalone_v7_1/src -s include  "SHELL=CMD" "COMPILER=mb-gcc" "ASSEMBLER=mb-as" "ARCHIVER=mb-ar" "C
TRACE::2024-10-24.17:44:03::SCWMssOS::OMPILER_FLAGS=  -O2 -c -m64 -mcpu=v11.0 -mlittle-endian -mno-xl-reorder -mno-xl-soft-mul -mxl-barrel-shift -mxl-pattern-compare
TRACE::2024-10-24.17:44:03::SCWMssOS::" "EXTRA_COMPILER_FLAGS=-g -ffunction-sections -fdata-sections -Wall -Wextra"

TRACE::2024-10-24.17:44:03::SCWMssOS::"Running Make include in microblaze_0/libsrc/uartlite_v3_3/src"

TRACE::2024-10-24.17:44:03::SCWMssOS::make -C microblaze_0/libsrc/uartlite_v3_3/src -s include  "SHELL=CMD" "COMPILER=mb-gcc" "ASSEMBLER=mb-as" "ARCHIVER=mb-ar" "COM
TRACE::2024-10-24.17:44:03::SCWMssOS::PILER_FLAGS=  -O2 -c -m64 -mcpu=v11.0 -mlittle-endian -mno-xl-reorder -mno-xl-soft-mul -mxl-barrel-shift -mxl-pattern-compare" 
TRACE::2024-10-24.17:44:03::SCWMssOS::"EXTRA_COMPILER_FLAGS=-g -ffunction-sections -fdata-sections -Wall -Wextra"

TRACE::2024-10-24.17:44:03::SCWMssOS::"Running Make libs in microblaze_0/libsrc/bram_v4_3/src"

TRACE::2024-10-24.17:44:03::SCWMssOS::make -C microblaze_0/libsrc/bram_v4_3/src -s libs  "SHELL=CMD" "COMPILER=mb-gcc" "ASSEMBLER=mb-as" "ARCHIVER=mb-ar" "COMPILER_F
TRACE::2024-10-24.17:44:03::SCWMssOS::LAGS=  -O2 -c -m64 -mcpu=v11.0 -mlittle-endian -mno-xl-reorder -mno-xl-soft-mul -mxl-barrel-shift -mxl-pattern-compare" "EXTRA_
TRACE::2024-10-24.17:44:03::SCWMssOS::COMPILER_FLAGS=-g -ffunction-sections -fdata-sections -Wall -Wextra"

TRACE::2024-10-24.17:44:04::SCWMssOS::"Compiling bram"

TRACE::2024-10-24.17:44:04::SCWMssOS::"Running Make libs in microblaze_0/libsrc/cpu_v2_10/src"

TRACE::2024-10-24.17:44:04::SCWMssOS::make -C microblaze_0/libsrc/cpu_v2_10/src -s libs  "SHELL=CMD" "COMPILER=mb-gcc" "ASSEMBLER=mb-as" "ARCHIVER=mb-ar" "COMPILER_F
TRACE::2024-10-24.17:44:04::SCWMssOS::LAGS=  -O2 -c -m64 -mcpu=v11.0 -mlittle-endian -mno-xl-reorder -mno-xl-soft-mul -mxl-barrel-shift -mxl-pattern-compare" "EXTRA_
TRACE::2024-10-24.17:44:04::SCWMssOS::COMPILER_FLAGS=-g -ffunction-sections -fdata-sections -Wall -Wextra"

TRACE::2024-10-24.17:44:05::SCWMssOS::"Compiling cpu"

TRACE::2024-10-24.17:44:05::SCWMssOS::"Running Make libs in microblaze_0/libsrc/iic_v3_5/src"

TRACE::2024-10-24.17:44:05::SCWMssOS::make -C microblaze_0/libsrc/iic_v3_5/src -s libs  "SHELL=CMD" "COMPILER=mb-gcc" "ASSEMBLER=mb-as" "ARCHIVER=mb-ar" "COMPILER_FL
TRACE::2024-10-24.17:44:05::SCWMssOS::AGS=  -O2 -c -m64 -mcpu=v11.0 -mlittle-endian -mno-xl-reorder -mno-xl-soft-mul -mxl-barrel-shift -mxl-pattern-compare" "EXTRA_C
TRACE::2024-10-24.17:44:05::SCWMssOS::OMPILER_FLAGS=-g -ffunction-sections -fdata-sections -Wall -Wextra"

TRACE::2024-10-24.17:44:05::SCWMssOS::"Compiling iic"

TRACE::2024-10-24.17:44:07::SCWMssOS::"Running Make libs in microblaze_0/libsrc/standalone_v7_1/src"

TRACE::2024-10-24.17:44:07::SCWMssOS::make -C microblaze_0/libsrc/standalone_v7_1/src -s libs  "SHELL=CMD" "COMPILER=mb-gcc" "ASSEMBLER=mb-as" "ARCHIVER=mb-ar" "COMP
TRACE::2024-10-24.17:44:07::SCWMssOS::ILER_FLAGS=  -O2 -c -m64 -mcpu=v11.0 -mlittle-endian -mno-xl-reorder -mno-xl-soft-mul -mxl-barrel-shift -mxl-pattern-compare" "
TRACE::2024-10-24.17:44:07::SCWMssOS::EXTRA_COMPILER_FLAGS=-g -ffunction-sections -fdata-sections -Wall -Wextra"

TRACE::2024-10-24.17:44:07::SCWMssOS::"Compiling standalone";

TRACE::2024-10-24.17:44:11::SCWMssOS::"Running Make libs in microblaze_0/libsrc/uartlite_v3_3/src"

TRACE::2024-10-24.17:44:11::SCWMssOS::make -C microblaze_0/libsrc/uartlite_v3_3/src -s libs  "SHELL=CMD" "COMPILER=mb-gcc" "ASSEMBLER=mb-as" "ARCHIVER=mb-ar" "COMPIL
TRACE::2024-10-24.17:44:11::SCWMssOS::ER_FLAGS=  -O2 -c -m64 -mcpu=v11.0 -mlittle-endian -mno-xl-reorder -mno-xl-soft-mul -mxl-barrel-shift -mxl-pattern-compare" "EX
TRACE::2024-10-24.17:44:11::SCWMssOS::TRA_COMPILER_FLAGS=-g -ffunction-sections -fdata-sections -Wall -Wextra"

TRACE::2024-10-24.17:44:11::SCWMssOS::"Compiling uartlite"

TRACE::2024-10-24.17:44:12::SCWMssOS::'Finished building libraries'

TRACE::2024-10-24.17:44:12::SCWMssOS::Copying to export directory.
TRACE::2024-10-24.17:44:12::SCWMssOS:: Checking if to create the Supporting Applications
TRACE::2024-10-24.17:44:12::SCWMssOS:: No Linux domain exists, trying to generate FSBL 
LOG::2024-10-24.17:44:12::SCWSystem::Completed Processing the domain standalone_domain
LOG::2024-10-24.17:44:12::SCWSystem::Completed Processing the sysconfig Mblaze_iic_00_hw
LOG::2024-10-24.17:44:12::SCWPlatform::Completed generating the artifacts for system configuration Mblaze_iic_00_hw
TRACE::2024-10-24.17:44:12::SCWPlatform::Started preparing the platform 
TRACE::2024-10-24.17:44:12::SCWSystem::Writing the bif file for system config Mblaze_iic_00_hw
TRACE::2024-10-24.17:44:12::SCWSystem::dir created 
TRACE::2024-10-24.17:44:12::SCWSystem::Writing the bif 
TRACE::2024-10-24.17:44:12::SCWPlatform::Started writing the spfm file 
TRACE::2024-10-24.17:44:12::SCWPlatform::Started writing the xpfm file 
TRACE::2024-10-24.17:44:12::SCWPlatform::Completed generating the platform
TRACE::2024-10-24.17:44:12::SCWPlatform::Trying to open the hw design at C:/Users/SUJIN/Desktop/sg_workspace/SoC_soc_24/vitis_SoC_24/Mblaze_iic_00_hw/hw/Micro_blaze_iic_v0_wrapper.xsa
TRACE::2024-10-24.17:44:12::SCWPlatform::DSA given C:/Users/SUJIN/Desktop/sg_workspace/SoC_soc_24/vitis_SoC_24/Mblaze_iic_00_hw/hw/Micro_blaze_iic_v0_wrapper.xsa
TRACE::2024-10-24.17:44:12::SCWPlatform::DSA absoulate path C:/Users/SUJIN/Desktop/sg_workspace/SoC_soc_24/vitis_SoC_24/Mblaze_iic_00_hw/hw/Micro_blaze_iic_v0_wrapper.xsa
TRACE::2024-10-24.17:44:12::SCWPlatform::DSA directory C:/Users/SUJIN/Desktop/sg_workspace/SoC_soc_24/vitis_SoC_24/Mblaze_iic_00_hw/hw
TRACE::2024-10-24.17:44:12::SCWPlatform:: Platform Path C:/Users/SUJIN/Desktop/sg_workspace/SoC_soc_24/vitis_SoC_24/Mblaze_iic_00_hw/hw/Micro_blaze_iic_v0_wrapper.xsa
TRACE::2024-10-24.17:44:12::SCWPlatform:: Unique name xilinx:basys3::0.0
TRACE::2024-10-24.17:44:12::SCWPlatform::Trying to set the existing hwdb with name Micro_blaze_iic_v0_wrapper_1
TRACE::2024-10-24.17:44:12::SCWPlatform::Opened existing hwdb Micro_blaze_iic_v0_wrapper_1
TRACE::2024-10-24.17:44:12::SCWPlatform::Found the Hw Db part of the input DSA
TRACE::2024-10-24.17:44:12::SCWMssOS::Checking the sw design at  C:/Users/SUJIN/Desktop/sg_workspace/SoC_soc_24/vitis_SoC_24/Mblaze_iic_00_hw/microblaze_0/standalone_domain/bsp/system.mss
TRACE::2024-10-24.17:44:12::SCWMssOS::DEBUG:  swdes dump  C:/Users/SUJIN/Desktop/sg_workspace/SoC_soc_24/vitis_SoC_24/Mblaze_iic_00_hw/microblaze_0/standalone_domain/bsp/system.mss|system||

TRACE::2024-10-24.17:44:12::SCWMssOS::Sw design exists and opened at  C:/Users/SUJIN/Desktop/sg_workspace/SoC_soc_24/vitis_SoC_24/Mblaze_iic_00_hw/microblaze_0/standalone_domain/bsp/system.mss
TRACE::2024-10-24.17:44:12::SCWWriter::formatted JSON is {
	"platformName":	"Mblaze_iic_00_hw",
	"sprVersion":	"2.0",
	"mode":	"gui",
	"dsaType":	"Fixed",
	"platformDesc":	"Mblaze_iic_00_hw",
	"platHandOff":	"C:/Users/SUJIN/Desktop/sg_workspace/SoC_soc_24/Micro_blaze_iic_v0_wrapper.xsa",
	"platIntHandOff":	"<platformDir>/hw/Micro_blaze_iic_v0_wrapper.xsa",
	"deviceType":	"FPGA",
	"platIsPrebuiltAutogen":	"false",
	"platIsNoBootBsp":	"false",
	"hasFsblMakeHasChanges":	"false",
	"hasPmufwMakeHasChanges":	"false",
	"platPreBuiltFlag":	false,
	"platformSamplesDir":	"",
	"platActiveSys":	"Mblaze_iic_00_hw",
	"systems":	[{
			"systemName":	"Mblaze_iic_00_hw",
			"systemDesc":	"Mblaze_iic_00_hw",
			"sysIsBootAutoGen":	"true",
			"systemDispName":	"Mblaze_iic_00_hw",
			"sysActiveDom":	"standalone_domain",
			"sysDefaultDom":	"standalone_domain",
			"domains":	[{
					"domainName":	"standalone_domain",
					"domainDispName":	"standalone on microblaze_0",
					"domainDesc":	"standalone_domain",
					"processors":	"microblaze_0",
					"os":	"standalone",
					"sdxOs":	"standalone",
					"debugEnable":	"False",
					"domRuntimes":	["cpp"],
					"swRepo":	"",
					"mssOsVer":	"7.1",
					"mssFile":	"",
					"md5Digest":	"d160d97b135e99311507a6f555d009f3",
					"compatibleApp":	"",
					"domType":	"mssDomain",
					"appSettings":	{
						"appCompilerFlags":	"",
						"appLinkerFlags":	""
					},
					"addedLibs":	[],
					"libOptions":	{
						"libsContainingOptions":	[]
					},
					"prebuiltLibs":	{
						"prebuiltIncPath":	[],
						"prebuiltLibPath":	[]
					},
					"isolation":	{
					}
				}]
		}]
}
KEYINFO::2024-10-24.17:44:12::SCWPlatform::updated the xpfm file.
TRACE::2024-10-24.17:44:13::SCWPlatform::Trying to open the hw design at C:/Users/SUJIN/Desktop/sg_workspace/SoC_soc_24/vitis_SoC_24/Mblaze_iic_00_hw/hw/Micro_blaze_iic_v0_wrapper.xsa
TRACE::2024-10-24.17:44:13::SCWPlatform::DSA given C:/Users/SUJIN/Desktop/sg_workspace/SoC_soc_24/vitis_SoC_24/Mblaze_iic_00_hw/hw/Micro_blaze_iic_v0_wrapper.xsa
TRACE::2024-10-24.17:44:13::SCWPlatform::DSA absoulate path C:/Users/SUJIN/Desktop/sg_workspace/SoC_soc_24/vitis_SoC_24/Mblaze_iic_00_hw/hw/Micro_blaze_iic_v0_wrapper.xsa
TRACE::2024-10-24.17:44:13::SCWPlatform::DSA directory C:/Users/SUJIN/Desktop/sg_workspace/SoC_soc_24/vitis_SoC_24/Mblaze_iic_00_hw/hw
TRACE::2024-10-24.17:44:13::SCWPlatform:: Platform Path C:/Users/SUJIN/Desktop/sg_workspace/SoC_soc_24/vitis_SoC_24/Mblaze_iic_00_hw/hw/Micro_blaze_iic_v0_wrapper.xsa
TRACE::2024-10-24.17:44:13::SCWPlatform:: Unique name xilinx:basys3::0.0
TRACE::2024-10-24.17:44:13::SCWPlatform::Trying to set the existing hwdb with name Micro_blaze_iic_v0_wrapper_1
TRACE::2024-10-24.17:44:13::SCWPlatform::Opened existing hwdb Micro_blaze_iic_v0_wrapper_1
TRACE::2024-10-24.17:44:13::SCWPlatform::Found the Hw Db part of the input DSA
TRACE::2024-10-24.17:44:13::SCWMssOS::Checking the sw design at  C:/Users/SUJIN/Desktop/sg_workspace/SoC_soc_24/vitis_SoC_24/Mblaze_iic_00_hw/microblaze_0/standalone_domain/bsp/system.mss
TRACE::2024-10-24.17:44:13::SCWMssOS::DEBUG:  swdes dump  C:/Users/SUJIN/Desktop/sg_workspace/SoC_soc_24/vitis_SoC_24/Mblaze_iic_00_hw/microblaze_0/standalone_domain/bsp/system.mss|system||

TRACE::2024-10-24.17:44:13::SCWMssOS::Sw design exists and opened at  C:/Users/SUJIN/Desktop/sg_workspace/SoC_soc_24/vitis_SoC_24/Mblaze_iic_00_hw/microblaze_0/standalone_domain/bsp/system.mss
