Copyright 1986-2019 Xilinx, Inc. All Rights Reserved.
------------------------------------------------------------------------------------
| Tool Version : Vivado v.2019.2 (win64) Build 2708876 Wed Nov  6 21:40:23 MST 2019
| Date         : Fri Nov  8 10:33:48 2024
| Host         : LAPTOP-LNPLF8TI running 64-bit major release  (build 9200)
| Command      : upgrade_ip
| Device       : xc7a35tcpg236-1
------------------------------------------------------------------------------------

Upgrade Log for IP 'Remo_cuckoo_myip_bluetooth_0_0'

1. Summary
----------

SUCCESS in the upgrade of Remo_cuckoo_myip_bluetooth_0_0 (xilinx.com:user:myip_bluetooth:1.0) from (Rev. 4) to (Rev. 5)






Copyright 1986-2019 Xilinx, Inc. All Rights Reserved.
------------------------------------------------------------------------------------
| Tool Version : Vivado v.2019.2 (win64) Build 2708876 Wed Nov  6 21:40:23 MST 2019
| Date         : Fri Nov  8 10:23:01 2024
| Host         : LAPTOP-LNPLF8TI running 64-bit major release  (build 9200)
| Command      : upgrade_ip
| Device       : xc7a35tcpg236-1
------------------------------------------------------------------------------------

Upgrade Log for IP 'Remo_cuckoo_myip_pwm_0_0'

1. Summary
----------

CAUTION (success, with warnings) in the upgrade of Remo_cuckoo_myip_pwm_0_0 (xilinx.com:user:myip_pwm:1.0) from (Rev. 7) to (Rev. 8)

After upgrade, an IP may have parameter and port differences compared to the original customization. Please review the parameters within the IP customization GUI to ensure proper functionality. Also, please review the updated IP instantiation template to ensure proper connectivity, and update your design if required.

2. Connection Warnings
----------------------

Detected external port differences while upgrading 'Remo_cuckoo_myip_pwm_0_0'. These changes may impact your design.


-Upgrade has removed port 'buzz'







Copyright 1986-2019 Xilinx, Inc. All Rights Reserved.
------------------------------------------------------------------------------------
| Tool Version : Vivado v.2019.2 (win64) Build 2708876 Wed Nov  6 21:40:23 MST 2019
| Date         : Fri Nov  8 10:23:01 2024
| Host         : LAPTOP-LNPLF8TI running 64-bit major release  (build 9200)
| Command      : upgrade_ip
| Device       : xc7a35tcpg236-1
------------------------------------------------------------------------------------

Upgrade Log for IP 'Remo_cuckoo_myip_clock_timer_0_0'

1. Summary
----------

SUCCESS in the upgrade of Remo_cuckoo_myip_clock_timer_0_0 (xilinx.com:user:myip_clock_timer:1.0) from (Rev. 2) to (Rev. 3)






Copyright 1986-2019 Xilinx, Inc. All Rights Reserved.
------------------------------------------------------------------------------------
| Tool Version : Vivado v.2019.2 (win64) Build 2708876 Wed Nov  6 21:40:23 MST 2019
| Date         : Fri Nov  8 10:22:59 2024
| Host         : LAPTOP-LNPLF8TI running 64-bit major release  (build 9200)
| Command      : upgrade_ip
| Device       : xc7a35tcpg236-1
------------------------------------------------------------------------------------

Upgrade Log for IP 'Mblaze_keypad_pwm_myip_pwm_0_0'

1. Summary
----------

CAUTION (success, with warnings) in the upgrade of Mblaze_keypad_pwm_myip_pwm_0_0 (xilinx.com:user:myip_pwm:1.0) from (Rev. 7) to (Rev. 8)

After upgrade, an IP may have parameter and port differences compared to the original customization. Please review the parameters within the IP customization GUI to ensure proper functionality. Also, please review the updated IP instantiation template to ensure proper connectivity, and update your design if required.

2. Connection Warnings
----------------------

Detected external port differences while upgrading 'Mblaze_keypad_pwm_myip_pwm_0_0'. These changes may impact your design.


-Upgrade has removed port 'buzz'







Copyright 1986-2019 Xilinx, Inc. All Rights Reserved.
------------------------------------------------------------------------------------
| Tool Version : Vivado v.2019.2 (win64) Build 2708876 Wed Nov  6 21:40:23 MST 2019
| Date         : Thu Nov  7 12:12:57 2024
| Host         : LAPTOP-LNPLF8TI running 64-bit major release  (build 9200)
| Command      : upgrade_ip
| Device       : xc7a35tcpg236-1
------------------------------------------------------------------------------------

Upgrade Log for IP 'Remo_cuckoo_myip_bluetooth_0_0'

1. Summary
----------

SUCCESS in the upgrade of Remo_cuckoo_myip_bluetooth_0_0 (xilinx.com:user:myip_bluetooth:1.0) from (Rev. 3) to (Rev. 4)






Copyright 1986-2019 Xilinx, Inc. All Rights Reserved.
------------------------------------------------------------------------------------
| Tool Version : Vivado v.2019.2 (win64) Build 2708876 Wed Nov  6 21:40:23 MST 2019
| Date         : Thu Nov  7 11:58:03 2024
| Host         : LAPTOP-LNPLF8TI running 64-bit major release  (build 9200)
| Command      : upgrade_ip
| Device       : xc7a35tcpg236-1
------------------------------------------------------------------------------------

Upgrade Log for IP 'Remo_cuckoo_myip_bluetooth_0_0'

1. Summary
----------

SUCCESS in the upgrade of Remo_cuckoo_myip_bluetooth_0_0 (xilinx.com:user:myip_bluetooth:1.0) from (Rev. 2) to (Rev. 3)






Copyright 1986-2019 Xilinx, Inc. All Rights Reserved.
------------------------------------------------------------------------------------
| Tool Version : Vivado v.2019.2 (win64) Build 2708876 Wed Nov  6 21:40:23 MST 2019
| Date         : Wed Nov  6 16:20:54 2024
| Host         : LAPTOP-LNPLF8TI running 64-bit major release  (build 9200)
| Command      : upgrade_ip
| Device       : xc7a35tcpg236-1
------------------------------------------------------------------------------------

Upgrade Log for IP 'Remo_cuckoo_myip_pwm_0_0'

1. Summary
----------

SUCCESS in the upgrade of Remo_cuckoo_myip_pwm_0_0 (xilinx.com:user:myip_pwm:1.0) from (Rev. 6) to (Rev. 7)






Copyright 1986-2019 Xilinx, Inc. All Rights Reserved.
------------------------------------------------------------------------------------
| Tool Version : Vivado v.2019.2 (win64) Build 2708876 Wed Nov  6 21:40:23 MST 2019
| Date         : Wed Nov  6 16:20:51 2024
| Host         : LAPTOP-LNPLF8TI running 64-bit major release  (build 9200)
| Command      : upgrade_ip
| Device       : xc7a35tcpg236-1
------------------------------------------------------------------------------------

Upgrade Log for IP 'Mblaze_keypad_pwm_myip_pwm_0_0'

1. Summary
----------

SUCCESS in the upgrade of Mblaze_keypad_pwm_myip_pwm_0_0 (xilinx.com:user:myip_pwm:1.0) from (Rev. 6) to (Rev. 7)






Copyright 1986-2019 Xilinx, Inc. All Rights Reserved.
------------------------------------------------------------------------------------
| Tool Version : Vivado v.2019.2 (win64) Build 2708876 Wed Nov  6 21:40:23 MST 2019
| Date         : Tue Nov  5 17:20:02 2024
| Host         : LAPTOP-LNPLF8TI running 64-bit major release  (build 9200)
| Command      : upgrade_ip
| Device       : xc7a35tcpg236-1
------------------------------------------------------------------------------------

Upgrade Log for IP 'Remo_cuckoo_myip_pwm_0_0'

1. Summary
----------

SUCCESS in the conversion of Remo_cuckoo_myip_pwm_0_0 (xilinx.com:user:myip_pwm:1.0 (Rev. 6)) to Vivado generation flows.






Copyright 1986-2019 Xilinx, Inc. All Rights Reserved.
------------------------------------------------------------------------------------
| Tool Version : Vivado v.2019.2 (win64) Build 2708876 Wed Nov  6 21:40:23 MST 2019
| Date         : Tue Nov  5 17:20:00 2024
| Host         : LAPTOP-LNPLF8TI running 64-bit major release  (build 9200)
| Command      : upgrade_ip
| Device       : xc7a35tcpg236-1
------------------------------------------------------------------------------------

Upgrade Log for IP 'Mblaze_keypad_pwm_myip_pwm_0_0'

1. Summary
----------

SUCCESS in the conversion of Mblaze_keypad_pwm_myip_pwm_0_0 (xilinx.com:user:myip_pwm:1.0 (Rev. 6)) to Vivado generation flows.






Copyright 1986-2019 Xilinx, Inc. All Rights Reserved.
------------------------------------------------------------------------------------
| Tool Version : Vivado v.2019.2 (win64) Build 2708876 Wed Nov  6 21:40:23 MST 2019
| Date         : Tue Nov  5 17:19:16 2024
| Host         : LAPTOP-LNPLF8TI running 64-bit major release  (build 9200)
| Command      : upgrade_ip
| Device       : xc7a35tcpg236-1
------------------------------------------------------------------------------------

Upgrade Log for IP 'Remo_cuckoo_myip_pwm_0_0'

1. Summary
----------

CAUTION (success, with warnings) in the upgrade of Remo_cuckoo_myip_pwm_0_0 (xilinx.com:user:myip_pwm:1.0) from (Rev. 5) to (Rev. 6)

After upgrade, an IP may have parameter and port differences compared to the original customization. Please review the parameters within the IP customization GUI to ensure proper functionality. Also, please review the updated IP instantiation template to ensure proper connectivity, and update your design if required.

2. Connection Warnings
----------------------

Detected external port differences while upgrading 'Remo_cuckoo_myip_pwm_0_0'. These changes may impact your design.


-Upgrade has added port 'buzz'







Copyright 1986-2019 Xilinx, Inc. All Rights Reserved.
------------------------------------------------------------------------------------
| Tool Version : Vivado v.2019.2 (win64) Build 2708876 Wed Nov  6 21:40:23 MST 2019
| Date         : Tue Nov  5 17:19:14 2024
| Host         : LAPTOP-LNPLF8TI running 64-bit major release  (build 9200)
| Command      : upgrade_ip
| Device       : xc7a35tcpg236-1
------------------------------------------------------------------------------------

Upgrade Log for IP 'Mblaze_keypad_pwm_myip_pwm_0_0'

1. Summary
----------

CAUTION (success, with warnings) in the upgrade of Mblaze_keypad_pwm_myip_pwm_0_0 (xilinx.com:user:myip_pwm:1.0) from (Rev. 5) to (Rev. 6)

After upgrade, an IP may have parameter and port differences compared to the original customization. Please review the parameters within the IP customization GUI to ensure proper functionality. Also, please review the updated IP instantiation template to ensure proper connectivity, and update your design if required.

2. Connection Warnings
----------------------

Detected external port differences while upgrading 'Mblaze_keypad_pwm_myip_pwm_0_0'. These changes may impact your design.


-Upgrade has added port 'buzz'







Copyright 1986-2019 Xilinx, Inc. All Rights Reserved.
------------------------------------------------------------------------------------
| Tool Version : Vivado v.2019.2 (win64) Build 2708876 Wed Nov  6 21:40:23 MST 2019
| Date         : Mon Oct 28 16:21:47 2024
| Host         : LAPTOP-LNPLF8TI running 64-bit major release  (build 9200)
| Command      : upgrade_ip
| Device       : xc7a35tcpg236-1
------------------------------------------------------------------------------------

Upgrade Log for IP 'Mblaze_keypad_pwm_myip_pwm_0_0'

1. Summary
----------

SUCCESS in the upgrade of Mblaze_keypad_pwm_myip_pwm_0_0 (xilinx.com:user:myip_pwm:1.0) from (Rev. 4) to (Rev. 5)

