
*** Running vivado
    with args -log Micro_blaze_iic_v0_lmb_bram_0.vds -m64 -product Vivado -mode batch -messageDb vivado.pb -notrace -source Micro_blaze_iic_v0_lmb_bram_0.tcl


****** Vivado v2019.2 (64-bit)
  **** SW Build 2708876 on Wed Nov  6 21:40:23 MST 2019
  **** IP Build 2700528 on Thu Nov  7 00:09:20 MST 2019
    ** Copyright 1986-2019 Xilinx, Inc. All Rights Reserved.

source Micro_blaze_iic_v0_lmb_bram_0.tcl -notrace
INFO: [IP_Flow 19-234] Refreshing IP repositories
INFO: [IP_Flow 19-1700] Loaded user IP repository 'c:/Users/SUJIN/Desktop/sg_workspace/ip_repo/myip_bluetooth_1.0'.
INFO: [IP_Flow 19-1700] Loaded user IP repository 'c:/Users/SUJIN/Desktop/sg_workspace/ip_repo/myip_clock_timer_1.0'.
WARNING: [IP_Flow 19-2207] Repository 'c:/Users/SUJIN/Desktop/sg_workspace/ip_repo/myip_clock_timer_1.0' already exists; ignoring attempt to add it again.
INFO: [IP_Flow 19-1700] Loaded user IP repository 'c:/Users/SUJIN/Desktop/sg_workspace/ip_repo/myip_clock_timer_1.0'.
INFO: [IP_Flow 19-1700] Loaded user IP repository 'c:/Users/SUJIN/Desktop/sg_workspace/ip_repo/myip_keypad_1.0'.
INFO: [IP_Flow 19-1700] Loaded user IP repository 'c:/Users/SUJIN/Desktop/sg_workspace/ip_repo/myip_pwm_1.0'.
INFO: [IP_Flow 19-1700] Loaded user IP repository 'c:/Users/SUJIN/Desktop/sg_workspace/ip_repo/myip_usonic_1.0'.
INFO: [IP_Flow 19-1700] Loaded user IP repository 'c:/Users/SUJIN/Desktop/sg_workspace/ip_repo/myip_dht11_1.0'.
WARNING: [IP_Flow 19-2207] Repository 'c:/Users/SUJIN/Desktop/sg_workspace/ip_repo/myip_dht11_1.0' already exists; ignoring attempt to add it again.
INFO: [IP_Flow 19-1700] Loaded user IP repository 'c:/Users/SUJIN/Desktop/sg_workspace/ip_repo/myip_dht11_1.0'.
WARNING: [IP_Flow 19-2207] Repository 'c:/Users/SUJIN/Desktop/sg_workspace/ip_repo/myip_dht11_1.0' already exists; ignoring attempt to add it again.
INFO: [IP_Flow 19-1700] Loaded user IP repository 'c:/Users/SUJIN/Desktop/sg_workspace/ip_repo/myip_dht11_1.0'.
WARNING: [IP_Flow 19-2207] Repository 'c:/Users/SUJIN/Desktop/sg_workspace/ip_repo/myip_dht11_1.0' already exists; ignoring attempt to add it again.
INFO: [IP_Flow 19-1700] Loaded user IP repository 'c:/Users/SUJIN/Desktop/sg_workspace/ip_repo/myip_dht11_1.0'.
INFO: [IP_Flow 19-1700] Loaded user IP repository 'c:/Users/SUJIN/Desktop/sg_workspace/ip_repo/myip_fnd_cntr_1.0'.
WARNING: [IP_Flow 19-2207] Repository 'c:/Users/SUJIN/Desktop/sg_workspace/ip_repo/myip_fnd_cntr_1.0' already exists; ignoring attempt to add it again.
INFO: [IP_Flow 19-1700] Loaded user IP repository 'c:/Users/SUJIN/Desktop/sg_workspace/ip_repo/myip_fnd_cntr_1.0'.
INFO: [IP_Flow 19-2313] Loaded Vivado IP repository 'D:/Xilinx/Vivado/2019.2/data/ip'.
INFO: [IP_Flow 19-4838] Using cached IP synthesis design for IP Micro_blaze_iic_v0_lmb_bram_0, cache-ID = 221f84a49c783e3b.
INFO: [Common 17-206] Exiting Vivado at Fri Nov  8 10:36:42 2024...
