TRACE::2024-10-24.09:28:42::SCWPlatform::Trying to open the hw design at C:/Users/SUJIN/Desktop/sg_workspace/SoC_soc_24/vitis_SoC_24/Mblaze_fnd_cntr_hw/hw/Mblaze_fnd_cntr_wrapper.xsa
TRACE::2024-10-24.09:28:42::SCWPlatform::DSA given C:/Users/SUJIN/Desktop/sg_workspace/SoC_soc_24/vitis_SoC_24/Mblaze_fnd_cntr_hw/hw/Mblaze_fnd_cntr_wrapper.xsa
TRACE::2024-10-24.09:28:42::SCWPlatform::DSA absoulate path C:/Users/SUJIN/Desktop/sg_workspace/SoC_soc_24/vitis_SoC_24/Mblaze_fnd_cntr_hw/hw/Mblaze_fnd_cntr_wrapper.xsa
TRACE::2024-10-24.09:28:42::SCWPlatform::DSA directory C:/Users/SUJIN/Desktop/sg_workspace/SoC_soc_24/vitis_SoC_24/Mblaze_fnd_cntr_hw/hw
TRACE::2024-10-24.09:28:42::SCWPlatform:: Platform Path C:/Users/SUJIN/Desktop/sg_workspace/SoC_soc_24/vitis_SoC_24/Mblaze_fnd_cntr_hw/hw/Mblaze_fnd_cntr_wrapper.xsa
TRACE::2024-10-24.09:28:42::SCWPlatform:: Unique name xilinx:basys3::0.0
TRACE::2024-10-24.09:28:42::SCWPlatform::Do not have an existing db opened. 
TRACE::2024-10-24.09:28:42::SCWPlatform::Opened new HwDB with name Mblaze_fnd_cntr_wrapper_1
TRACE::2024-10-24.09:28:42::SCWWriter::formatted JSON is {
	"platformName":	"Mblaze_fnd_cntr_hw",
	"sprVersion":	"2.0",
	"mode":	"gui",
	"dsaType":	"Fixed",
	"platformDesc":	"Mblaze_fnd_cntr_hw",
	"platHandOff":	"C:/Users/SUJIN/Desktop/sg_workspace/SoC_soc_24/Mblaze_fnd_cntr_wrapper.xsa",
	"platIntHandOff":	"<platformDir>/hw/Mblaze_fnd_cntr_wrapper.xsa",
	"deviceType":	"FPGA",
	"platIsPrebuiltAutogen":	"false",
	"platIsNoBootBsp":	"false",
	"hasFsblMakeHasChanges":	"false",
	"hasPmufwMakeHasChanges":	"false",
	"platPreBuiltFlag":	false,
	"platformSamplesDir":	""
}
TRACE::2024-10-24.09:28:42::SCWWriter::formatted JSON is {
	"platformName":	"Mblaze_fnd_cntr_hw",
	"sprVersion":	"2.0",
	"mode":	"gui",
	"dsaType":	"Fixed",
	"platformDesc":	"Mblaze_fnd_cntr_hw",
	"platHandOff":	"C:/Users/SUJIN/Desktop/sg_workspace/SoC_soc_24/Mblaze_fnd_cntr_wrapper.xsa",
	"platIntHandOff":	"<platformDir>/hw/Mblaze_fnd_cntr_wrapper.xsa",
	"deviceType":	"FPGA",
	"platIsPrebuiltAutogen":	"false",
	"platIsNoBootBsp":	"false",
	"hasFsblMakeHasChanges":	"false",
	"hasPmufwMakeHasChanges":	"false",
	"platPreBuiltFlag":	false,
	"platformSamplesDir":	"",
	"platActiveSys":	"Mblaze_fnd_cntr_hw",
	"systems":	[{
			"systemName":	"Mblaze_fnd_cntr_hw",
			"systemDesc":	"Mblaze_fnd_cntr_hw",
			"sysIsBootAutoGen":	"true",
			"systemDispName":	"Mblaze_fnd_cntr_hw"
		}]
}
TRACE::2024-10-24.09:28:42::SCWPlatform::Boot application domains not present, creating them
TRACE::2024-10-24.09:28:42::SCWPlatform::Pure FPGA device, no boot application will be created.
TRACE::2024-10-24.09:28:42::SCWWriter::formatted JSON is {
	"platformName":	"Mblaze_fnd_cntr_hw",
	"sprVersion":	"2.0",
	"mode":	"gui",
	"dsaType":	"Fixed",
	"platformDesc":	"Mblaze_fnd_cntr_hw",
	"platHandOff":	"C:/Users/SUJIN/Desktop/sg_workspace/SoC_soc_24/Mblaze_fnd_cntr_wrapper.xsa",
	"platIntHandOff":	"<platformDir>/hw/Mblaze_fnd_cntr_wrapper.xsa",
	"deviceType":	"FPGA",
	"platIsPrebuiltAutogen":	"false",
	"platIsNoBootBsp":	"false",
	"hasFsblMakeHasChanges":	"false",
	"hasPmufwMakeHasChanges":	"false",
	"platPreBuiltFlag":	false,
	"platformSamplesDir":	"",
	"platActiveSys":	"Mblaze_fnd_cntr_hw",
	"systems":	[{
			"systemName":	"Mblaze_fnd_cntr_hw",
			"systemDesc":	"Mblaze_fnd_cntr_hw",
			"sysIsBootAutoGen":	"true",
			"systemDispName":	"Mblaze_fnd_cntr_hw"
		}]
}
TRACE::2024-10-24.09:28:42::SCWPlatform::Trying to open the hw design at C:/Users/SUJIN/Desktop/sg_workspace/SoC_soc_24/vitis_SoC_24/Mblaze_fnd_cntr_hw/hw/Mblaze_fnd_cntr_wrapper.xsa
TRACE::2024-10-24.09:28:42::SCWPlatform::DSA given C:/Users/SUJIN/Desktop/sg_workspace/SoC_soc_24/vitis_SoC_24/Mblaze_fnd_cntr_hw/hw/Mblaze_fnd_cntr_wrapper.xsa
TRACE::2024-10-24.09:28:42::SCWPlatform::DSA absoulate path C:/Users/SUJIN/Desktop/sg_workspace/SoC_soc_24/vitis_SoC_24/Mblaze_fnd_cntr_hw/hw/Mblaze_fnd_cntr_wrapper.xsa
TRACE::2024-10-24.09:28:42::SCWPlatform::DSA directory C:/Users/SUJIN/Desktop/sg_workspace/SoC_soc_24/vitis_SoC_24/Mblaze_fnd_cntr_hw/hw
TRACE::2024-10-24.09:28:42::SCWPlatform:: Platform Path C:/Users/SUJIN/Desktop/sg_workspace/SoC_soc_24/vitis_SoC_24/Mblaze_fnd_cntr_hw/hw/Mblaze_fnd_cntr_wrapper.xsa
TRACE::2024-10-24.09:28:42::SCWPlatform:: Unique name xilinx:basys3::0.0
TRACE::2024-10-24.09:28:42::SCWPlatform::Trying to set the existing hwdb with name Mblaze_fnd_cntr_wrapper_1
TRACE::2024-10-24.09:28:42::SCWPlatform::Opened existing hwdb Mblaze_fnd_cntr_wrapper_1
TRACE::2024-10-24.09:28:42::SCWPlatform::Found the Hw Db part of the input DSA
TRACE::2024-10-24.09:28:42::SCWDomain::checking for install qemu data   : 
TRACE::2024-10-24.09:28:42::SCWPlatform::Trying to open the hw design at C:/Users/SUJIN/Desktop/sg_workspace/SoC_soc_24/vitis_SoC_24/Mblaze_fnd_cntr_hw/hw/Mblaze_fnd_cntr_wrapper.xsa
TRACE::2024-10-24.09:28:42::SCWPlatform::DSA given C:/Users/SUJIN/Desktop/sg_workspace/SoC_soc_24/vitis_SoC_24/Mblaze_fnd_cntr_hw/hw/Mblaze_fnd_cntr_wrapper.xsa
TRACE::2024-10-24.09:28:42::SCWPlatform::DSA absoulate path C:/Users/SUJIN/Desktop/sg_workspace/SoC_soc_24/vitis_SoC_24/Mblaze_fnd_cntr_hw/hw/Mblaze_fnd_cntr_wrapper.xsa
TRACE::2024-10-24.09:28:42::SCWPlatform::DSA directory C:/Users/SUJIN/Desktop/sg_workspace/SoC_soc_24/vitis_SoC_24/Mblaze_fnd_cntr_hw/hw
TRACE::2024-10-24.09:28:42::SCWPlatform:: Platform Path C:/Users/SUJIN/Desktop/sg_workspace/SoC_soc_24/vitis_SoC_24/Mblaze_fnd_cntr_hw/hw/Mblaze_fnd_cntr_wrapper.xsa
TRACE::2024-10-24.09:28:42::SCWPlatform:: Unique name xilinx:basys3::0.0
TRACE::2024-10-24.09:28:42::SCWPlatform::Trying to set the existing hwdb with name Mblaze_fnd_cntr_wrapper_1
TRACE::2024-10-24.09:28:42::SCWPlatform::Opened existing hwdb Mblaze_fnd_cntr_wrapper_1
TRACE::2024-10-24.09:28:42::SCWPlatform::Found the Hw Db part of the input DSA
TRACE::2024-10-24.09:28:42::SCWPlatform::Trying to open the hw design at C:/Users/SUJIN/Desktop/sg_workspace/SoC_soc_24/vitis_SoC_24/Mblaze_fnd_cntr_hw/hw/Mblaze_fnd_cntr_wrapper.xsa
TRACE::2024-10-24.09:28:42::SCWPlatform::DSA given C:/Users/SUJIN/Desktop/sg_workspace/SoC_soc_24/vitis_SoC_24/Mblaze_fnd_cntr_hw/hw/Mblaze_fnd_cntr_wrapper.xsa
TRACE::2024-10-24.09:28:42::SCWPlatform::DSA absoulate path C:/Users/SUJIN/Desktop/sg_workspace/SoC_soc_24/vitis_SoC_24/Mblaze_fnd_cntr_hw/hw/Mblaze_fnd_cntr_wrapper.xsa
TRACE::2024-10-24.09:28:42::SCWPlatform::DSA directory C:/Users/SUJIN/Desktop/sg_workspace/SoC_soc_24/vitis_SoC_24/Mblaze_fnd_cntr_hw/hw
TRACE::2024-10-24.09:28:42::SCWPlatform:: Platform Path C:/Users/SUJIN/Desktop/sg_workspace/SoC_soc_24/vitis_SoC_24/Mblaze_fnd_cntr_hw/hw/Mblaze_fnd_cntr_wrapper.xsa
TRACE::2024-10-24.09:28:42::SCWPlatform:: Unique name xilinx:basys3::0.0
TRACE::2024-10-24.09:28:42::SCWPlatform::Trying to set the existing hwdb with name Mblaze_fnd_cntr_wrapper_1
TRACE::2024-10-24.09:28:42::SCWPlatform::Opened existing hwdb Mblaze_fnd_cntr_wrapper_1
TRACE::2024-10-24.09:28:42::SCWPlatform::Found the Hw Db part of the input DSA
TRACE::2024-10-24.09:28:42::SCWMssOS::Checking the sw design at  C:/Users/SUJIN/Desktop/sg_workspace/SoC_soc_24/vitis_SoC_24/Mblaze_fnd_cntr_hw/microblaze_0/standalone_domain/bsp/system.mss
TRACE::2024-10-24.09:28:42::SCWMssOS::DEBUG:  swdes dump  
TRACE::2024-10-24.09:28:42::SCWMssOS::No sw design opened at  C:/Users/SUJIN/Desktop/sg_workspace/SoC_soc_24/vitis_SoC_24/Mblaze_fnd_cntr_hw/microblaze_0/standalone_domain/bsp/system.mss
TRACE::2024-10-24.09:28:42::SCWMssOS::mss does not exists at C:/Users/SUJIN/Desktop/sg_workspace/SoC_soc_24/vitis_SoC_24/Mblaze_fnd_cntr_hw/microblaze_0/standalone_domain/bsp/system.mss
TRACE::2024-10-24.09:28:42::SCWMssOS::Creating sw design at  C:/Users/SUJIN/Desktop/sg_workspace/SoC_soc_24/vitis_SoC_24/Mblaze_fnd_cntr_hw/microblaze_0/standalone_domain/bsp/system.mss
TRACE::2024-10-24.09:28:42::SCWMssOS::Adding the swdes entry, created swdb C:/Users/SUJIN/Desktop/sg_workspace/SoC_soc_24/vitis_SoC_24/Mblaze_fnd_cntr_hw/microblaze_0/standalone_domain/bsp/system.mss with des name C:/Users/SUJIN/Desktop/sg_workspace/SoC_soc_24/vitis_SoC_24/Mblaze_fnd_cntr_hw/microblaze_0/standalone_domain/bsp/system.mss
TRACE::2024-10-24.09:28:42::SCWMssOS::updating the scw layer changes to swdes at   C:/Users/SUJIN/Desktop/sg_workspace/SoC_soc_24/vitis_SoC_24/Mblaze_fnd_cntr_hw/microblaze_0/standalone_domain/bsp/system.mss
TRACE::2024-10-24.09:28:42::SCWMssOS::Writing mss at C:/Users/SUJIN/Desktop/sg_workspace/SoC_soc_24/vitis_SoC_24/Mblaze_fnd_cntr_hw/microblaze_0/standalone_domain/bsp/system.mss
TRACE::2024-10-24.09:28:42::SCWMssOS::Completed writing the mss file at C:/Users/SUJIN/Desktop/sg_workspace/SoC_soc_24/vitis_SoC_24/Mblaze_fnd_cntr_hw/microblaze_0/standalone_domain/bsp
TRACE::2024-10-24.09:28:42::SCWMssOS::Picking up changes from newly written mss file into SCW Layer. 
TRACE::2024-10-24.09:28:42::SCWMssOS::Updated the changes from newly written mss file into SCW Layer. 
TRACE::2024-10-24.09:28:42::SCWPlatform::Trying to open the hw design at C:/Users/SUJIN/Desktop/sg_workspace/SoC_soc_24/vitis_SoC_24/Mblaze_fnd_cntr_hw/hw/Mblaze_fnd_cntr_wrapper.xsa
TRACE::2024-10-24.09:28:42::SCWPlatform::DSA given C:/Users/SUJIN/Desktop/sg_workspace/SoC_soc_24/vitis_SoC_24/Mblaze_fnd_cntr_hw/hw/Mblaze_fnd_cntr_wrapper.xsa
TRACE::2024-10-24.09:28:42::SCWPlatform::DSA absoulate path C:/Users/SUJIN/Desktop/sg_workspace/SoC_soc_24/vitis_SoC_24/Mblaze_fnd_cntr_hw/hw/Mblaze_fnd_cntr_wrapper.xsa
TRACE::2024-10-24.09:28:42::SCWPlatform::DSA directory C:/Users/SUJIN/Desktop/sg_workspace/SoC_soc_24/vitis_SoC_24/Mblaze_fnd_cntr_hw/hw
TRACE::2024-10-24.09:28:42::SCWPlatform:: Platform Path C:/Users/SUJIN/Desktop/sg_workspace/SoC_soc_24/vitis_SoC_24/Mblaze_fnd_cntr_hw/hw/Mblaze_fnd_cntr_wrapper.xsa
TRACE::2024-10-24.09:28:42::SCWPlatform:: Unique name xilinx:basys3::0.0
TRACE::2024-10-24.09:28:42::SCWPlatform::Trying to set the existing hwdb with name Mblaze_fnd_cntr_wrapper_1
TRACE::2024-10-24.09:28:42::SCWPlatform::Opened existing hwdb Mblaze_fnd_cntr_wrapper_1
TRACE::2024-10-24.09:28:42::SCWPlatform::Found the Hw Db part of the input DSA
TRACE::2024-10-24.09:28:42::SCWMssOS::Checking the sw design at  C:/Users/SUJIN/Desktop/sg_workspace/SoC_soc_24/vitis_SoC_24/Mblaze_fnd_cntr_hw/microblaze_0/standalone_domain/bsp/system.mss
TRACE::2024-10-24.09:28:42::SCWMssOS::DEBUG:  swdes dump  C:/Users/SUJIN/Desktop/sg_workspace/SoC_soc_24/vitis_SoC_24/Mblaze_fnd_cntr_hw/microblaze_0/standalone_domain/bsp/system.mss|C:/Users/SUJIN/Desktop/sg_workspace/SoC_soc_24/vitis_SoC_24/Mblaze_fnd_cntr_hw/microblaze_0/standalone_domain/bsp/system.mss||

TRACE::2024-10-24.09:28:42::SCWMssOS::Sw design exists and opened at  C:/Users/SUJIN/Desktop/sg_workspace/SoC_soc_24/vitis_SoC_24/Mblaze_fnd_cntr_hw/microblaze_0/standalone_domain/bsp/system.mss
TRACE::2024-10-24.09:28:42::SCWPlatform::Trying to open the hw design at C:/Users/SUJIN/Desktop/sg_workspace/SoC_soc_24/vitis_SoC_24/Mblaze_fnd_cntr_hw/hw/Mblaze_fnd_cntr_wrapper.xsa
TRACE::2024-10-24.09:28:42::SCWPlatform::DSA given C:/Users/SUJIN/Desktop/sg_workspace/SoC_soc_24/vitis_SoC_24/Mblaze_fnd_cntr_hw/hw/Mblaze_fnd_cntr_wrapper.xsa
TRACE::2024-10-24.09:28:42::SCWPlatform::DSA absoulate path C:/Users/SUJIN/Desktop/sg_workspace/SoC_soc_24/vitis_SoC_24/Mblaze_fnd_cntr_hw/hw/Mblaze_fnd_cntr_wrapper.xsa
TRACE::2024-10-24.09:28:42::SCWPlatform::DSA directory C:/Users/SUJIN/Desktop/sg_workspace/SoC_soc_24/vitis_SoC_24/Mblaze_fnd_cntr_hw/hw
TRACE::2024-10-24.09:28:42::SCWPlatform:: Platform Path C:/Users/SUJIN/Desktop/sg_workspace/SoC_soc_24/vitis_SoC_24/Mblaze_fnd_cntr_hw/hw/Mblaze_fnd_cntr_wrapper.xsa
TRACE::2024-10-24.09:28:42::SCWPlatform:: Unique name xilinx:basys3::0.0
TRACE::2024-10-24.09:28:42::SCWPlatform::Trying to set the existing hwdb with name Mblaze_fnd_cntr_wrapper_1
TRACE::2024-10-24.09:28:42::SCWPlatform::Opened existing hwdb Mblaze_fnd_cntr_wrapper_1
TRACE::2024-10-24.09:28:42::SCWPlatform::Found the Hw Db part of the input DSA
TRACE::2024-10-24.09:28:42::SCWMssOS::Checking the sw design at  C:/Users/SUJIN/Desktop/sg_workspace/SoC_soc_24/vitis_SoC_24/Mblaze_fnd_cntr_hw/microblaze_0/standalone_domain/bsp/system.mss
TRACE::2024-10-24.09:28:42::SCWMssOS::DEBUG:  swdes dump  C:/Users/SUJIN/Desktop/sg_workspace/SoC_soc_24/vitis_SoC_24/Mblaze_fnd_cntr_hw/microblaze_0/standalone_domain/bsp/system.mss|C:/Users/SUJIN/Desktop/sg_workspace/SoC_soc_24/vitis_SoC_24/Mblaze_fnd_cntr_hw/microblaze_0/standalone_domain/bsp/system.mss||

TRACE::2024-10-24.09:28:42::SCWMssOS::Sw design exists and opened at  C:/Users/SUJIN/Desktop/sg_workspace/SoC_soc_24/vitis_SoC_24/Mblaze_fnd_cntr_hw/microblaze_0/standalone_domain/bsp/system.mss
TRACE::2024-10-24.09:28:42::SCWPlatform::Trying to open the hw design at C:/Users/SUJIN/Desktop/sg_workspace/SoC_soc_24/vitis_SoC_24/Mblaze_fnd_cntr_hw/hw/Mblaze_fnd_cntr_wrapper.xsa
TRACE::2024-10-24.09:28:42::SCWPlatform::DSA given C:/Users/SUJIN/Desktop/sg_workspace/SoC_soc_24/vitis_SoC_24/Mblaze_fnd_cntr_hw/hw/Mblaze_fnd_cntr_wrapper.xsa
TRACE::2024-10-24.09:28:42::SCWPlatform::DSA absoulate path C:/Users/SUJIN/Desktop/sg_workspace/SoC_soc_24/vitis_SoC_24/Mblaze_fnd_cntr_hw/hw/Mblaze_fnd_cntr_wrapper.xsa
TRACE::2024-10-24.09:28:42::SCWPlatform::DSA directory C:/Users/SUJIN/Desktop/sg_workspace/SoC_soc_24/vitis_SoC_24/Mblaze_fnd_cntr_hw/hw
TRACE::2024-10-24.09:28:42::SCWPlatform:: Platform Path C:/Users/SUJIN/Desktop/sg_workspace/SoC_soc_24/vitis_SoC_24/Mblaze_fnd_cntr_hw/hw/Mblaze_fnd_cntr_wrapper.xsa
TRACE::2024-10-24.09:28:42::SCWPlatform:: Unique name xilinx:basys3::0.0
TRACE::2024-10-24.09:28:42::SCWPlatform::Trying to set the existing hwdb with name Mblaze_fnd_cntr_wrapper_1
TRACE::2024-10-24.09:28:42::SCWPlatform::Opened existing hwdb Mblaze_fnd_cntr_wrapper_1
TRACE::2024-10-24.09:28:42::SCWPlatform::Found the Hw Db part of the input DSA
TRACE::2024-10-24.09:28:42::SCWMssOS::Checking the sw design at  C:/Users/SUJIN/Desktop/sg_workspace/SoC_soc_24/vitis_SoC_24/Mblaze_fnd_cntr_hw/microblaze_0/standalone_domain/bsp/system.mss
TRACE::2024-10-24.09:28:42::SCWMssOS::DEBUG:  swdes dump  C:/Users/SUJIN/Desktop/sg_workspace/SoC_soc_24/vitis_SoC_24/Mblaze_fnd_cntr_hw/microblaze_0/standalone_domain/bsp/system.mss|C:/Users/SUJIN/Desktop/sg_workspace/SoC_soc_24/vitis_SoC_24/Mblaze_fnd_cntr_hw/microblaze_0/standalone_domain/bsp/system.mss||

TRACE::2024-10-24.09:28:42::SCWMssOS::Sw design exists and opened at  C:/Users/SUJIN/Desktop/sg_workspace/SoC_soc_24/vitis_SoC_24/Mblaze_fnd_cntr_hw/microblaze_0/standalone_domain/bsp/system.mss
TRACE::2024-10-24.09:28:42::SCWWriter::formatted JSON is {
	"platformName":	"Mblaze_fnd_cntr_hw",
	"sprVersion":	"2.0",
	"mode":	"gui",
	"dsaType":	"Fixed",
	"platformDesc":	"Mblaze_fnd_cntr_hw",
	"platHandOff":	"C:/Users/SUJIN/Desktop/sg_workspace/SoC_soc_24/Mblaze_fnd_cntr_wrapper.xsa",
	"platIntHandOff":	"<platformDir>/hw/Mblaze_fnd_cntr_wrapper.xsa",
	"deviceType":	"FPGA",
	"platIsPrebuiltAutogen":	"false",
	"platIsNoBootBsp":	"false",
	"hasFsblMakeHasChanges":	"false",
	"hasPmufwMakeHasChanges":	"false",
	"platPreBuiltFlag":	false,
	"platformSamplesDir":	"",
	"platActiveSys":	"Mblaze_fnd_cntr_hw",
	"systems":	[{
			"systemName":	"Mblaze_fnd_cntr_hw",
			"systemDesc":	"Mblaze_fnd_cntr_hw",
			"sysIsBootAutoGen":	"true",
			"systemDispName":	"Mblaze_fnd_cntr_hw",
			"sysActiveDom":	"standalone_domain",
			"sysDefaultDom":	"standalone_domain",
			"domains":	[{
					"domainName":	"standalone_domain",
					"domainDispName":	"standalone_domain",
					"domainDesc":	"standalone_domain",
					"processors":	"microblaze_0",
					"os":	"standalone",
					"sdxOs":	"standalone",
					"debugEnable":	"False",
					"domRuntimes":	["cpp"],
					"swRepo":	"",
					"mssOsVer":	"7.1",
					"mssFile":	"",
					"md5Digest":	"",
					"compatibleApp":	"",
					"domType":	"mssDomain",
					"appSettings":	{
						"appCompilerFlags":	"",
						"appLinkerFlags":	""
					},
					"addedLibs":	[],
					"libOptions":	{
						"libsContainingOptions":	[]
					},
					"prebuiltLibs":	{
						"prebuiltIncPath":	[],
						"prebuiltLibPath":	[]
					},
					"isolation":	{
					}
				}]
		}]
}
TRACE::2024-10-24.09:28:42::SCWPlatform::Trying to open the hw design at C:/Users/SUJIN/Desktop/sg_workspace/SoC_soc_24/vitis_SoC_24/Mblaze_fnd_cntr_hw/hw/Mblaze_fnd_cntr_wrapper.xsa
TRACE::2024-10-24.09:28:42::SCWPlatform::DSA given C:/Users/SUJIN/Desktop/sg_workspace/SoC_soc_24/vitis_SoC_24/Mblaze_fnd_cntr_hw/hw/Mblaze_fnd_cntr_wrapper.xsa
TRACE::2024-10-24.09:28:42::SCWPlatform::DSA absoulate path C:/Users/SUJIN/Desktop/sg_workspace/SoC_soc_24/vitis_SoC_24/Mblaze_fnd_cntr_hw/hw/Mblaze_fnd_cntr_wrapper.xsa
TRACE::2024-10-24.09:28:42::SCWPlatform::DSA directory C:/Users/SUJIN/Desktop/sg_workspace/SoC_soc_24/vitis_SoC_24/Mblaze_fnd_cntr_hw/hw
TRACE::2024-10-24.09:28:42::SCWPlatform:: Platform Path C:/Users/SUJIN/Desktop/sg_workspace/SoC_soc_24/vitis_SoC_24/Mblaze_fnd_cntr_hw/hw/Mblaze_fnd_cntr_wrapper.xsa
TRACE::2024-10-24.09:28:42::SCWPlatform:: Unique name xilinx:basys3::0.0
TRACE::2024-10-24.09:28:42::SCWPlatform::Trying to set the existing hwdb with name Mblaze_fnd_cntr_wrapper_1
TRACE::2024-10-24.09:28:42::SCWPlatform::Opened existing hwdb Mblaze_fnd_cntr_wrapper_1
TRACE::2024-10-24.09:28:42::SCWPlatform::Found the Hw Db part of the input DSA
TRACE::2024-10-24.09:28:42::SCWMssOS::Checking the sw design at  C:/Users/SUJIN/Desktop/sg_workspace/SoC_soc_24/vitis_SoC_24/Mblaze_fnd_cntr_hw/microblaze_0/standalone_domain/bsp/system.mss
TRACE::2024-10-24.09:28:42::SCWMssOS::DEBUG:  swdes dump  C:/Users/SUJIN/Desktop/sg_workspace/SoC_soc_24/vitis_SoC_24/Mblaze_fnd_cntr_hw/microblaze_0/standalone_domain/bsp/system.mss|C:/Users/SUJIN/Desktop/sg_workspace/SoC_soc_24/vitis_SoC_24/Mblaze_fnd_cntr_hw/microblaze_0/standalone_domain/bsp/system.mss||

TRACE::2024-10-24.09:28:42::SCWMssOS::Sw design exists and opened at  C:/Users/SUJIN/Desktop/sg_workspace/SoC_soc_24/vitis_SoC_24/Mblaze_fnd_cntr_hw/microblaze_0/standalone_domain/bsp/system.mss
TRACE::2024-10-24.09:28:42::SCWMssOS::Completed writing the mss file at C:/Users/SUJIN/Desktop/sg_workspace/SoC_soc_24/vitis_SoC_24/Mblaze_fnd_cntr_hw/microblaze_0/standalone_domain/bsp
TRACE::2024-10-24.09:28:42::SCWMssOS::Forcing BSP Sources regeneration.
LOG::2024-10-24.09:28:45::SCWPlatform::Started generating the artifacts platform Mblaze_fnd_cntr_hw
TRACE::2024-10-24.09:28:45::SCWPlatform::Sanity checking of platform is completed
LOG::2024-10-24.09:28:45::SCWPlatform::Started generating the artifacts for system configuration Mblaze_fnd_cntr_hw
LOG::2024-10-24.09:28:45::SCWSystem::Checking the domain standalone_domain
LOG::2024-10-24.09:28:45::SCWSystem::Not a boot domain 
LOG::2024-10-24.09:28:45::SCWSystem::Started Processing the domain standalone_domain
TRACE::2024-10-24.09:28:45::SCWDomain::Generating domain artifcats
TRACE::2024-10-24.09:28:45::SCWMssOS::Generating standalone artifcats
TRACE::2024-10-24.09:28:45::SCWMssOS:: Copying the user libraries. 
TRACE::2024-10-24.09:28:45::SCWPlatform::Trying to open the hw design at C:/Users/SUJIN/Desktop/sg_workspace/SoC_soc_24/vitis_SoC_24/Mblaze_fnd_cntr_hw/hw/Mblaze_fnd_cntr_wrapper.xsa
TRACE::2024-10-24.09:28:45::SCWPlatform::DSA given C:/Users/SUJIN/Desktop/sg_workspace/SoC_soc_24/vitis_SoC_24/Mblaze_fnd_cntr_hw/hw/Mblaze_fnd_cntr_wrapper.xsa
TRACE::2024-10-24.09:28:45::SCWPlatform::DSA absoulate path C:/Users/SUJIN/Desktop/sg_workspace/SoC_soc_24/vitis_SoC_24/Mblaze_fnd_cntr_hw/hw/Mblaze_fnd_cntr_wrapper.xsa
TRACE::2024-10-24.09:28:45::SCWPlatform::DSA directory C:/Users/SUJIN/Desktop/sg_workspace/SoC_soc_24/vitis_SoC_24/Mblaze_fnd_cntr_hw/hw
TRACE::2024-10-24.09:28:45::SCWPlatform:: Platform Path C:/Users/SUJIN/Desktop/sg_workspace/SoC_soc_24/vitis_SoC_24/Mblaze_fnd_cntr_hw/hw/Mblaze_fnd_cntr_wrapper.xsa
TRACE::2024-10-24.09:28:45::SCWPlatform:: Unique name xilinx:basys3::0.0
TRACE::2024-10-24.09:28:45::SCWPlatform::Trying to set the existing hwdb with name Mblaze_fnd_cntr_wrapper_1
TRACE::2024-10-24.09:28:45::SCWPlatform::Opened existing hwdb Mblaze_fnd_cntr_wrapper_1
TRACE::2024-10-24.09:28:45::SCWPlatform::Found the Hw Db part of the input DSA
TRACE::2024-10-24.09:28:45::SCWMssOS::Checking the sw design at  C:/Users/SUJIN/Desktop/sg_workspace/SoC_soc_24/vitis_SoC_24/Mblaze_fnd_cntr_hw/microblaze_0/standalone_domain/bsp/system.mss
TRACE::2024-10-24.09:28:45::SCWMssOS::DEBUG:  swdes dump  C:/Users/SUJIN/Desktop/sg_workspace/SoC_soc_24/vitis_SoC_24/Mblaze_fnd_cntr_hw/microblaze_0/standalone_domain/bsp/system.mss|C:/Users/SUJIN/Desktop/sg_workspace/SoC_soc_24/vitis_SoC_24/Mblaze_fnd_cntr_hw/microblaze_0/standalone_domain/bsp/system.mss||

KEYINFO::2024-10-24.09:28:45::SCWMssOS::Could not open the swdb for C:/Users/SUJIN/Desktop/sg_workspace/SoC_soc_24/vitis_SoC_24/Mblaze_fnd_cntr_hw/microblaze_0/standalone_domain/bsp/system.mss
KEYINFO::2024-10-24.09:28:45::SCWMssOS::Could not open the sw design at  C:/Users/SUJIN/Desktop/sg_workspace/SoC_soc_24/vitis_SoC_24/Mblaze_fnd_cntr_hw/microblaze_0/standalone_domain/bsp/system.mss
ERROR: [Hsi 55-1558] Software Design C:/Users/SUJIN/Desktop/sg_workspace/SoC_soc_24/vitis_SoC_24/Mblaze_fnd_cntr_hw/microblaze_0/standalone_domain/bsp/system.mss is not found

TRACE::2024-10-24.09:28:45::SCWMssOS::Cleared the swdb table entry
TRACE::2024-10-24.09:28:45::SCWMssOS::No sw design opened at  C:/Users/SUJIN/Desktop/sg_workspace/SoC_soc_24/vitis_SoC_24/Mblaze_fnd_cntr_hw/microblaze_0/standalone_domain/bsp/system.mss
TRACE::2024-10-24.09:28:45::SCWMssOS::mss exists loading the mss file  C:/Users/SUJIN/Desktop/sg_workspace/SoC_soc_24/vitis_SoC_24/Mblaze_fnd_cntr_hw/microblaze_0/standalone_domain/bsp/system.mss
TRACE::2024-10-24.09:28:45::SCWMssOS::Opened the sw design from mss  C:/Users/SUJIN/Desktop/sg_workspace/SoC_soc_24/vitis_SoC_24/Mblaze_fnd_cntr_hw/microblaze_0/standalone_domain/bsp/system.mss
TRACE::2024-10-24.09:28:45::SCWMssOS::Adding the swdes entry C:/Users/SUJIN/Desktop/sg_workspace/SoC_soc_24/vitis_SoC_24/Mblaze_fnd_cntr_hw/microblaze_0/standalone_domain/bsp/system.mss with des name system
TRACE::2024-10-24.09:28:45::SCWMssOS::updating the scw layer about changes
TRACE::2024-10-24.09:28:45::SCWMssOS::Opened the sw design.  C:/Users/SUJIN/Desktop/sg_workspace/SoC_soc_24/vitis_SoC_24/Mblaze_fnd_cntr_hw/microblaze_0/standalone_domain/bsp/system.mss
TRACE::2024-10-24.09:28:45::SCWMssOS::Completed writing the mss file at C:/Users/SUJIN/Desktop/sg_workspace/SoC_soc_24/vitis_SoC_24/Mblaze_fnd_cntr_hw/microblaze_0/standalone_domain/bsp
TRACE::2024-10-24.09:28:45::SCWMssOS::Mss edits present, copying mssfile into export location C:/Users/SUJIN/Desktop/sg_workspace/SoC_soc_24/vitis_SoC_24/Mblaze_fnd_cntr_hw/microblaze_0/standalone_domain/bsp/system.mss
TRACE::2024-10-24.09:28:45::SCWMssOS::bsp generated is upto date with the mss file. Skipping bsp generation.
TRACE::2024-10-24.09:28:45::SCWMssOS::BSP is already built. skipping the bsp build ... 
TRACE::2024-10-24.09:28:45::SCWDomain::Skipping the build for domain :  standalone_domain
TRACE::2024-10-24.09:28:45::SCWMssOS::skipping the bsp build ... 
TRACE::2024-10-24.09:28:45::SCWMssOS::Copying to export directory.
TRACE::2024-10-24.09:28:45::SCWMssOS:: Checking if to create the Supporting Applications
TRACE::2024-10-24.09:28:45::SCWMssOS:: No Linux domain exists, trying to generate FSBL 
LOG::2024-10-24.09:28:45::SCWSystem::Completed Processing the domain standalone_domain
LOG::2024-10-24.09:28:45::SCWSystem::Completed Processing the sysconfig Mblaze_fnd_cntr_hw
LOG::2024-10-24.09:28:45::SCWPlatform::Completed generating the artifacts for system configuration Mblaze_fnd_cntr_hw
TRACE::2024-10-24.09:28:45::SCWPlatform::Started preparing the platform 
TRACE::2024-10-24.09:28:45::SCWSystem::Writing the bif file for system config Mblaze_fnd_cntr_hw
TRACE::2024-10-24.09:28:45::SCWSystem::dir created 
TRACE::2024-10-24.09:28:45::SCWSystem::Writing the bif 
TRACE::2024-10-24.09:28:45::SCWPlatform::Started writing the spfm file 
TRACE::2024-10-24.09:28:45::SCWPlatform::Started writing the xpfm file 
TRACE::2024-10-24.09:28:45::SCWPlatform::Completed generating the platform
TRACE::2024-10-24.09:28:45::SCWPlatform::Trying to open the hw design at C:/Users/SUJIN/Desktop/sg_workspace/SoC_soc_24/vitis_SoC_24/Mblaze_fnd_cntr_hw/hw/Mblaze_fnd_cntr_wrapper.xsa
TRACE::2024-10-24.09:28:45::SCWPlatform::DSA given C:/Users/SUJIN/Desktop/sg_workspace/SoC_soc_24/vitis_SoC_24/Mblaze_fnd_cntr_hw/hw/Mblaze_fnd_cntr_wrapper.xsa
TRACE::2024-10-24.09:28:45::SCWPlatform::DSA absoulate path C:/Users/SUJIN/Desktop/sg_workspace/SoC_soc_24/vitis_SoC_24/Mblaze_fnd_cntr_hw/hw/Mblaze_fnd_cntr_wrapper.xsa
TRACE::2024-10-24.09:28:45::SCWPlatform::DSA directory C:/Users/SUJIN/Desktop/sg_workspace/SoC_soc_24/vitis_SoC_24/Mblaze_fnd_cntr_hw/hw
TRACE::2024-10-24.09:28:45::SCWPlatform:: Platform Path C:/Users/SUJIN/Desktop/sg_workspace/SoC_soc_24/vitis_SoC_24/Mblaze_fnd_cntr_hw/hw/Mblaze_fnd_cntr_wrapper.xsa
TRACE::2024-10-24.09:28:45::SCWPlatform:: Unique name xilinx:basys3::0.0
TRACE::2024-10-24.09:28:45::SCWPlatform::Trying to set the existing hwdb with name Mblaze_fnd_cntr_wrapper_1
TRACE::2024-10-24.09:28:45::SCWPlatform::Opened existing hwdb Mblaze_fnd_cntr_wrapper_1
TRACE::2024-10-24.09:28:45::SCWPlatform::Found the Hw Db part of the input DSA
TRACE::2024-10-24.09:28:45::SCWMssOS::Checking the sw design at  C:/Users/SUJIN/Desktop/sg_workspace/SoC_soc_24/vitis_SoC_24/Mblaze_fnd_cntr_hw/microblaze_0/standalone_domain/bsp/system.mss
TRACE::2024-10-24.09:28:45::SCWMssOS::DEBUG:  swdes dump  C:/Users/SUJIN/Desktop/sg_workspace/SoC_soc_24/vitis_SoC_24/Mblaze_fnd_cntr_hw/microblaze_0/standalone_domain/bsp/system.mss|system||

TRACE::2024-10-24.09:28:45::SCWMssOS::Sw design exists and opened at  C:/Users/SUJIN/Desktop/sg_workspace/SoC_soc_24/vitis_SoC_24/Mblaze_fnd_cntr_hw/microblaze_0/standalone_domain/bsp/system.mss
TRACE::2024-10-24.09:28:45::SCWPlatform::Trying to open the hw design at C:/Users/SUJIN/Desktop/sg_workspace/SoC_soc_24/vitis_SoC_24/Mblaze_fnd_cntr_hw/hw/Mblaze_fnd_cntr_wrapper.xsa
TRACE::2024-10-24.09:28:45::SCWPlatform::DSA given C:/Users/SUJIN/Desktop/sg_workspace/SoC_soc_24/vitis_SoC_24/Mblaze_fnd_cntr_hw/hw/Mblaze_fnd_cntr_wrapper.xsa
TRACE::2024-10-24.09:28:45::SCWPlatform::DSA absoulate path C:/Users/SUJIN/Desktop/sg_workspace/SoC_soc_24/vitis_SoC_24/Mblaze_fnd_cntr_hw/hw/Mblaze_fnd_cntr_wrapper.xsa
TRACE::2024-10-24.09:28:45::SCWPlatform::DSA directory C:/Users/SUJIN/Desktop/sg_workspace/SoC_soc_24/vitis_SoC_24/Mblaze_fnd_cntr_hw/hw
TRACE::2024-10-24.09:28:45::SCWPlatform:: Platform Path C:/Users/SUJIN/Desktop/sg_workspace/SoC_soc_24/vitis_SoC_24/Mblaze_fnd_cntr_hw/hw/Mblaze_fnd_cntr_wrapper.xsa
TRACE::2024-10-24.09:28:45::SCWPlatform:: Unique name xilinx:basys3::0.0
TRACE::2024-10-24.09:28:45::SCWPlatform::Trying to set the existing hwdb with name Mblaze_fnd_cntr_wrapper_1
TRACE::2024-10-24.09:28:45::SCWPlatform::Opened existing hwdb Mblaze_fnd_cntr_wrapper_1
TRACE::2024-10-24.09:28:45::SCWPlatform::Found the Hw Db part of the input DSA
TRACE::2024-10-24.09:28:45::SCWMssOS::Checking the sw design at  C:/Users/SUJIN/Desktop/sg_workspace/SoC_soc_24/vitis_SoC_24/Mblaze_fnd_cntr_hw/microblaze_0/standalone_domain/bsp/system.mss
TRACE::2024-10-24.09:28:45::SCWMssOS::DEBUG:  swdes dump  C:/Users/SUJIN/Desktop/sg_workspace/SoC_soc_24/vitis_SoC_24/Mblaze_fnd_cntr_hw/microblaze_0/standalone_domain/bsp/system.mss|system||

TRACE::2024-10-24.09:28:45::SCWMssOS::Sw design exists and opened at  C:/Users/SUJIN/Desktop/sg_workspace/SoC_soc_24/vitis_SoC_24/Mblaze_fnd_cntr_hw/microblaze_0/standalone_domain/bsp/system.mss
TRACE::2024-10-24.09:28:45::SCWPlatform::Trying to open the hw design at C:/Users/SUJIN/Desktop/sg_workspace/SoC_soc_24/vitis_SoC_24/Mblaze_fnd_cntr_hw/hw/Mblaze_fnd_cntr_wrapper.xsa
TRACE::2024-10-24.09:28:45::SCWPlatform::DSA given C:/Users/SUJIN/Desktop/sg_workspace/SoC_soc_24/vitis_SoC_24/Mblaze_fnd_cntr_hw/hw/Mblaze_fnd_cntr_wrapper.xsa
TRACE::2024-10-24.09:28:45::SCWPlatform::DSA absoulate path C:/Users/SUJIN/Desktop/sg_workspace/SoC_soc_24/vitis_SoC_24/Mblaze_fnd_cntr_hw/hw/Mblaze_fnd_cntr_wrapper.xsa
TRACE::2024-10-24.09:28:45::SCWPlatform::DSA directory C:/Users/SUJIN/Desktop/sg_workspace/SoC_soc_24/vitis_SoC_24/Mblaze_fnd_cntr_hw/hw
TRACE::2024-10-24.09:28:45::SCWPlatform:: Platform Path C:/Users/SUJIN/Desktop/sg_workspace/SoC_soc_24/vitis_SoC_24/Mblaze_fnd_cntr_hw/hw/Mblaze_fnd_cntr_wrapper.xsa
TRACE::2024-10-24.09:28:45::SCWPlatform:: Unique name xilinx:basys3::0.0
TRACE::2024-10-24.09:28:45::SCWPlatform::Trying to set the existing hwdb with name Mblaze_fnd_cntr_wrapper_1
TRACE::2024-10-24.09:28:45::SCWPlatform::Opened existing hwdb Mblaze_fnd_cntr_wrapper_1
TRACE::2024-10-24.09:28:45::SCWPlatform::Found the Hw Db part of the input DSA
TRACE::2024-10-24.09:28:45::SCWMssOS::Checking the sw design at  C:/Users/SUJIN/Desktop/sg_workspace/SoC_soc_24/vitis_SoC_24/Mblaze_fnd_cntr_hw/microblaze_0/standalone_domain/bsp/system.mss
TRACE::2024-10-24.09:28:45::SCWMssOS::DEBUG:  swdes dump  C:/Users/SUJIN/Desktop/sg_workspace/SoC_soc_24/vitis_SoC_24/Mblaze_fnd_cntr_hw/microblaze_0/standalone_domain/bsp/system.mss|system||

TRACE::2024-10-24.09:28:45::SCWMssOS::Sw design exists and opened at  C:/Users/SUJIN/Desktop/sg_workspace/SoC_soc_24/vitis_SoC_24/Mblaze_fnd_cntr_hw/microblaze_0/standalone_domain/bsp/system.mss
TRACE::2024-10-24.09:28:45::SCWWriter::formatted JSON is {
	"platformName":	"Mblaze_fnd_cntr_hw",
	"sprVersion":	"2.0",
	"mode":	"gui",
	"dsaType":	"Fixed",
	"platformDesc":	"Mblaze_fnd_cntr_hw",
	"platHandOff":	"C:/Users/SUJIN/Desktop/sg_workspace/SoC_soc_24/Mblaze_fnd_cntr_wrapper.xsa",
	"platIntHandOff":	"<platformDir>/hw/Mblaze_fnd_cntr_wrapper.xsa",
	"deviceType":	"FPGA",
	"platIsPrebuiltAutogen":	"false",
	"platIsNoBootBsp":	"false",
	"hasFsblMakeHasChanges":	"false",
	"hasPmufwMakeHasChanges":	"false",
	"platPreBuiltFlag":	false,
	"platformSamplesDir":	"",
	"platActiveSys":	"Mblaze_fnd_cntr_hw",
	"systems":	[{
			"systemName":	"Mblaze_fnd_cntr_hw",
			"systemDesc":	"Mblaze_fnd_cntr_hw",
			"sysIsBootAutoGen":	"true",
			"systemDispName":	"Mblaze_fnd_cntr_hw",
			"sysActiveDom":	"standalone_domain",
			"sysDefaultDom":	"standalone_domain",
			"domains":	[{
					"domainName":	"standalone_domain",
					"domainDispName":	"standalone_domain",
					"domainDesc":	"standalone_domain",
					"processors":	"microblaze_0",
					"os":	"standalone",
					"sdxOs":	"standalone",
					"debugEnable":	"False",
					"domRuntimes":	["cpp"],
					"swRepo":	"",
					"mssOsVer":	"7.1",
					"mssFile":	"",
					"md5Digest":	"3058066e4ca0fc25659ba337ec202bf1",
					"compatibleApp":	"",
					"domType":	"mssDomain",
					"appSettings":	{
						"appCompilerFlags":	"",
						"appLinkerFlags":	""
					},
					"addedLibs":	[],
					"libOptions":	{
						"libsContainingOptions":	[]
					},
					"prebuiltLibs":	{
						"prebuiltIncPath":	[],
						"prebuiltLibPath":	[]
					},
					"isolation":	{
					}
				}]
		}]
}
KEYINFO::2024-10-24.09:28:45::SCWPlatform::updated the xpfm file.
TRACE::2024-10-24.09:28:45::SCWPlatform::Trying to open the hw design at C:/Users/SUJIN/Desktop/sg_workspace/SoC_soc_24/vitis_SoC_24/Mblaze_fnd_cntr_hw/hw/Mblaze_fnd_cntr_wrapper.xsa
TRACE::2024-10-24.09:28:45::SCWPlatform::DSA given C:/Users/SUJIN/Desktop/sg_workspace/SoC_soc_24/vitis_SoC_24/Mblaze_fnd_cntr_hw/hw/Mblaze_fnd_cntr_wrapper.xsa
TRACE::2024-10-24.09:28:45::SCWPlatform::DSA absoulate path C:/Users/SUJIN/Desktop/sg_workspace/SoC_soc_24/vitis_SoC_24/Mblaze_fnd_cntr_hw/hw/Mblaze_fnd_cntr_wrapper.xsa
TRACE::2024-10-24.09:28:45::SCWPlatform::DSA directory C:/Users/SUJIN/Desktop/sg_workspace/SoC_soc_24/vitis_SoC_24/Mblaze_fnd_cntr_hw/hw
TRACE::2024-10-24.09:28:45::SCWPlatform:: Platform Path C:/Users/SUJIN/Desktop/sg_workspace/SoC_soc_24/vitis_SoC_24/Mblaze_fnd_cntr_hw/hw/Mblaze_fnd_cntr_wrapper.xsa
TRACE::2024-10-24.09:28:45::SCWPlatform:: Unique name xilinx:basys3::0.0
TRACE::2024-10-24.09:28:45::SCWPlatform::Trying to set the existing hwdb with name Mblaze_fnd_cntr_wrapper_1
TRACE::2024-10-24.09:28:45::SCWPlatform::Opened existing hwdb Mblaze_fnd_cntr_wrapper_1
TRACE::2024-10-24.09:28:45::SCWPlatform::Found the Hw Db part of the input DSA
TRACE::2024-10-24.09:28:45::SCWMssOS::Checking the sw design at  C:/Users/SUJIN/Desktop/sg_workspace/SoC_soc_24/vitis_SoC_24/Mblaze_fnd_cntr_hw/microblaze_0/standalone_domain/bsp/system.mss
TRACE::2024-10-24.09:28:45::SCWMssOS::DEBUG:  swdes dump  C:/Users/SUJIN/Desktop/sg_workspace/SoC_soc_24/vitis_SoC_24/Mblaze_fnd_cntr_hw/microblaze_0/standalone_domain/bsp/system.mss|system||

TRACE::2024-10-24.09:28:45::SCWMssOS::Sw design exists and opened at  C:/Users/SUJIN/Desktop/sg_workspace/SoC_soc_24/vitis_SoC_24/Mblaze_fnd_cntr_hw/microblaze_0/standalone_domain/bsp/system.mss
TRACE::2024-10-24.09:28:45::SCWPlatform::Trying to open the hw design at C:/Users/SUJIN/Desktop/sg_workspace/SoC_soc_24/vitis_SoC_24/Mblaze_fnd_cntr_hw/hw/Mblaze_fnd_cntr_wrapper.xsa
TRACE::2024-10-24.09:28:45::SCWPlatform::DSA given C:/Users/SUJIN/Desktop/sg_workspace/SoC_soc_24/vitis_SoC_24/Mblaze_fnd_cntr_hw/hw/Mblaze_fnd_cntr_wrapper.xsa
TRACE::2024-10-24.09:28:45::SCWPlatform::DSA absoulate path C:/Users/SUJIN/Desktop/sg_workspace/SoC_soc_24/vitis_SoC_24/Mblaze_fnd_cntr_hw/hw/Mblaze_fnd_cntr_wrapper.xsa
TRACE::2024-10-24.09:28:45::SCWPlatform::DSA directory C:/Users/SUJIN/Desktop/sg_workspace/SoC_soc_24/vitis_SoC_24/Mblaze_fnd_cntr_hw/hw
TRACE::2024-10-24.09:28:45::SCWPlatform:: Platform Path C:/Users/SUJIN/Desktop/sg_workspace/SoC_soc_24/vitis_SoC_24/Mblaze_fnd_cntr_hw/hw/Mblaze_fnd_cntr_wrapper.xsa
TRACE::2024-10-24.09:28:45::SCWPlatform:: Unique name xilinx:basys3::0.0
TRACE::2024-10-24.09:28:45::SCWPlatform::Trying to set the existing hwdb with name Mblaze_fnd_cntr_wrapper_1
TRACE::2024-10-24.09:28:45::SCWPlatform::Opened existing hwdb Mblaze_fnd_cntr_wrapper_1
TRACE::2024-10-24.09:28:45::SCWPlatform::Found the Hw Db part of the input DSA
TRACE::2024-10-24.09:28:45::SCWMssOS::Checking the sw design at  C:/Users/SUJIN/Desktop/sg_workspace/SoC_soc_24/vitis_SoC_24/Mblaze_fnd_cntr_hw/microblaze_0/standalone_domain/bsp/system.mss
TRACE::2024-10-24.09:28:45::SCWMssOS::DEBUG:  swdes dump  C:/Users/SUJIN/Desktop/sg_workspace/SoC_soc_24/vitis_SoC_24/Mblaze_fnd_cntr_hw/microblaze_0/standalone_domain/bsp/system.mss|system||

TRACE::2024-10-24.09:28:45::SCWMssOS::Sw design exists and opened at  C:/Users/SUJIN/Desktop/sg_workspace/SoC_soc_24/vitis_SoC_24/Mblaze_fnd_cntr_hw/microblaze_0/standalone_domain/bsp/system.mss
TRACE::2024-10-24.09:28:45::SCWPlatform::Trying to open the hw design at C:/Users/SUJIN/Desktop/sg_workspace/SoC_soc_24/vitis_SoC_24/Mblaze_fnd_cntr_hw/hw/Mblaze_fnd_cntr_wrapper.xsa
TRACE::2024-10-24.09:28:45::SCWPlatform::DSA given C:/Users/SUJIN/Desktop/sg_workspace/SoC_soc_24/vitis_SoC_24/Mblaze_fnd_cntr_hw/hw/Mblaze_fnd_cntr_wrapper.xsa
TRACE::2024-10-24.09:28:45::SCWPlatform::DSA absoulate path C:/Users/SUJIN/Desktop/sg_workspace/SoC_soc_24/vitis_SoC_24/Mblaze_fnd_cntr_hw/hw/Mblaze_fnd_cntr_wrapper.xsa
TRACE::2024-10-24.09:28:45::SCWPlatform::DSA directory C:/Users/SUJIN/Desktop/sg_workspace/SoC_soc_24/vitis_SoC_24/Mblaze_fnd_cntr_hw/hw
TRACE::2024-10-24.09:28:45::SCWPlatform:: Platform Path C:/Users/SUJIN/Desktop/sg_workspace/SoC_soc_24/vitis_SoC_24/Mblaze_fnd_cntr_hw/hw/Mblaze_fnd_cntr_wrapper.xsa
TRACE::2024-10-24.09:28:45::SCWPlatform:: Unique name xilinx:basys3::0.0
TRACE::2024-10-24.09:28:45::SCWPlatform::Trying to set the existing hwdb with name Mblaze_fnd_cntr_wrapper_1
TRACE::2024-10-24.09:28:45::SCWPlatform::Opened existing hwdb Mblaze_fnd_cntr_wrapper_1
TRACE::2024-10-24.09:28:45::SCWPlatform::Found the Hw Db part of the input DSA
TRACE::2024-10-24.09:28:45::SCWMssOS::Checking the sw design at  C:/Users/SUJIN/Desktop/sg_workspace/SoC_soc_24/vitis_SoC_24/Mblaze_fnd_cntr_hw/microblaze_0/standalone_domain/bsp/system.mss
TRACE::2024-10-24.09:28:45::SCWMssOS::DEBUG:  swdes dump  C:/Users/SUJIN/Desktop/sg_workspace/SoC_soc_24/vitis_SoC_24/Mblaze_fnd_cntr_hw/microblaze_0/standalone_domain/bsp/system.mss|system||

TRACE::2024-10-24.09:28:45::SCWMssOS::Sw design exists and opened at  C:/Users/SUJIN/Desktop/sg_workspace/SoC_soc_24/vitis_SoC_24/Mblaze_fnd_cntr_hw/microblaze_0/standalone_domain/bsp/system.mss
TRACE::2024-10-24.09:28:45::SCWPlatform::Trying to open the hw design at C:/Users/SUJIN/Desktop/sg_workspace/SoC_soc_24/vitis_SoC_24/Mblaze_fnd_cntr_hw/hw/Mblaze_fnd_cntr_wrapper.xsa
TRACE::2024-10-24.09:28:45::SCWPlatform::DSA given C:/Users/SUJIN/Desktop/sg_workspace/SoC_soc_24/vitis_SoC_24/Mblaze_fnd_cntr_hw/hw/Mblaze_fnd_cntr_wrapper.xsa
TRACE::2024-10-24.09:28:45::SCWPlatform::DSA absoulate path C:/Users/SUJIN/Desktop/sg_workspace/SoC_soc_24/vitis_SoC_24/Mblaze_fnd_cntr_hw/hw/Mblaze_fnd_cntr_wrapper.xsa
TRACE::2024-10-24.09:28:45::SCWPlatform::DSA directory C:/Users/SUJIN/Desktop/sg_workspace/SoC_soc_24/vitis_SoC_24/Mblaze_fnd_cntr_hw/hw
TRACE::2024-10-24.09:28:45::SCWPlatform:: Platform Path C:/Users/SUJIN/Desktop/sg_workspace/SoC_soc_24/vitis_SoC_24/Mblaze_fnd_cntr_hw/hw/Mblaze_fnd_cntr_wrapper.xsa
TRACE::2024-10-24.09:28:45::SCWPlatform:: Unique name xilinx:basys3::0.0
TRACE::2024-10-24.09:28:45::SCWPlatform::Trying to set the existing hwdb with name Mblaze_fnd_cntr_wrapper_1
TRACE::2024-10-24.09:28:45::SCWPlatform::Opened existing hwdb Mblaze_fnd_cntr_wrapper_1
TRACE::2024-10-24.09:28:45::SCWPlatform::Found the Hw Db part of the input DSA
TRACE::2024-10-24.09:28:45::SCWMssOS::Checking the sw design at  C:/Users/SUJIN/Desktop/sg_workspace/SoC_soc_24/vitis_SoC_24/Mblaze_fnd_cntr_hw/microblaze_0/standalone_domain/bsp/system.mss
TRACE::2024-10-24.09:28:45::SCWMssOS::DEBUG:  swdes dump  C:/Users/SUJIN/Desktop/sg_workspace/SoC_soc_24/vitis_SoC_24/Mblaze_fnd_cntr_hw/microblaze_0/standalone_domain/bsp/system.mss|system||

TRACE::2024-10-24.09:28:45::SCWMssOS::Sw design exists and opened at  C:/Users/SUJIN/Desktop/sg_workspace/SoC_soc_24/vitis_SoC_24/Mblaze_fnd_cntr_hw/microblaze_0/standalone_domain/bsp/system.mss
TRACE::2024-10-24.09:28:45::SCWWriter::formatted JSON is {
	"platformName":	"Mblaze_fnd_cntr_hw",
	"sprVersion":	"2.0",
	"mode":	"gui",
	"dsaType":	"Fixed",
	"platformDesc":	"Mblaze_fnd_cntr_hw",
	"platHandOff":	"C:/Users/SUJIN/Desktop/sg_workspace/SoC_soc_24/Mblaze_fnd_cntr_wrapper.xsa",
	"platIntHandOff":	"<platformDir>/hw/Mblaze_fnd_cntr_wrapper.xsa",
	"deviceType":	"FPGA",
	"platIsPrebuiltAutogen":	"false",
	"platIsNoBootBsp":	"false",
	"hasFsblMakeHasChanges":	"false",
	"hasPmufwMakeHasChanges":	"false",
	"platPreBuiltFlag":	false,
	"platformSamplesDir":	"",
	"platActiveSys":	"Mblaze_fnd_cntr_hw",
	"systems":	[{
			"systemName":	"Mblaze_fnd_cntr_hw",
			"systemDesc":	"Mblaze_fnd_cntr_hw",
			"sysIsBootAutoGen":	"true",
			"systemDispName":	"Mblaze_fnd_cntr_hw",
			"sysActiveDom":	"standalone_domain",
			"sysDefaultDom":	"standalone_domain",
			"domains":	[{
					"domainName":	"standalone_domain",
					"domainDispName":	"standalone_domain",
					"domainDesc":	"standalone_domain",
					"processors":	"microblaze_0",
					"os":	"standalone",
					"sdxOs":	"standalone",
					"debugEnable":	"False",
					"domRuntimes":	["cpp"],
					"swRepo":	"",
					"mssOsVer":	"7.1",
					"mssFile":	"",
					"md5Digest":	"3058066e4ca0fc25659ba337ec202bf1",
					"compatibleApp":	"",
					"domType":	"mssDomain",
					"appSettings":	{
						"appCompilerFlags":	"",
						"appLinkerFlags":	""
					},
					"addedLibs":	[],
					"libOptions":	{
						"libsContainingOptions":	[]
					},
					"prebuiltLibs":	{
						"prebuiltIncPath":	[],
						"prebuiltLibPath":	[]
					},
					"isolation":	{
					}
				}]
		}]
}
TRACE::2024-10-24.09:28:45::SCWPlatform::Trying to open the hw design at C:/Users/SUJIN/Desktop/sg_workspace/SoC_soc_24/vitis_SoC_24/Mblaze_fnd_cntr_hw/hw/Mblaze_fnd_cntr_wrapper.xsa
TRACE::2024-10-24.09:28:45::SCWPlatform::DSA given C:/Users/SUJIN/Desktop/sg_workspace/SoC_soc_24/vitis_SoC_24/Mblaze_fnd_cntr_hw/hw/Mblaze_fnd_cntr_wrapper.xsa
TRACE::2024-10-24.09:28:45::SCWPlatform::DSA absoulate path C:/Users/SUJIN/Desktop/sg_workspace/SoC_soc_24/vitis_SoC_24/Mblaze_fnd_cntr_hw/hw/Mblaze_fnd_cntr_wrapper.xsa
TRACE::2024-10-24.09:28:45::SCWPlatform::DSA directory C:/Users/SUJIN/Desktop/sg_workspace/SoC_soc_24/vitis_SoC_24/Mblaze_fnd_cntr_hw/hw
TRACE::2024-10-24.09:28:45::SCWPlatform:: Platform Path C:/Users/SUJIN/Desktop/sg_workspace/SoC_soc_24/vitis_SoC_24/Mblaze_fnd_cntr_hw/hw/Mblaze_fnd_cntr_wrapper.xsa
TRACE::2024-10-24.09:28:45::SCWPlatform:: Unique name xilinx:basys3::0.0
TRACE::2024-10-24.09:28:45::SCWPlatform::Trying to set the existing hwdb with name Mblaze_fnd_cntr_wrapper_1
TRACE::2024-10-24.09:28:45::SCWPlatform::Opened existing hwdb Mblaze_fnd_cntr_wrapper_1
TRACE::2024-10-24.09:28:45::SCWPlatform::Found the Hw Db part of the input DSA
TRACE::2024-10-24.09:28:45::SCWMssOS::Checking the sw design at  C:/Users/SUJIN/Desktop/sg_workspace/SoC_soc_24/vitis_SoC_24/Mblaze_fnd_cntr_hw/microblaze_0/standalone_domain/bsp/system.mss
TRACE::2024-10-24.09:28:45::SCWMssOS::DEBUG:  swdes dump  C:/Users/SUJIN/Desktop/sg_workspace/SoC_soc_24/vitis_SoC_24/Mblaze_fnd_cntr_hw/microblaze_0/standalone_domain/bsp/system.mss|system||

TRACE::2024-10-24.09:28:45::SCWMssOS::Sw design exists and opened at  C:/Users/SUJIN/Desktop/sg_workspace/SoC_soc_24/vitis_SoC_24/Mblaze_fnd_cntr_hw/microblaze_0/standalone_domain/bsp/system.mss
TRACE::2024-10-24.09:28:45::SCWPlatform::Trying to open the hw design at C:/Users/SUJIN/Desktop/sg_workspace/SoC_soc_24/vitis_SoC_24/Mblaze_fnd_cntr_hw/hw/Mblaze_fnd_cntr_wrapper.xsa
TRACE::2024-10-24.09:28:45::SCWPlatform::DSA given C:/Users/SUJIN/Desktop/sg_workspace/SoC_soc_24/vitis_SoC_24/Mblaze_fnd_cntr_hw/hw/Mblaze_fnd_cntr_wrapper.xsa
TRACE::2024-10-24.09:28:45::SCWPlatform::DSA absoulate path C:/Users/SUJIN/Desktop/sg_workspace/SoC_soc_24/vitis_SoC_24/Mblaze_fnd_cntr_hw/hw/Mblaze_fnd_cntr_wrapper.xsa
TRACE::2024-10-24.09:28:45::SCWPlatform::DSA directory C:/Users/SUJIN/Desktop/sg_workspace/SoC_soc_24/vitis_SoC_24/Mblaze_fnd_cntr_hw/hw
TRACE::2024-10-24.09:28:45::SCWPlatform:: Platform Path C:/Users/SUJIN/Desktop/sg_workspace/SoC_soc_24/vitis_SoC_24/Mblaze_fnd_cntr_hw/hw/Mblaze_fnd_cntr_wrapper.xsa
TRACE::2024-10-24.09:28:45::SCWPlatform:: Unique name xilinx:basys3::0.0
TRACE::2024-10-24.09:28:45::SCWPlatform::Trying to set the existing hwdb with name Mblaze_fnd_cntr_wrapper_1
TRACE::2024-10-24.09:28:45::SCWPlatform::Opened existing hwdb Mblaze_fnd_cntr_wrapper_1
TRACE::2024-10-24.09:28:45::SCWPlatform::Found the Hw Db part of the input DSA
TRACE::2024-10-24.09:28:45::SCWMssOS::Checking the sw design at  C:/Users/SUJIN/Desktop/sg_workspace/SoC_soc_24/vitis_SoC_24/Mblaze_fnd_cntr_hw/microblaze_0/standalone_domain/bsp/system.mss
TRACE::2024-10-24.09:28:45::SCWMssOS::DEBUG:  swdes dump  C:/Users/SUJIN/Desktop/sg_workspace/SoC_soc_24/vitis_SoC_24/Mblaze_fnd_cntr_hw/microblaze_0/standalone_domain/bsp/system.mss|system||

TRACE::2024-10-24.09:28:45::SCWMssOS::Sw design exists and opened at  C:/Users/SUJIN/Desktop/sg_workspace/SoC_soc_24/vitis_SoC_24/Mblaze_fnd_cntr_hw/microblaze_0/standalone_domain/bsp/system.mss
TRACE::2024-10-24.09:28:45::SCWPlatform::Trying to open the hw design at C:/Users/SUJIN/Desktop/sg_workspace/SoC_soc_24/vitis_SoC_24/Mblaze_fnd_cntr_hw/hw/Mblaze_fnd_cntr_wrapper.xsa
TRACE::2024-10-24.09:28:45::SCWPlatform::DSA given C:/Users/SUJIN/Desktop/sg_workspace/SoC_soc_24/vitis_SoC_24/Mblaze_fnd_cntr_hw/hw/Mblaze_fnd_cntr_wrapper.xsa
TRACE::2024-10-24.09:28:45::SCWPlatform::DSA absoulate path C:/Users/SUJIN/Desktop/sg_workspace/SoC_soc_24/vitis_SoC_24/Mblaze_fnd_cntr_hw/hw/Mblaze_fnd_cntr_wrapper.xsa
TRACE::2024-10-24.09:28:45::SCWPlatform::DSA directory C:/Users/SUJIN/Desktop/sg_workspace/SoC_soc_24/vitis_SoC_24/Mblaze_fnd_cntr_hw/hw
TRACE::2024-10-24.09:28:45::SCWPlatform:: Platform Path C:/Users/SUJIN/Desktop/sg_workspace/SoC_soc_24/vitis_SoC_24/Mblaze_fnd_cntr_hw/hw/Mblaze_fnd_cntr_wrapper.xsa
TRACE::2024-10-24.09:28:45::SCWPlatform:: Unique name xilinx:basys3::0.0
TRACE::2024-10-24.09:28:45::SCWPlatform::Trying to set the existing hwdb with name Mblaze_fnd_cntr_wrapper_1
TRACE::2024-10-24.09:28:45::SCWPlatform::Opened existing hwdb Mblaze_fnd_cntr_wrapper_1
TRACE::2024-10-24.09:28:45::SCWPlatform::Found the Hw Db part of the input DSA
TRACE::2024-10-24.09:28:45::SCWMssOS::Checking the sw design at  C:/Users/SUJIN/Desktop/sg_workspace/SoC_soc_24/vitis_SoC_24/Mblaze_fnd_cntr_hw/microblaze_0/standalone_domain/bsp/system.mss
TRACE::2024-10-24.09:28:45::SCWMssOS::DEBUG:  swdes dump  C:/Users/SUJIN/Desktop/sg_workspace/SoC_soc_24/vitis_SoC_24/Mblaze_fnd_cntr_hw/microblaze_0/standalone_domain/bsp/system.mss|system||

TRACE::2024-10-24.09:28:45::SCWMssOS::Sw design exists and opened at  C:/Users/SUJIN/Desktop/sg_workspace/SoC_soc_24/vitis_SoC_24/Mblaze_fnd_cntr_hw/microblaze_0/standalone_domain/bsp/system.mss
TRACE::2024-10-24.09:28:45::SCWPlatform::Trying to open the hw design at C:/Users/SUJIN/Desktop/sg_workspace/SoC_soc_24/vitis_SoC_24/Mblaze_fnd_cntr_hw/hw/Mblaze_fnd_cntr_wrapper.xsa
TRACE::2024-10-24.09:28:45::SCWPlatform::DSA given C:/Users/SUJIN/Desktop/sg_workspace/SoC_soc_24/vitis_SoC_24/Mblaze_fnd_cntr_hw/hw/Mblaze_fnd_cntr_wrapper.xsa
TRACE::2024-10-24.09:28:45::SCWPlatform::DSA absoulate path C:/Users/SUJIN/Desktop/sg_workspace/SoC_soc_24/vitis_SoC_24/Mblaze_fnd_cntr_hw/hw/Mblaze_fnd_cntr_wrapper.xsa
TRACE::2024-10-24.09:28:45::SCWPlatform::DSA directory C:/Users/SUJIN/Desktop/sg_workspace/SoC_soc_24/vitis_SoC_24/Mblaze_fnd_cntr_hw/hw
TRACE::2024-10-24.09:28:45::SCWPlatform:: Platform Path C:/Users/SUJIN/Desktop/sg_workspace/SoC_soc_24/vitis_SoC_24/Mblaze_fnd_cntr_hw/hw/Mblaze_fnd_cntr_wrapper.xsa
TRACE::2024-10-24.09:28:45::SCWPlatform:: Unique name xilinx:basys3::0.0
TRACE::2024-10-24.09:28:45::SCWPlatform::Trying to set the existing hwdb with name Mblaze_fnd_cntr_wrapper_1
TRACE::2024-10-24.09:28:45::SCWPlatform::Opened existing hwdb Mblaze_fnd_cntr_wrapper_1
TRACE::2024-10-24.09:28:45::SCWPlatform::Found the Hw Db part of the input DSA
TRACE::2024-10-24.09:28:45::SCWMssOS::Checking the sw design at  C:/Users/SUJIN/Desktop/sg_workspace/SoC_soc_24/vitis_SoC_24/Mblaze_fnd_cntr_hw/microblaze_0/standalone_domain/bsp/system.mss
TRACE::2024-10-24.09:28:45::SCWMssOS::DEBUG:  swdes dump  C:/Users/SUJIN/Desktop/sg_workspace/SoC_soc_24/vitis_SoC_24/Mblaze_fnd_cntr_hw/microblaze_0/standalone_domain/bsp/system.mss|system||

TRACE::2024-10-24.09:28:45::SCWMssOS::Sw design exists and opened at  C:/Users/SUJIN/Desktop/sg_workspace/SoC_soc_24/vitis_SoC_24/Mblaze_fnd_cntr_hw/microblaze_0/standalone_domain/bsp/system.mss
TRACE::2024-10-24.09:28:45::SCWPlatform::Trying to open the hw design at C:/Users/SUJIN/Desktop/sg_workspace/SoC_soc_24/vitis_SoC_24/Mblaze_fnd_cntr_hw/hw/Mblaze_fnd_cntr_wrapper.xsa
TRACE::2024-10-24.09:28:45::SCWPlatform::DSA given C:/Users/SUJIN/Desktop/sg_workspace/SoC_soc_24/vitis_SoC_24/Mblaze_fnd_cntr_hw/hw/Mblaze_fnd_cntr_wrapper.xsa
TRACE::2024-10-24.09:28:45::SCWPlatform::DSA absoulate path C:/Users/SUJIN/Desktop/sg_workspace/SoC_soc_24/vitis_SoC_24/Mblaze_fnd_cntr_hw/hw/Mblaze_fnd_cntr_wrapper.xsa
TRACE::2024-10-24.09:28:45::SCWPlatform::DSA directory C:/Users/SUJIN/Desktop/sg_workspace/SoC_soc_24/vitis_SoC_24/Mblaze_fnd_cntr_hw/hw
TRACE::2024-10-24.09:28:45::SCWPlatform:: Platform Path C:/Users/SUJIN/Desktop/sg_workspace/SoC_soc_24/vitis_SoC_24/Mblaze_fnd_cntr_hw/hw/Mblaze_fnd_cntr_wrapper.xsa
TRACE::2024-10-24.09:28:45::SCWPlatform:: Unique name xilinx:basys3::0.0
TRACE::2024-10-24.09:28:45::SCWPlatform::Trying to set the existing hwdb with name Mblaze_fnd_cntr_wrapper_1
TRACE::2024-10-24.09:28:45::SCWPlatform::Opened existing hwdb Mblaze_fnd_cntr_wrapper_1
TRACE::2024-10-24.09:28:45::SCWPlatform::Found the Hw Db part of the input DSA
TRACE::2024-10-24.09:28:45::SCWMssOS::Checking the sw design at  C:/Users/SUJIN/Desktop/sg_workspace/SoC_soc_24/vitis_SoC_24/Mblaze_fnd_cntr_hw/microblaze_0/standalone_domain/bsp/system.mss
TRACE::2024-10-24.09:28:45::SCWMssOS::DEBUG:  swdes dump  C:/Users/SUJIN/Desktop/sg_workspace/SoC_soc_24/vitis_SoC_24/Mblaze_fnd_cntr_hw/microblaze_0/standalone_domain/bsp/system.mss|system||

TRACE::2024-10-24.09:28:45::SCWMssOS::Sw design exists and opened at  C:/Users/SUJIN/Desktop/sg_workspace/SoC_soc_24/vitis_SoC_24/Mblaze_fnd_cntr_hw/microblaze_0/standalone_domain/bsp/system.mss
TRACE::2024-10-24.09:28:45::SCWPlatform::Trying to open the hw design at C:/Users/SUJIN/Desktop/sg_workspace/SoC_soc_24/vitis_SoC_24/Mblaze_fnd_cntr_hw/hw/Mblaze_fnd_cntr_wrapper.xsa
TRACE::2024-10-24.09:28:45::SCWPlatform::DSA given C:/Users/SUJIN/Desktop/sg_workspace/SoC_soc_24/vitis_SoC_24/Mblaze_fnd_cntr_hw/hw/Mblaze_fnd_cntr_wrapper.xsa
TRACE::2024-10-24.09:28:45::SCWPlatform::DSA absoulate path C:/Users/SUJIN/Desktop/sg_workspace/SoC_soc_24/vitis_SoC_24/Mblaze_fnd_cntr_hw/hw/Mblaze_fnd_cntr_wrapper.xsa
TRACE::2024-10-24.09:28:45::SCWPlatform::DSA directory C:/Users/SUJIN/Desktop/sg_workspace/SoC_soc_24/vitis_SoC_24/Mblaze_fnd_cntr_hw/hw
TRACE::2024-10-24.09:28:45::SCWPlatform:: Platform Path C:/Users/SUJIN/Desktop/sg_workspace/SoC_soc_24/vitis_SoC_24/Mblaze_fnd_cntr_hw/hw/Mblaze_fnd_cntr_wrapper.xsa
TRACE::2024-10-24.09:28:45::SCWPlatform:: Unique name xilinx:basys3::0.0
TRACE::2024-10-24.09:28:45::SCWPlatform::Trying to set the existing hwdb with name Mblaze_fnd_cntr_wrapper_1
TRACE::2024-10-24.09:28:45::SCWPlatform::Opened existing hwdb Mblaze_fnd_cntr_wrapper_1
TRACE::2024-10-24.09:28:45::SCWPlatform::Found the Hw Db part of the input DSA
TRACE::2024-10-24.09:28:45::SCWMssOS::Checking the sw design at  C:/Users/SUJIN/Desktop/sg_workspace/SoC_soc_24/vitis_SoC_24/Mblaze_fnd_cntr_hw/microblaze_0/standalone_domain/bsp/system.mss
TRACE::2024-10-24.09:28:45::SCWMssOS::DEBUG:  swdes dump  C:/Users/SUJIN/Desktop/sg_workspace/SoC_soc_24/vitis_SoC_24/Mblaze_fnd_cntr_hw/microblaze_0/standalone_domain/bsp/system.mss|system||

TRACE::2024-10-24.09:28:45::SCWMssOS::Sw design exists and opened at  C:/Users/SUJIN/Desktop/sg_workspace/SoC_soc_24/vitis_SoC_24/Mblaze_fnd_cntr_hw/microblaze_0/standalone_domain/bsp/system.mss
TRACE::2024-10-24.09:28:45::SCWWriter::formatted JSON is {
	"platformName":	"Mblaze_fnd_cntr_hw",
	"sprVersion":	"2.0",
	"mode":	"gui",
	"dsaType":	"Fixed",
	"platformDesc":	"Mblaze_fnd_cntr_hw",
	"platHandOff":	"C:/Users/SUJIN/Desktop/sg_workspace/SoC_soc_24/Mblaze_fnd_cntr_wrapper.xsa",
	"platIntHandOff":	"<platformDir>/hw/Mblaze_fnd_cntr_wrapper.xsa",
	"deviceType":	"FPGA",
	"platIsPrebuiltAutogen":	"false",
	"platIsNoBootBsp":	"false",
	"hasFsblMakeHasChanges":	"false",
	"hasPmufwMakeHasChanges":	"false",
	"platPreBuiltFlag":	false,
	"platformSamplesDir":	"",
	"platActiveSys":	"Mblaze_fnd_cntr_hw",
	"systems":	[{
			"systemName":	"Mblaze_fnd_cntr_hw",
			"systemDesc":	"Mblaze_fnd_cntr_hw",
			"sysIsBootAutoGen":	"true",
			"systemDispName":	"Mblaze_fnd_cntr_hw",
			"sysActiveDom":	"standalone_domain",
			"sysDefaultDom":	"standalone_domain",
			"domains":	[{
					"domainName":	"standalone_domain",
					"domainDispName":	"standalone on microblaze_0",
					"domainDesc":	"standalone_domain",
					"processors":	"microblaze_0",
					"os":	"standalone",
					"sdxOs":	"standalone",
					"debugEnable":	"False",
					"domRuntimes":	["cpp"],
					"swRepo":	"",
					"mssOsVer":	"7.1",
					"mssFile":	"",
					"md5Digest":	"3058066e4ca0fc25659ba337ec202bf1",
					"compatibleApp":	"",
					"domType":	"mssDomain",
					"appSettings":	{
						"appCompilerFlags":	"",
						"appLinkerFlags":	""
					},
					"addedLibs":	[],
					"libOptions":	{
						"libsContainingOptions":	[]
					},
					"prebuiltLibs":	{
						"prebuiltIncPath":	[],
						"prebuiltLibPath":	[]
					},
					"isolation":	{
					}
				}]
		}]
}
TRACE::2024-10-24.09:28:45::SCWPlatform::Trying to open the hw design at C:/Users/SUJIN/Desktop/sg_workspace/SoC_soc_24/vitis_SoC_24/Mblaze_fnd_cntr_hw/hw/Mblaze_fnd_cntr_wrapper.xsa
TRACE::2024-10-24.09:28:45::SCWPlatform::DSA given C:/Users/SUJIN/Desktop/sg_workspace/SoC_soc_24/vitis_SoC_24/Mblaze_fnd_cntr_hw/hw/Mblaze_fnd_cntr_wrapper.xsa
TRACE::2024-10-24.09:28:45::SCWPlatform::DSA absoulate path C:/Users/SUJIN/Desktop/sg_workspace/SoC_soc_24/vitis_SoC_24/Mblaze_fnd_cntr_hw/hw/Mblaze_fnd_cntr_wrapper.xsa
TRACE::2024-10-24.09:28:45::SCWPlatform::DSA directory C:/Users/SUJIN/Desktop/sg_workspace/SoC_soc_24/vitis_SoC_24/Mblaze_fnd_cntr_hw/hw
TRACE::2024-10-24.09:28:45::SCWPlatform:: Platform Path C:/Users/SUJIN/Desktop/sg_workspace/SoC_soc_24/vitis_SoC_24/Mblaze_fnd_cntr_hw/hw/Mblaze_fnd_cntr_wrapper.xsa
TRACE::2024-10-24.09:28:45::SCWPlatform:: Unique name xilinx:basys3::0.0
TRACE::2024-10-24.09:28:45::SCWPlatform::Trying to set the existing hwdb with name Mblaze_fnd_cntr_wrapper_1
TRACE::2024-10-24.09:28:45::SCWPlatform::Opened existing hwdb Mblaze_fnd_cntr_wrapper_1
TRACE::2024-10-24.09:28:45::SCWPlatform::Found the Hw Db part of the input DSA
TRACE::2024-10-24.09:28:45::SCWMssOS::Checking the sw design at  C:/Users/SUJIN/Desktop/sg_workspace/SoC_soc_24/vitis_SoC_24/Mblaze_fnd_cntr_hw/microblaze_0/standalone_domain/bsp/system.mss
TRACE::2024-10-24.09:28:45::SCWMssOS::DEBUG:  swdes dump  C:/Users/SUJIN/Desktop/sg_workspace/SoC_soc_24/vitis_SoC_24/Mblaze_fnd_cntr_hw/microblaze_0/standalone_domain/bsp/system.mss|system||

TRACE::2024-10-24.09:28:45::SCWMssOS::Sw design exists and opened at  C:/Users/SUJIN/Desktop/sg_workspace/SoC_soc_24/vitis_SoC_24/Mblaze_fnd_cntr_hw/microblaze_0/standalone_domain/bsp/system.mss
TRACE::2024-10-24.09:28:45::SCWPlatform::Trying to open the hw design at C:/Users/SUJIN/Desktop/sg_workspace/SoC_soc_24/vitis_SoC_24/Mblaze_fnd_cntr_hw/hw/Mblaze_fnd_cntr_wrapper.xsa
TRACE::2024-10-24.09:28:45::SCWPlatform::DSA given C:/Users/SUJIN/Desktop/sg_workspace/SoC_soc_24/vitis_SoC_24/Mblaze_fnd_cntr_hw/hw/Mblaze_fnd_cntr_wrapper.xsa
TRACE::2024-10-24.09:28:45::SCWPlatform::DSA absoulate path C:/Users/SUJIN/Desktop/sg_workspace/SoC_soc_24/vitis_SoC_24/Mblaze_fnd_cntr_hw/hw/Mblaze_fnd_cntr_wrapper.xsa
TRACE::2024-10-24.09:28:45::SCWPlatform::DSA directory C:/Users/SUJIN/Desktop/sg_workspace/SoC_soc_24/vitis_SoC_24/Mblaze_fnd_cntr_hw/hw
TRACE::2024-10-24.09:28:45::SCWPlatform:: Platform Path C:/Users/SUJIN/Desktop/sg_workspace/SoC_soc_24/vitis_SoC_24/Mblaze_fnd_cntr_hw/hw/Mblaze_fnd_cntr_wrapper.xsa
TRACE::2024-10-24.09:28:45::SCWPlatform:: Unique name xilinx:basys3::0.0
TRACE::2024-10-24.09:28:45::SCWPlatform::Trying to set the existing hwdb with name Mblaze_fnd_cntr_wrapper_1
TRACE::2024-10-24.09:28:45::SCWPlatform::Opened existing hwdb Mblaze_fnd_cntr_wrapper_1
TRACE::2024-10-24.09:28:45::SCWPlatform::Found the Hw Db part of the input DSA
TRACE::2024-10-24.09:28:45::SCWMssOS::Checking the sw design at  C:/Users/SUJIN/Desktop/sg_workspace/SoC_soc_24/vitis_SoC_24/Mblaze_fnd_cntr_hw/microblaze_0/standalone_domain/bsp/system.mss
TRACE::2024-10-24.09:28:45::SCWMssOS::DEBUG:  swdes dump  C:/Users/SUJIN/Desktop/sg_workspace/SoC_soc_24/vitis_SoC_24/Mblaze_fnd_cntr_hw/microblaze_0/standalone_domain/bsp/system.mss|system||

TRACE::2024-10-24.09:28:45::SCWMssOS::Sw design exists and opened at  C:/Users/SUJIN/Desktop/sg_workspace/SoC_soc_24/vitis_SoC_24/Mblaze_fnd_cntr_hw/microblaze_0/standalone_domain/bsp/system.mss
TRACE::2024-10-24.09:28:45::SCWPlatform::Trying to open the hw design at C:/Users/SUJIN/Desktop/sg_workspace/SoC_soc_24/vitis_SoC_24/Mblaze_fnd_cntr_hw/hw/Mblaze_fnd_cntr_wrapper.xsa
TRACE::2024-10-24.09:28:45::SCWPlatform::DSA given C:/Users/SUJIN/Desktop/sg_workspace/SoC_soc_24/vitis_SoC_24/Mblaze_fnd_cntr_hw/hw/Mblaze_fnd_cntr_wrapper.xsa
TRACE::2024-10-24.09:28:45::SCWPlatform::DSA absoulate path C:/Users/SUJIN/Desktop/sg_workspace/SoC_soc_24/vitis_SoC_24/Mblaze_fnd_cntr_hw/hw/Mblaze_fnd_cntr_wrapper.xsa
TRACE::2024-10-24.09:28:45::SCWPlatform::DSA directory C:/Users/SUJIN/Desktop/sg_workspace/SoC_soc_24/vitis_SoC_24/Mblaze_fnd_cntr_hw/hw
TRACE::2024-10-24.09:28:45::SCWPlatform:: Platform Path C:/Users/SUJIN/Desktop/sg_workspace/SoC_soc_24/vitis_SoC_24/Mblaze_fnd_cntr_hw/hw/Mblaze_fnd_cntr_wrapper.xsa
TRACE::2024-10-24.09:28:45::SCWPlatform:: Unique name xilinx:basys3::0.0
TRACE::2024-10-24.09:28:45::SCWPlatform::Trying to set the existing hwdb with name Mblaze_fnd_cntr_wrapper_1
TRACE::2024-10-24.09:28:45::SCWPlatform::Opened existing hwdb Mblaze_fnd_cntr_wrapper_1
TRACE::2024-10-24.09:28:45::SCWPlatform::Found the Hw Db part of the input DSA
TRACE::2024-10-24.09:28:45::SCWMssOS::Checking the sw design at  C:/Users/SUJIN/Desktop/sg_workspace/SoC_soc_24/vitis_SoC_24/Mblaze_fnd_cntr_hw/microblaze_0/standalone_domain/bsp/system.mss
TRACE::2024-10-24.09:28:45::SCWMssOS::DEBUG:  swdes dump  C:/Users/SUJIN/Desktop/sg_workspace/SoC_soc_24/vitis_SoC_24/Mblaze_fnd_cntr_hw/microblaze_0/standalone_domain/bsp/system.mss|system||

TRACE::2024-10-24.09:28:45::SCWMssOS::Sw design exists and opened at  C:/Users/SUJIN/Desktop/sg_workspace/SoC_soc_24/vitis_SoC_24/Mblaze_fnd_cntr_hw/microblaze_0/standalone_domain/bsp/system.mss
TRACE::2024-10-24.09:28:45::SCWWriter::formatted JSON is {
	"platformName":	"Mblaze_fnd_cntr_hw",
	"sprVersion":	"2.0",
	"mode":	"gui",
	"dsaType":	"Fixed",
	"platformDesc":	"Mblaze_fnd_cntr_hw",
	"platHandOff":	"C:/Users/SUJIN/Desktop/sg_workspace/SoC_soc_24/Mblaze_fnd_cntr_wrapper.xsa",
	"platIntHandOff":	"<platformDir>/hw/Mblaze_fnd_cntr_wrapper.xsa",
	"deviceType":	"FPGA",
	"platIsPrebuiltAutogen":	"false",
	"platIsNoBootBsp":	"false",
	"hasFsblMakeHasChanges":	"false",
	"hasPmufwMakeHasChanges":	"false",
	"platPreBuiltFlag":	false,
	"platformSamplesDir":	"",
	"platActiveSys":	"Mblaze_fnd_cntr_hw",
	"systems":	[{
			"systemName":	"Mblaze_fnd_cntr_hw",
			"systemDesc":	"Mblaze_fnd_cntr_hw",
			"sysIsBootAutoGen":	"true",
			"systemDispName":	"Mblaze_fnd_cntr_hw",
			"sysActiveDom":	"standalone_domain",
			"sysDefaultDom":	"standalone_domain",
			"domains":	[{
					"domainName":	"standalone_domain",
					"domainDispName":	"standalone on microblaze_0",
					"domainDesc":	"standalone_domain",
					"processors":	"microblaze_0",
					"os":	"standalone",
					"sdxOs":	"standalone",
					"debugEnable":	"False",
					"domRuntimes":	["cpp"],
					"swRepo":	"",
					"mssOsVer":	"7.1",
					"mssFile":	"",
					"md5Digest":	"3058066e4ca0fc25659ba337ec202bf1",
					"compatibleApp":	"",
					"domType":	"mssDomain",
					"appSettings":	{
						"appCompilerFlags":	"",
						"appLinkerFlags":	""
					},
					"addedLibs":	[],
					"libOptions":	{
						"libsContainingOptions":	[]
					},
					"prebuiltLibs":	{
						"prebuiltIncPath":	[],
						"prebuiltLibPath":	[]
					},
					"isolation":	{
					}
				}]
		}]
}
TRACE::2024-10-24.09:28:46::SCWPlatform::Clearing the existing platform
TRACE::2024-10-24.09:28:46::SCWSystem::Clearing the existing sysconfig
TRACE::2024-10-24.09:28:46::SCWMssOS::Removing the swdes entry for  C:/Users/SUJIN/Desktop/sg_workspace/SoC_soc_24/vitis_SoC_24/Mblaze_fnd_cntr_hw/microblaze_0/standalone_domain/bsp/system.mss
TRACE::2024-10-24.09:28:46::SCWSystem::Clearing the domains completed.
TRACE::2024-10-24.09:28:46::SCWPlatform::Clearing the opened hw db.
TRACE::2024-10-24.09:28:46::SCWPlatform::DSA given C:/Users/SUJIN/Desktop/sg_workspace/SoC_soc_24/vitis_SoC_24/Mblaze_fnd_cntr_hw/hw/Mblaze_fnd_cntr_wrapper.xsa
TRACE::2024-10-24.09:28:46::SCWPlatform::DSA absoulate path C:/Users/SUJIN/Desktop/sg_workspace/SoC_soc_24/vitis_SoC_24/Mblaze_fnd_cntr_hw/hw/Mblaze_fnd_cntr_wrapper.xsa
TRACE::2024-10-24.09:28:46::SCWPlatform:: Platform location is C:/Users/SUJIN/Desktop/sg_workspace/SoC_soc_24/vitis_SoC_24/Mblaze_fnd_cntr_hw/hw
TRACE::2024-10-24.09:28:46::SCWPlatform:: Platform Path C:/Users/SUJIN/Desktop/sg_workspace/SoC_soc_24/vitis_SoC_24/Mblaze_fnd_cntr_hw/hw/Mblaze_fnd_cntr_wrapper.xsa
TRACE::2024-10-24.09:28:46::SCWPlatform:: Unique name xilinx:basys3::0.0
TRACE::2024-10-24.09:28:46::SCWPlatform::Removing the HwDB with name C:/Users/SUJIN/Desktop/sg_workspace/SoC_soc_24/vitis_SoC_24/Mblaze_fnd_cntr_hw/hw/Mblaze_fnd_cntr_wrapper.xsa
TRACE::2024-10-24.09:28:46::SCWPlatform::Trying to open the hw design at C:/Users/SUJIN/Desktop/sg_workspace/SoC_soc_24/vitis_SoC_24/Mblaze_fnd_cntr_hw/hw/Mblaze_fnd_cntr_wrapper.xsa
TRACE::2024-10-24.09:28:46::SCWPlatform::DSA given C:/Users/SUJIN/Desktop/sg_workspace/SoC_soc_24/vitis_SoC_24/Mblaze_fnd_cntr_hw/hw/Mblaze_fnd_cntr_wrapper.xsa
TRACE::2024-10-24.09:28:46::SCWPlatform::DSA absoulate path C:/Users/SUJIN/Desktop/sg_workspace/SoC_soc_24/vitis_SoC_24/Mblaze_fnd_cntr_hw/hw/Mblaze_fnd_cntr_wrapper.xsa
TRACE::2024-10-24.09:28:46::SCWPlatform::DSA directory C:/Users/SUJIN/Desktop/sg_workspace/SoC_soc_24/vitis_SoC_24/Mblaze_fnd_cntr_hw/hw
TRACE::2024-10-24.09:28:46::SCWPlatform:: Platform Path C:/Users/SUJIN/Desktop/sg_workspace/SoC_soc_24/vitis_SoC_24/Mblaze_fnd_cntr_hw/hw/Mblaze_fnd_cntr_wrapper.xsa
TRACE::2024-10-24.09:28:46::SCWPlatform:: Unique name xilinx:basys3::0.0
TRACE::2024-10-24.09:28:46::SCWPlatform::Do not have an existing db opened. 
TRACE::2024-10-24.09:28:46::SCWPlatform::Opened new HwDB with name Mblaze_fnd_cntr_wrapper_2
TRACE::2024-10-24.09:28:46::SCWReader::Active system found as  Mblaze_fnd_cntr_hw
TRACE::2024-10-24.09:28:46::SCWReader::Handling sysconfig Mblaze_fnd_cntr_hw
TRACE::2024-10-24.09:28:46::SCWDomain::checking for install qemu data   : 
TRACE::2024-10-24.09:28:46::SCWPlatform::Trying to open the hw design at C:/Users/SUJIN/Desktop/sg_workspace/SoC_soc_24/vitis_SoC_24/Mblaze_fnd_cntr_hw/hw/Mblaze_fnd_cntr_wrapper.xsa
TRACE::2024-10-24.09:28:46::SCWPlatform::DSA given C:/Users/SUJIN/Desktop/sg_workspace/SoC_soc_24/vitis_SoC_24/Mblaze_fnd_cntr_hw/hw/Mblaze_fnd_cntr_wrapper.xsa
TRACE::2024-10-24.09:28:46::SCWPlatform::DSA absoulate path C:/Users/SUJIN/Desktop/sg_workspace/SoC_soc_24/vitis_SoC_24/Mblaze_fnd_cntr_hw/hw/Mblaze_fnd_cntr_wrapper.xsa
TRACE::2024-10-24.09:28:46::SCWPlatform::DSA directory C:/Users/SUJIN/Desktop/sg_workspace/SoC_soc_24/vitis_SoC_24/Mblaze_fnd_cntr_hw/hw
TRACE::2024-10-24.09:28:46::SCWPlatform:: Platform Path C:/Users/SUJIN/Desktop/sg_workspace/SoC_soc_24/vitis_SoC_24/Mblaze_fnd_cntr_hw/hw/Mblaze_fnd_cntr_wrapper.xsa
TRACE::2024-10-24.09:28:46::SCWPlatform:: Unique name xilinx:basys3::0.0
TRACE::2024-10-24.09:28:46::SCWPlatform::Trying to set the existing hwdb with name Mblaze_fnd_cntr_wrapper_2
TRACE::2024-10-24.09:28:46::SCWPlatform::Opened existing hwdb Mblaze_fnd_cntr_wrapper_2
TRACE::2024-10-24.09:28:46::SCWPlatform::Found the Hw Db part of the input DSA
TRACE::2024-10-24.09:28:46::SCWPlatform::Trying to open the hw design at C:/Users/SUJIN/Desktop/sg_workspace/SoC_soc_24/vitis_SoC_24/Mblaze_fnd_cntr_hw/hw/Mblaze_fnd_cntr_wrapper.xsa
TRACE::2024-10-24.09:28:46::SCWPlatform::DSA given C:/Users/SUJIN/Desktop/sg_workspace/SoC_soc_24/vitis_SoC_24/Mblaze_fnd_cntr_hw/hw/Mblaze_fnd_cntr_wrapper.xsa
TRACE::2024-10-24.09:28:46::SCWPlatform::DSA absoulate path C:/Users/SUJIN/Desktop/sg_workspace/SoC_soc_24/vitis_SoC_24/Mblaze_fnd_cntr_hw/hw/Mblaze_fnd_cntr_wrapper.xsa
TRACE::2024-10-24.09:28:46::SCWPlatform::DSA directory C:/Users/SUJIN/Desktop/sg_workspace/SoC_soc_24/vitis_SoC_24/Mblaze_fnd_cntr_hw/hw
TRACE::2024-10-24.09:28:46::SCWPlatform:: Platform Path C:/Users/SUJIN/Desktop/sg_workspace/SoC_soc_24/vitis_SoC_24/Mblaze_fnd_cntr_hw/hw/Mblaze_fnd_cntr_wrapper.xsa
TRACE::2024-10-24.09:28:46::SCWPlatform:: Unique name xilinx:basys3::0.0
TRACE::2024-10-24.09:28:46::SCWPlatform::Trying to set the existing hwdb with name Mblaze_fnd_cntr_wrapper_2
TRACE::2024-10-24.09:28:46::SCWPlatform::Opened existing hwdb Mblaze_fnd_cntr_wrapper_2
TRACE::2024-10-24.09:28:46::SCWPlatform::Found the Hw Db part of the input DSA
TRACE::2024-10-24.09:28:46::SCWPlatform::Trying to open the hw design at C:/Users/SUJIN/Desktop/sg_workspace/SoC_soc_24/vitis_SoC_24/Mblaze_fnd_cntr_hw/hw/Mblaze_fnd_cntr_wrapper.xsa
TRACE::2024-10-24.09:28:46::SCWPlatform::DSA given C:/Users/SUJIN/Desktop/sg_workspace/SoC_soc_24/vitis_SoC_24/Mblaze_fnd_cntr_hw/hw/Mblaze_fnd_cntr_wrapper.xsa
TRACE::2024-10-24.09:28:46::SCWPlatform::DSA absoulate path C:/Users/SUJIN/Desktop/sg_workspace/SoC_soc_24/vitis_SoC_24/Mblaze_fnd_cntr_hw/hw/Mblaze_fnd_cntr_wrapper.xsa
TRACE::2024-10-24.09:28:46::SCWPlatform::DSA directory C:/Users/SUJIN/Desktop/sg_workspace/SoC_soc_24/vitis_SoC_24/Mblaze_fnd_cntr_hw/hw
TRACE::2024-10-24.09:28:46::SCWPlatform:: Platform Path C:/Users/SUJIN/Desktop/sg_workspace/SoC_soc_24/vitis_SoC_24/Mblaze_fnd_cntr_hw/hw/Mblaze_fnd_cntr_wrapper.xsa
TRACE::2024-10-24.09:28:46::SCWPlatform:: Unique name xilinx:basys3::0.0
TRACE::2024-10-24.09:28:46::SCWPlatform::Trying to set the existing hwdb with name Mblaze_fnd_cntr_wrapper_2
TRACE::2024-10-24.09:28:46::SCWPlatform::Opened existing hwdb Mblaze_fnd_cntr_wrapper_2
TRACE::2024-10-24.09:28:46::SCWPlatform::Found the Hw Db part of the input DSA
TRACE::2024-10-24.09:28:46::SCWMssOS::Checking the sw design at  C:/Users/SUJIN/Desktop/sg_workspace/SoC_soc_24/vitis_SoC_24/Mblaze_fnd_cntr_hw/microblaze_0/standalone_domain/bsp/system.mss
TRACE::2024-10-24.09:28:46::SCWMssOS::DEBUG:  swdes dump  
TRACE::2024-10-24.09:28:46::SCWMssOS::No sw design opened at  C:/Users/SUJIN/Desktop/sg_workspace/SoC_soc_24/vitis_SoC_24/Mblaze_fnd_cntr_hw/microblaze_0/standalone_domain/bsp/system.mss
TRACE::2024-10-24.09:28:46::SCWMssOS::mss exists loading the mss file  C:/Users/SUJIN/Desktop/sg_workspace/SoC_soc_24/vitis_SoC_24/Mblaze_fnd_cntr_hw/microblaze_0/standalone_domain/bsp/system.mss
TRACE::2024-10-24.09:28:46::SCWMssOS::Opened the sw design from mss  C:/Users/SUJIN/Desktop/sg_workspace/SoC_soc_24/vitis_SoC_24/Mblaze_fnd_cntr_hw/microblaze_0/standalone_domain/bsp/system.mss
TRACE::2024-10-24.09:28:46::SCWMssOS::Adding the swdes entry C:/Users/SUJIN/Desktop/sg_workspace/SoC_soc_24/vitis_SoC_24/Mblaze_fnd_cntr_hw/microblaze_0/standalone_domain/bsp/system.mss with des name system
TRACE::2024-10-24.09:28:46::SCWMssOS::updating the scw layer about changes
TRACE::2024-10-24.09:28:46::SCWMssOS::Opened the sw design.  C:/Users/SUJIN/Desktop/sg_workspace/SoC_soc_24/vitis_SoC_24/Mblaze_fnd_cntr_hw/microblaze_0/standalone_domain/bsp/system.mss
TRACE::2024-10-24.09:28:46::SCWReader::Adding prebuilt librarypaths as   
TRACE::2024-10-24.09:28:46::SCWReader::Adding prebuilt incpaths  as   
TRACE::2024-10-24.09:28:46::SCWPlatform::Trying to open the hw design at C:/Users/SUJIN/Desktop/sg_workspace/SoC_soc_24/vitis_SoC_24/Mblaze_fnd_cntr_hw/hw/Mblaze_fnd_cntr_wrapper.xsa
TRACE::2024-10-24.09:28:46::SCWPlatform::DSA given C:/Users/SUJIN/Desktop/sg_workspace/SoC_soc_24/vitis_SoC_24/Mblaze_fnd_cntr_hw/hw/Mblaze_fnd_cntr_wrapper.xsa
TRACE::2024-10-24.09:28:46::SCWPlatform::DSA absoulate path C:/Users/SUJIN/Desktop/sg_workspace/SoC_soc_24/vitis_SoC_24/Mblaze_fnd_cntr_hw/hw/Mblaze_fnd_cntr_wrapper.xsa
TRACE::2024-10-24.09:28:46::SCWPlatform::DSA directory C:/Users/SUJIN/Desktop/sg_workspace/SoC_soc_24/vitis_SoC_24/Mblaze_fnd_cntr_hw/hw
TRACE::2024-10-24.09:28:46::SCWPlatform:: Platform Path C:/Users/SUJIN/Desktop/sg_workspace/SoC_soc_24/vitis_SoC_24/Mblaze_fnd_cntr_hw/hw/Mblaze_fnd_cntr_wrapper.xsa
TRACE::2024-10-24.09:28:46::SCWPlatform:: Unique name xilinx:basys3::0.0
TRACE::2024-10-24.09:28:46::SCWPlatform::Trying to set the existing hwdb with name Mblaze_fnd_cntr_wrapper_2
TRACE::2024-10-24.09:28:46::SCWPlatform::Opened existing hwdb Mblaze_fnd_cntr_wrapper_2
TRACE::2024-10-24.09:28:46::SCWPlatform::Found the Hw Db part of the input DSA
TRACE::2024-10-24.09:28:46::SCWMssOS::Checking the sw design at  C:/Users/SUJIN/Desktop/sg_workspace/SoC_soc_24/vitis_SoC_24/Mblaze_fnd_cntr_hw/microblaze_0/standalone_domain/bsp/system.mss
TRACE::2024-10-24.09:28:46::SCWMssOS::DEBUG:  swdes dump  C:/Users/SUJIN/Desktop/sg_workspace/SoC_soc_24/vitis_SoC_24/Mblaze_fnd_cntr_hw/microblaze_0/standalone_domain/bsp/system.mss|system||

TRACE::2024-10-24.09:28:46::SCWMssOS::Sw design exists and opened at  C:/Users/SUJIN/Desktop/sg_workspace/SoC_soc_24/vitis_SoC_24/Mblaze_fnd_cntr_hw/microblaze_0/standalone_domain/bsp/system.mss
TRACE::2024-10-24.09:28:46::SCWReader::No isolation master present  
TRACE::2024-10-24.09:28:46::SCWPlatform::Trying to open the hw design at C:/Users/SUJIN/Desktop/sg_workspace/SoC_soc_24/vitis_SoC_24/Mblaze_fnd_cntr_hw/hw/Mblaze_fnd_cntr_wrapper.xsa
TRACE::2024-10-24.09:28:46::SCWPlatform::DSA given C:/Users/SUJIN/Desktop/sg_workspace/SoC_soc_24/vitis_SoC_24/Mblaze_fnd_cntr_hw/hw/Mblaze_fnd_cntr_wrapper.xsa
TRACE::2024-10-24.09:28:46::SCWPlatform::DSA absoulate path C:/Users/SUJIN/Desktop/sg_workspace/SoC_soc_24/vitis_SoC_24/Mblaze_fnd_cntr_hw/hw/Mblaze_fnd_cntr_wrapper.xsa
TRACE::2024-10-24.09:28:46::SCWPlatform::DSA directory C:/Users/SUJIN/Desktop/sg_workspace/SoC_soc_24/vitis_SoC_24/Mblaze_fnd_cntr_hw/hw
TRACE::2024-10-24.09:28:46::SCWPlatform:: Platform Path C:/Users/SUJIN/Desktop/sg_workspace/SoC_soc_24/vitis_SoC_24/Mblaze_fnd_cntr_hw/hw/Mblaze_fnd_cntr_wrapper.xsa
TRACE::2024-10-24.09:28:46::SCWPlatform:: Unique name xilinx:basys3::0.0
TRACE::2024-10-24.09:28:46::SCWPlatform::Trying to set the existing hwdb with name Mblaze_fnd_cntr_wrapper_2
TRACE::2024-10-24.09:28:46::SCWPlatform::Opened existing hwdb Mblaze_fnd_cntr_wrapper_2
TRACE::2024-10-24.09:28:46::SCWPlatform::Found the Hw Db part of the input DSA
TRACE::2024-10-24.09:28:46::SCWMssOS::Checking the sw design at  C:/Users/SUJIN/Desktop/sg_workspace/SoC_soc_24/vitis_SoC_24/Mblaze_fnd_cntr_hw/microblaze_0/standalone_domain/bsp/system.mss
TRACE::2024-10-24.09:28:46::SCWMssOS::DEBUG:  swdes dump  C:/Users/SUJIN/Desktop/sg_workspace/SoC_soc_24/vitis_SoC_24/Mblaze_fnd_cntr_hw/microblaze_0/standalone_domain/bsp/system.mss|system||

TRACE::2024-10-24.09:28:46::SCWMssOS::Sw design exists and opened at  C:/Users/SUJIN/Desktop/sg_workspace/SoC_soc_24/vitis_SoC_24/Mblaze_fnd_cntr_hw/microblaze_0/standalone_domain/bsp/system.mss
TRACE::2024-10-24.09:28:47::SCWMssOS::In reload Mss file.
TRACE::2024-10-24.09:28:47::SCWPlatform::Trying to open the hw design at C:/Users/SUJIN/Desktop/sg_workspace/SoC_soc_24/vitis_SoC_24/Mblaze_fnd_cntr_hw/hw/Mblaze_fnd_cntr_wrapper.xsa
TRACE::2024-10-24.09:28:47::SCWPlatform::DSA given C:/Users/SUJIN/Desktop/sg_workspace/SoC_soc_24/vitis_SoC_24/Mblaze_fnd_cntr_hw/hw/Mblaze_fnd_cntr_wrapper.xsa
TRACE::2024-10-24.09:28:47::SCWPlatform::DSA absoulate path C:/Users/SUJIN/Desktop/sg_workspace/SoC_soc_24/vitis_SoC_24/Mblaze_fnd_cntr_hw/hw/Mblaze_fnd_cntr_wrapper.xsa
TRACE::2024-10-24.09:28:47::SCWPlatform::DSA directory C:/Users/SUJIN/Desktop/sg_workspace/SoC_soc_24/vitis_SoC_24/Mblaze_fnd_cntr_hw/hw
TRACE::2024-10-24.09:28:47::SCWPlatform:: Platform Path C:/Users/SUJIN/Desktop/sg_workspace/SoC_soc_24/vitis_SoC_24/Mblaze_fnd_cntr_hw/hw/Mblaze_fnd_cntr_wrapper.xsa
TRACE::2024-10-24.09:28:47::SCWPlatform:: Unique name xilinx:basys3::0.0
TRACE::2024-10-24.09:28:47::SCWPlatform::Trying to set the existing hwdb with name Mblaze_fnd_cntr_wrapper_2
TRACE::2024-10-24.09:28:47::SCWPlatform::Opened existing hwdb Mblaze_fnd_cntr_wrapper_2
TRACE::2024-10-24.09:28:47::SCWPlatform::Found the Hw Db part of the input DSA
TRACE::2024-10-24.09:28:47::SCWMssOS::Checking the sw design at  C:/Users/SUJIN/Desktop/sg_workspace/SoC_soc_24/vitis_SoC_24/Mblaze_fnd_cntr_hw/microblaze_0/standalone_domain/bsp/system.mss
TRACE::2024-10-24.09:28:47::SCWMssOS::DEBUG:  swdes dump  C:/Users/SUJIN/Desktop/sg_workspace/SoC_soc_24/vitis_SoC_24/Mblaze_fnd_cntr_hw/microblaze_0/standalone_domain/bsp/system.mss|system||

KEYINFO::2024-10-24.09:28:47::SCWMssOS::Could not open the swdb for system
KEYINFO::2024-10-24.09:28:47::SCWMssOS::Could not open the sw design at  system
ERROR: [Hsi 55-1558] Software Design system is not found

TRACE::2024-10-24.09:28:47::SCWMssOS::Cleared the swdb table entry
TRACE::2024-10-24.09:28:47::SCWMssOS::No sw design opened at  C:/Users/SUJIN/Desktop/sg_workspace/SoC_soc_24/vitis_SoC_24/Mblaze_fnd_cntr_hw/microblaze_0/standalone_domain/bsp/system.mss
TRACE::2024-10-24.09:28:47::SCWMssOS::mss exists loading the mss file  C:/Users/SUJIN/Desktop/sg_workspace/SoC_soc_24/vitis_SoC_24/Mblaze_fnd_cntr_hw/microblaze_0/standalone_domain/bsp/system.mss
TRACE::2024-10-24.09:28:47::SCWMssOS::Opened the sw design from mss  C:/Users/SUJIN/Desktop/sg_workspace/SoC_soc_24/vitis_SoC_24/Mblaze_fnd_cntr_hw/microblaze_0/standalone_domain/bsp/system.mss
TRACE::2024-10-24.09:28:47::SCWMssOS::Adding the swdes entry C:/Users/SUJIN/Desktop/sg_workspace/SoC_soc_24/vitis_SoC_24/Mblaze_fnd_cntr_hw/microblaze_0/standalone_domain/bsp/system.mss with des name system
TRACE::2024-10-24.09:28:47::SCWMssOS::updating the scw layer about changes
TRACE::2024-10-24.09:28:47::SCWMssOS::Opened the sw design.  C:/Users/SUJIN/Desktop/sg_workspace/SoC_soc_24/vitis_SoC_24/Mblaze_fnd_cntr_hw/microblaze_0/standalone_domain/bsp/system.mss
TRACE::2024-10-24.09:28:47::SCWPlatform::Trying to open the hw design at C:/Users/SUJIN/Desktop/sg_workspace/SoC_soc_24/vitis_SoC_24/Mblaze_fnd_cntr_hw/hw/Mblaze_fnd_cntr_wrapper.xsa
TRACE::2024-10-24.09:28:47::SCWPlatform::DSA given C:/Users/SUJIN/Desktop/sg_workspace/SoC_soc_24/vitis_SoC_24/Mblaze_fnd_cntr_hw/hw/Mblaze_fnd_cntr_wrapper.xsa
TRACE::2024-10-24.09:28:47::SCWPlatform::DSA absoulate path C:/Users/SUJIN/Desktop/sg_workspace/SoC_soc_24/vitis_SoC_24/Mblaze_fnd_cntr_hw/hw/Mblaze_fnd_cntr_wrapper.xsa
TRACE::2024-10-24.09:28:47::SCWPlatform::DSA directory C:/Users/SUJIN/Desktop/sg_workspace/SoC_soc_24/vitis_SoC_24/Mblaze_fnd_cntr_hw/hw
TRACE::2024-10-24.09:28:47::SCWPlatform:: Platform Path C:/Users/SUJIN/Desktop/sg_workspace/SoC_soc_24/vitis_SoC_24/Mblaze_fnd_cntr_hw/hw/Mblaze_fnd_cntr_wrapper.xsa
TRACE::2024-10-24.09:28:47::SCWPlatform:: Unique name xilinx:basys3::0.0
TRACE::2024-10-24.09:28:47::SCWPlatform::Trying to set the existing hwdb with name Mblaze_fnd_cntr_wrapper_2
TRACE::2024-10-24.09:28:47::SCWPlatform::Opened existing hwdb Mblaze_fnd_cntr_wrapper_2
TRACE::2024-10-24.09:28:47::SCWPlatform::Found the Hw Db part of the input DSA
TRACE::2024-10-24.09:28:47::SCWMssOS::Checking the sw design at  C:/Users/SUJIN/Desktop/sg_workspace/SoC_soc_24/vitis_SoC_24/Mblaze_fnd_cntr_hw/microblaze_0/standalone_domain/bsp/system.mss
TRACE::2024-10-24.09:28:47::SCWMssOS::DEBUG:  swdes dump  C:/Users/SUJIN/Desktop/sg_workspace/SoC_soc_24/vitis_SoC_24/Mblaze_fnd_cntr_hw/microblaze_0/standalone_domain/bsp/system.mss|system||

TRACE::2024-10-24.09:28:47::SCWMssOS::Sw design exists and opened at  C:/Users/SUJIN/Desktop/sg_workspace/SoC_soc_24/vitis_SoC_24/Mblaze_fnd_cntr_hw/microblaze_0/standalone_domain/bsp/system.mss
TRACE::2024-10-24.09:28:47::SCWMssOS::Removing the swdes entry for  C:/Users/SUJIN/Desktop/sg_workspace/SoC_soc_24/vitis_SoC_24/Mblaze_fnd_cntr_hw/microblaze_0/standalone_domain/bsp/system.mss
LOG::2024-10-24.09:28:55::SCWPlatform::Started generating the artifacts platform Mblaze_fnd_cntr_hw
TRACE::2024-10-24.09:28:55::SCWPlatform::Sanity checking of platform is completed
LOG::2024-10-24.09:28:55::SCWPlatform::Started generating the artifacts for system configuration Mblaze_fnd_cntr_hw
LOG::2024-10-24.09:28:55::SCWSystem::Checking the domain standalone_domain
LOG::2024-10-24.09:28:55::SCWSystem::Not a boot domain 
LOG::2024-10-24.09:28:55::SCWSystem::Started Processing the domain standalone_domain
TRACE::2024-10-24.09:28:55::SCWDomain::Generating domain artifcats
TRACE::2024-10-24.09:28:55::SCWMssOS::Generating standalone artifcats
TRACE::2024-10-24.09:28:55::SCWMssOS:: Copying the user libraries. 
TRACE::2024-10-24.09:28:55::SCWPlatform::Trying to open the hw design at C:/Users/SUJIN/Desktop/sg_workspace/SoC_soc_24/vitis_SoC_24/Mblaze_fnd_cntr_hw/hw/Mblaze_fnd_cntr_wrapper.xsa
TRACE::2024-10-24.09:28:55::SCWPlatform::DSA given C:/Users/SUJIN/Desktop/sg_workspace/SoC_soc_24/vitis_SoC_24/Mblaze_fnd_cntr_hw/hw/Mblaze_fnd_cntr_wrapper.xsa
TRACE::2024-10-24.09:28:55::SCWPlatform::DSA absoulate path C:/Users/SUJIN/Desktop/sg_workspace/SoC_soc_24/vitis_SoC_24/Mblaze_fnd_cntr_hw/hw/Mblaze_fnd_cntr_wrapper.xsa
TRACE::2024-10-24.09:28:55::SCWPlatform::DSA directory C:/Users/SUJIN/Desktop/sg_workspace/SoC_soc_24/vitis_SoC_24/Mblaze_fnd_cntr_hw/hw
TRACE::2024-10-24.09:28:55::SCWPlatform:: Platform Path C:/Users/SUJIN/Desktop/sg_workspace/SoC_soc_24/vitis_SoC_24/Mblaze_fnd_cntr_hw/hw/Mblaze_fnd_cntr_wrapper.xsa
TRACE::2024-10-24.09:28:55::SCWPlatform:: Unique name xilinx:basys3::0.0
TRACE::2024-10-24.09:28:55::SCWPlatform::Trying to set the existing hwdb with name Mblaze_fnd_cntr_wrapper_2
TRACE::2024-10-24.09:28:55::SCWPlatform::Opened existing hwdb Mblaze_fnd_cntr_wrapper_2
TRACE::2024-10-24.09:28:55::SCWPlatform::Found the Hw Db part of the input DSA
TRACE::2024-10-24.09:28:55::SCWMssOS::Checking the sw design at  C:/Users/SUJIN/Desktop/sg_workspace/SoC_soc_24/vitis_SoC_24/Mblaze_fnd_cntr_hw/microblaze_0/standalone_domain/bsp/system.mss
TRACE::2024-10-24.09:28:55::SCWMssOS::DEBUG:  swdes dump  
TRACE::2024-10-24.09:28:55::SCWMssOS::No sw design opened at  C:/Users/SUJIN/Desktop/sg_workspace/SoC_soc_24/vitis_SoC_24/Mblaze_fnd_cntr_hw/microblaze_0/standalone_domain/bsp/system.mss
TRACE::2024-10-24.09:28:55::SCWMssOS::mss exists loading the mss file  C:/Users/SUJIN/Desktop/sg_workspace/SoC_soc_24/vitis_SoC_24/Mblaze_fnd_cntr_hw/microblaze_0/standalone_domain/bsp/system.mss
TRACE::2024-10-24.09:28:55::SCWMssOS::Opened the sw design from mss  C:/Users/SUJIN/Desktop/sg_workspace/SoC_soc_24/vitis_SoC_24/Mblaze_fnd_cntr_hw/microblaze_0/standalone_domain/bsp/system.mss
TRACE::2024-10-24.09:28:55::SCWMssOS::Adding the swdes entry C:/Users/SUJIN/Desktop/sg_workspace/SoC_soc_24/vitis_SoC_24/Mblaze_fnd_cntr_hw/microblaze_0/standalone_domain/bsp/system.mss with des name system
TRACE::2024-10-24.09:28:55::SCWMssOS::updating the scw layer about changes
TRACE::2024-10-24.09:28:55::SCWMssOS::Opened the sw design.  C:/Users/SUJIN/Desktop/sg_workspace/SoC_soc_24/vitis_SoC_24/Mblaze_fnd_cntr_hw/microblaze_0/standalone_domain/bsp/system.mss
TRACE::2024-10-24.09:28:55::SCWMssOS::Completed writing the mss file at C:/Users/SUJIN/Desktop/sg_workspace/SoC_soc_24/vitis_SoC_24/Mblaze_fnd_cntr_hw/microblaze_0/standalone_domain/bsp
TRACE::2024-10-24.09:28:55::SCWMssOS::Mss edits present, copying mssfile into export location C:/Users/SUJIN/Desktop/sg_workspace/SoC_soc_24/vitis_SoC_24/Mblaze_fnd_cntr_hw/microblaze_0/standalone_domain/bsp/system.mss
TRACE::2024-10-24.09:28:55::SCWMssOS::bsp generated is upto date with the mss file. Skipping bsp generation.
TRACE::2024-10-24.09:28:55::SCWMssOS::BSP is already built. skipping the bsp build ... 
TRACE::2024-10-24.09:28:55::SCWDomain::Building the domain as part of full build :  standalone_domain
TRACE::2024-10-24.09:28:55::SCWMssOS::doing bsp build ... 
TRACE::2024-10-24.09:28:55::SCWMssOS::System Command Ran  C: & cd  C:/Users/SUJIN/Desktop/sg_workspace/SoC_soc_24/vitis_SoC_24/Mblaze_fnd_cntr_hw/microblaze_0/standalone_domain/bsp & make 
TRACE::2024-10-24.09:28:55::SCWMssOS::"Running Make include in microblaze_0/libsrc/bram_v4_3/src"

TRACE::2024-10-24.09:28:55::SCWMssOS::make -C microblaze_0/libsrc/bram_v4_3/src -s include  "SHELL=CMD" "COMPILER=mb-gcc" "ASSEMBLER=mb-as" "ARCHIVER=mb-ar" "COMPILE
TRACE::2024-10-24.09:28:55::SCWMssOS::R_FLAGS=  -O2 -c -mcpu=v11.0 -mlittle-endian -mno-xl-reorder -mno-xl-soft-mul -mxl-barrel-shift -mxl-pattern-compare" "EXTRA_CO
TRACE::2024-10-24.09:28:55::SCWMssOS::MPILER_FLAGS=-g -ffunction-sections -fdata-sections -Wall -Wextra"

TRACE::2024-10-24.09:28:55::SCWMssOS::"Running Make include in microblaze_0/libsrc/cpu_v2_10/src"

TRACE::2024-10-24.09:28:55::SCWMssOS::make -C microblaze_0/libsrc/cpu_v2_10/src -s include  "SHELL=CMD" "COMPILER=mb-gcc" "ASSEMBLER=mb-as" "ARCHIVER=mb-ar" "COMPILE
TRACE::2024-10-24.09:28:55::SCWMssOS::R_FLAGS=  -O2 -c -mcpu=v11.0 -mlittle-endian -mno-xl-reorder -mno-xl-soft-mul -mxl-barrel-shift -mxl-pattern-compare" "EXTRA_CO
TRACE::2024-10-24.09:28:55::SCWMssOS::MPILER_FLAGS=-g -ffunction-sections -fdata-sections -Wall -Wextra"

TRACE::2024-10-24.09:28:55::SCWMssOS::"Running Make include in microblaze_0/libsrc/myip_fnd_cntr_v1_0/src"

TRACE::2024-10-24.09:28:55::SCWMssOS::make -C microblaze_0/libsrc/myip_fnd_cntr_v1_0/src -s include  "SHELL=CMD" "COMPILER=mb-gcc" "ASSEMBLER=mb-as" "ARCHIVER=mb-ar"
TRACE::2024-10-24.09:28:55::SCWMssOS:: "COMPILER_FLAGS=  -O2 -c -mcpu=v11.0 -mlittle-endian -mno-xl-reorder -mno-xl-soft-mul -mxl-barrel-shift -mxl-pattern-compare" 
TRACE::2024-10-24.09:28:55::SCWMssOS::"EXTRA_COMPILER_FLAGS=-g -ffunction-sections -fdata-sections -Wall -Wextra"

TRACE::2024-10-24.09:28:55::SCWMssOS::"Running Make include in microblaze_0/libsrc/standalone_v7_1/src"

TRACE::2024-10-24.09:28:55::SCWMssOS::make -C microblaze_0/libsrc/standalone_v7_1/src -s include  "SHELL=CMD" "COMPILER=mb-gcc" "ASSEMBLER=mb-as" "ARCHIVER=mb-ar" "C
TRACE::2024-10-24.09:28:55::SCWMssOS::OMPILER_FLAGS=  -O2 -c -mcpu=v11.0 -mlittle-endian -mno-xl-reorder -mno-xl-soft-mul -mxl-barrel-shift -mxl-pattern-compare" "EX
TRACE::2024-10-24.09:28:55::SCWMssOS::TRA_COMPILER_FLAGS=-g -ffunction-sections -fdata-sections -Wall -Wextra"

TRACE::2024-10-24.09:28:55::SCWMssOS::"Running Make include in microblaze_0/libsrc/uartlite_v3_3/src"

TRACE::2024-10-24.09:28:55::SCWMssOS::make -C microblaze_0/libsrc/uartlite_v3_3/src -s include  "SHELL=CMD" "COMPILER=mb-gcc" "ASSEMBLER=mb-as" "ARCHIVER=mb-ar" "COM
TRACE::2024-10-24.09:28:55::SCWMssOS::PILER_FLAGS=  -O2 -c -mcpu=v11.0 -mlittle-endian -mno-xl-reorder -mno-xl-soft-mul -mxl-barrel-shift -mxl-pattern-compare" "EXTR
TRACE::2024-10-24.09:28:55::SCWMssOS::A_COMPILER_FLAGS=-g -ffunction-sections -fdata-sections -Wall -Wextra"

TRACE::2024-10-24.09:28:56::SCWMssOS::"Running Make libs in microblaze_0/libsrc/bram_v4_3/src"

TRACE::2024-10-24.09:28:56::SCWMssOS::make -C microblaze_0/libsrc/bram_v4_3/src -s libs  "SHELL=CMD" "COMPILER=mb-gcc" "ASSEMBLER=mb-as" "ARCHIVER=mb-ar" "COMPILER_F
TRACE::2024-10-24.09:28:56::SCWMssOS::LAGS=  -O2 -c -mcpu=v11.0 -mlittle-endian -mno-xl-reorder -mno-xl-soft-mul -mxl-barrel-shift -mxl-pattern-compare" "EXTRA_COMPI
TRACE::2024-10-24.09:28:56::SCWMssOS::LER_FLAGS=-g -ffunction-sections -fdata-sections -Wall -Wextra"

TRACE::2024-10-24.09:28:56::SCWMssOS::"Compiling bram"

TRACE::2024-10-24.09:28:57::SCWMssOS::"Running Make libs in microblaze_0/libsrc/cpu_v2_10/src"

TRACE::2024-10-24.09:28:57::SCWMssOS::make -C microblaze_0/libsrc/cpu_v2_10/src -s libs  "SHELL=CMD" "COMPILER=mb-gcc" "ASSEMBLER=mb-as" "ARCHIVER=mb-ar" "COMPILER_F
TRACE::2024-10-24.09:28:57::SCWMssOS::LAGS=  -O2 -c -mcpu=v11.0 -mlittle-endian -mno-xl-reorder -mno-xl-soft-mul -mxl-barrel-shift -mxl-pattern-compare" "EXTRA_COMPI
TRACE::2024-10-24.09:28:57::SCWMssOS::LER_FLAGS=-g -ffunction-sections -fdata-sections -Wall -Wextra"

TRACE::2024-10-24.09:28:57::SCWMssOS::"Compiling cpu"

TRACE::2024-10-24.09:28:57::SCWMssOS::"Running Make libs in microblaze_0/libsrc/myip_fnd_cntr_v1_0/src"

TRACE::2024-10-24.09:28:57::SCWMssOS::make -C microblaze_0/libsrc/myip_fnd_cntr_v1_0/src -s libs  "SHELL=CMD" "COMPILER=mb-gcc" "ASSEMBLER=mb-as" "ARCHIVER=mb-ar" "C
TRACE::2024-10-24.09:28:57::SCWMssOS::OMPILER_FLAGS=  -O2 -c -mcpu=v11.0 -mlittle-endian -mno-xl-reorder -mno-xl-soft-mul -mxl-barrel-shift -mxl-pattern-compare" "EX
TRACE::2024-10-24.09:28:57::SCWMssOS::TRA_COMPILER_FLAGS=-g -ffunction-sections -fdata-sections -Wall -Wextra"

TRACE::2024-10-24.09:28:57::SCWMssOS::"Compiling myip_fnd_cntr..."

TRACE::2024-10-24.09:28:57::SCWMssOS::"Running Make libs in microblaze_0/libsrc/standalone_v7_1/src"

TRACE::2024-10-24.09:28:57::SCWMssOS::make -C microblaze_0/libsrc/standalone_v7_1/src -s libs  "SHELL=CMD" "COMPILER=mb-gcc" "ASSEMBLER=mb-as" "ARCHIVER=mb-ar" "COMP
TRACE::2024-10-24.09:28:57::SCWMssOS::ILER_FLAGS=  -O2 -c -mcpu=v11.0 -mlittle-endian -mno-xl-reorder -mno-xl-soft-mul -mxl-barrel-shift -mxl-pattern-compare" "EXTRA
TRACE::2024-10-24.09:28:57::SCWMssOS::_COMPILER_FLAGS=-g -ffunction-sections -fdata-sections -Wall -Wextra"

TRACE::2024-10-24.09:28:58::SCWMssOS::"Compiling standalone";

TRACE::2024-10-24.09:29:01::SCWMssOS::"Running Make libs in microblaze_0/libsrc/uartlite_v3_3/src"

TRACE::2024-10-24.09:29:01::SCWMssOS::make -C microblaze_0/libsrc/uartlite_v3_3/src -s libs  "SHELL=CMD" "COMPILER=mb-gcc" "ASSEMBLER=mb-as" "ARCHIVER=mb-ar" "COMPIL
TRACE::2024-10-24.09:29:01::SCWMssOS::ER_FLAGS=  -O2 -c -mcpu=v11.0 -mlittle-endian -mno-xl-reorder -mno-xl-soft-mul -mxl-barrel-shift -mxl-pattern-compare" "EXTRA_C
TRACE::2024-10-24.09:29:01::SCWMssOS::OMPILER_FLAGS=-g -ffunction-sections -fdata-sections -Wall -Wextra"

TRACE::2024-10-24.09:29:02::SCWMssOS::"Compiling uartlite"

TRACE::2024-10-24.09:29:02::SCWMssOS::'Finished building libraries'

TRACE::2024-10-24.09:29:03::SCWMssOS::Copying to export directory.
TRACE::2024-10-24.09:29:03::SCWMssOS:: Checking if to create the Supporting Applications
TRACE::2024-10-24.09:29:03::SCWMssOS:: No Linux domain exists, trying to generate FSBL 
LOG::2024-10-24.09:29:03::SCWSystem::Completed Processing the domain standalone_domain
LOG::2024-10-24.09:29:03::SCWSystem::Completed Processing the sysconfig Mblaze_fnd_cntr_hw
LOG::2024-10-24.09:29:03::SCWPlatform::Completed generating the artifacts for system configuration Mblaze_fnd_cntr_hw
TRACE::2024-10-24.09:29:03::SCWPlatform::Started preparing the platform 
TRACE::2024-10-24.09:29:03::SCWSystem::Writing the bif file for system config Mblaze_fnd_cntr_hw
TRACE::2024-10-24.09:29:03::SCWSystem::dir created 
TRACE::2024-10-24.09:29:03::SCWSystem::Writing the bif 
TRACE::2024-10-24.09:29:03::SCWPlatform::Started writing the spfm file 
TRACE::2024-10-24.09:29:03::SCWPlatform::Started writing the xpfm file 
TRACE::2024-10-24.09:29:03::SCWPlatform::Completed generating the platform
TRACE::2024-10-24.09:29:03::SCWPlatform::Trying to open the hw design at C:/Users/SUJIN/Desktop/sg_workspace/SoC_soc_24/vitis_SoC_24/Mblaze_fnd_cntr_hw/hw/Mblaze_fnd_cntr_wrapper.xsa
TRACE::2024-10-24.09:29:03::SCWPlatform::DSA given C:/Users/SUJIN/Desktop/sg_workspace/SoC_soc_24/vitis_SoC_24/Mblaze_fnd_cntr_hw/hw/Mblaze_fnd_cntr_wrapper.xsa
TRACE::2024-10-24.09:29:03::SCWPlatform::DSA absoulate path C:/Users/SUJIN/Desktop/sg_workspace/SoC_soc_24/vitis_SoC_24/Mblaze_fnd_cntr_hw/hw/Mblaze_fnd_cntr_wrapper.xsa
TRACE::2024-10-24.09:29:03::SCWPlatform::DSA directory C:/Users/SUJIN/Desktop/sg_workspace/SoC_soc_24/vitis_SoC_24/Mblaze_fnd_cntr_hw/hw
TRACE::2024-10-24.09:29:03::SCWPlatform:: Platform Path C:/Users/SUJIN/Desktop/sg_workspace/SoC_soc_24/vitis_SoC_24/Mblaze_fnd_cntr_hw/hw/Mblaze_fnd_cntr_wrapper.xsa
TRACE::2024-10-24.09:29:03::SCWPlatform:: Unique name xilinx:basys3::0.0
TRACE::2024-10-24.09:29:03::SCWPlatform::Trying to set the existing hwdb with name Mblaze_fnd_cntr_wrapper_2
TRACE::2024-10-24.09:29:03::SCWPlatform::Opened existing hwdb Mblaze_fnd_cntr_wrapper_2
TRACE::2024-10-24.09:29:03::SCWPlatform::Found the Hw Db part of the input DSA
TRACE::2024-10-24.09:29:03::SCWMssOS::Checking the sw design at  C:/Users/SUJIN/Desktop/sg_workspace/SoC_soc_24/vitis_SoC_24/Mblaze_fnd_cntr_hw/microblaze_0/standalone_domain/bsp/system.mss
TRACE::2024-10-24.09:29:03::SCWMssOS::DEBUG:  swdes dump  C:/Users/SUJIN/Desktop/sg_workspace/SoC_soc_24/vitis_SoC_24/Mblaze_fnd_cntr_hw/microblaze_0/standalone_domain/bsp/system.mss|system||

TRACE::2024-10-24.09:29:03::SCWMssOS::Sw design exists and opened at  C:/Users/SUJIN/Desktop/sg_workspace/SoC_soc_24/vitis_SoC_24/Mblaze_fnd_cntr_hw/microblaze_0/standalone_domain/bsp/system.mss
TRACE::2024-10-24.09:29:03::SCWWriter::formatted JSON is {
	"platformName":	"Mblaze_fnd_cntr_hw",
	"sprVersion":	"2.0",
	"mode":	"gui",
	"dsaType":	"Fixed",
	"platformDesc":	"Mblaze_fnd_cntr_hw",
	"platHandOff":	"C:/Users/SUJIN/Desktop/sg_workspace/SoC_soc_24/Mblaze_fnd_cntr_wrapper.xsa",
	"platIntHandOff":	"<platformDir>/hw/Mblaze_fnd_cntr_wrapper.xsa",
	"deviceType":	"FPGA",
	"platIsPrebuiltAutogen":	"false",
	"platIsNoBootBsp":	"false",
	"hasFsblMakeHasChanges":	"false",
	"hasPmufwMakeHasChanges":	"false",
	"platPreBuiltFlag":	false,
	"platformSamplesDir":	"",
	"platActiveSys":	"Mblaze_fnd_cntr_hw",
	"systems":	[{
			"systemName":	"Mblaze_fnd_cntr_hw",
			"systemDesc":	"Mblaze_fnd_cntr_hw",
			"sysIsBootAutoGen":	"true",
			"systemDispName":	"Mblaze_fnd_cntr_hw",
			"sysActiveDom":	"standalone_domain",
			"sysDefaultDom":	"standalone_domain",
			"domains":	[{
					"domainName":	"standalone_domain",
					"domainDispName":	"standalone on microblaze_0",
					"domainDesc":	"standalone_domain",
					"processors":	"microblaze_0",
					"os":	"standalone",
					"sdxOs":	"standalone",
					"debugEnable":	"False",
					"domRuntimes":	["cpp"],
					"swRepo":	"",
					"mssOsVer":	"7.1",
					"mssFile":	"",
					"md5Digest":	"3058066e4ca0fc25659ba337ec202bf1",
					"compatibleApp":	"",
					"domType":	"mssDomain",
					"appSettings":	{
						"appCompilerFlags":	"",
						"appLinkerFlags":	""
					},
					"addedLibs":	[],
					"libOptions":	{
						"libsContainingOptions":	[]
					},
					"prebuiltLibs":	{
						"prebuiltIncPath":	[],
						"prebuiltLibPath":	[]
					},
					"isolation":	{
					}
				}]
		}]
}
KEYINFO::2024-10-24.09:29:03::SCWPlatform::updated the xpfm file.
TRACE::2024-10-24.09:29:03::SCWPlatform::Trying to open the hw design at C:/Users/SUJIN/Desktop/sg_workspace/SoC_soc_24/vitis_SoC_24/Mblaze_fnd_cntr_hw/hw/Mblaze_fnd_cntr_wrapper.xsa
TRACE::2024-10-24.09:29:03::SCWPlatform::DSA given C:/Users/SUJIN/Desktop/sg_workspace/SoC_soc_24/vitis_SoC_24/Mblaze_fnd_cntr_hw/hw/Mblaze_fnd_cntr_wrapper.xsa
TRACE::2024-10-24.09:29:03::SCWPlatform::DSA absoulate path C:/Users/SUJIN/Desktop/sg_workspace/SoC_soc_24/vitis_SoC_24/Mblaze_fnd_cntr_hw/hw/Mblaze_fnd_cntr_wrapper.xsa
TRACE::2024-10-24.09:29:03::SCWPlatform::DSA directory C:/Users/SUJIN/Desktop/sg_workspace/SoC_soc_24/vitis_SoC_24/Mblaze_fnd_cntr_hw/hw
TRACE::2024-10-24.09:29:03::SCWPlatform:: Platform Path C:/Users/SUJIN/Desktop/sg_workspace/SoC_soc_24/vitis_SoC_24/Mblaze_fnd_cntr_hw/hw/Mblaze_fnd_cntr_wrapper.xsa
TRACE::2024-10-24.09:29:03::SCWPlatform:: Unique name xilinx:basys3::0.0
TRACE::2024-10-24.09:29:03::SCWPlatform::Trying to set the existing hwdb with name Mblaze_fnd_cntr_wrapper_2
TRACE::2024-10-24.09:29:03::SCWPlatform::Opened existing hwdb Mblaze_fnd_cntr_wrapper_2
TRACE::2024-10-24.09:29:03::SCWPlatform::Found the Hw Db part of the input DSA
TRACE::2024-10-24.09:29:03::SCWMssOS::Checking the sw design at  C:/Users/SUJIN/Desktop/sg_workspace/SoC_soc_24/vitis_SoC_24/Mblaze_fnd_cntr_hw/microblaze_0/standalone_domain/bsp/system.mss
TRACE::2024-10-24.09:29:03::SCWMssOS::DEBUG:  swdes dump  C:/Users/SUJIN/Desktop/sg_workspace/SoC_soc_24/vitis_SoC_24/Mblaze_fnd_cntr_hw/microblaze_0/standalone_domain/bsp/system.mss|system||

TRACE::2024-10-24.09:29:03::SCWMssOS::Sw design exists and opened at  C:/Users/SUJIN/Desktop/sg_workspace/SoC_soc_24/vitis_SoC_24/Mblaze_fnd_cntr_hw/microblaze_0/standalone_domain/bsp/system.mss
