#-----------------------------------------------------------
# Vivado v2019.2 (64-bit)
# SW Build 2708876 on Wed Nov  6 21:40:23 MST 2019
# IP Build 2700528 on Thu Nov  7 00:09:20 MST 2019
# Start of session at: Wed Sep 11 20:14:49 2024
# Process ID: 12796
# Current directory: C:/Users/PC/Desktop/SG_workspace/SoC_soc_24
# Command line: vivado.exe -gui_launcher_event rodinguilauncherevent13828 C:\Users\PC\Desktop\SG_workspace\SoC_soc_24\SoC_soc_24.xpr
# Log file: C:/Users/PC/Desktop/SG_workspace/SoC_soc_24/vivado.log
# Journal file: C:/Users/PC/Desktop/SG_workspace/SoC_soc_24\vivado.jou
#-----------------------------------------------------------
start_gui
open_project C:/Users/PC/Desktop/SG_workspace/SoC_soc_24/SoC_soc_24.xpr
Scanning sources...
Finished scanning sources
INFO: [IP_Flow 19-234] Refreshing IP repositories
INFO: [IP_Flow 19-1704] No user IP repositories specified
INFO: [IP_Flow 19-2313] Loaded Vivado IP repository 'C:/Xilinx/Vivado/2019.2/data/ip'.
open_project: Time (s): cpu = 00:00:34 ; elapsed = 00:00:35 . Memory (MB): peak = 1201.871 ; gain = 481.449
update_compile_order -fileset sources_1
INFO: [Vivado 12-8231] Launching Vitis
INFO: [Vivado 12-417] Running vitis
INFO: [Vivado 12-8232] Vitis launch initiated. Please check console for any further messages.
INFO: [Vivado 12-8231] Launching Vitis
INFO: [Vivado 12-417] Running vitis
INFO: [Vivado 12-8232] Vitis launch initiated. Please check console for any further messages.
exit
INFO: [Common 17-206] Exiting Vivado at Wed Sep 11 20:31:42 2024...
