TRACE::2024-10-24.10:03:25::SCWPlatform::Trying to open the hw design at C:/Users/SUJIN/Desktop/sg_workspace/SoC_soc_24/vitis_SoC_24/Mblaze_fnd_cntr_v2/hw/Mblaze_fnd_cntr_wrapper.xsa
TRACE::2024-10-24.10:03:25::SCWPlatform::DSA given C:/Users/SUJIN/Desktop/sg_workspace/SoC_soc_24/vitis_SoC_24/Mblaze_fnd_cntr_v2/hw/Mblaze_fnd_cntr_wrapper.xsa
TRACE::2024-10-24.10:03:25::SCWPlatform::DSA absoulate path C:/Users/SUJIN/Desktop/sg_workspace/SoC_soc_24/vitis_SoC_24/Mblaze_fnd_cntr_v2/hw/Mblaze_fnd_cntr_wrapper.xsa
TRACE::2024-10-24.10:03:25::SCWPlatform::DSA directory C:/Users/SUJIN/Desktop/sg_workspace/SoC_soc_24/vitis_SoC_24/Mblaze_fnd_cntr_v2/hw
TRACE::2024-10-24.10:03:25::SCWPlatform:: Platform Path C:/Users/SUJIN/Desktop/sg_workspace/SoC_soc_24/vitis_SoC_24/Mblaze_fnd_cntr_v2/hw/Mblaze_fnd_cntr_wrapper.xsa
TRACE::2024-10-24.10:03:25::SCWPlatform:: Unique name xilinx:basys3::0.0
TRACE::2024-10-24.10:03:25::SCWPlatform::Do not have an existing db opened. 
TRACE::2024-10-24.10:03:26::SCWPlatform::Opened new HwDB with name Mblaze_fnd_cntr_wrapper_6
TRACE::2024-10-24.10:03:26::SCWWriter::formatted JSON is {
	"platformName":	"Mblaze_fnd_cntr_v2",
	"sprVersion":	"2.0",
	"mode":	"gui",
	"dsaType":	"Fixed",
	"platformDesc":	"Mblaze_fnd_cntr_v2",
	"platHandOff":	"C:/Users/SUJIN/Desktop/sg_workspace/SoC_soc_24/Mblaze_fnd_cntr_wrapper.xsa",
	"platIntHandOff":	"<platformDir>/hw/Mblaze_fnd_cntr_wrapper.xsa",
	"deviceType":	"FPGA",
	"platIsPrebuiltAutogen":	"false",
	"platIsNoBootBsp":	"false",
	"hasFsblMakeHasChanges":	"false",
	"hasPmufwMakeHasChanges":	"false",
	"platPreBuiltFlag":	false,
	"platformSamplesDir":	""
}
TRACE::2024-10-24.10:03:26::SCWWriter::formatted JSON is {
	"platformName":	"Mblaze_fnd_cntr_v2",
	"sprVersion":	"2.0",
	"mode":	"gui",
	"dsaType":	"Fixed",
	"platformDesc":	"Mblaze_fnd_cntr_v2",
	"platHandOff":	"C:/Users/SUJIN/Desktop/sg_workspace/SoC_soc_24/Mblaze_fnd_cntr_wrapper.xsa",
	"platIntHandOff":	"<platformDir>/hw/Mblaze_fnd_cntr_wrapper.xsa",
	"deviceType":	"FPGA",
	"platIsPrebuiltAutogen":	"false",
	"platIsNoBootBsp":	"false",
	"hasFsblMakeHasChanges":	"false",
	"hasPmufwMakeHasChanges":	"false",
	"platPreBuiltFlag":	false,
	"platformSamplesDir":	"",
	"platActiveSys":	"Mblaze_fnd_cntr_v2",
	"systems":	[{
			"systemName":	"Mblaze_fnd_cntr_v2",
			"systemDesc":	"Mblaze_fnd_cntr_v2",
			"sysIsBootAutoGen":	"true",
			"systemDispName":	"Mblaze_fnd_cntr_v2"
		}]
}
TRACE::2024-10-24.10:03:26::SCWPlatform::Boot application domains not present, creating them
TRACE::2024-10-24.10:03:26::SCWPlatform::Pure FPGA device, no boot application will be created.
TRACE::2024-10-24.10:03:26::SCWWriter::formatted JSON is {
	"platformName":	"Mblaze_fnd_cntr_v2",
	"sprVersion":	"2.0",
	"mode":	"gui",
	"dsaType":	"Fixed",
	"platformDesc":	"Mblaze_fnd_cntr_v2",
	"platHandOff":	"C:/Users/SUJIN/Desktop/sg_workspace/SoC_soc_24/Mblaze_fnd_cntr_wrapper.xsa",
	"platIntHandOff":	"<platformDir>/hw/Mblaze_fnd_cntr_wrapper.xsa",
	"deviceType":	"FPGA",
	"platIsPrebuiltAutogen":	"false",
	"platIsNoBootBsp":	"false",
	"hasFsblMakeHasChanges":	"false",
	"hasPmufwMakeHasChanges":	"false",
	"platPreBuiltFlag":	false,
	"platformSamplesDir":	"",
	"platActiveSys":	"Mblaze_fnd_cntr_v2",
	"systems":	[{
			"systemName":	"Mblaze_fnd_cntr_v2",
			"systemDesc":	"Mblaze_fnd_cntr_v2",
			"sysIsBootAutoGen":	"true",
			"systemDispName":	"Mblaze_fnd_cntr_v2"
		}]
}
TRACE::2024-10-24.10:03:26::SCWPlatform::Trying to open the hw design at C:/Users/SUJIN/Desktop/sg_workspace/SoC_soc_24/vitis_SoC_24/Mblaze_fnd_cntr_v2/hw/Mblaze_fnd_cntr_wrapper.xsa
TRACE::2024-10-24.10:03:26::SCWPlatform::DSA given C:/Users/SUJIN/Desktop/sg_workspace/SoC_soc_24/vitis_SoC_24/Mblaze_fnd_cntr_v2/hw/Mblaze_fnd_cntr_wrapper.xsa
TRACE::2024-10-24.10:03:26::SCWPlatform::DSA absoulate path C:/Users/SUJIN/Desktop/sg_workspace/SoC_soc_24/vitis_SoC_24/Mblaze_fnd_cntr_v2/hw/Mblaze_fnd_cntr_wrapper.xsa
TRACE::2024-10-24.10:03:26::SCWPlatform::DSA directory C:/Users/SUJIN/Desktop/sg_workspace/SoC_soc_24/vitis_SoC_24/Mblaze_fnd_cntr_v2/hw
TRACE::2024-10-24.10:03:26::SCWPlatform:: Platform Path C:/Users/SUJIN/Desktop/sg_workspace/SoC_soc_24/vitis_SoC_24/Mblaze_fnd_cntr_v2/hw/Mblaze_fnd_cntr_wrapper.xsa
TRACE::2024-10-24.10:03:26::SCWPlatform:: Unique name xilinx:basys3::0.0
TRACE::2024-10-24.10:03:26::SCWPlatform::Trying to set the existing hwdb with name Mblaze_fnd_cntr_wrapper_6
TRACE::2024-10-24.10:03:26::SCWPlatform::Opened existing hwdb Mblaze_fnd_cntr_wrapper_6
TRACE::2024-10-24.10:03:26::SCWPlatform::Found the Hw Db part of the input DSA
TRACE::2024-10-24.10:03:26::SCWDomain::checking for install qemu data   : 
TRACE::2024-10-24.10:03:26::SCWPlatform::Trying to open the hw design at C:/Users/SUJIN/Desktop/sg_workspace/SoC_soc_24/vitis_SoC_24/Mblaze_fnd_cntr_v2/hw/Mblaze_fnd_cntr_wrapper.xsa
TRACE::2024-10-24.10:03:26::SCWPlatform::DSA given C:/Users/SUJIN/Desktop/sg_workspace/SoC_soc_24/vitis_SoC_24/Mblaze_fnd_cntr_v2/hw/Mblaze_fnd_cntr_wrapper.xsa
TRACE::2024-10-24.10:03:26::SCWPlatform::DSA absoulate path C:/Users/SUJIN/Desktop/sg_workspace/SoC_soc_24/vitis_SoC_24/Mblaze_fnd_cntr_v2/hw/Mblaze_fnd_cntr_wrapper.xsa
TRACE::2024-10-24.10:03:26::SCWPlatform::DSA directory C:/Users/SUJIN/Desktop/sg_workspace/SoC_soc_24/vitis_SoC_24/Mblaze_fnd_cntr_v2/hw
TRACE::2024-10-24.10:03:26::SCWPlatform:: Platform Path C:/Users/SUJIN/Desktop/sg_workspace/SoC_soc_24/vitis_SoC_24/Mblaze_fnd_cntr_v2/hw/Mblaze_fnd_cntr_wrapper.xsa
TRACE::2024-10-24.10:03:26::SCWPlatform:: Unique name xilinx:basys3::0.0
TRACE::2024-10-24.10:03:26::SCWPlatform::Trying to set the existing hwdb with name Mblaze_fnd_cntr_wrapper_6
TRACE::2024-10-24.10:03:26::SCWPlatform::Opened existing hwdb Mblaze_fnd_cntr_wrapper_6
TRACE::2024-10-24.10:03:26::SCWPlatform::Found the Hw Db part of the input DSA
TRACE::2024-10-24.10:03:26::SCWPlatform::Trying to open the hw design at C:/Users/SUJIN/Desktop/sg_workspace/SoC_soc_24/vitis_SoC_24/Mblaze_fnd_cntr_v2/hw/Mblaze_fnd_cntr_wrapper.xsa
TRACE::2024-10-24.10:03:26::SCWPlatform::DSA given C:/Users/SUJIN/Desktop/sg_workspace/SoC_soc_24/vitis_SoC_24/Mblaze_fnd_cntr_v2/hw/Mblaze_fnd_cntr_wrapper.xsa
TRACE::2024-10-24.10:03:26::SCWPlatform::DSA absoulate path C:/Users/SUJIN/Desktop/sg_workspace/SoC_soc_24/vitis_SoC_24/Mblaze_fnd_cntr_v2/hw/Mblaze_fnd_cntr_wrapper.xsa
TRACE::2024-10-24.10:03:26::SCWPlatform::DSA directory C:/Users/SUJIN/Desktop/sg_workspace/SoC_soc_24/vitis_SoC_24/Mblaze_fnd_cntr_v2/hw
TRACE::2024-10-24.10:03:26::SCWPlatform:: Platform Path C:/Users/SUJIN/Desktop/sg_workspace/SoC_soc_24/vitis_SoC_24/Mblaze_fnd_cntr_v2/hw/Mblaze_fnd_cntr_wrapper.xsa
TRACE::2024-10-24.10:03:26::SCWPlatform:: Unique name xilinx:basys3::0.0
TRACE::2024-10-24.10:03:26::SCWPlatform::Trying to set the existing hwdb with name Mblaze_fnd_cntr_wrapper_6
TRACE::2024-10-24.10:03:26::SCWPlatform::Opened existing hwdb Mblaze_fnd_cntr_wrapper_6
TRACE::2024-10-24.10:03:26::SCWPlatform::Found the Hw Db part of the input DSA
TRACE::2024-10-24.10:03:26::SCWMssOS::Checking the sw design at  C:/Users/SUJIN/Desktop/sg_workspace/SoC_soc_24/vitis_SoC_24/Mblaze_fnd_cntr_v2/microblaze_0/standalone_domain/bsp/system.mss
TRACE::2024-10-24.10:03:26::SCWMssOS::DEBUG:  swdes dump  C:/Users/SUJIN/Desktop/sg_workspace/SoC_soc_24/vitis_SoC_24/Mblaze_fnd_cntr_hw/microblaze_0/standalone_domain/bsp/system.mss|system||

TRACE::2024-10-24.10:03:26::SCWMssOS::No sw design opened at  C:/Users/SUJIN/Desktop/sg_workspace/SoC_soc_24/vitis_SoC_24/Mblaze_fnd_cntr_v2/microblaze_0/standalone_domain/bsp/system.mss
TRACE::2024-10-24.10:03:26::SCWMssOS::mss does not exists at C:/Users/SUJIN/Desktop/sg_workspace/SoC_soc_24/vitis_SoC_24/Mblaze_fnd_cntr_v2/microblaze_0/standalone_domain/bsp/system.mss
TRACE::2024-10-24.10:03:26::SCWMssOS::Creating sw design at  C:/Users/SUJIN/Desktop/sg_workspace/SoC_soc_24/vitis_SoC_24/Mblaze_fnd_cntr_v2/microblaze_0/standalone_domain/bsp/system.mss
TRACE::2024-10-24.10:03:26::SCWMssOS::Adding the swdes entry, created swdb C:/Users/SUJIN/Desktop/sg_workspace/SoC_soc_24/vitis_SoC_24/Mblaze_fnd_cntr_v2/microblaze_0/standalone_domain/bsp/system.mss with des name C:/Users/SUJIN/Desktop/sg_workspace/SoC_soc_24/vitis_SoC_24/Mblaze_fnd_cntr_v2/microblaze_0/standalone_domain/bsp/system.mss
TRACE::2024-10-24.10:03:26::SCWMssOS::updating the scw layer changes to swdes at   C:/Users/SUJIN/Desktop/sg_workspace/SoC_soc_24/vitis_SoC_24/Mblaze_fnd_cntr_v2/microblaze_0/standalone_domain/bsp/system.mss
TRACE::2024-10-24.10:03:26::SCWMssOS::Writing mss at C:/Users/SUJIN/Desktop/sg_workspace/SoC_soc_24/vitis_SoC_24/Mblaze_fnd_cntr_v2/microblaze_0/standalone_domain/bsp/system.mss
TRACE::2024-10-24.10:03:26::SCWMssOS::Completed writing the mss file at C:/Users/SUJIN/Desktop/sg_workspace/SoC_soc_24/vitis_SoC_24/Mblaze_fnd_cntr_v2/microblaze_0/standalone_domain/bsp
TRACE::2024-10-24.10:03:26::SCWMssOS::Picking up changes from newly written mss file into SCW Layer. 
TRACE::2024-10-24.10:03:26::SCWMssOS::Updated the changes from newly written mss file into SCW Layer. 
TRACE::2024-10-24.10:03:26::SCWPlatform::Trying to open the hw design at C:/Users/SUJIN/Desktop/sg_workspace/SoC_soc_24/vitis_SoC_24/Mblaze_fnd_cntr_v2/hw/Mblaze_fnd_cntr_wrapper.xsa
TRACE::2024-10-24.10:03:26::SCWPlatform::DSA given C:/Users/SUJIN/Desktop/sg_workspace/SoC_soc_24/vitis_SoC_24/Mblaze_fnd_cntr_v2/hw/Mblaze_fnd_cntr_wrapper.xsa
TRACE::2024-10-24.10:03:26::SCWPlatform::DSA absoulate path C:/Users/SUJIN/Desktop/sg_workspace/SoC_soc_24/vitis_SoC_24/Mblaze_fnd_cntr_v2/hw/Mblaze_fnd_cntr_wrapper.xsa
TRACE::2024-10-24.10:03:26::SCWPlatform::DSA directory C:/Users/SUJIN/Desktop/sg_workspace/SoC_soc_24/vitis_SoC_24/Mblaze_fnd_cntr_v2/hw
TRACE::2024-10-24.10:03:26::SCWPlatform:: Platform Path C:/Users/SUJIN/Desktop/sg_workspace/SoC_soc_24/vitis_SoC_24/Mblaze_fnd_cntr_v2/hw/Mblaze_fnd_cntr_wrapper.xsa
TRACE::2024-10-24.10:03:26::SCWPlatform:: Unique name xilinx:basys3::0.0
TRACE::2024-10-24.10:03:26::SCWPlatform::Trying to set the existing hwdb with name Mblaze_fnd_cntr_wrapper_6
TRACE::2024-10-24.10:03:26::SCWPlatform::Opened existing hwdb Mblaze_fnd_cntr_wrapper_6
TRACE::2024-10-24.10:03:26::SCWPlatform::Found the Hw Db part of the input DSA
TRACE::2024-10-24.10:03:26::SCWMssOS::Checking the sw design at  C:/Users/SUJIN/Desktop/sg_workspace/SoC_soc_24/vitis_SoC_24/Mblaze_fnd_cntr_v2/microblaze_0/standalone_domain/bsp/system.mss
TRACE::2024-10-24.10:03:26::SCWMssOS::DEBUG:  swdes dump  C:/Users/SUJIN/Desktop/sg_workspace/SoC_soc_24/vitis_SoC_24/Mblaze_fnd_cntr_hw/microblaze_0/standalone_domain/bsp/system.mss|system||
C:/Users/SUJIN/Desktop/sg_workspace/SoC_soc_24/vitis_SoC_24/Mblaze_fnd_cntr_v2/microblaze_0/standalone_domain/bsp/system.mss|C:/Users/SUJIN/Desktop/sg_workspace/SoC_soc_24/vitis_SoC_24/Mblaze_fnd_cntr_v2/microblaze_0/standalone_domain/bsp/system.mss||

TRACE::2024-10-24.10:03:26::SCWMssOS::Sw design exists and opened at  C:/Users/SUJIN/Desktop/sg_workspace/SoC_soc_24/vitis_SoC_24/Mblaze_fnd_cntr_v2/microblaze_0/standalone_domain/bsp/system.mss
TRACE::2024-10-24.10:03:26::SCWPlatform::Trying to open the hw design at C:/Users/SUJIN/Desktop/sg_workspace/SoC_soc_24/vitis_SoC_24/Mblaze_fnd_cntr_v2/hw/Mblaze_fnd_cntr_wrapper.xsa
TRACE::2024-10-24.10:03:26::SCWPlatform::DSA given C:/Users/SUJIN/Desktop/sg_workspace/SoC_soc_24/vitis_SoC_24/Mblaze_fnd_cntr_v2/hw/Mblaze_fnd_cntr_wrapper.xsa
TRACE::2024-10-24.10:03:26::SCWPlatform::DSA absoulate path C:/Users/SUJIN/Desktop/sg_workspace/SoC_soc_24/vitis_SoC_24/Mblaze_fnd_cntr_v2/hw/Mblaze_fnd_cntr_wrapper.xsa
TRACE::2024-10-24.10:03:26::SCWPlatform::DSA directory C:/Users/SUJIN/Desktop/sg_workspace/SoC_soc_24/vitis_SoC_24/Mblaze_fnd_cntr_v2/hw
TRACE::2024-10-24.10:03:26::SCWPlatform:: Platform Path C:/Users/SUJIN/Desktop/sg_workspace/SoC_soc_24/vitis_SoC_24/Mblaze_fnd_cntr_v2/hw/Mblaze_fnd_cntr_wrapper.xsa
TRACE::2024-10-24.10:03:26::SCWPlatform:: Unique name xilinx:basys3::0.0
TRACE::2024-10-24.10:03:26::SCWPlatform::Trying to set the existing hwdb with name Mblaze_fnd_cntr_wrapper_6
TRACE::2024-10-24.10:03:26::SCWPlatform::Opened existing hwdb Mblaze_fnd_cntr_wrapper_6
TRACE::2024-10-24.10:03:26::SCWPlatform::Found the Hw Db part of the input DSA
TRACE::2024-10-24.10:03:26::SCWMssOS::Checking the sw design at  C:/Users/SUJIN/Desktop/sg_workspace/SoC_soc_24/vitis_SoC_24/Mblaze_fnd_cntr_v2/microblaze_0/standalone_domain/bsp/system.mss
TRACE::2024-10-24.10:03:26::SCWMssOS::DEBUG:  swdes dump  C:/Users/SUJIN/Desktop/sg_workspace/SoC_soc_24/vitis_SoC_24/Mblaze_fnd_cntr_hw/microblaze_0/standalone_domain/bsp/system.mss|system||
C:/Users/SUJIN/Desktop/sg_workspace/SoC_soc_24/vitis_SoC_24/Mblaze_fnd_cntr_v2/microblaze_0/standalone_domain/bsp/system.mss|C:/Users/SUJIN/Desktop/sg_workspace/SoC_soc_24/vitis_SoC_24/Mblaze_fnd_cntr_v2/microblaze_0/standalone_domain/bsp/system.mss||

TRACE::2024-10-24.10:03:26::SCWMssOS::Sw design exists and opened at  C:/Users/SUJIN/Desktop/sg_workspace/SoC_soc_24/vitis_SoC_24/Mblaze_fnd_cntr_v2/microblaze_0/standalone_domain/bsp/system.mss
TRACE::2024-10-24.10:03:26::SCWPlatform::Trying to open the hw design at C:/Users/SUJIN/Desktop/sg_workspace/SoC_soc_24/vitis_SoC_24/Mblaze_fnd_cntr_v2/hw/Mblaze_fnd_cntr_wrapper.xsa
TRACE::2024-10-24.10:03:26::SCWPlatform::DSA given C:/Users/SUJIN/Desktop/sg_workspace/SoC_soc_24/vitis_SoC_24/Mblaze_fnd_cntr_v2/hw/Mblaze_fnd_cntr_wrapper.xsa
TRACE::2024-10-24.10:03:26::SCWPlatform::DSA absoulate path C:/Users/SUJIN/Desktop/sg_workspace/SoC_soc_24/vitis_SoC_24/Mblaze_fnd_cntr_v2/hw/Mblaze_fnd_cntr_wrapper.xsa
TRACE::2024-10-24.10:03:26::SCWPlatform::DSA directory C:/Users/SUJIN/Desktop/sg_workspace/SoC_soc_24/vitis_SoC_24/Mblaze_fnd_cntr_v2/hw
TRACE::2024-10-24.10:03:26::SCWPlatform:: Platform Path C:/Users/SUJIN/Desktop/sg_workspace/SoC_soc_24/vitis_SoC_24/Mblaze_fnd_cntr_v2/hw/Mblaze_fnd_cntr_wrapper.xsa
TRACE::2024-10-24.10:03:26::SCWPlatform:: Unique name xilinx:basys3::0.0
TRACE::2024-10-24.10:03:26::SCWPlatform::Trying to set the existing hwdb with name Mblaze_fnd_cntr_wrapper_6
TRACE::2024-10-24.10:03:26::SCWPlatform::Opened existing hwdb Mblaze_fnd_cntr_wrapper_6
TRACE::2024-10-24.10:03:26::SCWPlatform::Found the Hw Db part of the input DSA
TRACE::2024-10-24.10:03:26::SCWMssOS::Checking the sw design at  C:/Users/SUJIN/Desktop/sg_workspace/SoC_soc_24/vitis_SoC_24/Mblaze_fnd_cntr_v2/microblaze_0/standalone_domain/bsp/system.mss
TRACE::2024-10-24.10:03:26::SCWMssOS::DEBUG:  swdes dump  C:/Users/SUJIN/Desktop/sg_workspace/SoC_soc_24/vitis_SoC_24/Mblaze_fnd_cntr_hw/microblaze_0/standalone_domain/bsp/system.mss|system||
C:/Users/SUJIN/Desktop/sg_workspace/SoC_soc_24/vitis_SoC_24/Mblaze_fnd_cntr_v2/microblaze_0/standalone_domain/bsp/system.mss|C:/Users/SUJIN/Desktop/sg_workspace/SoC_soc_24/vitis_SoC_24/Mblaze_fnd_cntr_v2/microblaze_0/standalone_domain/bsp/system.mss||

TRACE::2024-10-24.10:03:26::SCWMssOS::Sw design exists and opened at  C:/Users/SUJIN/Desktop/sg_workspace/SoC_soc_24/vitis_SoC_24/Mblaze_fnd_cntr_v2/microblaze_0/standalone_domain/bsp/system.mss
TRACE::2024-10-24.10:03:26::SCWWriter::formatted JSON is {
	"platformName":	"Mblaze_fnd_cntr_v2",
	"sprVersion":	"2.0",
	"mode":	"gui",
	"dsaType":	"Fixed",
	"platformDesc":	"Mblaze_fnd_cntr_v2",
	"platHandOff":	"C:/Users/SUJIN/Desktop/sg_workspace/SoC_soc_24/Mblaze_fnd_cntr_wrapper.xsa",
	"platIntHandOff":	"<platformDir>/hw/Mblaze_fnd_cntr_wrapper.xsa",
	"deviceType":	"FPGA",
	"platIsPrebuiltAutogen":	"false",
	"platIsNoBootBsp":	"false",
	"hasFsblMakeHasChanges":	"false",
	"hasPmufwMakeHasChanges":	"false",
	"platPreBuiltFlag":	false,
	"platformSamplesDir":	"",
	"platActiveSys":	"Mblaze_fnd_cntr_v2",
	"systems":	[{
			"systemName":	"Mblaze_fnd_cntr_v2",
			"systemDesc":	"Mblaze_fnd_cntr_v2",
			"sysIsBootAutoGen":	"true",
			"systemDispName":	"Mblaze_fnd_cntr_v2",
			"sysActiveDom":	"standalone_domain",
			"sysDefaultDom":	"standalone_domain",
			"domains":	[{
					"domainName":	"standalone_domain",
					"domainDispName":	"standalone_domain",
					"domainDesc":	"standalone_domain",
					"processors":	"microblaze_0",
					"os":	"standalone",
					"sdxOs":	"standalone",
					"debugEnable":	"False",
					"domRuntimes":	["cpp"],
					"swRepo":	"",
					"mssOsVer":	"7.1",
					"mssFile":	"",
					"md5Digest":	"",
					"compatibleApp":	"",
					"domType":	"mssDomain",
					"appSettings":	{
						"appCompilerFlags":	"",
						"appLinkerFlags":	""
					},
					"addedLibs":	[],
					"libOptions":	{
						"libsContainingOptions":	[]
					},
					"prebuiltLibs":	{
						"prebuiltIncPath":	[],
						"prebuiltLibPath":	[]
					},
					"isolation":	{
					}
				}]
		}]
}
TRACE::2024-10-24.10:03:26::SCWPlatform::Trying to open the hw design at C:/Users/SUJIN/Desktop/sg_workspace/SoC_soc_24/vitis_SoC_24/Mblaze_fnd_cntr_v2/hw/Mblaze_fnd_cntr_wrapper.xsa
TRACE::2024-10-24.10:03:26::SCWPlatform::DSA given C:/Users/SUJIN/Desktop/sg_workspace/SoC_soc_24/vitis_SoC_24/Mblaze_fnd_cntr_v2/hw/Mblaze_fnd_cntr_wrapper.xsa
TRACE::2024-10-24.10:03:26::SCWPlatform::DSA absoulate path C:/Users/SUJIN/Desktop/sg_workspace/SoC_soc_24/vitis_SoC_24/Mblaze_fnd_cntr_v2/hw/Mblaze_fnd_cntr_wrapper.xsa
TRACE::2024-10-24.10:03:26::SCWPlatform::DSA directory C:/Users/SUJIN/Desktop/sg_workspace/SoC_soc_24/vitis_SoC_24/Mblaze_fnd_cntr_v2/hw
TRACE::2024-10-24.10:03:26::SCWPlatform:: Platform Path C:/Users/SUJIN/Desktop/sg_workspace/SoC_soc_24/vitis_SoC_24/Mblaze_fnd_cntr_v2/hw/Mblaze_fnd_cntr_wrapper.xsa
TRACE::2024-10-24.10:03:26::SCWPlatform:: Unique name xilinx:basys3::0.0
TRACE::2024-10-24.10:03:26::SCWPlatform::Trying to set the existing hwdb with name Mblaze_fnd_cntr_wrapper_6
TRACE::2024-10-24.10:03:26::SCWPlatform::Opened existing hwdb Mblaze_fnd_cntr_wrapper_6
TRACE::2024-10-24.10:03:26::SCWPlatform::Found the Hw Db part of the input DSA
TRACE::2024-10-24.10:03:26::SCWMssOS::Checking the sw design at  C:/Users/SUJIN/Desktop/sg_workspace/SoC_soc_24/vitis_SoC_24/Mblaze_fnd_cntr_v2/microblaze_0/standalone_domain/bsp/system.mss
TRACE::2024-10-24.10:03:26::SCWMssOS::DEBUG:  swdes dump  C:/Users/SUJIN/Desktop/sg_workspace/SoC_soc_24/vitis_SoC_24/Mblaze_fnd_cntr_hw/microblaze_0/standalone_domain/bsp/system.mss|system||
C:/Users/SUJIN/Desktop/sg_workspace/SoC_soc_24/vitis_SoC_24/Mblaze_fnd_cntr_v2/microblaze_0/standalone_domain/bsp/system.mss|C:/Users/SUJIN/Desktop/sg_workspace/SoC_soc_24/vitis_SoC_24/Mblaze_fnd_cntr_v2/microblaze_0/standalone_domain/bsp/system.mss||

TRACE::2024-10-24.10:03:26::SCWMssOS::Sw design exists and opened at  C:/Users/SUJIN/Desktop/sg_workspace/SoC_soc_24/vitis_SoC_24/Mblaze_fnd_cntr_v2/microblaze_0/standalone_domain/bsp/system.mss
TRACE::2024-10-24.10:03:26::SCWMssOS::Completed writing the mss file at C:/Users/SUJIN/Desktop/sg_workspace/SoC_soc_24/vitis_SoC_24/Mblaze_fnd_cntr_v2/microblaze_0/standalone_domain/bsp
TRACE::2024-10-24.10:03:26::SCWMssOS::Forcing BSP Sources regeneration.
LOG::2024-10-24.10:03:29::SCWPlatform::Started generating the artifacts platform Mblaze_fnd_cntr_v2
TRACE::2024-10-24.10:03:29::SCWPlatform::Sanity checking of platform is completed
LOG::2024-10-24.10:03:29::SCWPlatform::Started generating the artifacts for system configuration Mblaze_fnd_cntr_v2
LOG::2024-10-24.10:03:29::SCWSystem::Checking the domain standalone_domain
LOG::2024-10-24.10:03:29::SCWSystem::Not a boot domain 
LOG::2024-10-24.10:03:29::SCWSystem::Started Processing the domain standalone_domain
TRACE::2024-10-24.10:03:29::SCWDomain::Generating domain artifcats
TRACE::2024-10-24.10:03:29::SCWMssOS::Generating standalone artifcats
TRACE::2024-10-24.10:03:29::SCWMssOS:: Copying the user libraries. 
TRACE::2024-10-24.10:03:29::SCWPlatform::Trying to open the hw design at C:/Users/SUJIN/Desktop/sg_workspace/SoC_soc_24/vitis_SoC_24/Mblaze_fnd_cntr_v2/hw/Mblaze_fnd_cntr_wrapper.xsa
TRACE::2024-10-24.10:03:29::SCWPlatform::DSA given C:/Users/SUJIN/Desktop/sg_workspace/SoC_soc_24/vitis_SoC_24/Mblaze_fnd_cntr_v2/hw/Mblaze_fnd_cntr_wrapper.xsa
TRACE::2024-10-24.10:03:29::SCWPlatform::DSA absoulate path C:/Users/SUJIN/Desktop/sg_workspace/SoC_soc_24/vitis_SoC_24/Mblaze_fnd_cntr_v2/hw/Mblaze_fnd_cntr_wrapper.xsa
TRACE::2024-10-24.10:03:29::SCWPlatform::DSA directory C:/Users/SUJIN/Desktop/sg_workspace/SoC_soc_24/vitis_SoC_24/Mblaze_fnd_cntr_v2/hw
TRACE::2024-10-24.10:03:29::SCWPlatform:: Platform Path C:/Users/SUJIN/Desktop/sg_workspace/SoC_soc_24/vitis_SoC_24/Mblaze_fnd_cntr_v2/hw/Mblaze_fnd_cntr_wrapper.xsa
TRACE::2024-10-24.10:03:29::SCWPlatform:: Unique name xilinx:basys3::0.0
TRACE::2024-10-24.10:03:29::SCWPlatform::Trying to set the existing hwdb with name Mblaze_fnd_cntr_wrapper_6
TRACE::2024-10-24.10:03:29::SCWPlatform::Opened existing hwdb Mblaze_fnd_cntr_wrapper_6
TRACE::2024-10-24.10:03:29::SCWPlatform::Found the Hw Db part of the input DSA
TRACE::2024-10-24.10:03:29::SCWMssOS::Checking the sw design at  C:/Users/SUJIN/Desktop/sg_workspace/SoC_soc_24/vitis_SoC_24/Mblaze_fnd_cntr_v2/microblaze_0/standalone_domain/bsp/system.mss
TRACE::2024-10-24.10:03:29::SCWMssOS::DEBUG:  swdes dump  C:/Users/SUJIN/Desktop/sg_workspace/SoC_soc_24/vitis_SoC_24/Mblaze_fnd_cntr_hw/microblaze_0/standalone_domain/bsp/system.mss|system||
C:/Users/SUJIN/Desktop/sg_workspace/SoC_soc_24/vitis_SoC_24/Mblaze_fnd_cntr_v2/microblaze_0/standalone_domain/bsp/system.mss|C:/Users/SUJIN/Desktop/sg_workspace/SoC_soc_24/vitis_SoC_24/Mblaze_fnd_cntr_v2/microblaze_0/standalone_domain/bsp/system.mss||

KEYINFO::2024-10-24.10:03:29::SCWMssOS::Could not open the swdb for C:/Users/SUJIN/Desktop/sg_workspace/SoC_soc_24/vitis_SoC_24/Mblaze_fnd_cntr_v2/microblaze_0/standalone_domain/bsp/system.mss
KEYINFO::2024-10-24.10:03:29::SCWMssOS::Could not open the sw design at  C:/Users/SUJIN/Desktop/sg_workspace/SoC_soc_24/vitis_SoC_24/Mblaze_fnd_cntr_v2/microblaze_0/standalone_domain/bsp/system.mss
ERROR: [Hsi 55-1558] Software Design C:/Users/SUJIN/Desktop/sg_workspace/SoC_soc_24/vitis_SoC_24/Mblaze_fnd_cntr_v2/microblaze_0/standalone_domain/bsp/system.mss is not found

TRACE::2024-10-24.10:03:29::SCWMssOS::Cleared the swdb table entry
TRACE::2024-10-24.10:03:29::SCWMssOS::No sw design opened at  C:/Users/SUJIN/Desktop/sg_workspace/SoC_soc_24/vitis_SoC_24/Mblaze_fnd_cntr_v2/microblaze_0/standalone_domain/bsp/system.mss
TRACE::2024-10-24.10:03:29::SCWMssOS::mss exists loading the mss file  C:/Users/SUJIN/Desktop/sg_workspace/SoC_soc_24/vitis_SoC_24/Mblaze_fnd_cntr_v2/microblaze_0/standalone_domain/bsp/system.mss
TRACE::2024-10-24.10:03:29::SCWMssOS::Opened the sw design from mss  C:/Users/SUJIN/Desktop/sg_workspace/SoC_soc_24/vitis_SoC_24/Mblaze_fnd_cntr_v2/microblaze_0/standalone_domain/bsp/system.mss
TRACE::2024-10-24.10:03:29::SCWMssOS::Adding the swdes entry C:/Users/SUJIN/Desktop/sg_workspace/SoC_soc_24/vitis_SoC_24/Mblaze_fnd_cntr_v2/microblaze_0/standalone_domain/bsp/system.mss with des name system_0
TRACE::2024-10-24.10:03:29::SCWMssOS::updating the scw layer about changes
TRACE::2024-10-24.10:03:29::SCWMssOS::Opened the sw design.  C:/Users/SUJIN/Desktop/sg_workspace/SoC_soc_24/vitis_SoC_24/Mblaze_fnd_cntr_v2/microblaze_0/standalone_domain/bsp/system.mss
TRACE::2024-10-24.10:03:29::SCWMssOS::Completed writing the mss file at C:/Users/SUJIN/Desktop/sg_workspace/SoC_soc_24/vitis_SoC_24/Mblaze_fnd_cntr_v2/microblaze_0/standalone_domain/bsp
TRACE::2024-10-24.10:03:29::SCWMssOS::Mss edits present, copying mssfile into export location C:/Users/SUJIN/Desktop/sg_workspace/SoC_soc_24/vitis_SoC_24/Mblaze_fnd_cntr_v2/microblaze_0/standalone_domain/bsp/system.mss
TRACE::2024-10-24.10:03:29::SCWMssOS::bsp generated is upto date with the mss file. Skipping bsp generation.
TRACE::2024-10-24.10:03:29::SCWMssOS::BSP is already built. skipping the bsp build ... 
TRACE::2024-10-24.10:03:29::SCWDomain::Skipping the build for domain :  standalone_domain
TRACE::2024-10-24.10:03:29::SCWMssOS::skipping the bsp build ... 
TRACE::2024-10-24.10:03:29::SCWMssOS::Copying to export directory.
TRACE::2024-10-24.10:03:29::SCWMssOS:: Checking if to create the Supporting Applications
TRACE::2024-10-24.10:03:29::SCWMssOS:: No Linux domain exists, trying to generate FSBL 
LOG::2024-10-24.10:03:29::SCWSystem::Completed Processing the domain standalone_domain
LOG::2024-10-24.10:03:29::SCWSystem::Completed Processing the sysconfig Mblaze_fnd_cntr_v2
LOG::2024-10-24.10:03:29::SCWPlatform::Completed generating the artifacts for system configuration Mblaze_fnd_cntr_v2
TRACE::2024-10-24.10:03:29::SCWPlatform::Started preparing the platform 
TRACE::2024-10-24.10:03:29::SCWSystem::Writing the bif file for system config Mblaze_fnd_cntr_v2
TRACE::2024-10-24.10:03:29::SCWSystem::dir created 
TRACE::2024-10-24.10:03:29::SCWSystem::Writing the bif 
TRACE::2024-10-24.10:03:29::SCWPlatform::Started writing the spfm file 
TRACE::2024-10-24.10:03:29::SCWPlatform::Started writing the xpfm file 
TRACE::2024-10-24.10:03:29::SCWPlatform::Completed generating the platform
TRACE::2024-10-24.10:03:29::SCWPlatform::Trying to open the hw design at C:/Users/SUJIN/Desktop/sg_workspace/SoC_soc_24/vitis_SoC_24/Mblaze_fnd_cntr_v2/hw/Mblaze_fnd_cntr_wrapper.xsa
TRACE::2024-10-24.10:03:29::SCWPlatform::DSA given C:/Users/SUJIN/Desktop/sg_workspace/SoC_soc_24/vitis_SoC_24/Mblaze_fnd_cntr_v2/hw/Mblaze_fnd_cntr_wrapper.xsa
TRACE::2024-10-24.10:03:29::SCWPlatform::DSA absoulate path C:/Users/SUJIN/Desktop/sg_workspace/SoC_soc_24/vitis_SoC_24/Mblaze_fnd_cntr_v2/hw/Mblaze_fnd_cntr_wrapper.xsa
TRACE::2024-10-24.10:03:29::SCWPlatform::DSA directory C:/Users/SUJIN/Desktop/sg_workspace/SoC_soc_24/vitis_SoC_24/Mblaze_fnd_cntr_v2/hw
TRACE::2024-10-24.10:03:29::SCWPlatform:: Platform Path C:/Users/SUJIN/Desktop/sg_workspace/SoC_soc_24/vitis_SoC_24/Mblaze_fnd_cntr_v2/hw/Mblaze_fnd_cntr_wrapper.xsa
TRACE::2024-10-24.10:03:29::SCWPlatform:: Unique name xilinx:basys3::0.0
TRACE::2024-10-24.10:03:29::SCWPlatform::Trying to set the existing hwdb with name Mblaze_fnd_cntr_wrapper_6
TRACE::2024-10-24.10:03:29::SCWPlatform::Opened existing hwdb Mblaze_fnd_cntr_wrapper_6
TRACE::2024-10-24.10:03:29::SCWPlatform::Found the Hw Db part of the input DSA
TRACE::2024-10-24.10:03:29::SCWMssOS::Checking the sw design at  C:/Users/SUJIN/Desktop/sg_workspace/SoC_soc_24/vitis_SoC_24/Mblaze_fnd_cntr_v2/microblaze_0/standalone_domain/bsp/system.mss
TRACE::2024-10-24.10:03:29::SCWMssOS::DEBUG:  swdes dump  C:/Users/SUJIN/Desktop/sg_workspace/SoC_soc_24/vitis_SoC_24/Mblaze_fnd_cntr_hw/microblaze_0/standalone_domain/bsp/system.mss|system||
C:/Users/SUJIN/Desktop/sg_workspace/SoC_soc_24/vitis_SoC_24/Mblaze_fnd_cntr_v2/microblaze_0/standalone_domain/bsp/system.mss|system_0||

TRACE::2024-10-24.10:03:29::SCWMssOS::Sw design exists and opened at  C:/Users/SUJIN/Desktop/sg_workspace/SoC_soc_24/vitis_SoC_24/Mblaze_fnd_cntr_v2/microblaze_0/standalone_domain/bsp/system.mss
TRACE::2024-10-24.10:03:29::SCWPlatform::Trying to open the hw design at C:/Users/SUJIN/Desktop/sg_workspace/SoC_soc_24/vitis_SoC_24/Mblaze_fnd_cntr_v2/hw/Mblaze_fnd_cntr_wrapper.xsa
TRACE::2024-10-24.10:03:29::SCWPlatform::DSA given C:/Users/SUJIN/Desktop/sg_workspace/SoC_soc_24/vitis_SoC_24/Mblaze_fnd_cntr_v2/hw/Mblaze_fnd_cntr_wrapper.xsa
TRACE::2024-10-24.10:03:29::SCWPlatform::DSA absoulate path C:/Users/SUJIN/Desktop/sg_workspace/SoC_soc_24/vitis_SoC_24/Mblaze_fnd_cntr_v2/hw/Mblaze_fnd_cntr_wrapper.xsa
TRACE::2024-10-24.10:03:29::SCWPlatform::DSA directory C:/Users/SUJIN/Desktop/sg_workspace/SoC_soc_24/vitis_SoC_24/Mblaze_fnd_cntr_v2/hw
TRACE::2024-10-24.10:03:29::SCWPlatform:: Platform Path C:/Users/SUJIN/Desktop/sg_workspace/SoC_soc_24/vitis_SoC_24/Mblaze_fnd_cntr_v2/hw/Mblaze_fnd_cntr_wrapper.xsa
TRACE::2024-10-24.10:03:29::SCWPlatform:: Unique name xilinx:basys3::0.0
TRACE::2024-10-24.10:03:29::SCWPlatform::Trying to set the existing hwdb with name Mblaze_fnd_cntr_wrapper_6
TRACE::2024-10-24.10:03:29::SCWPlatform::Opened existing hwdb Mblaze_fnd_cntr_wrapper_6
TRACE::2024-10-24.10:03:29::SCWPlatform::Found the Hw Db part of the input DSA
TRACE::2024-10-24.10:03:29::SCWMssOS::Checking the sw design at  C:/Users/SUJIN/Desktop/sg_workspace/SoC_soc_24/vitis_SoC_24/Mblaze_fnd_cntr_v2/microblaze_0/standalone_domain/bsp/system.mss
TRACE::2024-10-24.10:03:29::SCWMssOS::DEBUG:  swdes dump  C:/Users/SUJIN/Desktop/sg_workspace/SoC_soc_24/vitis_SoC_24/Mblaze_fnd_cntr_hw/microblaze_0/standalone_domain/bsp/system.mss|system||
C:/Users/SUJIN/Desktop/sg_workspace/SoC_soc_24/vitis_SoC_24/Mblaze_fnd_cntr_v2/microblaze_0/standalone_domain/bsp/system.mss|system_0||

TRACE::2024-10-24.10:03:29::SCWMssOS::Sw design exists and opened at  C:/Users/SUJIN/Desktop/sg_workspace/SoC_soc_24/vitis_SoC_24/Mblaze_fnd_cntr_v2/microblaze_0/standalone_domain/bsp/system.mss
TRACE::2024-10-24.10:03:29::SCWPlatform::Trying to open the hw design at C:/Users/SUJIN/Desktop/sg_workspace/SoC_soc_24/vitis_SoC_24/Mblaze_fnd_cntr_v2/hw/Mblaze_fnd_cntr_wrapper.xsa
TRACE::2024-10-24.10:03:29::SCWPlatform::DSA given C:/Users/SUJIN/Desktop/sg_workspace/SoC_soc_24/vitis_SoC_24/Mblaze_fnd_cntr_v2/hw/Mblaze_fnd_cntr_wrapper.xsa
TRACE::2024-10-24.10:03:29::SCWPlatform::DSA absoulate path C:/Users/SUJIN/Desktop/sg_workspace/SoC_soc_24/vitis_SoC_24/Mblaze_fnd_cntr_v2/hw/Mblaze_fnd_cntr_wrapper.xsa
TRACE::2024-10-24.10:03:29::SCWPlatform::DSA directory C:/Users/SUJIN/Desktop/sg_workspace/SoC_soc_24/vitis_SoC_24/Mblaze_fnd_cntr_v2/hw
TRACE::2024-10-24.10:03:29::SCWPlatform:: Platform Path C:/Users/SUJIN/Desktop/sg_workspace/SoC_soc_24/vitis_SoC_24/Mblaze_fnd_cntr_v2/hw/Mblaze_fnd_cntr_wrapper.xsa
TRACE::2024-10-24.10:03:29::SCWPlatform:: Unique name xilinx:basys3::0.0
TRACE::2024-10-24.10:03:29::SCWPlatform::Trying to set the existing hwdb with name Mblaze_fnd_cntr_wrapper_6
TRACE::2024-10-24.10:03:29::SCWPlatform::Opened existing hwdb Mblaze_fnd_cntr_wrapper_6
TRACE::2024-10-24.10:03:29::SCWPlatform::Found the Hw Db part of the input DSA
TRACE::2024-10-24.10:03:29::SCWMssOS::Checking the sw design at  C:/Users/SUJIN/Desktop/sg_workspace/SoC_soc_24/vitis_SoC_24/Mblaze_fnd_cntr_v2/microblaze_0/standalone_domain/bsp/system.mss
TRACE::2024-10-24.10:03:29::SCWMssOS::DEBUG:  swdes dump  C:/Users/SUJIN/Desktop/sg_workspace/SoC_soc_24/vitis_SoC_24/Mblaze_fnd_cntr_hw/microblaze_0/standalone_domain/bsp/system.mss|system||
C:/Users/SUJIN/Desktop/sg_workspace/SoC_soc_24/vitis_SoC_24/Mblaze_fnd_cntr_v2/microblaze_0/standalone_domain/bsp/system.mss|system_0||

TRACE::2024-10-24.10:03:29::SCWMssOS::Sw design exists and opened at  C:/Users/SUJIN/Desktop/sg_workspace/SoC_soc_24/vitis_SoC_24/Mblaze_fnd_cntr_v2/microblaze_0/standalone_domain/bsp/system.mss
TRACE::2024-10-24.10:03:29::SCWWriter::formatted JSON is {
	"platformName":	"Mblaze_fnd_cntr_v2",
	"sprVersion":	"2.0",
	"mode":	"gui",
	"dsaType":	"Fixed",
	"platformDesc":	"Mblaze_fnd_cntr_v2",
	"platHandOff":	"C:/Users/SUJIN/Desktop/sg_workspace/SoC_soc_24/Mblaze_fnd_cntr_wrapper.xsa",
	"platIntHandOff":	"<platformDir>/hw/Mblaze_fnd_cntr_wrapper.xsa",
	"deviceType":	"FPGA",
	"platIsPrebuiltAutogen":	"false",
	"platIsNoBootBsp":	"false",
	"hasFsblMakeHasChanges":	"false",
	"hasPmufwMakeHasChanges":	"false",
	"platPreBuiltFlag":	false,
	"platformSamplesDir":	"",
	"platActiveSys":	"Mblaze_fnd_cntr_v2",
	"systems":	[{
			"systemName":	"Mblaze_fnd_cntr_v2",
			"systemDesc":	"Mblaze_fnd_cntr_v2",
			"sysIsBootAutoGen":	"true",
			"systemDispName":	"Mblaze_fnd_cntr_v2",
			"sysActiveDom":	"standalone_domain",
			"sysDefaultDom":	"standalone_domain",
			"domains":	[{
					"domainName":	"standalone_domain",
					"domainDispName":	"standalone_domain",
					"domainDesc":	"standalone_domain",
					"processors":	"microblaze_0",
					"os":	"standalone",
					"sdxOs":	"standalone",
					"debugEnable":	"False",
					"domRuntimes":	["cpp"],
					"swRepo":	"",
					"mssOsVer":	"7.1",
					"mssFile":	"",
					"md5Digest":	"3058066e4ca0fc25659ba337ec202bf1",
					"compatibleApp":	"",
					"domType":	"mssDomain",
					"appSettings":	{
						"appCompilerFlags":	"",
						"appLinkerFlags":	""
					},
					"addedLibs":	[],
					"libOptions":	{
						"libsContainingOptions":	[]
					},
					"prebuiltLibs":	{
						"prebuiltIncPath":	[],
						"prebuiltLibPath":	[]
					},
					"isolation":	{
					}
				}]
		}]
}
KEYINFO::2024-10-24.10:03:29::SCWPlatform::updated the xpfm file.
TRACE::2024-10-24.10:03:30::SCWPlatform::Trying to open the hw design at C:/Users/SUJIN/Desktop/sg_workspace/SoC_soc_24/vitis_SoC_24/Mblaze_fnd_cntr_v2/hw/Mblaze_fnd_cntr_wrapper.xsa
TRACE::2024-10-24.10:03:30::SCWPlatform::DSA given C:/Users/SUJIN/Desktop/sg_workspace/SoC_soc_24/vitis_SoC_24/Mblaze_fnd_cntr_v2/hw/Mblaze_fnd_cntr_wrapper.xsa
TRACE::2024-10-24.10:03:30::SCWPlatform::DSA absoulate path C:/Users/SUJIN/Desktop/sg_workspace/SoC_soc_24/vitis_SoC_24/Mblaze_fnd_cntr_v2/hw/Mblaze_fnd_cntr_wrapper.xsa
TRACE::2024-10-24.10:03:30::SCWPlatform::DSA directory C:/Users/SUJIN/Desktop/sg_workspace/SoC_soc_24/vitis_SoC_24/Mblaze_fnd_cntr_v2/hw
TRACE::2024-10-24.10:03:30::SCWPlatform:: Platform Path C:/Users/SUJIN/Desktop/sg_workspace/SoC_soc_24/vitis_SoC_24/Mblaze_fnd_cntr_v2/hw/Mblaze_fnd_cntr_wrapper.xsa
TRACE::2024-10-24.10:03:30::SCWPlatform:: Unique name xilinx:basys3::0.0
TRACE::2024-10-24.10:03:30::SCWPlatform::Trying to set the existing hwdb with name Mblaze_fnd_cntr_wrapper_6
TRACE::2024-10-24.10:03:30::SCWPlatform::Opened existing hwdb Mblaze_fnd_cntr_wrapper_6
TRACE::2024-10-24.10:03:30::SCWPlatform::Found the Hw Db part of the input DSA
TRACE::2024-10-24.10:03:30::SCWMssOS::Checking the sw design at  C:/Users/SUJIN/Desktop/sg_workspace/SoC_soc_24/vitis_SoC_24/Mblaze_fnd_cntr_v2/microblaze_0/standalone_domain/bsp/system.mss
TRACE::2024-10-24.10:03:30::SCWMssOS::DEBUG:  swdes dump  C:/Users/SUJIN/Desktop/sg_workspace/SoC_soc_24/vitis_SoC_24/Mblaze_fnd_cntr_hw/microblaze_0/standalone_domain/bsp/system.mss|system||
C:/Users/SUJIN/Desktop/sg_workspace/SoC_soc_24/vitis_SoC_24/Mblaze_fnd_cntr_v2/microblaze_0/standalone_domain/bsp/system.mss|system_0||

TRACE::2024-10-24.10:03:30::SCWMssOS::Sw design exists and opened at  C:/Users/SUJIN/Desktop/sg_workspace/SoC_soc_24/vitis_SoC_24/Mblaze_fnd_cntr_v2/microblaze_0/standalone_domain/bsp/system.mss
TRACE::2024-10-24.10:03:30::SCWPlatform::Trying to open the hw design at C:/Users/SUJIN/Desktop/sg_workspace/SoC_soc_24/vitis_SoC_24/Mblaze_fnd_cntr_v2/hw/Mblaze_fnd_cntr_wrapper.xsa
TRACE::2024-10-24.10:03:30::SCWPlatform::DSA given C:/Users/SUJIN/Desktop/sg_workspace/SoC_soc_24/vitis_SoC_24/Mblaze_fnd_cntr_v2/hw/Mblaze_fnd_cntr_wrapper.xsa
TRACE::2024-10-24.10:03:30::SCWPlatform::DSA absoulate path C:/Users/SUJIN/Desktop/sg_workspace/SoC_soc_24/vitis_SoC_24/Mblaze_fnd_cntr_v2/hw/Mblaze_fnd_cntr_wrapper.xsa
TRACE::2024-10-24.10:03:30::SCWPlatform::DSA directory C:/Users/SUJIN/Desktop/sg_workspace/SoC_soc_24/vitis_SoC_24/Mblaze_fnd_cntr_v2/hw
TRACE::2024-10-24.10:03:30::SCWPlatform:: Platform Path C:/Users/SUJIN/Desktop/sg_workspace/SoC_soc_24/vitis_SoC_24/Mblaze_fnd_cntr_v2/hw/Mblaze_fnd_cntr_wrapper.xsa
TRACE::2024-10-24.10:03:30::SCWPlatform:: Unique name xilinx:basys3::0.0
TRACE::2024-10-24.10:03:30::SCWPlatform::Trying to set the existing hwdb with name Mblaze_fnd_cntr_wrapper_6
TRACE::2024-10-24.10:03:30::SCWPlatform::Opened existing hwdb Mblaze_fnd_cntr_wrapper_6
TRACE::2024-10-24.10:03:30::SCWPlatform::Found the Hw Db part of the input DSA
TRACE::2024-10-24.10:03:30::SCWMssOS::Checking the sw design at  C:/Users/SUJIN/Desktop/sg_workspace/SoC_soc_24/vitis_SoC_24/Mblaze_fnd_cntr_v2/microblaze_0/standalone_domain/bsp/system.mss
TRACE::2024-10-24.10:03:30::SCWMssOS::DEBUG:  swdes dump  C:/Users/SUJIN/Desktop/sg_workspace/SoC_soc_24/vitis_SoC_24/Mblaze_fnd_cntr_hw/microblaze_0/standalone_domain/bsp/system.mss|system||
C:/Users/SUJIN/Desktop/sg_workspace/SoC_soc_24/vitis_SoC_24/Mblaze_fnd_cntr_v2/microblaze_0/standalone_domain/bsp/system.mss|system_0||

TRACE::2024-10-24.10:03:30::SCWMssOS::Sw design exists and opened at  C:/Users/SUJIN/Desktop/sg_workspace/SoC_soc_24/vitis_SoC_24/Mblaze_fnd_cntr_v2/microblaze_0/standalone_domain/bsp/system.mss
TRACE::2024-10-24.10:03:30::SCWPlatform::Trying to open the hw design at C:/Users/SUJIN/Desktop/sg_workspace/SoC_soc_24/vitis_SoC_24/Mblaze_fnd_cntr_v2/hw/Mblaze_fnd_cntr_wrapper.xsa
TRACE::2024-10-24.10:03:30::SCWPlatform::DSA given C:/Users/SUJIN/Desktop/sg_workspace/SoC_soc_24/vitis_SoC_24/Mblaze_fnd_cntr_v2/hw/Mblaze_fnd_cntr_wrapper.xsa
TRACE::2024-10-24.10:03:30::SCWPlatform::DSA absoulate path C:/Users/SUJIN/Desktop/sg_workspace/SoC_soc_24/vitis_SoC_24/Mblaze_fnd_cntr_v2/hw/Mblaze_fnd_cntr_wrapper.xsa
TRACE::2024-10-24.10:03:30::SCWPlatform::DSA directory C:/Users/SUJIN/Desktop/sg_workspace/SoC_soc_24/vitis_SoC_24/Mblaze_fnd_cntr_v2/hw
TRACE::2024-10-24.10:03:30::SCWPlatform:: Platform Path C:/Users/SUJIN/Desktop/sg_workspace/SoC_soc_24/vitis_SoC_24/Mblaze_fnd_cntr_v2/hw/Mblaze_fnd_cntr_wrapper.xsa
TRACE::2024-10-24.10:03:30::SCWPlatform:: Unique name xilinx:basys3::0.0
TRACE::2024-10-24.10:03:30::SCWPlatform::Trying to set the existing hwdb with name Mblaze_fnd_cntr_wrapper_6
TRACE::2024-10-24.10:03:30::SCWPlatform::Opened existing hwdb Mblaze_fnd_cntr_wrapper_6
TRACE::2024-10-24.10:03:31::SCWPlatform::Found the Hw Db part of the input DSA
TRACE::2024-10-24.10:03:31::SCWMssOS::Checking the sw design at  C:/Users/SUJIN/Desktop/sg_workspace/SoC_soc_24/vitis_SoC_24/Mblaze_fnd_cntr_v2/microblaze_0/standalone_domain/bsp/system.mss
TRACE::2024-10-24.10:03:31::SCWMssOS::DEBUG:  swdes dump  C:/Users/SUJIN/Desktop/sg_workspace/SoC_soc_24/vitis_SoC_24/Mblaze_fnd_cntr_hw/microblaze_0/standalone_domain/bsp/system.mss|system||
C:/Users/SUJIN/Desktop/sg_workspace/SoC_soc_24/vitis_SoC_24/Mblaze_fnd_cntr_v2/microblaze_0/standalone_domain/bsp/system.mss|system_0||

TRACE::2024-10-24.10:03:31::SCWMssOS::Sw design exists and opened at  C:/Users/SUJIN/Desktop/sg_workspace/SoC_soc_24/vitis_SoC_24/Mblaze_fnd_cntr_v2/microblaze_0/standalone_domain/bsp/system.mss
TRACE::2024-10-24.10:03:31::SCWPlatform::Trying to open the hw design at C:/Users/SUJIN/Desktop/sg_workspace/SoC_soc_24/vitis_SoC_24/Mblaze_fnd_cntr_v2/hw/Mblaze_fnd_cntr_wrapper.xsa
TRACE::2024-10-24.10:03:31::SCWPlatform::DSA given C:/Users/SUJIN/Desktop/sg_workspace/SoC_soc_24/vitis_SoC_24/Mblaze_fnd_cntr_v2/hw/Mblaze_fnd_cntr_wrapper.xsa
TRACE::2024-10-24.10:03:31::SCWPlatform::DSA absoulate path C:/Users/SUJIN/Desktop/sg_workspace/SoC_soc_24/vitis_SoC_24/Mblaze_fnd_cntr_v2/hw/Mblaze_fnd_cntr_wrapper.xsa
TRACE::2024-10-24.10:03:31::SCWPlatform::DSA directory C:/Users/SUJIN/Desktop/sg_workspace/SoC_soc_24/vitis_SoC_24/Mblaze_fnd_cntr_v2/hw
TRACE::2024-10-24.10:03:31::SCWPlatform:: Platform Path C:/Users/SUJIN/Desktop/sg_workspace/SoC_soc_24/vitis_SoC_24/Mblaze_fnd_cntr_v2/hw/Mblaze_fnd_cntr_wrapper.xsa
TRACE::2024-10-24.10:03:31::SCWPlatform:: Unique name xilinx:basys3::0.0
TRACE::2024-10-24.10:03:31::SCWPlatform::Trying to set the existing hwdb with name Mblaze_fnd_cntr_wrapper_6
TRACE::2024-10-24.10:03:31::SCWPlatform::Opened existing hwdb Mblaze_fnd_cntr_wrapper_6
TRACE::2024-10-24.10:03:31::SCWPlatform::Found the Hw Db part of the input DSA
TRACE::2024-10-24.10:03:31::SCWMssOS::Checking the sw design at  C:/Users/SUJIN/Desktop/sg_workspace/SoC_soc_24/vitis_SoC_24/Mblaze_fnd_cntr_v2/microblaze_0/standalone_domain/bsp/system.mss
TRACE::2024-10-24.10:03:31::SCWMssOS::DEBUG:  swdes dump  C:/Users/SUJIN/Desktop/sg_workspace/SoC_soc_24/vitis_SoC_24/Mblaze_fnd_cntr_hw/microblaze_0/standalone_domain/bsp/system.mss|system||
C:/Users/SUJIN/Desktop/sg_workspace/SoC_soc_24/vitis_SoC_24/Mblaze_fnd_cntr_v2/microblaze_0/standalone_domain/bsp/system.mss|system_0||

TRACE::2024-10-24.10:03:31::SCWMssOS::Sw design exists and opened at  C:/Users/SUJIN/Desktop/sg_workspace/SoC_soc_24/vitis_SoC_24/Mblaze_fnd_cntr_v2/microblaze_0/standalone_domain/bsp/system.mss
TRACE::2024-10-24.10:03:31::SCWWriter::formatted JSON is {
	"platformName":	"Mblaze_fnd_cntr_v2",
	"sprVersion":	"2.0",
	"mode":	"gui",
	"dsaType":	"Fixed",
	"platformDesc":	"Mblaze_fnd_cntr_v2",
	"platHandOff":	"C:/Users/SUJIN/Desktop/sg_workspace/SoC_soc_24/Mblaze_fnd_cntr_wrapper.xsa",
	"platIntHandOff":	"<platformDir>/hw/Mblaze_fnd_cntr_wrapper.xsa",
	"deviceType":	"FPGA",
	"platIsPrebuiltAutogen":	"false",
	"platIsNoBootBsp":	"false",
	"hasFsblMakeHasChanges":	"false",
	"hasPmufwMakeHasChanges":	"false",
	"platPreBuiltFlag":	false,
	"platformSamplesDir":	"",
	"platActiveSys":	"Mblaze_fnd_cntr_v2",
	"systems":	[{
			"systemName":	"Mblaze_fnd_cntr_v2",
			"systemDesc":	"Mblaze_fnd_cntr_v2",
			"sysIsBootAutoGen":	"true",
			"systemDispName":	"Mblaze_fnd_cntr_v2",
			"sysActiveDom":	"standalone_domain",
			"sysDefaultDom":	"standalone_domain",
			"domains":	[{
					"domainName":	"standalone_domain",
					"domainDispName":	"standalone_domain",
					"domainDesc":	"standalone_domain",
					"processors":	"microblaze_0",
					"os":	"standalone",
					"sdxOs":	"standalone",
					"debugEnable":	"False",
					"domRuntimes":	["cpp"],
					"swRepo":	"",
					"mssOsVer":	"7.1",
					"mssFile":	"",
					"md5Digest":	"3058066e4ca0fc25659ba337ec202bf1",
					"compatibleApp":	"",
					"domType":	"mssDomain",
					"appSettings":	{
						"appCompilerFlags":	"",
						"appLinkerFlags":	""
					},
					"addedLibs":	[],
					"libOptions":	{
						"libsContainingOptions":	[]
					},
					"prebuiltLibs":	{
						"prebuiltIncPath":	[],
						"prebuiltLibPath":	[]
					},
					"isolation":	{
					}
				}]
		}]
}
TRACE::2024-10-24.10:03:31::SCWPlatform::Trying to open the hw design at C:/Users/SUJIN/Desktop/sg_workspace/SoC_soc_24/vitis_SoC_24/Mblaze_fnd_cntr_v2/hw/Mblaze_fnd_cntr_wrapper.xsa
TRACE::2024-10-24.10:03:31::SCWPlatform::DSA given C:/Users/SUJIN/Desktop/sg_workspace/SoC_soc_24/vitis_SoC_24/Mblaze_fnd_cntr_v2/hw/Mblaze_fnd_cntr_wrapper.xsa
TRACE::2024-10-24.10:03:31::SCWPlatform::DSA absoulate path C:/Users/SUJIN/Desktop/sg_workspace/SoC_soc_24/vitis_SoC_24/Mblaze_fnd_cntr_v2/hw/Mblaze_fnd_cntr_wrapper.xsa
TRACE::2024-10-24.10:03:31::SCWPlatform::DSA directory C:/Users/SUJIN/Desktop/sg_workspace/SoC_soc_24/vitis_SoC_24/Mblaze_fnd_cntr_v2/hw
TRACE::2024-10-24.10:03:31::SCWPlatform:: Platform Path C:/Users/SUJIN/Desktop/sg_workspace/SoC_soc_24/vitis_SoC_24/Mblaze_fnd_cntr_v2/hw/Mblaze_fnd_cntr_wrapper.xsa
TRACE::2024-10-24.10:03:31::SCWPlatform:: Unique name xilinx:basys3::0.0
TRACE::2024-10-24.10:03:31::SCWPlatform::Trying to set the existing hwdb with name Mblaze_fnd_cntr_wrapper_6
TRACE::2024-10-24.10:03:31::SCWPlatform::Opened existing hwdb Mblaze_fnd_cntr_wrapper_6
TRACE::2024-10-24.10:03:31::SCWPlatform::Found the Hw Db part of the input DSA
TRACE::2024-10-24.10:03:31::SCWMssOS::Checking the sw design at  C:/Users/SUJIN/Desktop/sg_workspace/SoC_soc_24/vitis_SoC_24/Mblaze_fnd_cntr_v2/microblaze_0/standalone_domain/bsp/system.mss
TRACE::2024-10-24.10:03:31::SCWMssOS::DEBUG:  swdes dump  C:/Users/SUJIN/Desktop/sg_workspace/SoC_soc_24/vitis_SoC_24/Mblaze_fnd_cntr_hw/microblaze_0/standalone_domain/bsp/system.mss|system||
C:/Users/SUJIN/Desktop/sg_workspace/SoC_soc_24/vitis_SoC_24/Mblaze_fnd_cntr_v2/microblaze_0/standalone_domain/bsp/system.mss|system_0||

TRACE::2024-10-24.10:03:31::SCWMssOS::Sw design exists and opened at  C:/Users/SUJIN/Desktop/sg_workspace/SoC_soc_24/vitis_SoC_24/Mblaze_fnd_cntr_v2/microblaze_0/standalone_domain/bsp/system.mss
TRACE::2024-10-24.10:03:31::SCWPlatform::Trying to open the hw design at C:/Users/SUJIN/Desktop/sg_workspace/SoC_soc_24/vitis_SoC_24/Mblaze_fnd_cntr_v2/hw/Mblaze_fnd_cntr_wrapper.xsa
TRACE::2024-10-24.10:03:31::SCWPlatform::DSA given C:/Users/SUJIN/Desktop/sg_workspace/SoC_soc_24/vitis_SoC_24/Mblaze_fnd_cntr_v2/hw/Mblaze_fnd_cntr_wrapper.xsa
TRACE::2024-10-24.10:03:31::SCWPlatform::DSA absoulate path C:/Users/SUJIN/Desktop/sg_workspace/SoC_soc_24/vitis_SoC_24/Mblaze_fnd_cntr_v2/hw/Mblaze_fnd_cntr_wrapper.xsa
TRACE::2024-10-24.10:03:31::SCWPlatform::DSA directory C:/Users/SUJIN/Desktop/sg_workspace/SoC_soc_24/vitis_SoC_24/Mblaze_fnd_cntr_v2/hw
TRACE::2024-10-24.10:03:31::SCWPlatform:: Platform Path C:/Users/SUJIN/Desktop/sg_workspace/SoC_soc_24/vitis_SoC_24/Mblaze_fnd_cntr_v2/hw/Mblaze_fnd_cntr_wrapper.xsa
TRACE::2024-10-24.10:03:31::SCWPlatform:: Unique name xilinx:basys3::0.0
TRACE::2024-10-24.10:03:31::SCWPlatform::Trying to set the existing hwdb with name Mblaze_fnd_cntr_wrapper_6
TRACE::2024-10-24.10:03:31::SCWPlatform::Opened existing hwdb Mblaze_fnd_cntr_wrapper_6
TRACE::2024-10-24.10:03:31::SCWPlatform::Found the Hw Db part of the input DSA
TRACE::2024-10-24.10:03:31::SCWMssOS::Checking the sw design at  C:/Users/SUJIN/Desktop/sg_workspace/SoC_soc_24/vitis_SoC_24/Mblaze_fnd_cntr_v2/microblaze_0/standalone_domain/bsp/system.mss
TRACE::2024-10-24.10:03:31::SCWMssOS::DEBUG:  swdes dump  C:/Users/SUJIN/Desktop/sg_workspace/SoC_soc_24/vitis_SoC_24/Mblaze_fnd_cntr_hw/microblaze_0/standalone_domain/bsp/system.mss|system||
C:/Users/SUJIN/Desktop/sg_workspace/SoC_soc_24/vitis_SoC_24/Mblaze_fnd_cntr_v2/microblaze_0/standalone_domain/bsp/system.mss|system_0||

TRACE::2024-10-24.10:03:31::SCWMssOS::Sw design exists and opened at  C:/Users/SUJIN/Desktop/sg_workspace/SoC_soc_24/vitis_SoC_24/Mblaze_fnd_cntr_v2/microblaze_0/standalone_domain/bsp/system.mss
TRACE::2024-10-24.10:03:31::SCWPlatform::Trying to open the hw design at C:/Users/SUJIN/Desktop/sg_workspace/SoC_soc_24/vitis_SoC_24/Mblaze_fnd_cntr_v2/hw/Mblaze_fnd_cntr_wrapper.xsa
TRACE::2024-10-24.10:03:31::SCWPlatform::DSA given C:/Users/SUJIN/Desktop/sg_workspace/SoC_soc_24/vitis_SoC_24/Mblaze_fnd_cntr_v2/hw/Mblaze_fnd_cntr_wrapper.xsa
TRACE::2024-10-24.10:03:31::SCWPlatform::DSA absoulate path C:/Users/SUJIN/Desktop/sg_workspace/SoC_soc_24/vitis_SoC_24/Mblaze_fnd_cntr_v2/hw/Mblaze_fnd_cntr_wrapper.xsa
TRACE::2024-10-24.10:03:31::SCWPlatform::DSA directory C:/Users/SUJIN/Desktop/sg_workspace/SoC_soc_24/vitis_SoC_24/Mblaze_fnd_cntr_v2/hw
TRACE::2024-10-24.10:03:31::SCWPlatform:: Platform Path C:/Users/SUJIN/Desktop/sg_workspace/SoC_soc_24/vitis_SoC_24/Mblaze_fnd_cntr_v2/hw/Mblaze_fnd_cntr_wrapper.xsa
TRACE::2024-10-24.10:03:31::SCWPlatform:: Unique name xilinx:basys3::0.0
TRACE::2024-10-24.10:03:31::SCWPlatform::Trying to set the existing hwdb with name Mblaze_fnd_cntr_wrapper_6
TRACE::2024-10-24.10:03:31::SCWPlatform::Opened existing hwdb Mblaze_fnd_cntr_wrapper_6
TRACE::2024-10-24.10:03:31::SCWPlatform::Found the Hw Db part of the input DSA
TRACE::2024-10-24.10:03:31::SCWMssOS::Checking the sw design at  C:/Users/SUJIN/Desktop/sg_workspace/SoC_soc_24/vitis_SoC_24/Mblaze_fnd_cntr_v2/microblaze_0/standalone_domain/bsp/system.mss
TRACE::2024-10-24.10:03:31::SCWMssOS::DEBUG:  swdes dump  C:/Users/SUJIN/Desktop/sg_workspace/SoC_soc_24/vitis_SoC_24/Mblaze_fnd_cntr_hw/microblaze_0/standalone_domain/bsp/system.mss|system||
C:/Users/SUJIN/Desktop/sg_workspace/SoC_soc_24/vitis_SoC_24/Mblaze_fnd_cntr_v2/microblaze_0/standalone_domain/bsp/system.mss|system_0||

TRACE::2024-10-24.10:03:31::SCWMssOS::Sw design exists and opened at  C:/Users/SUJIN/Desktop/sg_workspace/SoC_soc_24/vitis_SoC_24/Mblaze_fnd_cntr_v2/microblaze_0/standalone_domain/bsp/system.mss
TRACE::2024-10-24.10:03:31::SCWPlatform::Trying to open the hw design at C:/Users/SUJIN/Desktop/sg_workspace/SoC_soc_24/vitis_SoC_24/Mblaze_fnd_cntr_v2/hw/Mblaze_fnd_cntr_wrapper.xsa
TRACE::2024-10-24.10:03:31::SCWPlatform::DSA given C:/Users/SUJIN/Desktop/sg_workspace/SoC_soc_24/vitis_SoC_24/Mblaze_fnd_cntr_v2/hw/Mblaze_fnd_cntr_wrapper.xsa
TRACE::2024-10-24.10:03:31::SCWPlatform::DSA absoulate path C:/Users/SUJIN/Desktop/sg_workspace/SoC_soc_24/vitis_SoC_24/Mblaze_fnd_cntr_v2/hw/Mblaze_fnd_cntr_wrapper.xsa
TRACE::2024-10-24.10:03:31::SCWPlatform::DSA directory C:/Users/SUJIN/Desktop/sg_workspace/SoC_soc_24/vitis_SoC_24/Mblaze_fnd_cntr_v2/hw
TRACE::2024-10-24.10:03:31::SCWPlatform:: Platform Path C:/Users/SUJIN/Desktop/sg_workspace/SoC_soc_24/vitis_SoC_24/Mblaze_fnd_cntr_v2/hw/Mblaze_fnd_cntr_wrapper.xsa
TRACE::2024-10-24.10:03:31::SCWPlatform:: Unique name xilinx:basys3::0.0
TRACE::2024-10-24.10:03:31::SCWPlatform::Trying to set the existing hwdb with name Mblaze_fnd_cntr_wrapper_6
TRACE::2024-10-24.10:03:31::SCWPlatform::Opened existing hwdb Mblaze_fnd_cntr_wrapper_6
TRACE::2024-10-24.10:03:31::SCWPlatform::Found the Hw Db part of the input DSA
TRACE::2024-10-24.10:03:31::SCWMssOS::Checking the sw design at  C:/Users/SUJIN/Desktop/sg_workspace/SoC_soc_24/vitis_SoC_24/Mblaze_fnd_cntr_v2/microblaze_0/standalone_domain/bsp/system.mss
TRACE::2024-10-24.10:03:31::SCWMssOS::DEBUG:  swdes dump  C:/Users/SUJIN/Desktop/sg_workspace/SoC_soc_24/vitis_SoC_24/Mblaze_fnd_cntr_hw/microblaze_0/standalone_domain/bsp/system.mss|system||
C:/Users/SUJIN/Desktop/sg_workspace/SoC_soc_24/vitis_SoC_24/Mblaze_fnd_cntr_v2/microblaze_0/standalone_domain/bsp/system.mss|system_0||

TRACE::2024-10-24.10:03:31::SCWMssOS::Sw design exists and opened at  C:/Users/SUJIN/Desktop/sg_workspace/SoC_soc_24/vitis_SoC_24/Mblaze_fnd_cntr_v2/microblaze_0/standalone_domain/bsp/system.mss
TRACE::2024-10-24.10:03:31::SCWPlatform::Trying to open the hw design at C:/Users/SUJIN/Desktop/sg_workspace/SoC_soc_24/vitis_SoC_24/Mblaze_fnd_cntr_v2/hw/Mblaze_fnd_cntr_wrapper.xsa
TRACE::2024-10-24.10:03:31::SCWPlatform::DSA given C:/Users/SUJIN/Desktop/sg_workspace/SoC_soc_24/vitis_SoC_24/Mblaze_fnd_cntr_v2/hw/Mblaze_fnd_cntr_wrapper.xsa
TRACE::2024-10-24.10:03:31::SCWPlatform::DSA absoulate path C:/Users/SUJIN/Desktop/sg_workspace/SoC_soc_24/vitis_SoC_24/Mblaze_fnd_cntr_v2/hw/Mblaze_fnd_cntr_wrapper.xsa
TRACE::2024-10-24.10:03:31::SCWPlatform::DSA directory C:/Users/SUJIN/Desktop/sg_workspace/SoC_soc_24/vitis_SoC_24/Mblaze_fnd_cntr_v2/hw
TRACE::2024-10-24.10:03:31::SCWPlatform:: Platform Path C:/Users/SUJIN/Desktop/sg_workspace/SoC_soc_24/vitis_SoC_24/Mblaze_fnd_cntr_v2/hw/Mblaze_fnd_cntr_wrapper.xsa
TRACE::2024-10-24.10:03:31::SCWPlatform:: Unique name xilinx:basys3::0.0
TRACE::2024-10-24.10:03:31::SCWPlatform::Trying to set the existing hwdb with name Mblaze_fnd_cntr_wrapper_6
TRACE::2024-10-24.10:03:31::SCWPlatform::Opened existing hwdb Mblaze_fnd_cntr_wrapper_6
TRACE::2024-10-24.10:03:31::SCWPlatform::Found the Hw Db part of the input DSA
TRACE::2024-10-24.10:03:31::SCWMssOS::Checking the sw design at  C:/Users/SUJIN/Desktop/sg_workspace/SoC_soc_24/vitis_SoC_24/Mblaze_fnd_cntr_v2/microblaze_0/standalone_domain/bsp/system.mss
TRACE::2024-10-24.10:03:31::SCWMssOS::DEBUG:  swdes dump  C:/Users/SUJIN/Desktop/sg_workspace/SoC_soc_24/vitis_SoC_24/Mblaze_fnd_cntr_hw/microblaze_0/standalone_domain/bsp/system.mss|system||
C:/Users/SUJIN/Desktop/sg_workspace/SoC_soc_24/vitis_SoC_24/Mblaze_fnd_cntr_v2/microblaze_0/standalone_domain/bsp/system.mss|system_0||

TRACE::2024-10-24.10:03:31::SCWMssOS::Sw design exists and opened at  C:/Users/SUJIN/Desktop/sg_workspace/SoC_soc_24/vitis_SoC_24/Mblaze_fnd_cntr_v2/microblaze_0/standalone_domain/bsp/system.mss
TRACE::2024-10-24.10:03:31::SCWPlatform::Trying to open the hw design at C:/Users/SUJIN/Desktop/sg_workspace/SoC_soc_24/vitis_SoC_24/Mblaze_fnd_cntr_v2/hw/Mblaze_fnd_cntr_wrapper.xsa
TRACE::2024-10-24.10:03:31::SCWPlatform::DSA given C:/Users/SUJIN/Desktop/sg_workspace/SoC_soc_24/vitis_SoC_24/Mblaze_fnd_cntr_v2/hw/Mblaze_fnd_cntr_wrapper.xsa
TRACE::2024-10-24.10:03:31::SCWPlatform::DSA absoulate path C:/Users/SUJIN/Desktop/sg_workspace/SoC_soc_24/vitis_SoC_24/Mblaze_fnd_cntr_v2/hw/Mblaze_fnd_cntr_wrapper.xsa
TRACE::2024-10-24.10:03:31::SCWPlatform::DSA directory C:/Users/SUJIN/Desktop/sg_workspace/SoC_soc_24/vitis_SoC_24/Mblaze_fnd_cntr_v2/hw
TRACE::2024-10-24.10:03:31::SCWPlatform:: Platform Path C:/Users/SUJIN/Desktop/sg_workspace/SoC_soc_24/vitis_SoC_24/Mblaze_fnd_cntr_v2/hw/Mblaze_fnd_cntr_wrapper.xsa
TRACE::2024-10-24.10:03:31::SCWPlatform:: Unique name xilinx:basys3::0.0
TRACE::2024-10-24.10:03:31::SCWPlatform::Trying to set the existing hwdb with name Mblaze_fnd_cntr_wrapper_6
TRACE::2024-10-24.10:03:31::SCWPlatform::Opened existing hwdb Mblaze_fnd_cntr_wrapper_6
TRACE::2024-10-24.10:03:31::SCWPlatform::Found the Hw Db part of the input DSA
TRACE::2024-10-24.10:03:31::SCWMssOS::Checking the sw design at  C:/Users/SUJIN/Desktop/sg_workspace/SoC_soc_24/vitis_SoC_24/Mblaze_fnd_cntr_v2/microblaze_0/standalone_domain/bsp/system.mss
TRACE::2024-10-24.10:03:31::SCWMssOS::DEBUG:  swdes dump  C:/Users/SUJIN/Desktop/sg_workspace/SoC_soc_24/vitis_SoC_24/Mblaze_fnd_cntr_hw/microblaze_0/standalone_domain/bsp/system.mss|system||
C:/Users/SUJIN/Desktop/sg_workspace/SoC_soc_24/vitis_SoC_24/Mblaze_fnd_cntr_v2/microblaze_0/standalone_domain/bsp/system.mss|system_0||

TRACE::2024-10-24.10:03:31::SCWMssOS::Sw design exists and opened at  C:/Users/SUJIN/Desktop/sg_workspace/SoC_soc_24/vitis_SoC_24/Mblaze_fnd_cntr_v2/microblaze_0/standalone_domain/bsp/system.mss
TRACE::2024-10-24.10:03:31::SCWWriter::formatted JSON is {
	"platformName":	"Mblaze_fnd_cntr_v2",
	"sprVersion":	"2.0",
	"mode":	"gui",
	"dsaType":	"Fixed",
	"platformDesc":	"Mblaze_fnd_cntr_v2",
	"platHandOff":	"C:/Users/SUJIN/Desktop/sg_workspace/SoC_soc_24/Mblaze_fnd_cntr_wrapper.xsa",
	"platIntHandOff":	"<platformDir>/hw/Mblaze_fnd_cntr_wrapper.xsa",
	"deviceType":	"FPGA",
	"platIsPrebuiltAutogen":	"false",
	"platIsNoBootBsp":	"false",
	"hasFsblMakeHasChanges":	"false",
	"hasPmufwMakeHasChanges":	"false",
	"platPreBuiltFlag":	false,
	"platformSamplesDir":	"",
	"platActiveSys":	"Mblaze_fnd_cntr_v2",
	"systems":	[{
			"systemName":	"Mblaze_fnd_cntr_v2",
			"systemDesc":	"Mblaze_fnd_cntr_v2",
			"sysIsBootAutoGen":	"true",
			"systemDispName":	"Mblaze_fnd_cntr_v2",
			"sysActiveDom":	"standalone_domain",
			"sysDefaultDom":	"standalone_domain",
			"domains":	[{
					"domainName":	"standalone_domain",
					"domainDispName":	"standalone on microblaze_0",
					"domainDesc":	"standalone_domain",
					"processors":	"microblaze_0",
					"os":	"standalone",
					"sdxOs":	"standalone",
					"debugEnable":	"False",
					"domRuntimes":	["cpp"],
					"swRepo":	"",
					"mssOsVer":	"7.1",
					"mssFile":	"",
					"md5Digest":	"3058066e4ca0fc25659ba337ec202bf1",
					"compatibleApp":	"",
					"domType":	"mssDomain",
					"appSettings":	{
						"appCompilerFlags":	"",
						"appLinkerFlags":	""
					},
					"addedLibs":	[],
					"libOptions":	{
						"libsContainingOptions":	[]
					},
					"prebuiltLibs":	{
						"prebuiltIncPath":	[],
						"prebuiltLibPath":	[]
					},
					"isolation":	{
					}
				}]
		}]
}
TRACE::2024-10-24.10:03:31::SCWPlatform::Trying to open the hw design at C:/Users/SUJIN/Desktop/sg_workspace/SoC_soc_24/vitis_SoC_24/Mblaze_fnd_cntr_v2/hw/Mblaze_fnd_cntr_wrapper.xsa
TRACE::2024-10-24.10:03:31::SCWPlatform::DSA given C:/Users/SUJIN/Desktop/sg_workspace/SoC_soc_24/vitis_SoC_24/Mblaze_fnd_cntr_v2/hw/Mblaze_fnd_cntr_wrapper.xsa
TRACE::2024-10-24.10:03:31::SCWPlatform::DSA absoulate path C:/Users/SUJIN/Desktop/sg_workspace/SoC_soc_24/vitis_SoC_24/Mblaze_fnd_cntr_v2/hw/Mblaze_fnd_cntr_wrapper.xsa
TRACE::2024-10-24.10:03:31::SCWPlatform::DSA directory C:/Users/SUJIN/Desktop/sg_workspace/SoC_soc_24/vitis_SoC_24/Mblaze_fnd_cntr_v2/hw
TRACE::2024-10-24.10:03:31::SCWPlatform:: Platform Path C:/Users/SUJIN/Desktop/sg_workspace/SoC_soc_24/vitis_SoC_24/Mblaze_fnd_cntr_v2/hw/Mblaze_fnd_cntr_wrapper.xsa
TRACE::2024-10-24.10:03:31::SCWPlatform:: Unique name xilinx:basys3::0.0
TRACE::2024-10-24.10:03:31::SCWPlatform::Trying to set the existing hwdb with name Mblaze_fnd_cntr_wrapper_6
TRACE::2024-10-24.10:03:31::SCWPlatform::Opened existing hwdb Mblaze_fnd_cntr_wrapper_6
TRACE::2024-10-24.10:03:31::SCWPlatform::Found the Hw Db part of the input DSA
TRACE::2024-10-24.10:03:31::SCWMssOS::Checking the sw design at  C:/Users/SUJIN/Desktop/sg_workspace/SoC_soc_24/vitis_SoC_24/Mblaze_fnd_cntr_v2/microblaze_0/standalone_domain/bsp/system.mss
TRACE::2024-10-24.10:03:31::SCWMssOS::DEBUG:  swdes dump  C:/Users/SUJIN/Desktop/sg_workspace/SoC_soc_24/vitis_SoC_24/Mblaze_fnd_cntr_hw/microblaze_0/standalone_domain/bsp/system.mss|system||
C:/Users/SUJIN/Desktop/sg_workspace/SoC_soc_24/vitis_SoC_24/Mblaze_fnd_cntr_v2/microblaze_0/standalone_domain/bsp/system.mss|system_0||

TRACE::2024-10-24.10:03:31::SCWMssOS::Sw design exists and opened at  C:/Users/SUJIN/Desktop/sg_workspace/SoC_soc_24/vitis_SoC_24/Mblaze_fnd_cntr_v2/microblaze_0/standalone_domain/bsp/system.mss
TRACE::2024-10-24.10:03:31::SCWPlatform::Trying to open the hw design at C:/Users/SUJIN/Desktop/sg_workspace/SoC_soc_24/vitis_SoC_24/Mblaze_fnd_cntr_v2/hw/Mblaze_fnd_cntr_wrapper.xsa
TRACE::2024-10-24.10:03:31::SCWPlatform::DSA given C:/Users/SUJIN/Desktop/sg_workspace/SoC_soc_24/vitis_SoC_24/Mblaze_fnd_cntr_v2/hw/Mblaze_fnd_cntr_wrapper.xsa
TRACE::2024-10-24.10:03:31::SCWPlatform::DSA absoulate path C:/Users/SUJIN/Desktop/sg_workspace/SoC_soc_24/vitis_SoC_24/Mblaze_fnd_cntr_v2/hw/Mblaze_fnd_cntr_wrapper.xsa
TRACE::2024-10-24.10:03:31::SCWPlatform::DSA directory C:/Users/SUJIN/Desktop/sg_workspace/SoC_soc_24/vitis_SoC_24/Mblaze_fnd_cntr_v2/hw
TRACE::2024-10-24.10:03:31::SCWPlatform:: Platform Path C:/Users/SUJIN/Desktop/sg_workspace/SoC_soc_24/vitis_SoC_24/Mblaze_fnd_cntr_v2/hw/Mblaze_fnd_cntr_wrapper.xsa
TRACE::2024-10-24.10:03:31::SCWPlatform:: Unique name xilinx:basys3::0.0
TRACE::2024-10-24.10:03:31::SCWPlatform::Trying to set the existing hwdb with name Mblaze_fnd_cntr_wrapper_6
TRACE::2024-10-24.10:03:31::SCWPlatform::Opened existing hwdb Mblaze_fnd_cntr_wrapper_6
TRACE::2024-10-24.10:03:31::SCWPlatform::Found the Hw Db part of the input DSA
TRACE::2024-10-24.10:03:31::SCWMssOS::Checking the sw design at  C:/Users/SUJIN/Desktop/sg_workspace/SoC_soc_24/vitis_SoC_24/Mblaze_fnd_cntr_v2/microblaze_0/standalone_domain/bsp/system.mss
TRACE::2024-10-24.10:03:31::SCWMssOS::DEBUG:  swdes dump  C:/Users/SUJIN/Desktop/sg_workspace/SoC_soc_24/vitis_SoC_24/Mblaze_fnd_cntr_hw/microblaze_0/standalone_domain/bsp/system.mss|system||
C:/Users/SUJIN/Desktop/sg_workspace/SoC_soc_24/vitis_SoC_24/Mblaze_fnd_cntr_v2/microblaze_0/standalone_domain/bsp/system.mss|system_0||

TRACE::2024-10-24.10:03:31::SCWMssOS::Sw design exists and opened at  C:/Users/SUJIN/Desktop/sg_workspace/SoC_soc_24/vitis_SoC_24/Mblaze_fnd_cntr_v2/microblaze_0/standalone_domain/bsp/system.mss
TRACE::2024-10-24.10:03:31::SCWPlatform::Trying to open the hw design at C:/Users/SUJIN/Desktop/sg_workspace/SoC_soc_24/vitis_SoC_24/Mblaze_fnd_cntr_v2/hw/Mblaze_fnd_cntr_wrapper.xsa
TRACE::2024-10-24.10:03:31::SCWPlatform::DSA given C:/Users/SUJIN/Desktop/sg_workspace/SoC_soc_24/vitis_SoC_24/Mblaze_fnd_cntr_v2/hw/Mblaze_fnd_cntr_wrapper.xsa
TRACE::2024-10-24.10:03:31::SCWPlatform::DSA absoulate path C:/Users/SUJIN/Desktop/sg_workspace/SoC_soc_24/vitis_SoC_24/Mblaze_fnd_cntr_v2/hw/Mblaze_fnd_cntr_wrapper.xsa
TRACE::2024-10-24.10:03:31::SCWPlatform::DSA directory C:/Users/SUJIN/Desktop/sg_workspace/SoC_soc_24/vitis_SoC_24/Mblaze_fnd_cntr_v2/hw
TRACE::2024-10-24.10:03:31::SCWPlatform:: Platform Path C:/Users/SUJIN/Desktop/sg_workspace/SoC_soc_24/vitis_SoC_24/Mblaze_fnd_cntr_v2/hw/Mblaze_fnd_cntr_wrapper.xsa
TRACE::2024-10-24.10:03:31::SCWPlatform:: Unique name xilinx:basys3::0.0
TRACE::2024-10-24.10:03:31::SCWPlatform::Trying to set the existing hwdb with name Mblaze_fnd_cntr_wrapper_6
TRACE::2024-10-24.10:03:31::SCWPlatform::Opened existing hwdb Mblaze_fnd_cntr_wrapper_6
TRACE::2024-10-24.10:03:31::SCWPlatform::Found the Hw Db part of the input DSA
TRACE::2024-10-24.10:03:31::SCWMssOS::Checking the sw design at  C:/Users/SUJIN/Desktop/sg_workspace/SoC_soc_24/vitis_SoC_24/Mblaze_fnd_cntr_v2/microblaze_0/standalone_domain/bsp/system.mss
TRACE::2024-10-24.10:03:31::SCWMssOS::DEBUG:  swdes dump  C:/Users/SUJIN/Desktop/sg_workspace/SoC_soc_24/vitis_SoC_24/Mblaze_fnd_cntr_hw/microblaze_0/standalone_domain/bsp/system.mss|system||
C:/Users/SUJIN/Desktop/sg_workspace/SoC_soc_24/vitis_SoC_24/Mblaze_fnd_cntr_v2/microblaze_0/standalone_domain/bsp/system.mss|system_0||

TRACE::2024-10-24.10:03:31::SCWMssOS::Sw design exists and opened at  C:/Users/SUJIN/Desktop/sg_workspace/SoC_soc_24/vitis_SoC_24/Mblaze_fnd_cntr_v2/microblaze_0/standalone_domain/bsp/system.mss
TRACE::2024-10-24.10:03:31::SCWWriter::formatted JSON is {
	"platformName":	"Mblaze_fnd_cntr_v2",
	"sprVersion":	"2.0",
	"mode":	"gui",
	"dsaType":	"Fixed",
	"platformDesc":	"Mblaze_fnd_cntr_v2",
	"platHandOff":	"C:/Users/SUJIN/Desktop/sg_workspace/SoC_soc_24/Mblaze_fnd_cntr_wrapper.xsa",
	"platIntHandOff":	"<platformDir>/hw/Mblaze_fnd_cntr_wrapper.xsa",
	"deviceType":	"FPGA",
	"platIsPrebuiltAutogen":	"false",
	"platIsNoBootBsp":	"false",
	"hasFsblMakeHasChanges":	"false",
	"hasPmufwMakeHasChanges":	"false",
	"platPreBuiltFlag":	false,
	"platformSamplesDir":	"",
	"platActiveSys":	"Mblaze_fnd_cntr_v2",
	"systems":	[{
			"systemName":	"Mblaze_fnd_cntr_v2",
			"systemDesc":	"Mblaze_fnd_cntr_v2",
			"sysIsBootAutoGen":	"true",
			"systemDispName":	"Mblaze_fnd_cntr_v2",
			"sysActiveDom":	"standalone_domain",
			"sysDefaultDom":	"standalone_domain",
			"domains":	[{
					"domainName":	"standalone_domain",
					"domainDispName":	"standalone on microblaze_0",
					"domainDesc":	"standalone_domain",
					"processors":	"microblaze_0",
					"os":	"standalone",
					"sdxOs":	"standalone",
					"debugEnable":	"False",
					"domRuntimes":	["cpp"],
					"swRepo":	"",
					"mssOsVer":	"7.1",
					"mssFile":	"",
					"md5Digest":	"3058066e4ca0fc25659ba337ec202bf1",
					"compatibleApp":	"",
					"domType":	"mssDomain",
					"appSettings":	{
						"appCompilerFlags":	"",
						"appLinkerFlags":	""
					},
					"addedLibs":	[],
					"libOptions":	{
						"libsContainingOptions":	[]
					},
					"prebuiltLibs":	{
						"prebuiltIncPath":	[],
						"prebuiltLibPath":	[]
					},
					"isolation":	{
					}
				}]
		}]
}
TRACE::2024-10-24.10:03:31::SCWPlatform::Clearing the existing platform
TRACE::2024-10-24.10:03:31::SCWSystem::Clearing the existing sysconfig
TRACE::2024-10-24.10:03:31::SCWMssOS::Removing the swdes entry for  C:/Users/SUJIN/Desktop/sg_workspace/SoC_soc_24/vitis_SoC_24/Mblaze_fnd_cntr_v2/microblaze_0/standalone_domain/bsp/system.mss
TRACE::2024-10-24.10:03:31::SCWSystem::Clearing the domains completed.
TRACE::2024-10-24.10:03:31::SCWPlatform::Clearing the opened hw db.
TRACE::2024-10-24.10:03:31::SCWPlatform::DSA given C:/Users/SUJIN/Desktop/sg_workspace/SoC_soc_24/vitis_SoC_24/Mblaze_fnd_cntr_v2/hw/Mblaze_fnd_cntr_wrapper.xsa
TRACE::2024-10-24.10:03:31::SCWPlatform::DSA absoulate path C:/Users/SUJIN/Desktop/sg_workspace/SoC_soc_24/vitis_SoC_24/Mblaze_fnd_cntr_v2/hw/Mblaze_fnd_cntr_wrapper.xsa
TRACE::2024-10-24.10:03:31::SCWPlatform:: Platform location is C:/Users/SUJIN/Desktop/sg_workspace/SoC_soc_24/vitis_SoC_24/Mblaze_fnd_cntr_v2/hw
TRACE::2024-10-24.10:03:31::SCWPlatform:: Platform Path C:/Users/SUJIN/Desktop/sg_workspace/SoC_soc_24/vitis_SoC_24/Mblaze_fnd_cntr_v2/hw/Mblaze_fnd_cntr_wrapper.xsa
TRACE::2024-10-24.10:03:31::SCWPlatform:: Unique name xilinx:basys3::0.0
TRACE::2024-10-24.10:03:31::SCWPlatform::Removing the HwDB with name C:/Users/SUJIN/Desktop/sg_workspace/SoC_soc_24/vitis_SoC_24/Mblaze_fnd_cntr_v2/hw/Mblaze_fnd_cntr_wrapper.xsa
TRACE::2024-10-24.10:03:31::SCWPlatform::Trying to open the hw design at C:/Users/SUJIN/Desktop/sg_workspace/SoC_soc_24/vitis_SoC_24/Mblaze_fnd_cntr_v2/hw/Mblaze_fnd_cntr_wrapper.xsa
TRACE::2024-10-24.10:03:31::SCWPlatform::DSA given C:/Users/SUJIN/Desktop/sg_workspace/SoC_soc_24/vitis_SoC_24/Mblaze_fnd_cntr_v2/hw/Mblaze_fnd_cntr_wrapper.xsa
TRACE::2024-10-24.10:03:31::SCWPlatform::DSA absoulate path C:/Users/SUJIN/Desktop/sg_workspace/SoC_soc_24/vitis_SoC_24/Mblaze_fnd_cntr_v2/hw/Mblaze_fnd_cntr_wrapper.xsa
TRACE::2024-10-24.10:03:31::SCWPlatform::DSA directory C:/Users/SUJIN/Desktop/sg_workspace/SoC_soc_24/vitis_SoC_24/Mblaze_fnd_cntr_v2/hw
TRACE::2024-10-24.10:03:31::SCWPlatform:: Platform Path C:/Users/SUJIN/Desktop/sg_workspace/SoC_soc_24/vitis_SoC_24/Mblaze_fnd_cntr_v2/hw/Mblaze_fnd_cntr_wrapper.xsa
TRACE::2024-10-24.10:03:31::SCWPlatform:: Unique name xilinx:basys3::0.0
TRACE::2024-10-24.10:03:31::SCWPlatform::Do not have an existing db opened. 
TRACE::2024-10-24.10:03:31::SCWPlatform::Opened new HwDB with name Mblaze_fnd_cntr_wrapper_7
TRACE::2024-10-24.10:03:31::SCWReader::Active system found as  Mblaze_fnd_cntr_v2
TRACE::2024-10-24.10:03:31::SCWReader::Handling sysconfig Mblaze_fnd_cntr_v2
TRACE::2024-10-24.10:03:31::SCWDomain::checking for install qemu data   : 
TRACE::2024-10-24.10:03:31::SCWPlatform::Trying to open the hw design at C:/Users/SUJIN/Desktop/sg_workspace/SoC_soc_24/vitis_SoC_24/Mblaze_fnd_cntr_v2/hw/Mblaze_fnd_cntr_wrapper.xsa
TRACE::2024-10-24.10:03:31::SCWPlatform::DSA given C:/Users/SUJIN/Desktop/sg_workspace/SoC_soc_24/vitis_SoC_24/Mblaze_fnd_cntr_v2/hw/Mblaze_fnd_cntr_wrapper.xsa
TRACE::2024-10-24.10:03:31::SCWPlatform::DSA absoulate path C:/Users/SUJIN/Desktop/sg_workspace/SoC_soc_24/vitis_SoC_24/Mblaze_fnd_cntr_v2/hw/Mblaze_fnd_cntr_wrapper.xsa
TRACE::2024-10-24.10:03:31::SCWPlatform::DSA directory C:/Users/SUJIN/Desktop/sg_workspace/SoC_soc_24/vitis_SoC_24/Mblaze_fnd_cntr_v2/hw
TRACE::2024-10-24.10:03:31::SCWPlatform:: Platform Path C:/Users/SUJIN/Desktop/sg_workspace/SoC_soc_24/vitis_SoC_24/Mblaze_fnd_cntr_v2/hw/Mblaze_fnd_cntr_wrapper.xsa
TRACE::2024-10-24.10:03:31::SCWPlatform:: Unique name xilinx:basys3::0.0
TRACE::2024-10-24.10:03:31::SCWPlatform::Trying to set the existing hwdb with name Mblaze_fnd_cntr_wrapper_7
TRACE::2024-10-24.10:03:31::SCWPlatform::Opened existing hwdb Mblaze_fnd_cntr_wrapper_7
TRACE::2024-10-24.10:03:31::SCWPlatform::Found the Hw Db part of the input DSA
TRACE::2024-10-24.10:03:31::SCWPlatform::Trying to open the hw design at C:/Users/SUJIN/Desktop/sg_workspace/SoC_soc_24/vitis_SoC_24/Mblaze_fnd_cntr_v2/hw/Mblaze_fnd_cntr_wrapper.xsa
TRACE::2024-10-24.10:03:31::SCWPlatform::DSA given C:/Users/SUJIN/Desktop/sg_workspace/SoC_soc_24/vitis_SoC_24/Mblaze_fnd_cntr_v2/hw/Mblaze_fnd_cntr_wrapper.xsa
TRACE::2024-10-24.10:03:31::SCWPlatform::DSA absoulate path C:/Users/SUJIN/Desktop/sg_workspace/SoC_soc_24/vitis_SoC_24/Mblaze_fnd_cntr_v2/hw/Mblaze_fnd_cntr_wrapper.xsa
TRACE::2024-10-24.10:03:31::SCWPlatform::DSA directory C:/Users/SUJIN/Desktop/sg_workspace/SoC_soc_24/vitis_SoC_24/Mblaze_fnd_cntr_v2/hw
TRACE::2024-10-24.10:03:31::SCWPlatform:: Platform Path C:/Users/SUJIN/Desktop/sg_workspace/SoC_soc_24/vitis_SoC_24/Mblaze_fnd_cntr_v2/hw/Mblaze_fnd_cntr_wrapper.xsa
TRACE::2024-10-24.10:03:31::SCWPlatform:: Unique name xilinx:basys3::0.0
TRACE::2024-10-24.10:03:31::SCWPlatform::Trying to set the existing hwdb with name Mblaze_fnd_cntr_wrapper_7
TRACE::2024-10-24.10:03:31::SCWPlatform::Opened existing hwdb Mblaze_fnd_cntr_wrapper_7
TRACE::2024-10-24.10:03:31::SCWPlatform::Found the Hw Db part of the input DSA
TRACE::2024-10-24.10:03:31::SCWPlatform::Trying to open the hw design at C:/Users/SUJIN/Desktop/sg_workspace/SoC_soc_24/vitis_SoC_24/Mblaze_fnd_cntr_v2/hw/Mblaze_fnd_cntr_wrapper.xsa
TRACE::2024-10-24.10:03:31::SCWPlatform::DSA given C:/Users/SUJIN/Desktop/sg_workspace/SoC_soc_24/vitis_SoC_24/Mblaze_fnd_cntr_v2/hw/Mblaze_fnd_cntr_wrapper.xsa
TRACE::2024-10-24.10:03:31::SCWPlatform::DSA absoulate path C:/Users/SUJIN/Desktop/sg_workspace/SoC_soc_24/vitis_SoC_24/Mblaze_fnd_cntr_v2/hw/Mblaze_fnd_cntr_wrapper.xsa
TRACE::2024-10-24.10:03:31::SCWPlatform::DSA directory C:/Users/SUJIN/Desktop/sg_workspace/SoC_soc_24/vitis_SoC_24/Mblaze_fnd_cntr_v2/hw
TRACE::2024-10-24.10:03:31::SCWPlatform:: Platform Path C:/Users/SUJIN/Desktop/sg_workspace/SoC_soc_24/vitis_SoC_24/Mblaze_fnd_cntr_v2/hw/Mblaze_fnd_cntr_wrapper.xsa
TRACE::2024-10-24.10:03:31::SCWPlatform:: Unique name xilinx:basys3::0.0
TRACE::2024-10-24.10:03:31::SCWPlatform::Trying to set the existing hwdb with name Mblaze_fnd_cntr_wrapper_7
TRACE::2024-10-24.10:03:31::SCWPlatform::Opened existing hwdb Mblaze_fnd_cntr_wrapper_7
TRACE::2024-10-24.10:03:31::SCWPlatform::Found the Hw Db part of the input DSA
TRACE::2024-10-24.10:03:31::SCWMssOS::Checking the sw design at  C:/Users/SUJIN/Desktop/sg_workspace/SoC_soc_24/vitis_SoC_24/Mblaze_fnd_cntr_v2/microblaze_0/standalone_domain/bsp/system.mss
TRACE::2024-10-24.10:03:31::SCWMssOS::DEBUG:  swdes dump  C:/Users/SUJIN/Desktop/sg_workspace/SoC_soc_24/vitis_SoC_24/Mblaze_fnd_cntr_hw/microblaze_0/standalone_domain/bsp/system.mss|system||

TRACE::2024-10-24.10:03:31::SCWMssOS::No sw design opened at  C:/Users/SUJIN/Desktop/sg_workspace/SoC_soc_24/vitis_SoC_24/Mblaze_fnd_cntr_v2/microblaze_0/standalone_domain/bsp/system.mss
TRACE::2024-10-24.10:03:31::SCWMssOS::mss exists loading the mss file  C:/Users/SUJIN/Desktop/sg_workspace/SoC_soc_24/vitis_SoC_24/Mblaze_fnd_cntr_v2/microblaze_0/standalone_domain/bsp/system.mss
TRACE::2024-10-24.10:03:31::SCWMssOS::Opened the sw design from mss  C:/Users/SUJIN/Desktop/sg_workspace/SoC_soc_24/vitis_SoC_24/Mblaze_fnd_cntr_v2/microblaze_0/standalone_domain/bsp/system.mss
TRACE::2024-10-24.10:03:31::SCWMssOS::Adding the swdes entry C:/Users/SUJIN/Desktop/sg_workspace/SoC_soc_24/vitis_SoC_24/Mblaze_fnd_cntr_v2/microblaze_0/standalone_domain/bsp/system.mss with des name system_0
TRACE::2024-10-24.10:03:31::SCWMssOS::updating the scw layer about changes
TRACE::2024-10-24.10:03:31::SCWMssOS::Opened the sw design.  C:/Users/SUJIN/Desktop/sg_workspace/SoC_soc_24/vitis_SoC_24/Mblaze_fnd_cntr_v2/microblaze_0/standalone_domain/bsp/system.mss
TRACE::2024-10-24.10:03:31::SCWReader::Adding prebuilt librarypaths as   
TRACE::2024-10-24.10:03:31::SCWReader::Adding prebuilt incpaths  as   
TRACE::2024-10-24.10:03:31::SCWPlatform::Trying to open the hw design at C:/Users/SUJIN/Desktop/sg_workspace/SoC_soc_24/vitis_SoC_24/Mblaze_fnd_cntr_v2/hw/Mblaze_fnd_cntr_wrapper.xsa
TRACE::2024-10-24.10:03:31::SCWPlatform::DSA given C:/Users/SUJIN/Desktop/sg_workspace/SoC_soc_24/vitis_SoC_24/Mblaze_fnd_cntr_v2/hw/Mblaze_fnd_cntr_wrapper.xsa
TRACE::2024-10-24.10:03:31::SCWPlatform::DSA absoulate path C:/Users/SUJIN/Desktop/sg_workspace/SoC_soc_24/vitis_SoC_24/Mblaze_fnd_cntr_v2/hw/Mblaze_fnd_cntr_wrapper.xsa
TRACE::2024-10-24.10:03:31::SCWPlatform::DSA directory C:/Users/SUJIN/Desktop/sg_workspace/SoC_soc_24/vitis_SoC_24/Mblaze_fnd_cntr_v2/hw
TRACE::2024-10-24.10:03:31::SCWPlatform:: Platform Path C:/Users/SUJIN/Desktop/sg_workspace/SoC_soc_24/vitis_SoC_24/Mblaze_fnd_cntr_v2/hw/Mblaze_fnd_cntr_wrapper.xsa
TRACE::2024-10-24.10:03:31::SCWPlatform:: Unique name xilinx:basys3::0.0
TRACE::2024-10-24.10:03:31::SCWPlatform::Trying to set the existing hwdb with name Mblaze_fnd_cntr_wrapper_7
TRACE::2024-10-24.10:03:31::SCWPlatform::Opened existing hwdb Mblaze_fnd_cntr_wrapper_7
TRACE::2024-10-24.10:03:31::SCWPlatform::Found the Hw Db part of the input DSA
TRACE::2024-10-24.10:03:31::SCWMssOS::Checking the sw design at  C:/Users/SUJIN/Desktop/sg_workspace/SoC_soc_24/vitis_SoC_24/Mblaze_fnd_cntr_v2/microblaze_0/standalone_domain/bsp/system.mss
TRACE::2024-10-24.10:03:31::SCWMssOS::DEBUG:  swdes dump  C:/Users/SUJIN/Desktop/sg_workspace/SoC_soc_24/vitis_SoC_24/Mblaze_fnd_cntr_hw/microblaze_0/standalone_domain/bsp/system.mss|system||
C:/Users/SUJIN/Desktop/sg_workspace/SoC_soc_24/vitis_SoC_24/Mblaze_fnd_cntr_v2/microblaze_0/standalone_domain/bsp/system.mss|system_0||

TRACE::2024-10-24.10:03:31::SCWMssOS::Sw design exists and opened at  C:/Users/SUJIN/Desktop/sg_workspace/SoC_soc_24/vitis_SoC_24/Mblaze_fnd_cntr_v2/microblaze_0/standalone_domain/bsp/system.mss
TRACE::2024-10-24.10:03:31::SCWReader::No isolation master present  
TRACE::2024-10-24.10:03:31::SCWPlatform::Trying to open the hw design at C:/Users/SUJIN/Desktop/sg_workspace/SoC_soc_24/vitis_SoC_24/Mblaze_fnd_cntr_v2/hw/Mblaze_fnd_cntr_wrapper.xsa
TRACE::2024-10-24.10:03:31::SCWPlatform::DSA given C:/Users/SUJIN/Desktop/sg_workspace/SoC_soc_24/vitis_SoC_24/Mblaze_fnd_cntr_v2/hw/Mblaze_fnd_cntr_wrapper.xsa
TRACE::2024-10-24.10:03:31::SCWPlatform::DSA absoulate path C:/Users/SUJIN/Desktop/sg_workspace/SoC_soc_24/vitis_SoC_24/Mblaze_fnd_cntr_v2/hw/Mblaze_fnd_cntr_wrapper.xsa
TRACE::2024-10-24.10:03:31::SCWPlatform::DSA directory C:/Users/SUJIN/Desktop/sg_workspace/SoC_soc_24/vitis_SoC_24/Mblaze_fnd_cntr_v2/hw
TRACE::2024-10-24.10:03:31::SCWPlatform:: Platform Path C:/Users/SUJIN/Desktop/sg_workspace/SoC_soc_24/vitis_SoC_24/Mblaze_fnd_cntr_v2/hw/Mblaze_fnd_cntr_wrapper.xsa
TRACE::2024-10-24.10:03:31::SCWPlatform:: Unique name xilinx:basys3::0.0
TRACE::2024-10-24.10:03:31::SCWPlatform::Trying to set the existing hwdb with name Mblaze_fnd_cntr_wrapper_7
TRACE::2024-10-24.10:03:31::SCWPlatform::Opened existing hwdb Mblaze_fnd_cntr_wrapper_7
TRACE::2024-10-24.10:03:31::SCWPlatform::Found the Hw Db part of the input DSA
TRACE::2024-10-24.10:03:31::SCWMssOS::Checking the sw design at  C:/Users/SUJIN/Desktop/sg_workspace/SoC_soc_24/vitis_SoC_24/Mblaze_fnd_cntr_v2/microblaze_0/standalone_domain/bsp/system.mss
TRACE::2024-10-24.10:03:31::SCWMssOS::DEBUG:  swdes dump  C:/Users/SUJIN/Desktop/sg_workspace/SoC_soc_24/vitis_SoC_24/Mblaze_fnd_cntr_hw/microblaze_0/standalone_domain/bsp/system.mss|system||
C:/Users/SUJIN/Desktop/sg_workspace/SoC_soc_24/vitis_SoC_24/Mblaze_fnd_cntr_v2/microblaze_0/standalone_domain/bsp/system.mss|system_0||

TRACE::2024-10-24.10:03:31::SCWMssOS::Sw design exists and opened at  C:/Users/SUJIN/Desktop/sg_workspace/SoC_soc_24/vitis_SoC_24/Mblaze_fnd_cntr_v2/microblaze_0/standalone_domain/bsp/system.mss
TRACE::2024-10-24.10:03:32::SCWMssOS::In reload Mss file.
TRACE::2024-10-24.10:03:32::SCWPlatform::Trying to open the hw design at C:/Users/SUJIN/Desktop/sg_workspace/SoC_soc_24/vitis_SoC_24/Mblaze_fnd_cntr_v2/hw/Mblaze_fnd_cntr_wrapper.xsa
TRACE::2024-10-24.10:03:32::SCWPlatform::DSA given C:/Users/SUJIN/Desktop/sg_workspace/SoC_soc_24/vitis_SoC_24/Mblaze_fnd_cntr_v2/hw/Mblaze_fnd_cntr_wrapper.xsa
TRACE::2024-10-24.10:03:32::SCWPlatform::DSA absoulate path C:/Users/SUJIN/Desktop/sg_workspace/SoC_soc_24/vitis_SoC_24/Mblaze_fnd_cntr_v2/hw/Mblaze_fnd_cntr_wrapper.xsa
TRACE::2024-10-24.10:03:32::SCWPlatform::DSA directory C:/Users/SUJIN/Desktop/sg_workspace/SoC_soc_24/vitis_SoC_24/Mblaze_fnd_cntr_v2/hw
TRACE::2024-10-24.10:03:32::SCWPlatform:: Platform Path C:/Users/SUJIN/Desktop/sg_workspace/SoC_soc_24/vitis_SoC_24/Mblaze_fnd_cntr_v2/hw/Mblaze_fnd_cntr_wrapper.xsa
TRACE::2024-10-24.10:03:32::SCWPlatform:: Unique name xilinx:basys3::0.0
TRACE::2024-10-24.10:03:32::SCWPlatform::Trying to set the existing hwdb with name Mblaze_fnd_cntr_wrapper_7
TRACE::2024-10-24.10:03:32::SCWPlatform::Opened existing hwdb Mblaze_fnd_cntr_wrapper_7
TRACE::2024-10-24.10:03:32::SCWPlatform::Found the Hw Db part of the input DSA
TRACE::2024-10-24.10:03:32::SCWMssOS::Checking the sw design at  C:/Users/SUJIN/Desktop/sg_workspace/SoC_soc_24/vitis_SoC_24/Mblaze_fnd_cntr_v2/microblaze_0/standalone_domain/bsp/system.mss
TRACE::2024-10-24.10:03:32::SCWMssOS::DEBUG:  swdes dump  C:/Users/SUJIN/Desktop/sg_workspace/SoC_soc_24/vitis_SoC_24/Mblaze_fnd_cntr_hw/microblaze_0/standalone_domain/bsp/system.mss|system||
C:/Users/SUJIN/Desktop/sg_workspace/SoC_soc_24/vitis_SoC_24/Mblaze_fnd_cntr_v2/microblaze_0/standalone_domain/bsp/system.mss|system_0||

KEYINFO::2024-10-24.10:03:32::SCWMssOS::Could not open the swdb for system_0
KEYINFO::2024-10-24.10:03:32::SCWMssOS::Could not open the sw design at  system_0
ERROR: [Hsi 55-1558] Software Design system_0 is not found

TRACE::2024-10-24.10:03:32::SCWMssOS::Cleared the swdb table entry
TRACE::2024-10-24.10:03:32::SCWMssOS::No sw design opened at  C:/Users/SUJIN/Desktop/sg_workspace/SoC_soc_24/vitis_SoC_24/Mblaze_fnd_cntr_v2/microblaze_0/standalone_domain/bsp/system.mss
TRACE::2024-10-24.10:03:32::SCWMssOS::mss exists loading the mss file  C:/Users/SUJIN/Desktop/sg_workspace/SoC_soc_24/vitis_SoC_24/Mblaze_fnd_cntr_v2/microblaze_0/standalone_domain/bsp/system.mss
TRACE::2024-10-24.10:03:32::SCWMssOS::Opened the sw design from mss  C:/Users/SUJIN/Desktop/sg_workspace/SoC_soc_24/vitis_SoC_24/Mblaze_fnd_cntr_v2/microblaze_0/standalone_domain/bsp/system.mss
TRACE::2024-10-24.10:03:32::SCWMssOS::Adding the swdes entry C:/Users/SUJIN/Desktop/sg_workspace/SoC_soc_24/vitis_SoC_24/Mblaze_fnd_cntr_v2/microblaze_0/standalone_domain/bsp/system.mss with des name system_0
TRACE::2024-10-24.10:03:32::SCWMssOS::updating the scw layer about changes
TRACE::2024-10-24.10:03:32::SCWMssOS::Opened the sw design.  C:/Users/SUJIN/Desktop/sg_workspace/SoC_soc_24/vitis_SoC_24/Mblaze_fnd_cntr_v2/microblaze_0/standalone_domain/bsp/system.mss
TRACE::2024-10-24.10:03:32::SCWPlatform::Trying to open the hw design at C:/Users/SUJIN/Desktop/sg_workspace/SoC_soc_24/vitis_SoC_24/Mblaze_fnd_cntr_v2/hw/Mblaze_fnd_cntr_wrapper.xsa
TRACE::2024-10-24.10:03:32::SCWPlatform::DSA given C:/Users/SUJIN/Desktop/sg_workspace/SoC_soc_24/vitis_SoC_24/Mblaze_fnd_cntr_v2/hw/Mblaze_fnd_cntr_wrapper.xsa
TRACE::2024-10-24.10:03:32::SCWPlatform::DSA absoulate path C:/Users/SUJIN/Desktop/sg_workspace/SoC_soc_24/vitis_SoC_24/Mblaze_fnd_cntr_v2/hw/Mblaze_fnd_cntr_wrapper.xsa
TRACE::2024-10-24.10:03:32::SCWPlatform::DSA directory C:/Users/SUJIN/Desktop/sg_workspace/SoC_soc_24/vitis_SoC_24/Mblaze_fnd_cntr_v2/hw
TRACE::2024-10-24.10:03:32::SCWPlatform:: Platform Path C:/Users/SUJIN/Desktop/sg_workspace/SoC_soc_24/vitis_SoC_24/Mblaze_fnd_cntr_v2/hw/Mblaze_fnd_cntr_wrapper.xsa
TRACE::2024-10-24.10:03:32::SCWPlatform:: Unique name xilinx:basys3::0.0
TRACE::2024-10-24.10:03:32::SCWPlatform::Trying to set the existing hwdb with name Mblaze_fnd_cntr_wrapper_7
TRACE::2024-10-24.10:03:32::SCWPlatform::Opened existing hwdb Mblaze_fnd_cntr_wrapper_7
TRACE::2024-10-24.10:03:32::SCWPlatform::Found the Hw Db part of the input DSA
TRACE::2024-10-24.10:03:32::SCWMssOS::Checking the sw design at  C:/Users/SUJIN/Desktop/sg_workspace/SoC_soc_24/vitis_SoC_24/Mblaze_fnd_cntr_v2/microblaze_0/standalone_domain/bsp/system.mss
TRACE::2024-10-24.10:03:32::SCWMssOS::DEBUG:  swdes dump  C:/Users/SUJIN/Desktop/sg_workspace/SoC_soc_24/vitis_SoC_24/Mblaze_fnd_cntr_hw/microblaze_0/standalone_domain/bsp/system.mss|system||
C:/Users/SUJIN/Desktop/sg_workspace/SoC_soc_24/vitis_SoC_24/Mblaze_fnd_cntr_v2/microblaze_0/standalone_domain/bsp/system.mss|system_0||

TRACE::2024-10-24.10:03:32::SCWMssOS::Sw design exists and opened at  C:/Users/SUJIN/Desktop/sg_workspace/SoC_soc_24/vitis_SoC_24/Mblaze_fnd_cntr_v2/microblaze_0/standalone_domain/bsp/system.mss
TRACE::2024-10-24.10:03:32::SCWMssOS::Removing the swdes entry for  C:/Users/SUJIN/Desktop/sg_workspace/SoC_soc_24/vitis_SoC_24/Mblaze_fnd_cntr_v2/microblaze_0/standalone_domain/bsp/system.mss
LOG::2024-10-24.10:03:49::SCWPlatform::Started generating the artifacts platform Mblaze_fnd_cntr_v2
TRACE::2024-10-24.10:03:49::SCWPlatform::Sanity checking of platform is completed
LOG::2024-10-24.10:03:49::SCWPlatform::Started generating the artifacts for system configuration Mblaze_fnd_cntr_v2
LOG::2024-10-24.10:03:49::SCWSystem::Checking the domain standalone_domain
LOG::2024-10-24.10:03:49::SCWSystem::Not a boot domain 
LOG::2024-10-24.10:03:49::SCWSystem::Started Processing the domain standalone_domain
TRACE::2024-10-24.10:03:49::SCWDomain::Generating domain artifcats
TRACE::2024-10-24.10:03:49::SCWMssOS::Generating standalone artifcats
TRACE::2024-10-24.10:03:49::SCWMssOS:: Copying the user libraries. 
TRACE::2024-10-24.10:03:49::SCWPlatform::Trying to open the hw design at C:/Users/SUJIN/Desktop/sg_workspace/SoC_soc_24/vitis_SoC_24/Mblaze_fnd_cntr_v2/hw/Mblaze_fnd_cntr_wrapper.xsa
TRACE::2024-10-24.10:03:49::SCWPlatform::DSA given C:/Users/SUJIN/Desktop/sg_workspace/SoC_soc_24/vitis_SoC_24/Mblaze_fnd_cntr_v2/hw/Mblaze_fnd_cntr_wrapper.xsa
TRACE::2024-10-24.10:03:49::SCWPlatform::DSA absoulate path C:/Users/SUJIN/Desktop/sg_workspace/SoC_soc_24/vitis_SoC_24/Mblaze_fnd_cntr_v2/hw/Mblaze_fnd_cntr_wrapper.xsa
TRACE::2024-10-24.10:03:49::SCWPlatform::DSA directory C:/Users/SUJIN/Desktop/sg_workspace/SoC_soc_24/vitis_SoC_24/Mblaze_fnd_cntr_v2/hw
TRACE::2024-10-24.10:03:49::SCWPlatform:: Platform Path C:/Users/SUJIN/Desktop/sg_workspace/SoC_soc_24/vitis_SoC_24/Mblaze_fnd_cntr_v2/hw/Mblaze_fnd_cntr_wrapper.xsa
TRACE::2024-10-24.10:03:49::SCWPlatform:: Unique name xilinx:basys3::0.0
TRACE::2024-10-24.10:03:49::SCWPlatform::Trying to set the existing hwdb with name Mblaze_fnd_cntr_wrapper_7
TRACE::2024-10-24.10:03:49::SCWPlatform::Opened existing hwdb Mblaze_fnd_cntr_wrapper_7
TRACE::2024-10-24.10:03:49::SCWPlatform::Found the Hw Db part of the input DSA
TRACE::2024-10-24.10:03:49::SCWMssOS::Checking the sw design at  C:/Users/SUJIN/Desktop/sg_workspace/SoC_soc_24/vitis_SoC_24/Mblaze_fnd_cntr_v2/microblaze_0/standalone_domain/bsp/system.mss
TRACE::2024-10-24.10:03:49::SCWMssOS::DEBUG:  swdes dump  C:/Users/SUJIN/Desktop/sg_workspace/SoC_soc_24/vitis_SoC_24/Mblaze_fnd_cntr_hw/microblaze_0/standalone_domain/bsp/system.mss|system||

TRACE::2024-10-24.10:03:49::SCWMssOS::No sw design opened at  C:/Users/SUJIN/Desktop/sg_workspace/SoC_soc_24/vitis_SoC_24/Mblaze_fnd_cntr_v2/microblaze_0/standalone_domain/bsp/system.mss
TRACE::2024-10-24.10:03:49::SCWMssOS::mss exists loading the mss file  C:/Users/SUJIN/Desktop/sg_workspace/SoC_soc_24/vitis_SoC_24/Mblaze_fnd_cntr_v2/microblaze_0/standalone_domain/bsp/system.mss
TRACE::2024-10-24.10:03:49::SCWMssOS::Opened the sw design from mss  C:/Users/SUJIN/Desktop/sg_workspace/SoC_soc_24/vitis_SoC_24/Mblaze_fnd_cntr_v2/microblaze_0/standalone_domain/bsp/system.mss
TRACE::2024-10-24.10:03:49::SCWMssOS::Adding the swdes entry C:/Users/SUJIN/Desktop/sg_workspace/SoC_soc_24/vitis_SoC_24/Mblaze_fnd_cntr_v2/microblaze_0/standalone_domain/bsp/system.mss with des name system_0
TRACE::2024-10-24.10:03:49::SCWMssOS::updating the scw layer about changes
TRACE::2024-10-24.10:03:49::SCWMssOS::Opened the sw design.  C:/Users/SUJIN/Desktop/sg_workspace/SoC_soc_24/vitis_SoC_24/Mblaze_fnd_cntr_v2/microblaze_0/standalone_domain/bsp/system.mss
TRACE::2024-10-24.10:03:49::SCWMssOS::Completed writing the mss file at C:/Users/SUJIN/Desktop/sg_workspace/SoC_soc_24/vitis_SoC_24/Mblaze_fnd_cntr_v2/microblaze_0/standalone_domain/bsp
TRACE::2024-10-24.10:03:49::SCWMssOS::Mss edits present, copying mssfile into export location C:/Users/SUJIN/Desktop/sg_workspace/SoC_soc_24/vitis_SoC_24/Mblaze_fnd_cntr_v2/microblaze_0/standalone_domain/bsp/system.mss
TRACE::2024-10-24.10:03:49::SCWMssOS::bsp generated is upto date with the mss file. Skipping bsp generation.
TRACE::2024-10-24.10:03:49::SCWMssOS::BSP is already built. skipping the bsp build ... 
TRACE::2024-10-24.10:03:49::SCWDomain::Building the domain as part of full build :  standalone_domain
TRACE::2024-10-24.10:03:49::SCWMssOS::doing bsp build ... 
TRACE::2024-10-24.10:03:49::SCWMssOS::System Command Ran  C: & cd  C:/Users/SUJIN/Desktop/sg_workspace/SoC_soc_24/vitis_SoC_24/Mblaze_fnd_cntr_v2/microblaze_0/standalone_domain/bsp & make 
TRACE::2024-10-24.10:03:50::SCWMssOS::"Running Make include in microblaze_0/libsrc/bram_v4_3/src"

TRACE::2024-10-24.10:03:50::SCWMssOS::make -C microblaze_0/libsrc/bram_v4_3/src -s include  "SHELL=CMD" "COMPILER=mb-gcc" "ASSEMBLER=mb-as" "ARCHIVER=mb-ar" "COMPILE
TRACE::2024-10-24.10:03:50::SCWMssOS::R_FLAGS=  -O2 -c -mcpu=v11.0 -mlittle-endian -mno-xl-reorder -mno-xl-soft-mul -mxl-barrel-shift -mxl-pattern-compare" "EXTRA_CO
TRACE::2024-10-24.10:03:50::SCWMssOS::MPILER_FLAGS=-g -ffunction-sections -fdata-sections -Wall -Wextra"

TRACE::2024-10-24.10:03:50::SCWMssOS::"Running Make include in microblaze_0/libsrc/cpu_v2_10/src"

TRACE::2024-10-24.10:03:50::SCWMssOS::make -C microblaze_0/libsrc/cpu_v2_10/src -s include  "SHELL=CMD" "COMPILER=mb-gcc" "ASSEMBLER=mb-as" "ARCHIVER=mb-ar" "COMPILE
TRACE::2024-10-24.10:03:50::SCWMssOS::R_FLAGS=  -O2 -c -mcpu=v11.0 -mlittle-endian -mno-xl-reorder -mno-xl-soft-mul -mxl-barrel-shift -mxl-pattern-compare" "EXTRA_CO
TRACE::2024-10-24.10:03:50::SCWMssOS::MPILER_FLAGS=-g -ffunction-sections -fdata-sections -Wall -Wextra"

TRACE::2024-10-24.10:03:50::SCWMssOS::"Running Make include in microblaze_0/libsrc/myip_fnd_cntr_v1_0/src"

TRACE::2024-10-24.10:03:50::SCWMssOS::make -C microblaze_0/libsrc/myip_fnd_cntr_v1_0/src -s include  "SHELL=CMD" "COMPILER=mb-gcc" "ASSEMBLER=mb-as" "ARCHIVER=mb-ar"
TRACE::2024-10-24.10:03:50::SCWMssOS:: "COMPILER_FLAGS=  -O2 -c -mcpu=v11.0 -mlittle-endian -mno-xl-reorder -mno-xl-soft-mul -mxl-barrel-shift -mxl-pattern-compare" 
TRACE::2024-10-24.10:03:50::SCWMssOS::"EXTRA_COMPILER_FLAGS=-g -ffunction-sections -fdata-sections -Wall -Wextra"

TRACE::2024-10-24.10:03:50::SCWMssOS::"Running Make include in microblaze_0/libsrc/standalone_v7_1/src"

TRACE::2024-10-24.10:03:50::SCWMssOS::make -C microblaze_0/libsrc/standalone_v7_1/src -s include  "SHELL=CMD" "COMPILER=mb-gcc" "ASSEMBLER=mb-as" "ARCHIVER=mb-ar" "C
TRACE::2024-10-24.10:03:50::SCWMssOS::OMPILER_FLAGS=  -O2 -c -mcpu=v11.0 -mlittle-endian -mno-xl-reorder -mno-xl-soft-mul -mxl-barrel-shift -mxl-pattern-compare" "EX
TRACE::2024-10-24.10:03:50::SCWMssOS::TRA_COMPILER_FLAGS=-g -ffunction-sections -fdata-sections -Wall -Wextra"

TRACE::2024-10-24.10:03:50::SCWMssOS::"Running Make include in microblaze_0/libsrc/uartlite_v3_3/src"

TRACE::2024-10-24.10:03:50::SCWMssOS::make -C microblaze_0/libsrc/uartlite_v3_3/src -s include  "SHELL=CMD" "COMPILER=mb-gcc" "ASSEMBLER=mb-as" "ARCHIVER=mb-ar" "COM
TRACE::2024-10-24.10:03:50::SCWMssOS::PILER_FLAGS=  -O2 -c -mcpu=v11.0 -mlittle-endian -mno-xl-reorder -mno-xl-soft-mul -mxl-barrel-shift -mxl-pattern-compare" "EXTR
TRACE::2024-10-24.10:03:50::SCWMssOS::A_COMPILER_FLAGS=-g -ffunction-sections -fdata-sections -Wall -Wextra"

TRACE::2024-10-24.10:03:50::SCWMssOS::"Running Make libs in microblaze_0/libsrc/bram_v4_3/src"

TRACE::2024-10-24.10:03:50::SCWMssOS::make -C microblaze_0/libsrc/bram_v4_3/src -s libs  "SHELL=CMD" "COMPILER=mb-gcc" "ASSEMBLER=mb-as" "ARCHIVER=mb-ar" "COMPILER_F
TRACE::2024-10-24.10:03:50::SCWMssOS::LAGS=  -O2 -c -mcpu=v11.0 -mlittle-endian -mno-xl-reorder -mno-xl-soft-mul -mxl-barrel-shift -mxl-pattern-compare" "EXTRA_COMPI
TRACE::2024-10-24.10:03:50::SCWMssOS::LER_FLAGS=-g -ffunction-sections -fdata-sections -Wall -Wextra"

TRACE::2024-10-24.10:03:51::SCWMssOS::"Compiling bram"

TRACE::2024-10-24.10:03:51::SCWMssOS::"Running Make libs in microblaze_0/libsrc/cpu_v2_10/src"

TRACE::2024-10-24.10:03:51::SCWMssOS::make -C microblaze_0/libsrc/cpu_v2_10/src -s libs  "SHELL=CMD" "COMPILER=mb-gcc" "ASSEMBLER=mb-as" "ARCHIVER=mb-ar" "COMPILER_F
TRACE::2024-10-24.10:03:51::SCWMssOS::LAGS=  -O2 -c -mcpu=v11.0 -mlittle-endian -mno-xl-reorder -mno-xl-soft-mul -mxl-barrel-shift -mxl-pattern-compare" "EXTRA_COMPI
TRACE::2024-10-24.10:03:51::SCWMssOS::LER_FLAGS=-g -ffunction-sections -fdata-sections -Wall -Wextra"

TRACE::2024-10-24.10:03:51::SCWMssOS::"Compiling cpu"

TRACE::2024-10-24.10:03:52::SCWMssOS::"Running Make libs in microblaze_0/libsrc/myip_fnd_cntr_v1_0/src"

TRACE::2024-10-24.10:03:52::SCWMssOS::make -C microblaze_0/libsrc/myip_fnd_cntr_v1_0/src -s libs  "SHELL=CMD" "COMPILER=mb-gcc" "ASSEMBLER=mb-as" "ARCHIVER=mb-ar" "C
TRACE::2024-10-24.10:03:52::SCWMssOS::OMPILER_FLAGS=  -O2 -c -mcpu=v11.0 -mlittle-endian -mno-xl-reorder -mno-xl-soft-mul -mxl-barrel-shift -mxl-pattern-compare" "EX
TRACE::2024-10-24.10:03:52::SCWMssOS::TRA_COMPILER_FLAGS=-g -ffunction-sections -fdata-sections -Wall -Wextra"

TRACE::2024-10-24.10:03:52::SCWMssOS::"Compiling myip_fnd_cntr..."

TRACE::2024-10-24.10:03:52::SCWMssOS::"Running Make libs in microblaze_0/libsrc/standalone_v7_1/src"

TRACE::2024-10-24.10:03:52::SCWMssOS::make -C microblaze_0/libsrc/standalone_v7_1/src -s libs  "SHELL=CMD" "COMPILER=mb-gcc" "ASSEMBLER=mb-as" "ARCHIVER=mb-ar" "COMP
TRACE::2024-10-24.10:03:52::SCWMssOS::ILER_FLAGS=  -O2 -c -mcpu=v11.0 -mlittle-endian -mno-xl-reorder -mno-xl-soft-mul -mxl-barrel-shift -mxl-pattern-compare" "EXTRA
TRACE::2024-10-24.10:03:52::SCWMssOS::_COMPILER_FLAGS=-g -ffunction-sections -fdata-sections -Wall -Wextra"

TRACE::2024-10-24.10:03:52::SCWMssOS::"Compiling standalone";

TRACE::2024-10-24.10:03:56::SCWMssOS::"Running Make libs in microblaze_0/libsrc/uartlite_v3_3/src"

TRACE::2024-10-24.10:03:56::SCWMssOS::make -C microblaze_0/libsrc/uartlite_v3_3/src -s libs  "SHELL=CMD" "COMPILER=mb-gcc" "ASSEMBLER=mb-as" "ARCHIVER=mb-ar" "COMPIL
TRACE::2024-10-24.10:03:56::SCWMssOS::ER_FLAGS=  -O2 -c -mcpu=v11.0 -mlittle-endian -mno-xl-reorder -mno-xl-soft-mul -mxl-barrel-shift -mxl-pattern-compare" "EXTRA_C
TRACE::2024-10-24.10:03:56::SCWMssOS::OMPILER_FLAGS=-g -ffunction-sections -fdata-sections -Wall -Wextra"

TRACE::2024-10-24.10:03:56::SCWMssOS::"Compiling uartlite"

TRACE::2024-10-24.10:03:57::SCWMssOS::'Finished building libraries'

TRACE::2024-10-24.10:03:58::SCWMssOS::Copying to export directory.
TRACE::2024-10-24.10:03:58::SCWMssOS:: Checking if to create the Supporting Applications
TRACE::2024-10-24.10:03:58::SCWMssOS:: No Linux domain exists, trying to generate FSBL 
LOG::2024-10-24.10:03:58::SCWSystem::Completed Processing the domain standalone_domain
LOG::2024-10-24.10:03:58::SCWSystem::Completed Processing the sysconfig Mblaze_fnd_cntr_v2
LOG::2024-10-24.10:03:58::SCWPlatform::Completed generating the artifacts for system configuration Mblaze_fnd_cntr_v2
TRACE::2024-10-24.10:03:58::SCWPlatform::Started preparing the platform 
TRACE::2024-10-24.10:03:58::SCWSystem::Writing the bif file for system config Mblaze_fnd_cntr_v2
TRACE::2024-10-24.10:03:58::SCWSystem::dir created 
TRACE::2024-10-24.10:03:58::SCWSystem::Writing the bif 
TRACE::2024-10-24.10:03:58::SCWPlatform::Started writing the spfm file 
TRACE::2024-10-24.10:03:58::SCWPlatform::Started writing the xpfm file 
TRACE::2024-10-24.10:03:58::SCWPlatform::Completed generating the platform
TRACE::2024-10-24.10:03:58::SCWPlatform::Trying to open the hw design at C:/Users/SUJIN/Desktop/sg_workspace/SoC_soc_24/vitis_SoC_24/Mblaze_fnd_cntr_v2/hw/Mblaze_fnd_cntr_wrapper.xsa
TRACE::2024-10-24.10:03:58::SCWPlatform::DSA given C:/Users/SUJIN/Desktop/sg_workspace/SoC_soc_24/vitis_SoC_24/Mblaze_fnd_cntr_v2/hw/Mblaze_fnd_cntr_wrapper.xsa
TRACE::2024-10-24.10:03:58::SCWPlatform::DSA absoulate path C:/Users/SUJIN/Desktop/sg_workspace/SoC_soc_24/vitis_SoC_24/Mblaze_fnd_cntr_v2/hw/Mblaze_fnd_cntr_wrapper.xsa
TRACE::2024-10-24.10:03:58::SCWPlatform::DSA directory C:/Users/SUJIN/Desktop/sg_workspace/SoC_soc_24/vitis_SoC_24/Mblaze_fnd_cntr_v2/hw
TRACE::2024-10-24.10:03:58::SCWPlatform:: Platform Path C:/Users/SUJIN/Desktop/sg_workspace/SoC_soc_24/vitis_SoC_24/Mblaze_fnd_cntr_v2/hw/Mblaze_fnd_cntr_wrapper.xsa
TRACE::2024-10-24.10:03:58::SCWPlatform:: Unique name xilinx:basys3::0.0
TRACE::2024-10-24.10:03:58::SCWPlatform::Trying to set the existing hwdb with name Mblaze_fnd_cntr_wrapper_7
TRACE::2024-10-24.10:03:58::SCWPlatform::Opened existing hwdb Mblaze_fnd_cntr_wrapper_7
TRACE::2024-10-24.10:03:58::SCWPlatform::Found the Hw Db part of the input DSA
TRACE::2024-10-24.10:03:58::SCWMssOS::Checking the sw design at  C:/Users/SUJIN/Desktop/sg_workspace/SoC_soc_24/vitis_SoC_24/Mblaze_fnd_cntr_v2/microblaze_0/standalone_domain/bsp/system.mss
TRACE::2024-10-24.10:03:58::SCWMssOS::DEBUG:  swdes dump  C:/Users/SUJIN/Desktop/sg_workspace/SoC_soc_24/vitis_SoC_24/Mblaze_fnd_cntr_hw/microblaze_0/standalone_domain/bsp/system.mss|system||
C:/Users/SUJIN/Desktop/sg_workspace/SoC_soc_24/vitis_SoC_24/Mblaze_fnd_cntr_v2/microblaze_0/standalone_domain/bsp/system.mss|system_0||

TRACE::2024-10-24.10:03:58::SCWMssOS::Sw design exists and opened at  C:/Users/SUJIN/Desktop/sg_workspace/SoC_soc_24/vitis_SoC_24/Mblaze_fnd_cntr_v2/microblaze_0/standalone_domain/bsp/system.mss
TRACE::2024-10-24.10:03:58::SCWWriter::formatted JSON is {
	"platformName":	"Mblaze_fnd_cntr_v2",
	"sprVersion":	"2.0",
	"mode":	"gui",
	"dsaType":	"Fixed",
	"platformDesc":	"Mblaze_fnd_cntr_v2",
	"platHandOff":	"C:/Users/SUJIN/Desktop/sg_workspace/SoC_soc_24/Mblaze_fnd_cntr_wrapper.xsa",
	"platIntHandOff":	"<platformDir>/hw/Mblaze_fnd_cntr_wrapper.xsa",
	"deviceType":	"FPGA",
	"platIsPrebuiltAutogen":	"false",
	"platIsNoBootBsp":	"false",
	"hasFsblMakeHasChanges":	"false",
	"hasPmufwMakeHasChanges":	"false",
	"platPreBuiltFlag":	false,
	"platformSamplesDir":	"",
	"platActiveSys":	"Mblaze_fnd_cntr_v2",
	"systems":	[{
			"systemName":	"Mblaze_fnd_cntr_v2",
			"systemDesc":	"Mblaze_fnd_cntr_v2",
			"sysIsBootAutoGen":	"true",
			"systemDispName":	"Mblaze_fnd_cntr_v2",
			"sysActiveDom":	"standalone_domain",
			"sysDefaultDom":	"standalone_domain",
			"domains":	[{
					"domainName":	"standalone_domain",
					"domainDispName":	"standalone on microblaze_0",
					"domainDesc":	"standalone_domain",
					"processors":	"microblaze_0",
					"os":	"standalone",
					"sdxOs":	"standalone",
					"debugEnable":	"False",
					"domRuntimes":	["cpp"],
					"swRepo":	"",
					"mssOsVer":	"7.1",
					"mssFile":	"",
					"md5Digest":	"3058066e4ca0fc25659ba337ec202bf1",
					"compatibleApp":	"",
					"domType":	"mssDomain",
					"appSettings":	{
						"appCompilerFlags":	"",
						"appLinkerFlags":	""
					},
					"addedLibs":	[],
					"libOptions":	{
						"libsContainingOptions":	[]
					},
					"prebuiltLibs":	{
						"prebuiltIncPath":	[],
						"prebuiltLibPath":	[]
					},
					"isolation":	{
					}
				}]
		}]
}
KEYINFO::2024-10-24.10:03:58::SCWPlatform::updated the xpfm file.
TRACE::2024-10-24.10:03:58::SCWPlatform::Trying to open the hw design at C:/Users/SUJIN/Desktop/sg_workspace/SoC_soc_24/vitis_SoC_24/Mblaze_fnd_cntr_v2/hw/Mblaze_fnd_cntr_wrapper.xsa
TRACE::2024-10-24.10:03:58::SCWPlatform::DSA given C:/Users/SUJIN/Desktop/sg_workspace/SoC_soc_24/vitis_SoC_24/Mblaze_fnd_cntr_v2/hw/Mblaze_fnd_cntr_wrapper.xsa
TRACE::2024-10-24.10:03:58::SCWPlatform::DSA absoulate path C:/Users/SUJIN/Desktop/sg_workspace/SoC_soc_24/vitis_SoC_24/Mblaze_fnd_cntr_v2/hw/Mblaze_fnd_cntr_wrapper.xsa
TRACE::2024-10-24.10:03:58::SCWPlatform::DSA directory C:/Users/SUJIN/Desktop/sg_workspace/SoC_soc_24/vitis_SoC_24/Mblaze_fnd_cntr_v2/hw
TRACE::2024-10-24.10:03:58::SCWPlatform:: Platform Path C:/Users/SUJIN/Desktop/sg_workspace/SoC_soc_24/vitis_SoC_24/Mblaze_fnd_cntr_v2/hw/Mblaze_fnd_cntr_wrapper.xsa
TRACE::2024-10-24.10:03:58::SCWPlatform:: Unique name xilinx:basys3::0.0
TRACE::2024-10-24.10:03:58::SCWPlatform::Trying to set the existing hwdb with name Mblaze_fnd_cntr_wrapper_7
TRACE::2024-10-24.10:03:58::SCWPlatform::Opened existing hwdb Mblaze_fnd_cntr_wrapper_7
TRACE::2024-10-24.10:03:58::SCWPlatform::Found the Hw Db part of the input DSA
TRACE::2024-10-24.10:03:58::SCWMssOS::Checking the sw design at  C:/Users/SUJIN/Desktop/sg_workspace/SoC_soc_24/vitis_SoC_24/Mblaze_fnd_cntr_v2/microblaze_0/standalone_domain/bsp/system.mss
TRACE::2024-10-24.10:03:58::SCWMssOS::DEBUG:  swdes dump  C:/Users/SUJIN/Desktop/sg_workspace/SoC_soc_24/vitis_SoC_24/Mblaze_fnd_cntr_hw/microblaze_0/standalone_domain/bsp/system.mss|system||
C:/Users/SUJIN/Desktop/sg_workspace/SoC_soc_24/vitis_SoC_24/Mblaze_fnd_cntr_v2/microblaze_0/standalone_domain/bsp/system.mss|system_0||

TRACE::2024-10-24.10:03:58::SCWMssOS::Sw design exists and opened at  C:/Users/SUJIN/Desktop/sg_workspace/SoC_soc_24/vitis_SoC_24/Mblaze_fnd_cntr_v2/microblaze_0/standalone_domain/bsp/system.mss
